{"/workspaces/dihya.io/backend/components/metiers/threed/legacy/migration/models/migration_model.js": {"path":"/workspaces/dihya.io/backend/components/metiers/threed/legacy/migration/models/migration_model.js","statementMap":{"0":{"start":{"line":5,"column":4},"end":{"line":5,"column":25}},"1":{"start":{"line":6,"column":4},"end":{"line":6,"column":25}},"2":{"start":{"line":7,"column":4},"end":{"line":7,"column":25}},"3":{"start":{"line":8,"column":4},"end":{"line":8,"column":27}},"4":{"start":{"line":11,"column":4},"end":{"line":16,"column":6}},"5":{"start":{"line":19,"column":0},"end":{"line":19,"column":34}}},"fnMap":{"0":{"name":"(anonymous_0)","decl":{"start":{"line":4,"column":2},"end":{"line":4,"column":3}},"loc":{"start":{"line":4,"column":52},"end":{"line":9,"column":3}},"line":4},"1":{"name":"(anonymous_1)","decl":{"start":{"line":10,"column":2},"end":{"line":10,"column":3}},"loc":{"start":{"line":10,"column":11},"end":{"line":17,"column":3}},"line":10}},"branchMap":{"0":{"loc":{"start":{"line":4,"column":38},"end":{"line":4,"column":50}},"type":"default-arg","locations":[{"start":{"line":4,"column":48},"end":{"line":4,"column":50}}],"line":4}},"s":{"0":3,"1":3,"2":3,"3":3,"4":3,"5":1},"f":{"0":3,"1":3},"b":{"0":[1]},"_coverageSchema":"1a1c01bbd47fc00a2c39e90264f33305004495a9","hash":"95e32fa399b1threedce0bf042a105bb53ea4f02d279"}
,"/workspaces/dihya.io/backend/components/metiers/threed/security/audit/log_examples/audit_log_example.js": {"path":"/workspaces/dihya.io/backend/components/metiers/threed/security/audit/log_examples/audit_log_example.js","statementMap":{"0":{"start":{"line":4,"column":2},"end":{"line":10,"column":4}},"1":{"start":{"line":13,"column":0},"end":{"line":13,"column":40}}},"fnMap":{"0":{"name":"getAuditLogExample","decl":{"start":{"line":3,"column":9},"end":{"line":3,"column":27}},"loc":{"start":{"line":3,"column":30},"end":{"line":11,"column":1}},"line":3}},"branchMap":{},"s":{"0":2,"1":1},"f":{"0":2},"b":{},"_coverageSchema":"1a1c01bbd47fc00a2c39e90264f33305004495a9","hash":"96cca4e388c429b0ccaba963ea539c2c7b1f0389"}
,"/workspaces/dihya.io/backend/components/metiers/threed/security/audit/policies/audit_policy.js": {"path":"/workspaces/dihya.io/backend/components/metiers/threed/security/audit/policies/audit_policy.js","statementMap":{"0":{"start":{"line":4,"column":2},"end":{"line":4,"column":175}},"1":{"start":{"line":7,"column":0},"end":{"line":7,"column":36}}},"fnMap":{"0":{"name":"getAuditPolicy","decl":{"start":{"line":3,"column":9},"end":{"line":3,"column":23}},"loc":{"start":{"line":3,"column":26},"end":{"line":5,"column":1}},"line":3}},"branchMap":{},"s":{"0":2,"1":1},"f":{"0":2},"b":{},"_coverageSchema":"1a1c01bbd47fc00a2c39e90264f33305004495a9","hash":"4ad960e550d09218819002aaf38f4839f6f82096"}
,"/workspaces/dihya.io/backend/components/metiers/threed/security/audit/report_templates/audit_report_template.js": {"path":"/workspaces/dihya.io/backend/components/metiers/threed/security/audit/report_templates/audit_report_template.js","statementMap":{"0":{"start":{"line":4,"column":2},"end":{"line":4,"column":105}},"1":{"start":{"line":7,"column":0},"end":{"line":7,"column":41}}},"fnMap":{"0":{"name":"generateAuditReport","decl":{"start":{"line":3,"column":9},"end":{"line":3,"column":28}},"loc":{"start":{"line":3,"column":54},"end":{"line":5,"column":1}},"line":3}},"branchMap":{},"s":{"0":2,"1":1},"f":{"0":2},"b":{},"_coverageSchema":"1a1c01bbd47fc00a2c39e90264f33305004495a9","hash":"930931fa43ead030bfdd99f4196b02c0448929a3"}
,"/workspaces/dihya.io/backend/components/metiers/threed/services/core/impl/service_threed.js": {"path":"/workspaces/dihya.io/backend/components/metiers/threed/services/core/impl/service_threed.js","statementMap":{"0":{"start":{"line":4,"column":4},"end":{"line":4,"column":27}},"1":{"start":{"line":5,"column":4},"end":{"line":5,"column":25}},"2":{"start":{"line":13,"column":4},"end":{"line":13,"column":25}},"3":{"start":{"line":14,"column":4},"end":{"line":14,"column":32}},"4":{"start":{"line":15,"column":4},"end":{"line":15,"column":16}},"5":{"start":{"line":25,"column":4},"end":{"line":28,"column":5}},"6":{"start":{"line":26,"column":6},"end":{"line":26,"column":59}},"7":{"start":{"line":27,"column":6},"end":{"line":27,"column":43}},"8":{"start":{"line":29,"column":19},"end":{"line":29,"column":74}},"9":{"start":{"line":30,"column":4},"end":{"line":30,"column":35}},"10":{"start":{"line":31,"column":4},"end":{"line":31,"column":18}},"11":{"start":{"line":39,"column":4},"end":{"line":39,"column":83}},"12":{"start":{"line":46,"column":4},"end":{"line":46,"column":27}},"13":{"start":{"line":52,"column":2},"end":{"line":52,"column":53}},"14":{"start":{"line":52,"column":24},"end":{"line":52,"column":53}},"15":{"start":{"line":53,"column":2},"end":{"line":53,"column":37}},"16":{"start":{"line":56,"column":2},"end":{"line":60,"column":4}},"17":{"start":{"line":63,"column":2},"end":{"line":63,"column":56}},"18":{"start":{"line":63,"column":27},"end":{"line":63,"column":56}},"19":{"start":{"line":64,"column":2},"end":{"line":64,"column":34}},"20":{"start":{"line":67,"column":2},"end":{"line":67,"column":59}},"21":{"start":{"line":67,"column":27},"end":{"line":67,"column":59}},"22":{"start":{"line":68,"column":2},"end":{"line":68,"column":41}},"23":{"start":{"line":68,"column":29},"end":{"line":68,"column":41}},"24":{"start":{"line":69,"column":2},"end":{"line":69,"column":61}},"25":{"start":{"line":69,"column":49},"end":{"line":69,"column":61}},"26":{"start":{"line":70,"column":2},"end":{"line":70,"column":82}},"27":{"start":{"line":70,"column":50},"end":{"line":70,"column":82}},"28":{"start":{"line":71,"column":2},"end":{"line":71,"column":15}},"29":{"start":{"line":74,"column":0},"end":{"line":79,"column":3}}},"fnMap":{"0":{"name":"(anonymous_0)","decl":{"start":{"line":3,"column":2},"end":{"line":3,"column":3}},"loc":{"start":{"line":3,"column":28},"end":{"line":6,"column":3}},"line":3},"1":{"name":"(anonymous_1)","decl":{"start":{"line":12,"column":2},"end":{"line":12,"column":3}},"loc":{"start":{"line":12,"column":15},"end":{"line":16,"column":3}},"line":12},"2":{"name":"(anonymous_2)","decl":{"start":{"line":24,"column":2},"end":{"line":24,"column":3}},"loc":{"start":{"line":24,"column":27},"end":{"line":32,"column":3}},"line":24},"3":{"name":"(anonymous_3)","decl":{"start":{"line":38,"column":2},"end":{"line":38,"column":3}},"loc":{"start":{"line":38,"column":26},"end":{"line":40,"column":3}},"line":38},"4":{"name":"(anonymous_4)","decl":{"start":{"line":45,"column":2},"end":{"line":45,"column":3}},"loc":{"start":{"line":45,"column":18},"end":{"line":47,"column":3}},"line":45},"5":{"name":"getthreedModel","decl":{"start":{"line":51,"column":9},"end":{"line":51,"column":19}},"loc":{"start":{"line":51,"column":24},"end":{"line":54,"column":1}},"line":51},"6":{"name":"listthreedModels","decl":{"start":{"line":55,"column":9},"end":{"line":55,"column":21}},"loc":{"start":{"line":55,"column":24},"end":{"line":61,"column":1}},"line":55},"7":{"name":"auditModel","decl":{"start":{"line":62,"column":9},"end":{"line":62,"column":19}},"loc":{"start":{"line":62,"column":27},"end":{"line":65,"column":1}},"line":62},"8":{"name":"secureAccess","decl":{"start":{"line":66,"column":9},"end":{"line":66,"column":21}},"loc":{"start":{"line":66,"column":36},"end":{"line":72,"column":1}},"line":66}},"branchMap":{"0":{"loc":{"start":{"line":3,"column":14},"end":{"line":3,"column":26}},"type":"default-arg","locations":[{"start":{"line":3,"column":24},"end":{"line":3,"column":26}}],"line":3},"1":{"loc":{"start":{"line":25,"column":4},"end":{"line":28,"column":5}},"type":"if","locations":[{"start":{"line":25,"column":4},"end":{"line":28,"column":5}},{"start":{},"end":{}}],"line":25},"2":{"loc":{"start":{"line":25,"column":8},"end":{"line":25,"column":51}},"type":"binary-expr","locations":[{"start":{"line":25,"column":8},"end":{"line":25,"column":18}},{"start":{"line":25,"column":22},"end":{"line":25,"column":51}}],"line":25},"3":{"loc":{"start":{"line":52,"column":2},"end":{"line":52,"column":53}},"type":"if","locations":[{"start":{"line":52,"column":2},"end":{"line":52,"column":53}},{"start":{},"end":{}}],"line":52},"4":{"loc":{"start":{"line":63,"column":2},"end":{"line":63,"column":56}},"type":"if","locations":[{"start":{"line":63,"column":2},"end":{"line":63,"column":56}},{"start":{},"end":{}}],"line":63},"5":{"loc":{"start":{"line":63,"column":6},"end":{"line":63,"column":25}},"type":"binary-expr","locations":[{"start":{"line":63,"column":6},"end":{"line":63,"column":12}},{"start":{"line":63,"column":16},"end":{"line":63,"column":25}}],"line":63},"6":{"loc":{"start":{"line":67,"column":2},"end":{"line":67,"column":59}},"type":"if","locations":[{"start":{"line":67,"column":2},"end":{"line":67,"column":59}},{"start":{},"end":{}}],"line":67},"7":{"loc":{"start":{"line":67,"column":6},"end":{"line":67,"column":25}},"type":"binary-expr","locations":[{"start":{"line":67,"column":6},"end":{"line":67,"column":11}},{"start":{"line":67,"column":15},"end":{"line":67,"column":25}}],"line":67},"8":{"loc":{"start":{"line":68,"column":2},"end":{"line":68,"column":41}},"type":"if","locations":[{"start":{"line":68,"column":2},"end":{"line":68,"column":41}},{"start":{},"end":{}}],"line":68},"9":{"loc":{"start":{"line":69,"column":2},"end":{"line":69,"column":61}},"type":"if","locations":[{"start":{"line":69,"column":2},"end":{"line":69,"column":61}},{"start":{},"end":{}}],"line":69},"10":{"loc":{"start":{"line":69,"column":6},"end":{"line":69,"column":47}},"type":"binary-expr","locations":[{"start":{"line":69,"column":6},"end":{"line":69,"column":26}},{"start":{"line":69,"column":30},"end":{"line":69,"column":47}}],"line":69},"11":{"loc":{"start":{"line":70,"column":2},"end":{"line":70,"column":82}},"type":"if","locations":[{"start":{"line":70,"column":2},"end":{"line":70,"column":82}},{"start":{},"end":{}}],"line":70},"12":{"loc":{"start":{"line":70,"column":6},"end":{"line":70,"column":48}},"type":"binary-expr","locations":[{"start":{"line":70,"column":6},"end":{"line":70,"column":26}},{"start":{"line":70,"column":30},"end":{"line":70,"column":48}}],"line":70}},"s":{"0":10,"1":10,"2":8,"3":8,"4":8,"5":6,"6":2,"7":2,"8":4,"9":4,"10":4,"11":14,"12":5,"13":2,"14":1,"15":1,"16":1,"17":3,"18":2,"19":1,"20":5,"21":2,"22":3,"23":1,"24":2,"25":1,"26":1,"27":1,"28":0,"29":3},"f":{"0":10,"1":8,"2":6,"3":14,"4":5,"5":2,"6":1,"7":3,"8":5},"b":{"0":[0],"1":[2,4],"2":[6,4],"3":[1,1],"4":[2,1],"5":[3,2],"6":[2,3],"7":[5,4],"8":[1,2],"9":[1,1],"10":[2,2],"11":[1,0],"12":[1,1]},"_coverageSchema":"1a1c01bbd47fc00a2c39e90264f33305004495a9","hash":"b419926921d4b056408c18ee453bb41fbdbc1d61"}
,"/workspaces/dihya.io/backend/components/metiers/threed/tests_centralises/plugins/helpers/__init__.js": {"path":"/workspaces/dihya.io/backend/components/metiers/threed/tests_centralises/plugins/helpers/__init__.js","statementMap":{},"fnMap":{},"branchMap":{},"s":{},"f":{},"b":{},"_coverageSchema":"1a1c01bbd47fc00a2c39e90264f33305004495a9","hash":"3752f56b6febbfe1bc8392b500a9ef52d5705972"}
,"/workspaces/dihya.io/backend/components/metiers/threed/tests_centralises/utils/fallback/__init__.js": {"path":"/workspaces/dihya.io/backend/components/metiers/threed/tests_centralises/utils/fallback/__init__.js","statementMap":{"0":{"start":{"line":2,"column":0},"end":{"line":15,"column":2}},"1":{"start":{"line":6,"column":6},"end":{"line":8,"column":7}},"2":{"start":{"line":7,"column":8},"end":{"line":7,"column":58}},"3":{"start":{"line":9,"column":6},"end":{"line":9,"column":32}},"4":{"start":{"line":11,"column":30},"end":{"line":11,"column":62}},"5":{"start":{"line":13,"column":29},"end":{"line":13,"column":43}},"6":{"start":{"line":14,"column":28},"end":{"line":14,"column":41}}},"fnMap":{"0":{"name":"(anonymous_0)","decl":{"start":{"line":4,"column":20},"end":{"line":4,"column":21}},"loc":{"start":{"line":4,"column":38},"end":{"line":10,"column":5}},"line":4},"1":{"name":"(anonymous_1)","decl":{"start":{"line":11,"column":18},"end":{"line":11,"column":19}},"loc":{"start":{"line":11,"column":30},"end":{"line":11,"column":62}},"line":11},"2":{"name":"(anonymous_2)","decl":{"start":{"line":13,"column":17},"end":{"line":13,"column":18}},"loc":{"start":{"line":13,"column":29},"end":{"line":13,"column":43}},"line":13},"3":{"name":"(anonymous_3)","decl":{"start":{"line":14,"column":16},"end":{"line":14,"column":17}},"loc":{"start":{"line":14,"column":28},"end":{"line":14,"column":41}},"line":14}},"branchMap":{"0":{"loc":{"start":{"line":6,"column":6},"end":{"line":8,"column":7}},"type":"if","locations":[{"start":{"line":6,"column":6},"end":{"line":8,"column":7}},{"start":{},"end":{}}],"line":6},"1":{"loc":{"start":{"line":6,"column":10},"end":{"line":6,"column":58}},"type":"binary-expr","locations":[{"start":{"line":6,"column":10},"end":{"line":6,"column":31}},{"start":{"line":6,"column":35},"end":{"line":6,"column":58}}],"line":6},"2":{"loc":{"start":{"line":11,"column":30},"end":{"line":11,"column":62}},"type":"binary-expr","locations":[{"start":{"line":11,"column":30},"end":{"line":11,"column":36}},{"start":{"line":11,"column":40},"end":{"line":11,"column":62}}],"line":11}},"s":{"0":1,"1":0,"2":0,"3":0,"4":0,"5":0,"6":0},"f":{"0":0,"1":0,"2":0,"3":0},"b":{"0":[0,0],"1":[0,0],"2":[0,0]},"_coverageSchema":"1a1c01bbd47fc00a2c39e90264f33305004495a9","hash":"21886c7cad98649ef6be25f643threed86f087d7f86b"}
}
