TN:
SF:backend/components/metiers/threed/legacy/migration/models/migration_model.js
FN:4,(anonymous_0)
FN:10,(anonymous_1)
FNF:2
FNH:2
FNDA:3,(anonymous_0)
FNDA:3,(anonymous_1)
DA:5,3
DA:6,3
DA:7,3
DA:8,3
DA:11,3
DA:19,1
LF:6
LH:6
BRDA:4,0,0,1
BRF:1
BRH:1
end_of_record
TN:
SF:backend/components/metiers/threed/security/audit/log_examples/audit_log_example.js
FN:3,getAuditLogExample
FNF:1
FNH:1
FNDA:2,getAuditLogExample
DA:4,2
DA:13,1
LF:2
LH:2
BRF:0
BRH:0
end_of_record
TN:
SF:backend/components/metiers/threed/security/audit/policies/audit_policy.js
FN:3,getAuditPolicy
FNF:1
FNH:1
FNDA:2,getAuditPolicy
DA:4,2
DA:7,1
LF:2
LH:2
BRF:0
BRH:0
end_of_record
TN:
SF:backend/components/metiers/threed/security/audit/report_templates/audit_report_template.js
FN:3,generateAuditReport
FNF:1
FNH:1
FNDA:2,generateAuditReport
DA:4,2
DA:7,1
LF:2
LH:2
BRF:0
BRH:0
end_of_record
TN:
SF:backend/components/metiers/threed/services/core/impl/service_threed.js
FN:3,(anonymous_0)
FN:12,(anonymous_1)
FN:24,(anonymous_2)
FN:38,(anonymous_3)
FN:45,(anonymous_4)
FN:51,getthreedModel
FN:55,listthreedModels
FN:62,auditModel
FN:66,secureAccess
FNF:9
FNH:9
FNDA:10,(anonymous_0)
FNDA:8,(anonymous_1)
FNDA:6,(anonymous_2)
FNDA:14,(anonymous_3)
FNDA:5,(anonymous_4)
FNDA:2,getthreedModel
FNDA:1,listthreedModels
FNDA:3,auditModel
FNDA:5,secureAccess
DA:4,10
DA:5,10
DA:13,8
DA:14,8
DA:15,8
DA:25,6
DA:26,2
DA:27,2
DA:29,4
DA:30,4
DA:31,4
DA:39,14
DA:46,5
DA:52,2
DA:53,1
DA:56,1
DA:63,3
DA:64,1
DA:67,5
DA:68,3
DA:69,2
DA:70,1
DA:71,0
DA:74,3
LF:24
LH:23
BRDA:3,0,0,0
BRDA:25,1,0,2
BRDA:25,1,1,4
BRDA:25,2,0,6
BRDA:25,2,1,4
BRDA:52,3,0,1
BRDA:52,3,1,1
BRDA:63,4,0,2
BRDA:63,4,1,1
BRDA:63,5,0,3
BRDA:63,5,1,2
BRDA:67,6,0,2
BRDA:67,6,1,3
BRDA:67,7,0,5
BRDA:67,7,1,4
BRDA:68,8,0,1
BRDA:68,8,1,2
BRDA:69,9,0,1
BRDA:69,9,1,1
BRDA:69,10,0,2
BRDA:69,10,1,2
BRDA:70,11,0,1
BRDA:70,11,1,0
BRDA:70,12,0,1
BRDA:70,12,1,1
BRF:25
BRH:23
end_of_record
TN:
SF:backend/components/metiers/threed/tests_centralises/plugins/helpers/__init__.js
FNF:0
FNH:0
LF:0
LH:0
BRF:0
BRH:0
end_of_record
TN:
SF:backend/components/metiers/threed/tests_centralises/utils/fallback/__init__.js
FN:4,(anonymous_0)
FN:11,(anonymous_1)
FN:13,(anonymous_2)
FN:14,(anonymous_3)
FNF:4
FNH:0
FNDA:0,(anonymous_0)
FNDA:0,(anonymous_1)
FNDA:0,(anonymous_2)
FNDA:0,(anonymous_3)
DA:2,1
DA:6,0
DA:7,0
DA:9,0
DA:11,0
DA:13,0
DA:14,0
LF:7
LH:1
BRDA:6,0,0,0
BRDA:6,0,1,0
BRDA:6,1,0,0
BRDA:6,1,1,0
BRDA:11,2,0,0
BRDA:11,2,1,0
BRF:6
BRH:0
end_of_record
