<?xml version="1.0" encoding="UTF-8"?>
<testsuites name="jest tests" tests="362" failures="83" errors="0" time="12.54">
  <testsuite name="Service principal hotellerie (JS)" errors="0" failures="4" skipped="0" timestamp="2025-06-05T02:20:13" time="1.669" tests="8">
    <testcase classname="Service principal hotellerie (JS) gethotellerieModel retourne un modèle" name="Service principal hotellerie (JS) gethotellerieModel retourne un modèle" time="0.005">
      <failure>TypeError: service.gethotellerieModel is not a function
    at Object.gethotellerieModel (/workspaces/dihya.io/backend/components/metiers/hotellerie/services/core/impl/service_hotellerie.test.js:5:20)
    at Promise.then.completed (/workspaces/dihya.io/node_modules/jest-circus/build/utils.js:298:28)
    at new Promise (&lt;anonymous&gt;)
    at callAsyncCircusFn (/workspaces/dihya.io/node_modules/jest-circus/build/utils.js:231:10)
    at _callCircusTest (/workspaces/dihya.io/node_modules/jest-circus/build/run.js:316:40)
    at processTicksAndRejections (node:internal/process/task_queues:95:5)
    at _runTest (/workspaces/dihya.io/node_modules/jest-circus/build/run.js:252:3)
    at _runTestsForDescribeBlock (/workspaces/dihya.io/node_modules/jest-circus/build/run.js:126:9)
    at _runTestsForDescribeBlock (/workspaces/dihya.io/node_modules/jest-circus/build/run.js:121:9)
    at run (/workspaces/dihya.io/node_modules/jest-circus/build/run.js:71:3)
    at runAndTransformResultsToJestFormat (/workspaces/dihya.io/node_modules/jest-circus/build/legacy-code-todo-rewrite/jestAdapterInit.js:122:21)
    at jestAdapter (/workspaces/dihya.io/node_modules/jest-circus/build/legacy-code-todo-rewrite/jestAdapter.js:79:19)
    at runTestInternal (/workspaces/dihya.io/node_modules/jest-runner/build/runTest.js:367:16)
    at runTest (/workspaces/dihya.io/node_modules/jest-runner/build/runTest.js:444:34)
    at Object.worker (/workspaces/dihya.io/node_modules/jest-runner/build/testWorker.js:106:12)</failure>
    </testcase>
    <testcase classname="Service principal hotellerie (JS) listhotellerieModels retourne 3 modèles" name="Service principal hotellerie (JS) listhotellerieModels retourne 3 modèles" time="0">
      <failure>TypeError: service.listhotellerieModels is not a function
    at Object.listhotellerieModels (/workspaces/dihya.io/backend/components/metiers/hotellerie/services/core/impl/service_hotellerie.test.js:9:20)
    at Promise.then.completed (/workspaces/dihya.io/node_modules/jest-circus/build/utils.js:298:28)
    at new Promise (&lt;anonymous&gt;)
    at callAsyncCircusFn (/workspaces/dihya.io/node_modules/jest-circus/build/utils.js:231:10)
    at _callCircusTest (/workspaces/dihya.io/node_modules/jest-circus/build/run.js:316:40)
    at processTicksAndRejections (node:internal/process/task_queues:95:5)
    at _runTest (/workspaces/dihya.io/node_modules/jest-circus/build/run.js:252:3)
    at _runTestsForDescribeBlock (/workspaces/dihya.io/node_modules/jest-circus/build/run.js:126:9)
    at _runTestsForDescribeBlock (/workspaces/dihya.io/node_modules/jest-circus/build/run.js:121:9)
    at run (/workspaces/dihya.io/node_modules/jest-circus/build/run.js:71:3)
    at runAndTransformResultsToJestFormat (/workspaces/dihya.io/node_modules/jest-circus/build/legacy-code-todo-rewrite/jestAdapterInit.js:122:21)
    at jestAdapter (/workspaces/dihya.io/node_modules/jest-circus/build/legacy-code-todo-rewrite/jestAdapter.js:79:19)
    at runTestInternal (/workspaces/dihya.io/node_modules/jest-runner/build/runTest.js:367:16)
    at runTest (/workspaces/dihya.io/node_modules/jest-runner/build/runTest.js:444:34)
    at Object.worker (/workspaces/dihya.io/node_modules/jest-runner/build/testWorker.js:106:12)</failure>
    </testcase>
    <testcase classname="Service principal hotellerie (JS) auditModel fonctionne" name="Service principal hotellerie (JS) auditModel fonctionne" time="0">
      <failure>TypeError: service.auditModel is not a function
    at Object.auditModel (/workspaces/dihya.io/backend/components/metiers/hotellerie/services/core/impl/service_hotellerie.test.js:12:20)
    at Promise.then.completed (/workspaces/dihya.io/node_modules/jest-circus/build/utils.js:298:28)
    at new Promise (&lt;anonymous&gt;)
    at callAsyncCircusFn (/workspaces/dihya.io/node_modules/jest-circus/build/utils.js:231:10)
    at _callCircusTest (/workspaces/dihya.io/node_modules/jest-circus/build/run.js:316:40)
    at processTicksAndRejections (node:internal/process/task_queues:95:5)
    at _runTest (/workspaces/dihya.io/node_modules/jest-circus/build/run.js:252:3)
    at _runTestsForDescribeBlock (/workspaces/dihya.io/node_modules/jest-circus/build/run.js:126:9)
    at _runTestsForDescribeBlock (/workspaces/dihya.io/node_modules/jest-circus/build/run.js:121:9)
    at run (/workspaces/dihya.io/node_modules/jest-circus/build/run.js:71:3)
    at runAndTransformResultsToJestFormat (/workspaces/dihya.io/node_modules/jest-circus/build/legacy-code-todo-rewrite/jestAdapterInit.js:122:21)
    at jestAdapter (/workspaces/dihya.io/node_modules/jest-circus/build/legacy-code-todo-rewrite/jestAdapter.js:79:19)
    at runTestInternal (/workspaces/dihya.io/node_modules/jest-runner/build/runTest.js:367:16)
    at runTest (/workspaces/dihya.io/node_modules/jest-runner/build/runTest.js:444:34)
    at Object.worker (/workspaces/dihya.io/node_modules/jest-runner/build/testWorker.js:106:12)</failure>
    </testcase>
    <testcase classname="Service principal hotellerie (JS) secureAccess contrôle l’accès" name="Service principal hotellerie (JS) secureAccess contrôle l’accès" time="0">
      <failure>TypeError: service.secureAccess is not a function
    at Object.secureAccess (/workspaces/dihya.io/backend/components/metiers/hotellerie/services/core/impl/service_hotellerie.test.js:16:20)
    at Promise.then.completed (/workspaces/dihya.io/node_modules/jest-circus/build/utils.js:298:28)
    at new Promise (&lt;anonymous&gt;)
    at callAsyncCircusFn (/workspaces/dihya.io/node_modules/jest-circus/build/utils.js:231:10)
    at _callCircusTest (/workspaces/dihya.io/node_modules/jest-circus/build/run.js:316:40)
    at processTicksAndRejections (node:internal/process/task_queues:95:5)
    at _runTest (/workspaces/dihya.io/node_modules/jest-circus/build/run.js:252:3)
    at _runTestsForDescribeBlock (/workspaces/dihya.io/node_modules/jest-circus/build/run.js:126:9)
    at _runTestsForDescribeBlock (/workspaces/dihya.io/node_modules/jest-circus/build/run.js:121:9)
    at run (/workspaces/dihya.io/node_modules/jest-circus/build/run.js:71:3)
    at runAndTransformResultsToJestFormat (/workspaces/dihya.io/node_modules/jest-circus/build/legacy-code-todo-rewrite/jestAdapterInit.js:122:21)
    at jestAdapter (/workspaces/dihya.io/node_modules/jest-circus/build/legacy-code-todo-rewrite/jestAdapter.js:79:19)
    at runTestInternal (/workspaces/dihya.io/node_modules/jest-runner/build/runTest.js:367:16)
    at runTest (/workspaces/dihya.io/node_modules/jest-runner/build/runTest.js:444:34)
    at Object.worker (/workspaces/dihya.io/node_modules/jest-runner/build/testWorker.js:106:12)</failure>
    </testcase>
    <testcase classname="ServiceHotellerie doit s&apos;initialiser correctement" name="ServiceHotellerie doit s&apos;initialiser correctement" time="0.003">
    </testcase>
    <testcase classname="ServiceHotellerie doit initialiser la config et auditer" name="ServiceHotellerie doit initialiser la config et auditer" time="0.001">
    </testcase>
    <testcase classname="ServiceHotellerie doit traiter une opération valide et auditer" name="ServiceHotellerie doit traiter une opération valide et auditer" time="0.001">
    </testcase>
    <testcase classname="ServiceHotellerie doit lever une erreur sur une opération invalide et auditer" name="ServiceHotellerie doit lever une erreur sur une opération invalide et auditer" time="0.003">
    </testcase>
  </testsuite>
  <testsuite name="Helpers services Hotellerie (JS)" errors="0" failures="5" skipped="0" timestamp="2025-06-05T02:20:13" time="1.725" tests="9">
    <testcase classname="Helpers services Hotellerie (JS) getServiceStatus retourne ok" name="Helpers services Hotellerie (JS) getServiceStatus retourne ok" time="0.005">
      <failure>TypeError: helper.getServiceStatus is not a function
    at Object.getServiceStatus (/workspaces/dihya.io/backend/components/metiers/hotellerie/services/core/helpers/services_helper.test.js:5:19)
    at Promise.then.completed (/workspaces/dihya.io/node_modules/jest-circus/build/utils.js:298:28)
    at new Promise (&lt;anonymous&gt;)
    at callAsyncCircusFn (/workspaces/dihya.io/node_modules/jest-circus/build/utils.js:231:10)
    at _callCircusTest (/workspaces/dihya.io/node_modules/jest-circus/build/run.js:316:40)
    at processTicksAndRejections (node:internal/process/task_queues:95:5)
    at _runTest (/workspaces/dihya.io/node_modules/jest-circus/build/run.js:252:3)
    at _runTestsForDescribeBlock (/workspaces/dihya.io/node_modules/jest-circus/build/run.js:126:9)
    at _runTestsForDescribeBlock (/workspaces/dihya.io/node_modules/jest-circus/build/run.js:121:9)
    at run (/workspaces/dihya.io/node_modules/jest-circus/build/run.js:71:3)
    at runAndTransformResultsToJestFormat (/workspaces/dihya.io/node_modules/jest-circus/build/legacy-code-todo-rewrite/jestAdapterInit.js:122:21)
    at jestAdapter (/workspaces/dihya.io/node_modules/jest-circus/build/legacy-code-todo-rewrite/jestAdapter.js:79:19)
    at runTestInternal (/workspaces/dihya.io/node_modules/jest-runner/build/runTest.js:367:16)
    at runTest (/workspaces/dihya.io/node_modules/jest-runner/build/runTest.js:444:34)
    at Object.worker (/workspaces/dihya.io/node_modules/jest-runner/build/testWorker.js:106:12)</failure>
    </testcase>
    <testcase classname="Helpers services Hotellerie (JS) simulateHeavyLoad génère 10000 caractères" name="Helpers services Hotellerie (JS) simulateHeavyLoad génère 10000 caractères" time="0.001">
      <failure>TypeError: helper.simulateHeavyLoad is not a function
    at Object.simulateHeavyLoad (/workspaces/dihya.io/backend/components/metiers/hotellerie/services/core/helpers/services_helper.test.js:8:19)
    at Promise.then.completed (/workspaces/dihya.io/node_modules/jest-circus/build/utils.js:298:28)
    at new Promise (&lt;anonymous&gt;)
    at callAsyncCircusFn (/workspaces/dihya.io/node_modules/jest-circus/build/utils.js:231:10)
    at _callCircusTest (/workspaces/dihya.io/node_modules/jest-circus/build/run.js:316:40)
    at processTicksAndRejections (node:internal/process/task_queues:95:5)
    at _runTest (/workspaces/dihya.io/node_modules/jest-circus/build/run.js:252:3)
    at _runTestsForDescribeBlock (/workspaces/dihya.io/node_modules/jest-circus/build/run.js:126:9)
    at _runTestsForDescribeBlock (/workspaces/dihya.io/node_modules/jest-circus/build/run.js:121:9)
    at run (/workspaces/dihya.io/node_modules/jest-circus/build/run.js:71:3)
    at runAndTransformResultsToJestFormat (/workspaces/dihya.io/node_modules/jest-circus/build/legacy-code-todo-rewrite/jestAdapterInit.js:122:21)
    at jestAdapter (/workspaces/dihya.io/node_modules/jest-circus/build/legacy-code-todo-rewrite/jestAdapter.js:79:19)
    at runTestInternal (/workspaces/dihya.io/node_modules/jest-runner/build/runTest.js:367:16)
    at runTest (/workspaces/dihya.io/node_modules/jest-runner/build/runTest.js:444:34)
    at Object.worker (/workspaces/dihya.io/node_modules/jest-runner/build/testWorker.js:106:12)</failure>
    </testcase>
    <testcase classname="Helpers services Hotellerie (JS) auditService retourne un audit" name="Helpers services Hotellerie (JS) auditService retourne un audit" time="0.001">
      <failure>TypeError: helper.auditService is not a function
    at Object.auditService (/workspaces/dihya.io/backend/components/metiers/hotellerie/services/core/helpers/services_helper.test.js:11:19)
    at Promise.then.completed (/workspaces/dihya.io/node_modules/jest-circus/build/utils.js:298:28)
    at new Promise (&lt;anonymous&gt;)
    at callAsyncCircusFn (/workspaces/dihya.io/node_modules/jest-circus/build/utils.js:231:10)
    at _callCircusTest (/workspaces/dihya.io/node_modules/jest-circus/build/run.js:316:40)
    at processTicksAndRejections (node:internal/process/task_queues:95:5)
    at _runTest (/workspaces/dihya.io/node_modules/jest-circus/build/run.js:252:3)
    at _runTestsForDescribeBlock (/workspaces/dihya.io/node_modules/jest-circus/build/run.js:126:9)
    at _runTestsForDescribeBlock (/workspaces/dihya.io/node_modules/jest-circus/build/run.js:121:9)
    at run (/workspaces/dihya.io/node_modules/jest-circus/build/run.js:71:3)
    at runAndTransformResultsToJestFormat (/workspaces/dihya.io/node_modules/jest-circus/build/legacy-code-todo-rewrite/jestAdapterInit.js:122:21)
    at jestAdapter (/workspaces/dihya.io/node_modules/jest-circus/build/legacy-code-todo-rewrite/jestAdapter.js:79:19)
    at runTestInternal (/workspaces/dihya.io/node_modules/jest-runner/build/runTest.js:367:16)
    at runTest (/workspaces/dihya.io/node_modules/jest-runner/build/runTest.js:444:34)
    at Object.worker (/workspaces/dihya.io/node_modules/jest-runner/build/testWorker.js:106:12)</failure>
    </testcase>
    <testcase classname="Helpers services Hotellerie (JS) simulateExtremeLoad génère 100000 caractères" name="Helpers services Hotellerie (JS) simulateExtremeLoad génère 100000 caractères" time="0.001">
      <failure>TypeError: helper.simulateExtremeLoad is not a function
    at Object.simulateExtremeLoad (/workspaces/dihya.io/backend/components/metiers/hotellerie/services/core/helpers/services_helper.test.js:14:19)
    at Promise.then.completed (/workspaces/dihya.io/node_modules/jest-circus/build/utils.js:298:28)
    at new Promise (&lt;anonymous&gt;)
    at callAsyncCircusFn (/workspaces/dihya.io/node_modules/jest-circus/build/utils.js:231:10)
    at _callCircusTest (/workspaces/dihya.io/node_modules/jest-circus/build/run.js:316:40)
    at processTicksAndRejections (node:internal/process/task_queues:95:5)
    at _runTest (/workspaces/dihya.io/node_modules/jest-circus/build/run.js:252:3)
    at _runTestsForDescribeBlock (/workspaces/dihya.io/node_modules/jest-circus/build/run.js:126:9)
    at _runTestsForDescribeBlock (/workspaces/dihya.io/node_modules/jest-circus/build/run.js:121:9)
    at run (/workspaces/dihya.io/node_modules/jest-circus/build/run.js:71:3)
    at runAndTransformResultsToJestFormat (/workspaces/dihya.io/node_modules/jest-circus/build/legacy-code-todo-rewrite/jestAdapterInit.js:122:21)
    at jestAdapter (/workspaces/dihya.io/node_modules/jest-circus/build/legacy-code-todo-rewrite/jestAdapter.js:79:19)
    at runTestInternal (/workspaces/dihya.io/node_modules/jest-runner/build/runTest.js:367:16)
    at runTest (/workspaces/dihya.io/node_modules/jest-runner/build/runTest.js:444:34)
    at Object.worker (/workspaces/dihya.io/node_modules/jest-runner/build/testWorker.js:106:12)</failure>
    </testcase>
    <testcase classname="Helpers services Hotellerie (JS) checkAccess contrôle les droits" name="Helpers services Hotellerie (JS) checkAccess contrôle les droits" time="0.001">
      <failure>TypeError: helper.checkAccess is not a function
    at Object.checkAccess (/workspaces/dihya.io/backend/components/metiers/hotellerie/services/core/helpers/services_helper.test.js:17:19)
    at Promise.then.completed (/workspaces/dihya.io/node_modules/jest-circus/build/utils.js:298:28)
    at new Promise (&lt;anonymous&gt;)
    at callAsyncCircusFn (/workspaces/dihya.io/node_modules/jest-circus/build/utils.js:231:10)
    at _callCircusTest (/workspaces/dihya.io/node_modules/jest-circus/build/run.js:316:40)
    at processTicksAndRejections (node:internal/process/task_queues:95:5)
    at _runTest (/workspaces/dihya.io/node_modules/jest-circus/build/run.js:252:3)
    at _runTestsForDescribeBlock (/workspaces/dihya.io/node_modules/jest-circus/build/run.js:126:9)
    at _runTestsForDescribeBlock (/workspaces/dihya.io/node_modules/jest-circus/build/run.js:121:9)
    at run (/workspaces/dihya.io/node_modules/jest-circus/build/run.js:71:3)
    at runAndTransformResultsToJestFormat (/workspaces/dihya.io/node_modules/jest-circus/build/legacy-code-todo-rewrite/jestAdapterInit.js:122:21)
    at jestAdapter (/workspaces/dihya.io/node_modules/jest-circus/build/legacy-code-todo-rewrite/jestAdapter.js:79:19)
    at runTestInternal (/workspaces/dihya.io/node_modules/jest-runner/build/runTest.js:367:16)
    at runTest (/workspaces/dihya.io/node_modules/jest-runner/build/runTest.js:444:34)
    at Object.worker (/workspaces/dihya.io/node_modules/jest-runner/build/testWorker.js:106:12)</failure>
    </testcase>
    <testcase classname="ServicesHelper doit s&apos;initialiser correctement" name="ServicesHelper doit s&apos;initialiser correctement" time="0.002">
    </testcase>
    <testcase classname="ServicesHelper doit initialiser la config et auditer" name="ServicesHelper doit initialiser la config et auditer" time="0.001">
    </testcase>
    <testcase classname="ServicesHelper doit assister une opération valide et auditer" name="ServicesHelper doit assister une opération valide et auditer" time="0.001">
    </testcase>
    <testcase classname="ServicesHelper doit lever une erreur sur une opération invalide et auditer" name="ServicesHelper doit lever une erreur sur une opération invalide et auditer" time="0.003">
    </testcase>
  </testsuite>
  <testsuite name="Exporter Hotellerie" errors="0" failures="0" skipped="0" timestamp="2025-06-05T02:20:15" time="0.203" tests="4">
    <testcase classname="Exporter Hotellerie doit exporter en JSON" name="Exporter Hotellerie doit exporter en JSON" time="0.002">
    </testcase>
    <testcase classname="Exporter Hotellerie doit exporter en CSV" name="Exporter Hotellerie doit exporter en CSV" time="0.001">
    </testcase>
    <testcase classname="Exporter Hotellerie doit anonymiser les données RGPD" name="Exporter Hotellerie doit anonymiser les données RGPD" time="0.001">
    </testcase>
    <testcase classname="Exporter Hotellerie doit gérer le cas d’un tableau vide" name="Exporter Hotellerie doit gérer le cas d’un tableau vide" time="0">
    </testcase>
  </testsuite>
  <testsuite name="Helpers templates Hotellerie (JS)" errors="0" failures="3" skipped="0" timestamp="2025-06-05T02:20:15" time="0.258" tests="7">
    <testcase classname="Helpers templates Hotellerie (JS) renderTemplate fonctionne" name="Helpers templates Hotellerie (JS) renderTemplate fonctionne" time="0.01">
      <failure>Error: expect(received).toBe(expected) // Object.is equality

Expected: &quot;function&quot;
Received: &quot;undefined&quot;
    at Object.toBe (/workspaces/dihya.io/backend/components/metiers/hotellerie/templates/helpers/core/templates_helper.test.js:5:42)
    at Promise.then.completed (/workspaces/dihya.io/node_modules/jest-circus/build/utils.js:298:28)
    at new Promise (&lt;anonymous&gt;)
    at callAsyncCircusFn (/workspaces/dihya.io/node_modules/jest-circus/build/utils.js:231:10)
    at _callCircusTest (/workspaces/dihya.io/node_modules/jest-circus/build/run.js:316:40)
    at processTicksAndRejections (node:internal/process/task_queues:95:5)
    at _runTest (/workspaces/dihya.io/node_modules/jest-circus/build/run.js:252:3)
    at _runTestsForDescribeBlock (/workspaces/dihya.io/node_modules/jest-circus/build/run.js:126:9)
    at _runTestsForDescribeBlock (/workspaces/dihya.io/node_modules/jest-circus/build/run.js:121:9)
    at run (/workspaces/dihya.io/node_modules/jest-circus/build/run.js:71:3)
    at runAndTransformResultsToJestFormat (/workspaces/dihya.io/node_modules/jest-circus/build/legacy-code-todo-rewrite/jestAdapterInit.js:122:21)
    at jestAdapter (/workspaces/dihya.io/node_modules/jest-circus/build/legacy-code-todo-rewrite/jestAdapter.js:79:19)
    at runTestInternal (/workspaces/dihya.io/node_modules/jest-runner/build/runTest.js:367:16)
    at runTest (/workspaces/dihya.io/node_modules/jest-runner/build/runTest.js:444:34)
    at Object.worker (/workspaces/dihya.io/node_modules/jest-runner/build/testWorker.js:106:12)</failure>
    </testcase>
    <testcase classname="Helpers templates Hotellerie (JS) isValidTemplate fonctionne" name="Helpers templates Hotellerie (JS) isValidTemplate fonctionne" time="0">
      <failure>TypeError: helper.isValidTemplate is not a function
    at Object.isValidTemplate (/workspaces/dihya.io/backend/components/metiers/hotellerie/templates/helpers/core/templates_helper.test.js:8:19)
    at Promise.then.completed (/workspaces/dihya.io/node_modules/jest-circus/build/utils.js:298:28)
    at new Promise (&lt;anonymous&gt;)
    at callAsyncCircusFn (/workspaces/dihya.io/node_modules/jest-circus/build/utils.js:231:10)
    at _callCircusTest (/workspaces/dihya.io/node_modules/jest-circus/build/run.js:316:40)
    at processTicksAndRejections (node:internal/process/task_queues:95:5)
    at _runTest (/workspaces/dihya.io/node_modules/jest-circus/build/run.js:252:3)
    at _runTestsForDescribeBlock (/workspaces/dihya.io/node_modules/jest-circus/build/run.js:126:9)
    at _runTestsForDescribeBlock (/workspaces/dihya.io/node_modules/jest-circus/build/run.js:121:9)
    at run (/workspaces/dihya.io/node_modules/jest-circus/build/run.js:71:3)
    at runAndTransformResultsToJestFormat (/workspaces/dihya.io/node_modules/jest-circus/build/legacy-code-todo-rewrite/jestAdapterInit.js:122:21)
    at jestAdapter (/workspaces/dihya.io/node_modules/jest-circus/build/legacy-code-todo-rewrite/jestAdapter.js:79:19)
    at runTestInternal (/workspaces/dihya.io/node_modules/jest-runner/build/runTest.js:367:16)
    at runTest (/workspaces/dihya.io/node_modules/jest-runner/build/runTest.js:444:34)
    at Object.worker (/workspaces/dihya.io/node_modules/jest-runner/build/testWorker.js:106:12)</failure>
    </testcase>
    <testcase classname="Helpers templates Hotellerie (JS) mockTemplateContext retourne un objet" name="Helpers templates Hotellerie (JS) mockTemplateContext retourne un objet" time="0.001">
      <failure>TypeError: helper.mockTemplateContext is not a function
    at Object.mockTemplateContext (/workspaces/dihya.io/backend/components/metiers/hotellerie/templates/helpers/core/templates_helper.test.js:13:26)
    at Promise.then.completed (/workspaces/dihya.io/node_modules/jest-circus/build/utils.js:298:28)
    at new Promise (&lt;anonymous&gt;)
    at callAsyncCircusFn (/workspaces/dihya.io/node_modules/jest-circus/build/utils.js:231:10)
    at _callCircusTest (/workspaces/dihya.io/node_modules/jest-circus/build/run.js:316:40)
    at processTicksAndRejections (node:internal/process/task_queues:95:5)
    at _runTest (/workspaces/dihya.io/node_modules/jest-circus/build/run.js:252:3)
    at _runTestsForDescribeBlock (/workspaces/dihya.io/node_modules/jest-circus/build/run.js:126:9)
    at _runTestsForDescribeBlock (/workspaces/dihya.io/node_modules/jest-circus/build/run.js:121:9)
    at run (/workspaces/dihya.io/node_modules/jest-circus/build/run.js:71:3)
    at runAndTransformResultsToJestFormat (/workspaces/dihya.io/node_modules/jest-circus/build/legacy-code-todo-rewrite/jestAdapterInit.js:122:21)
    at jestAdapter (/workspaces/dihya.io/node_modules/jest-circus/build/legacy-code-todo-rewrite/jestAdapter.js:79:19)
    at runTestInternal (/workspaces/dihya.io/node_modules/jest-runner/build/runTest.js:367:16)
    at runTest (/workspaces/dihya.io/node_modules/jest-runner/build/runTest.js:444:34)
    at Object.worker (/workspaces/dihya.io/node_modules/jest-runner/build/testWorker.js:106:12)</failure>
    </testcase>
    <testcase classname="TemplatesHelper doit s&apos;initialiser correctement" name="TemplatesHelper doit s&apos;initialiser correctement" time="0.001">
    </testcase>
    <testcase classname="TemplatesHelper doit initialiser la config et auditer" name="TemplatesHelper doit initialiser la config et auditer" time="0.001">
    </testcase>
    <testcase classname="TemplatesHelper doit assister une opération valide et auditer" name="TemplatesHelper doit assister une opération valide et auditer" time="0.001">
    </testcase>
    <testcase classname="TemplatesHelper doit lever une erreur sur une opération invalide et auditer" name="TemplatesHelper doit lever une erreur sur une opération invalide et auditer" time="0.009">
    </testcase>
  </testsuite>
  <testsuite name="core_utils – Génération d’ID" errors="0" failures="0" skipped="0" timestamp="2025-06-05T02:20:15" time="0.225" tests="5">
    <testcase classname="core_utils – Génération d’ID génère un ID unique avec préfixe" name="core_utils – Génération d’ID génère un ID unique avec préfixe" time="0.002">
    </testcase>
    <testcase classname="core_utils – deepClone clone profondément un objet" name="core_utils – deepClone clone profondément un objet" time="0.001">
    </testcase>
    <testcase classname="core_utils – isValidEmail valide les emails corrects" name="core_utils – isValidEmail valide les emails corrects" time="0">
    </testcase>
    <testcase classname="core_utils – isValidEmail rejette les emails invalides" name="core_utils – isValidEmail rejette les emails invalides" time="0.001">
    </testcase>
    <testcase classname="core_utils – auditLog génère un log d’audit conforme" name="core_utils – auditLog génère un log d’audit conforme" time="0.002">
    </testcase>
  </testsuite>
  <testsuite name="PluginManager" errors="0" failures="0" skipped="0" timestamp="2025-06-05T02:20:15" time="0.209" tests="5">
    <testcase classname="PluginManager enregistre et récupère un plugin" name="PluginManager enregistre et récupère un plugin" time="0.01">
    </testcase>
    <testcase classname="PluginManager liste les plugins" name="PluginManager liste les plugins" time="0.001">
    </testcase>
    <testcase classname="PluginManager exécute un plugin" name="PluginManager exécute un plugin" time="0">
    </testcase>
    <testcase classname="PluginManager désenregistre un plugin" name="PluginManager désenregistre un plugin" time="0.001">
    </testcase>
    <testcase classname="PluginManager lance une erreur si plugin non trouvé" name="PluginManager lance une erreur si plugin non trouvé" time="0.008">
    </testcase>
  </testsuite>
  <testsuite name="rbac_utils – Permissions" errors="0" failures="0" skipped="0" timestamp="2025-06-05T02:20:15" time="0.185" tests="4">
    <testcase classname="rbac_utils – Permissions admin a toutes les permissions" name="rbac_utils – Permissions admin a toutes les permissions" time="0.005">
    </testcase>
    <testcase classname="rbac_utils – Permissions auditor peut lire et auditer, mais pas écrire" name="rbac_utils – Permissions auditor peut lire et auditer, mais pas écrire" time="0.001">
    </testcase>
    <testcase classname="rbac_utils – Permissions multi-rôles hérite de toutes les permissions" name="rbac_utils – Permissions multi-rôles hérite de toutes les permissions" time="0">
    </testcase>
    <testcase classname="rbac_utils – Permissions getUserPermissions retourne toutes les permissions uniques" name="rbac_utils – Permissions getUserPermissions retourne toutes les permissions uniques" time="0.001">
    </testcase>
  </testsuite>
  <testsuite name="Services d&apos;environnement (fixtures avancés)" errors="0" failures="0" skipped="0" timestamp="2025-06-05T02:20:15" time="0.226" tests="2">
    <testcase classname="Services d&apos;environnement (fixtures avancés) La liste des services est définie, non vide et bien structurée" name="Services d&apos;environnement (fixtures avancés) La liste des services est définie, non vide et bien structurée" time="0.005">
    </testcase>
    <testcase classname="Services d&apos;environnement (fixtures avancés) Tous les services doivent avoir un statut valide" name="Services d&apos;environnement (fixtures avancés) Tous les services doivent avoir un statut valide" time="0.001">
    </testcase>
  </testsuite>
  <testsuite name="RBAC – Logique métier" errors="0" failures="0" skipped="0" timestamp="2025-06-05T02:20:15" time="0.239" tests="3">
    <testcase classname="RBAC – Logique métier admin a toutes les permissions" name="RBAC – Logique métier admin a toutes les permissions" time="0.001">
    </testcase>
    <testcase classname="RBAC – Logique métier editor ne peut pas supprimer ni gérer les utilisateurs" name="RBAC – Logique métier editor ne peut pas supprimer ni gérer les utilisateurs" time="0">
    </testcase>
    <testcase classname="RBAC – Logique métier viewer ne peut que lire" name="RBAC – Logique métier viewer ne peut que lire" time="0.001">
    </testcase>
  </testsuite>
  <testsuite name="ApiService" errors="0" failures="1" skipped="0" timestamp="2025-06-05T02:20:15" time="0.18" tests="3">
    <testcase classname="ApiService doit s&apos;initialiser correctement" name="ApiService doit s&apos;initialiser correctement" time="0.001">
    </testcase>
    <testcase classname="ApiService doit auditer et retourner une erreur sur requête invalide" name="ApiService doit auditer et retourner une erreur sur requête invalide" time="0.003">
    </testcase>
    <testcase classname="ApiService doit traiter une requête valide et auditer" name="ApiService doit traiter une requête valide et auditer" time="0.001">
      <failure>TypeError: Cannot read properties of undefined (reading &apos;action&apos;)
    at Object.&lt;anonymous&gt; (/workspaces/dihya.io/backend/components/metiers/hotellerie/services/core/api/api_service.test.js:26:34)
    at Promise.then.completed (/workspaces/dihya.io/node_modules/jest-circus/build/utils.js:298:28)
    at new Promise (&lt;anonymous&gt;)
    at callAsyncCircusFn (/workspaces/dihya.io/node_modules/jest-circus/build/utils.js:231:10)
    at _callCircusTest (/workspaces/dihya.io/node_modules/jest-circus/build/run.js:316:40)
    at processTicksAndRejections (node:internal/process/task_queues:95:5)
    at _runTest (/workspaces/dihya.io/node_modules/jest-circus/build/run.js:252:3)
    at _runTestsForDescribeBlock (/workspaces/dihya.io/node_modules/jest-circus/build/run.js:126:9)
    at _runTestsForDescribeBlock (/workspaces/dihya.io/node_modules/jest-circus/build/run.js:121:9)
    at run (/workspaces/dihya.io/node_modules/jest-circus/build/run.js:71:3)
    at runAndTransformResultsToJestFormat (/workspaces/dihya.io/node_modules/jest-circus/build/legacy-code-todo-rewrite/jestAdapterInit.js:122:21)
    at jestAdapter (/workspaces/dihya.io/node_modules/jest-circus/build/legacy-code-todo-rewrite/jestAdapter.js:79:19)
    at runTestInternal (/workspaces/dihya.io/node_modules/jest-runner/build/runTest.js:367:16)
    at runTest (/workspaces/dihya.io/node_modules/jest-runner/build/runTest.js:444:34)
    at Object.worker (/workspaces/dihya.io/node_modules/jest-runner/build/testWorker.js:106:12)</failure>
    </testcase>
  </testsuite>
  <testsuite name="sample_utils – Génération d’utilisateur" errors="0" failures="0" skipped="0" timestamp="2025-06-05T02:20:15" time="0.192" tests="3">
    <testcase classname="sample_utils – Génération d’utilisateur génère un utilisateur conforme" name="sample_utils – Génération d’utilisateur génère un utilisateur conforme" time="0.004">
    </testcase>
    <testcase classname="sample_utils – Audit action génère un log d’audit conforme" name="sample_utils – Audit action génère un log d’audit conforme" time="0.001">
    </testcase>
    <testcase classname="sample_utils – Permission check vérifie la permission audit" name="sample_utils – Permission check vérifie la permission audit" time="0">
    </testcase>
  </testsuite>
  <testsuite name="Helpers services Hotellerie (JS)" errors="0" failures="0" skipped="0" timestamp="2025-06-05T02:20:15" time="0.159" tests="5">
    <testcase classname="Helpers services Hotellerie (JS) getServiceStatus retourne ok" name="Helpers services Hotellerie (JS) getServiceStatus retourne ok" time="0.001">
    </testcase>
    <testcase classname="Helpers services Hotellerie (JS) simulateHeavyLoad génère 10000 caractères" name="Helpers services Hotellerie (JS) simulateHeavyLoad génère 10000 caractères" time="0">
    </testcase>
    <testcase classname="Helpers services Hotellerie (JS) auditService retourne un audit" name="Helpers services Hotellerie (JS) auditService retourne un audit" time="0.001">
    </testcase>
    <testcase classname="Helpers services Hotellerie (JS) simulateExtremeLoad génère 100000 caractères" name="Helpers services Hotellerie (JS) simulateExtremeLoad génère 100000 caractères" time="0.011">
    </testcase>
    <testcase classname="Helpers services Hotellerie (JS) checkAccess contrôle les droits" name="Helpers services Hotellerie (JS) checkAccess contrôle les droits" time="0.007">
    </testcase>
  </testsuite>
  <testsuite name="HotellerieController ultra avancé" errors="0" failures="0" skipped="0" timestamp="2025-06-05T02:20:15" time="0.522" tests="2">
    <testcase classname="HotellerieController ultra avancé valide le cycle complet (read, create, update, delete)" name="HotellerieController ultra avancé valide le cycle complet (read, create, update, delete)" time="0.009">
    </testcase>
    <testcase classname="HotellerieController ultra avancé rejette une entité invalide" name="HotellerieController ultra avancé rejette une entité invalide" time="0.023">
    </testcase>
  </testsuite>
  <testsuite name="SampleService" errors="0" failures="0" skipped="0" timestamp="2025-06-05T02:20:16" time="0.193" tests="3">
    <testcase classname="SampleService doit s&apos;initialiser correctement" name="SampleService doit s&apos;initialiser correctement" time="0.001">
    </testcase>
    <testcase classname="SampleService doit initialiser la config" name="SampleService doit initialiser la config" time="0.001">
    </testcase>
    <testcase classname="SampleService doit exécuter le run sample" name="SampleService doit exécuter le run sample" time="0">
    </testcase>
  </testsuite>
  <testsuite name="RBAC – Intégration et conformité" errors="0" failures="0" skipped="0" timestamp="2025-06-05T02:20:16" time="0.063" tests="3">
    <testcase classname="RBAC – Intégration et conformité un utilisateur multi-rôles hérite de toutes les permissions de ses rôles" name="RBAC – Intégration et conformité un utilisateur multi-rôles hérite de toutes les permissions de ses rôles" time="0.004">
    </testcase>
    <testcase classname="RBAC – Intégration et conformité aucun accès sans rôle" name="RBAC – Intégration et conformité aucun accès sans rôle" time="0">
    </testcase>
    <testcase classname="RBAC – Intégration et conformité retourne false si user est null ou mal formé" name="RBAC – Intégration et conformité retourne false si user est null ou mal formé" time="0">
    </testcase>
  </testsuite>
  <testsuite name="fixtures.generator.js" errors="0" failures="0" skipped="0" timestamp="2025-06-05T02:20:16" time="0.097" tests="2">
    <testcase classname="fixtures.generator.js génère un modèle hotellerie dynamique avancé" name="fixtures.generator.js génère un modèle hotellerie dynamique avancé" time="0.001">
    </testcase>
    <testcase classname="fixtures.generator.js génère un utilisateur avancé" name="fixtures.generator.js génère un utilisateur avancé" time="0.001">
    </testcase>
  </testsuite>
  <testsuite name="Admin Hotellerie" errors="0" failures="2" skipped="0" timestamp="2025-06-05T02:20:15" time="0.601" tests="2">
    <testcase classname="Admin Hotellerie doit effectuer une action admin supportée" name="Admin Hotellerie doit effectuer une action admin supportée" time="0.046">
      <failure>Error: expect(received).toBe(expected) // Object.is equality

Expected: 200
Received: 404
    at toBe (/workspaces/dihya.io/backend/components/metiers/hotellerie/utils/views/admin/admin_views.test.js:15:28)
    at /workspaces/dihya.io/node_modules/@babel/runtime/helpers/regeneratorRuntime.js:52:18
    at Generator.&lt;anonymous&gt; (/workspaces/dihya.io/node_modules/@babel/runtime/helpers/regenerator.js:52:51)
    at Generator.next (/workspaces/dihya.io/node_modules/@babel/runtime/helpers/regeneratorDefine.js:17:23)
    at asyncGeneratorStep (/workspaces/dihya.io/node_modules/@babel/runtime/helpers/asyncToGenerator.js:3:17)
    at _next (/workspaces/dihya.io/node_modules/@babel/runtime/helpers/asyncToGenerator.js:17:9)
    at processTicksAndRejections (node:internal/process/task_queues:95:5)</failure>
    </testcase>
    <testcase classname="Admin Hotellerie refuse une action non supportée" name="Admin Hotellerie refuse une action non supportée" time="0.005">
      <failure>Error: expect(received).toBe(expected) // Object.is equality

Expected: 400
Received: 404
    at toBe (/workspaces/dihya.io/backend/components/metiers/hotellerie/utils/views/admin/admin_views.test.js:25:28)
    at /workspaces/dihya.io/node_modules/@babel/runtime/helpers/regeneratorRuntime.js:52:18
    at Generator.&lt;anonymous&gt; (/workspaces/dihya.io/node_modules/@babel/runtime/helpers/regenerator.js:52:51)
    at Generator.next (/workspaces/dihya.io/node_modules/@babel/runtime/helpers/regeneratorDefine.js:17:23)
    at asyncGeneratorStep (/workspaces/dihya.io/node_modules/@babel/runtime/helpers/asyncToGenerator.js:3:17)
    at _next (/workspaces/dihya.io/node_modules/@babel/runtime/helpers/asyncToGenerator.js:17:9)
    at processTicksAndRejections (node:internal/process/task_queues:95:5)</failure>
    </testcase>
  </testsuite>
  <testsuite name="undefined" errors="0" failures="2" skipped="0" timestamp="2025-06-05T02:20:16" time="0.157" tests="4">
    <testcase classname=" metierLegacyCore fonctionne" name=" metierLegacyCore fonctionne" time="0.007">
      <failure>Error: expect(received).toEqual(expected) // deep equality

- Expected  - 0
+ Received  + 1

  Object {
+   &quot;_audit&quot;: &quot;legacy_core_v1&quot;,
    &quot;a&quot;: 1,
    &quot;legacy&quot;: true,
  }
    at Object.toEqual (/workspaces/dihya.io/backend/components/metiers/hotellerie/legacy/core/core_legacy.test.js:4:38)
    at Promise.then.completed (/workspaces/dihya.io/node_modules/jest-circus/build/utils.js:298:28)
    at new Promise (&lt;anonymous&gt;)
    at callAsyncCircusFn (/workspaces/dihya.io/node_modules/jest-circus/build/utils.js:231:10)
    at _callCircusTest (/workspaces/dihya.io/node_modules/jest-circus/build/run.js:316:40)
    at processTicksAndRejections (node:internal/process/task_queues:95:5)
    at _runTest (/workspaces/dihya.io/node_modules/jest-circus/build/run.js:252:3)
    at _runTestsForDescribeBlock (/workspaces/dihya.io/node_modules/jest-circus/build/run.js:126:9)
    at run (/workspaces/dihya.io/node_modules/jest-circus/build/run.js:71:3)
    at runAndTransformResultsToJestFormat (/workspaces/dihya.io/node_modules/jest-circus/build/legacy-code-todo-rewrite/jestAdapterInit.js:122:21)
    at jestAdapter (/workspaces/dihya.io/node_modules/jest-circus/build/legacy-code-todo-rewrite/jestAdapter.js:79:19)
    at runTestInternal (/workspaces/dihya.io/node_modules/jest-runner/build/runTest.js:367:16)
    at runTest (/workspaces/dihya.io/node_modules/jest-runner/build/runTest.js:444:34)
    at Object.worker (/workspaces/dihya.io/node_modules/jest-runner/build/testWorker.js:106:12)</failure>
    </testcase>
    <testcase classname=" metierLegacyCore RGPD anonymise" name=" metierLegacyCore RGPD anonymise" time="0.001">
    </testcase>
    <testcase classname=" metierLegacyCore accessibilité" name=" metierLegacyCore accessibilité" time="0.001">
    </testcase>
    <testcase classname=" metierLegacyCore edge case vide" name=" metierLegacyCore edge case vide" time="0.002">
      <failure>Error: expect(received).toEqual(expected) // deep equality

- Expected  - 1
+ Received  + 1

  Object {
-   &quot;empty&quot;: true,
+   &quot;_audit&quot;: &quot;legacy_core_v1&quot;,
    &quot;legacy&quot;: true,
  }
    at Object.toEqual (/workspaces/dihya.io/backend/components/metiers/hotellerie/legacy/core/core_legacy.test.js:14:32)
    at Promise.then.completed (/workspaces/dihya.io/node_modules/jest-circus/build/utils.js:298:28)
    at new Promise (&lt;anonymous&gt;)
    at callAsyncCircusFn (/workspaces/dihya.io/node_modules/jest-circus/build/utils.js:231:10)
    at _callCircusTest (/workspaces/dihya.io/node_modules/jest-circus/build/run.js:316:40)
    at processTicksAndRejections (node:internal/process/task_queues:95:5)
    at _runTest (/workspaces/dihya.io/node_modules/jest-circus/build/run.js:252:3)
    at _runTestsForDescribeBlock (/workspaces/dihya.io/node_modules/jest-circus/build/run.js:126:9)
    at run (/workspaces/dihya.io/node_modules/jest-circus/build/run.js:71:3)
    at runAndTransformResultsToJestFormat (/workspaces/dihya.io/node_modules/jest-circus/build/legacy-code-todo-rewrite/jestAdapterInit.js:122:21)
    at jestAdapter (/workspaces/dihya.io/node_modules/jest-circus/build/legacy-code-todo-rewrite/jestAdapter.js:79:19)
    at runTestInternal (/workspaces/dihya.io/node_modules/jest-runner/build/runTest.js:367:16)
    at runTest (/workspaces/dihya.io/node_modules/jest-runner/build/runTest.js:444:34)
    at Object.worker (/workspaces/dihya.io/node_modules/jest-runner/build/testWorker.js:106:12)</failure>
    </testcase>
  </testsuite>
  <testsuite name="SamplePlugin" errors="0" failures="0" skipped="0" timestamp="2025-06-05T02:20:16" time="0.117" tests="3">
    <testcase classname="SamplePlugin doit s&apos;initialiser correctement" name="SamplePlugin doit s&apos;initialiser correctement" time="0.001">
    </testcase>
    <testcase classname="SamplePlugin doit initialiser la config" name="SamplePlugin doit initialiser la config" time="0">
    </testcase>
    <testcase classname="SamplePlugin doit exécuter le run sample" name="SamplePlugin doit exécuter le run sample" time="0.004">
    </testcase>
  </testsuite>
  <testsuite name="i18n_utils – Traduction" errors="0" failures="0" skipped="0" timestamp="2025-06-05T02:20:16" time="0.062" tests="3">
    <testcase classname="i18n_utils – Traduction traduit dans toutes les langues supportées" name="i18n_utils – Traduction traduit dans toutes les langues supportées" time="0.001">
    </testcase>
    <testcase classname="i18n_utils – Traduction retourne le message brut si langue non supportée" name="i18n_utils – Traduction retourne le message brut si langue non supportée" time="0">
    </testcase>
    <testcase classname="i18n_utils – Langues supportées reconnaît les langues supportées" name="i18n_utils – Langues supportées reconnaît les langues supportées" time="0.001">
    </testcase>
  </testsuite>
  <testsuite name="DB API Hotellerie" errors="0" failures="0" skipped="0" timestamp="2025-06-05T02:20:16" time="0.084" tests="4">
    <testcase classname="DB API Hotellerie findById retourne une entité" name="DB API Hotellerie findById retourne une entité" time="0.001">
    </testcase>
    <testcase classname="DB API Hotellerie insert ajoute une entité" name="DB API Hotellerie insert ajoute une entité" time="0.001">
    </testcase>
    <testcase classname="DB API Hotellerie update modifie une entité" name="DB API Hotellerie update modifie une entité" time="0.001">
    </testcase>
    <testcase classname="DB API Hotellerie delete supprime une entité" name="DB API Hotellerie delete supprime une entité" time="0">
    </testcase>
  </testsuite>
  <testsuite name="Services Environnement (clé en main)" errors="0" failures="2" skipped="0" timestamp="2025-06-05T02:20:16" time="0.078" tests="2">
    <testcase classname="Services Environnement (clé en main) getEnvironnement retourne la config attendue" name="Services Environnement (clé en main) getEnvironnement retourne la config attendue" time="0">
      <failure>TypeError: getEnvironnement is not a function
    at Object.getEnvironnement (/workspaces/dihya.io/backend/components/metiers/hotellerie/fixtures/services/core/services_environnement.test.js:12:17)
    at Promise.then.completed (/workspaces/dihya.io/node_modules/jest-circus/build/utils.js:298:28)
    at new Promise (&lt;anonymous&gt;)
    at callAsyncCircusFn (/workspaces/dihya.io/node_modules/jest-circus/build/utils.js:231:10)
    at _callCircusTest (/workspaces/dihya.io/node_modules/jest-circus/build/run.js:316:40)
    at processTicksAndRejections (node:internal/process/task_queues:95:5)
    at _runTest (/workspaces/dihya.io/node_modules/jest-circus/build/run.js:252:3)
    at _runTestsForDescribeBlock (/workspaces/dihya.io/node_modules/jest-circus/build/run.js:126:9)
    at _runTestsForDescribeBlock (/workspaces/dihya.io/node_modules/jest-circus/build/run.js:121:9)
    at run (/workspaces/dihya.io/node_modules/jest-circus/build/run.js:71:3)
    at runAndTransformResultsToJestFormat (/workspaces/dihya.io/node_modules/jest-circus/build/legacy-code-todo-rewrite/jestAdapterInit.js:122:21)
    at jestAdapter (/workspaces/dihya.io/node_modules/jest-circus/build/legacy-code-todo-rewrite/jestAdapter.js:79:19)
    at runTestInternal (/workspaces/dihya.io/node_modules/jest-runner/build/runTest.js:367:16)
    at runTest (/workspaces/dihya.io/node_modules/jest-runner/build/runTest.js:444:34)
    at Object.worker (/workspaces/dihya.io/node_modules/jest-runner/build/testWorker.js:106:12)</failure>
    </testcase>
    <testcase classname="Services Environnement (clé en main) setEnvironnement modifie la config" name="Services Environnement (clé en main) setEnvironnement modifie la config" time="0">
      <failure>TypeError: setEnvironnement is not a function
    at Object.setEnvironnement (/workspaces/dihya.io/backend/components/metiers/hotellerie/fixtures/services/core/services_environnement.test.js:17:5)
    at Promise.then.completed (/workspaces/dihya.io/node_modules/jest-circus/build/utils.js:298:28)
    at new Promise (&lt;anonymous&gt;)
    at callAsyncCircusFn (/workspaces/dihya.io/node_modules/jest-circus/build/utils.js:231:10)
    at _callCircusTest (/workspaces/dihya.io/node_modules/jest-circus/build/run.js:316:40)
    at processTicksAndRejections (node:internal/process/task_queues:95:5)
    at _runTest (/workspaces/dihya.io/node_modules/jest-circus/build/run.js:252:3)
    at _runTestsForDescribeBlock (/workspaces/dihya.io/node_modules/jest-circus/build/run.js:126:9)
    at _runTestsForDescribeBlock (/workspaces/dihya.io/node_modules/jest-circus/build/run.js:121:9)
    at run (/workspaces/dihya.io/node_modules/jest-circus/build/run.js:71:3)
    at runAndTransformResultsToJestFormat (/workspaces/dihya.io/node_modules/jest-circus/build/legacy-code-todo-rewrite/jestAdapterInit.js:122:21)
    at jestAdapter (/workspaces/dihya.io/node_modules/jest-circus/build/legacy-code-todo-rewrite/jestAdapter.js:79:19)
    at runTestInternal (/workspaces/dihya.io/node_modules/jest-runner/build/runTest.js:367:16)
    at runTest (/workspaces/dihya.io/node_modules/jest-runner/build/runTest.js:444:34)
    at Object.worker (/workspaces/dihya.io/node_modules/jest-runner/build/testWorker.js:106:12)</failure>
    </testcase>
  </testsuite>
  <testsuite name="guide_accessibility.js" errors="0" failures="0" skipped="0" timestamp="2025-06-05T02:20:16" time="0.063" tests="1">
    <testcase classname="guide_accessibility.js doit retourner un guide d’accessibilité complet" name="guide_accessibility.js doit retourner un guide d’accessibilité complet" time="0.002">
    </testcase>
  </testsuite>
  <testsuite name="guide_fixtures.js" errors="0" failures="1" skipped="0" timestamp="2025-06-05T02:20:16" time="0.082" tests="1">
    <testcase classname="guide_fixtures.js doit retourner un guide de fixtures complet" name="guide_fixtures.js doit retourner un guide de fixtures complet" time="0">
      <failure>TypeError: getFixturesGuide is not a function
    at Object.getFixturesGuide (/workspaces/dihya.io/backend/components/metiers/hotellerie/guides/core/fixtures/guides/guide_fixtures.test.js:5:19)
    at Promise.then.completed (/workspaces/dihya.io/node_modules/jest-circus/build/utils.js:298:28)
    at new Promise (&lt;anonymous&gt;)
    at callAsyncCircusFn (/workspaces/dihya.io/node_modules/jest-circus/build/utils.js:231:10)
    at _callCircusTest (/workspaces/dihya.io/node_modules/jest-circus/build/run.js:316:40)
    at processTicksAndRejections (node:internal/process/task_queues:95:5)
    at _runTest (/workspaces/dihya.io/node_modules/jest-circus/build/run.js:252:3)
    at _runTestsForDescribeBlock (/workspaces/dihya.io/node_modules/jest-circus/build/run.js:126:9)
    at _runTestsForDescribeBlock (/workspaces/dihya.io/node_modules/jest-circus/build/run.js:121:9)
    at run (/workspaces/dihya.io/node_modules/jest-circus/build/run.js:71:3)
    at runAndTransformResultsToJestFormat (/workspaces/dihya.io/node_modules/jest-circus/build/legacy-code-todo-rewrite/jestAdapterInit.js:122:21)
    at jestAdapter (/workspaces/dihya.io/node_modules/jest-circus/build/legacy-code-todo-rewrite/jestAdapter.js:79:19)
    at runTestInternal (/workspaces/dihya.io/node_modules/jest-runner/build/runTest.js:367:16)
    at runTest (/workspaces/dihya.io/node_modules/jest-runner/build/runTest.js:444:34)
    at Object.worker (/workspaces/dihya.io/node_modules/jest-runner/build/testWorker.js:106:12)</failure>
    </testcase>
  </testsuite>
  <testsuite name="Entrée JS views utils hotellerie" errors="0" failures="1" skipped="0" timestamp="2025-06-05T02:20:16" time="0.124" tests="1">
    <testcase classname="Entrée JS views utils hotellerie doit exposer les helpers principaux de chaque sous-module" name="Entrée JS views utils hotellerie doit exposer les helpers principaux de chaque sous-module" time="0.004">
      <failure>Error: expect(received).toHaveProperty(path)

Expected path: &quot;renderView&quot;
Received path: []

Received value: {}
    at Object.toHaveProperty (/workspaces/dihya.io/backend/components/metiers/hotellerie/utils/views/index.test.js:5:19)
    at Promise.then.completed (/workspaces/dihya.io/node_modules/jest-circus/build/utils.js:298:28)
    at new Promise (&lt;anonymous&gt;)
    at callAsyncCircusFn (/workspaces/dihya.io/node_modules/jest-circus/build/utils.js:231:10)
    at _callCircusTest (/workspaces/dihya.io/node_modules/jest-circus/build/run.js:316:40)
    at processTicksAndRejections (node:internal/process/task_queues:95:5)
    at _runTest (/workspaces/dihya.io/node_modules/jest-circus/build/run.js:252:3)
    at _runTestsForDescribeBlock (/workspaces/dihya.io/node_modules/jest-circus/build/run.js:126:9)
    at _runTestsForDescribeBlock (/workspaces/dihya.io/node_modules/jest-circus/build/run.js:121:9)
    at run (/workspaces/dihya.io/node_modules/jest-circus/build/run.js:71:3)
    at runAndTransformResultsToJestFormat (/workspaces/dihya.io/node_modules/jest-circus/build/legacy-code-todo-rewrite/jestAdapterInit.js:122:21)
    at jestAdapter (/workspaces/dihya.io/node_modules/jest-circus/build/legacy-code-todo-rewrite/jestAdapter.js:79:19)
    at runTestInternal (/workspaces/dihya.io/node_modules/jest-runner/build/runTest.js:367:16)
    at runTest (/workspaces/dihya.io/node_modules/jest-runner/build/runTest.js:444:34)
    at Object.worker (/workspaces/dihya.io/node_modules/jest-runner/build/testWorker.js:106:12)</failure>
    </testcase>
  </testsuite>
  <testsuite name="undefined" errors="0" failures="2" skipped="0" timestamp="2025-06-05T02:20:17" time="0.082" tests="2">
    <testcase classname=" checkAccessibility returns true for compliant" name=" checkAccessibility returns true for compliant" time="0.001">
      <failure>TypeError: checkAccessibility is not a function
    at Object.checkAccessibility (/workspaces/dihya.io/backend/components/metiers/hotellerie/guides/helpers/accessibility/helpers_accessibility.test.js:5:10)
    at Promise.then.completed (/workspaces/dihya.io/node_modules/jest-circus/build/utils.js:298:28)
    at new Promise (&lt;anonymous&gt;)
    at callAsyncCircusFn (/workspaces/dihya.io/node_modules/jest-circus/build/utils.js:231:10)
    at _callCircusTest (/workspaces/dihya.io/node_modules/jest-circus/build/run.js:316:40)
    at processTicksAndRejections (node:internal/process/task_queues:95:5)
    at _runTest (/workspaces/dihya.io/node_modules/jest-circus/build/run.js:252:3)
    at _runTestsForDescribeBlock (/workspaces/dihya.io/node_modules/jest-circus/build/run.js:126:9)
    at run (/workspaces/dihya.io/node_modules/jest-circus/build/run.js:71:3)
    at runAndTransformResultsToJestFormat (/workspaces/dihya.io/node_modules/jest-circus/build/legacy-code-todo-rewrite/jestAdapterInit.js:122:21)
    at jestAdapter (/workspaces/dihya.io/node_modules/jest-circus/build/legacy-code-todo-rewrite/jestAdapter.js:79:19)
    at runTestInternal (/workspaces/dihya.io/node_modules/jest-runner/build/runTest.js:367:16)
    at runTest (/workspaces/dihya.io/node_modules/jest-runner/build/runTest.js:444:34)
    at Object.worker (/workspaces/dihya.io/node_modules/jest-runner/build/testWorker.js:106:12)</failure>
    </testcase>
    <testcase classname=" auditAccessibility returns audit object" name=" auditAccessibility returns audit object" time="0">
      <failure>TypeError: auditAccessibility is not a function
    at Object.auditAccessibility (/workspaces/dihya.io/backend/components/metiers/hotellerie/guides/helpers/accessibility/helpers_accessibility.test.js:10:18)
    at Promise.then.completed (/workspaces/dihya.io/node_modules/jest-circus/build/utils.js:298:28)
    at new Promise (&lt;anonymous&gt;)
    at callAsyncCircusFn (/workspaces/dihya.io/node_modules/jest-circus/build/utils.js:231:10)
    at _callCircusTest (/workspaces/dihya.io/node_modules/jest-circus/build/run.js:316:40)
    at processTicksAndRejections (node:internal/process/task_queues:95:5)
    at _runTest (/workspaces/dihya.io/node_modules/jest-circus/build/run.js:252:3)
    at _runTestsForDescribeBlock (/workspaces/dihya.io/node_modules/jest-circus/build/run.js:126:9)
    at run (/workspaces/dihya.io/node_modules/jest-circus/build/run.js:71:3)
    at runAndTransformResultsToJestFormat (/workspaces/dihya.io/node_modules/jest-circus/build/legacy-code-todo-rewrite/jestAdapterInit.js:122:21)
    at jestAdapter (/workspaces/dihya.io/node_modules/jest-circus/build/legacy-code-todo-rewrite/jestAdapter.js:79:19)
    at runTestInternal (/workspaces/dihya.io/node_modules/jest-runner/build/runTest.js:367:16)
    at runTest (/workspaces/dihya.io/node_modules/jest-runner/build/runTest.js:444:34)
    at Object.worker (/workspaces/dihya.io/node_modules/jest-runner/build/testWorker.js:106:12)</failure>
    </testcase>
  </testsuite>
  <testsuite name="index.js (core services hotellerie)" errors="0" failures="2" skipped="0" timestamp="2025-06-05T02:20:17" time="0.115" tests="2">
    <testcase classname="index.js (core services hotellerie) doit s&apos;importer sans erreur" name="index.js (core services hotellerie) doit s&apos;importer sans erreur" time="0.04">
      <failure>Error: expect(received).not.toThrow()

Error name:    &quot;Error&quot;
Error message: &quot;Cannot find module &apos;./api&apos; from &apos;backend/components/metiers/hotellerie/services/core/index.js&apos;·
Require stack:
  backend/components/metiers/hotellerie/services/core/index.js
  backend/components/metiers/hotellerie/services/core/index.test.js
&quot;

      4 |
      5 | module.exports = {
    &gt; 6 |   ...require(&apos;./api&apos;),
        |      ^
      7 |   ...require(&apos;./controllers&apos;),
      8 |   ...require(&apos;./helpers&apos;),
      9 |   ...require(&apos;./impl&apos;),

      at Resolver._throwModNotFoundError (../../../../node_modules/jest-resolve/build/resolver.js:427:11)
      at Object.require (services/core/index.js:6:6)
      at require (services/core/index.test.js:6:18)
      at Object.&lt;anonymous&gt; (../../../../node_modules/expect/build/toThrowMatchers.js:74:11)
      at Object.throwingMatcher [as toThrow] (../../../../node_modules/expect/build/index.js:320:21)
      at Object.toThrow (services/core/index.test.js:6:42)
    at Object.toThrow (/workspaces/dihya.io/backend/components/metiers/hotellerie/services/core/index.test.js:6:42)
    at Promise.then.completed (/workspaces/dihya.io/node_modules/jest-circus/build/utils.js:298:28)
    at new Promise (&lt;anonymous&gt;)
    at callAsyncCircusFn (/workspaces/dihya.io/node_modules/jest-circus/build/utils.js:231:10)
    at _callCircusTest (/workspaces/dihya.io/node_modules/jest-circus/build/run.js:316:40)
    at processTicksAndRejections (node:internal/process/task_queues:95:5)
    at _runTest (/workspaces/dihya.io/node_modules/jest-circus/build/run.js:252:3)
    at _runTestsForDescribeBlock (/workspaces/dihya.io/node_modules/jest-circus/build/run.js:126:9)
    at _runTestsForDescribeBlock (/workspaces/dihya.io/node_modules/jest-circus/build/run.js:121:9)
    at run (/workspaces/dihya.io/node_modules/jest-circus/build/run.js:71:3)
    at runAndTransformResultsToJestFormat (/workspaces/dihya.io/node_modules/jest-circus/build/legacy-code-todo-rewrite/jestAdapterInit.js:122:21)
    at jestAdapter (/workspaces/dihya.io/node_modules/jest-circus/build/legacy-code-todo-rewrite/jestAdapter.js:79:19)
    at runTestInternal (/workspaces/dihya.io/node_modules/jest-runner/build/runTest.js:367:16)
    at runTest (/workspaces/dihya.io/node_modules/jest-runner/build/runTest.js:444:34)
    at Object.worker (/workspaces/dihya.io/node_modules/jest-runner/build/testWorker.js:106:12)</failure>
    </testcase>
    <testcase classname="index.js (core services hotellerie) doit exposer ApiService, ServicesController, ServicesHelper, ServiceHotellerie, SampleService" name="index.js (core services hotellerie) doit exposer ApiService, ServicesController, ServicesHelper, ServiceHotellerie, SampleService" time="0.001">
      <failure>Error: Cannot find module &apos;./api&apos; from &apos;backend/components/metiers/hotellerie/services/core/index.js&apos;

Require stack:
  backend/components/metiers/hotellerie/services/core/index.js
  backend/components/metiers/hotellerie/services/core/index.test.js

    at Resolver._throwModNotFoundError (/workspaces/dihya.io/node_modules/jest-resolve/build/resolver.js:427:11)
    at Resolver.resolveModule (/workspaces/dihya.io/node_modules/jest-resolve/build/resolver.js:358:10)
    at Resolver._getVirtualMockPath (/workspaces/dihya.io/node_modules/jest-resolve/build/resolver.js:619:14)
    at Resolver._getAbsolutePath (/workspaces/dihya.io/node_modules/jest-resolve/build/resolver.js:587:14)
    at Resolver.getModuleID (/workspaces/dihya.io/node_modules/jest-resolve/build/resolver.js:530:31)
    at Runtime._shouldMockCjs (/workspaces/dihya.io/node_modules/jest-runtime/build/index.js:1713:37)
    at Runtime.requireModuleOrMock (/workspaces/dihya.io/node_modules/jest-runtime/build/index.js:1045:16)
    at Object.require (/workspaces/dihya.io/backend/components/metiers/hotellerie/services/core/index.js:6:6)
    at Runtime._execModule (/workspaces/dihya.io/node_modules/jest-runtime/build/index.js:1439:24)
    at Runtime._loadModule (/workspaces/dihya.io/node_modules/jest-runtime/build/index.js:1022:12)
    at Runtime.requireModule (/workspaces/dihya.io/node_modules/jest-runtime/build/index.js:882:12)
    at Runtime.requireModuleOrMock (/workspaces/dihya.io/node_modules/jest-runtime/build/index.js:1048:21)
    at Object.require (/workspaces/dihya.io/backend/components/metiers/hotellerie/services/core/index.test.js:9:17)
    at Promise.then.completed (/workspaces/dihya.io/node_modules/jest-circus/build/utils.js:298:28)
    at new Promise (&lt;anonymous&gt;)
    at callAsyncCircusFn (/workspaces/dihya.io/node_modules/jest-circus/build/utils.js:231:10)
    at _callCircusTest (/workspaces/dihya.io/node_modules/jest-circus/build/run.js:316:40)
    at processTicksAndRejections (node:internal/process/task_queues:95:5)
    at _runTest (/workspaces/dihya.io/node_modules/jest-circus/build/run.js:252:3)
    at _runTestsForDescribeBlock (/workspaces/dihya.io/node_modules/jest-circus/build/run.js:126:9)
    at _runTestsForDescribeBlock (/workspaces/dihya.io/node_modules/jest-circus/build/run.js:121:9)
    at run (/workspaces/dihya.io/node_modules/jest-circus/build/run.js:71:3)
    at runAndTransformResultsToJestFormat (/workspaces/dihya.io/node_modules/jest-circus/build/legacy-code-todo-rewrite/jestAdapterInit.js:122:21)
    at jestAdapter (/workspaces/dihya.io/node_modules/jest-circus/build/legacy-code-todo-rewrite/jestAdapter.js:79:19)
    at runTestInternal (/workspaces/dihya.io/node_modules/jest-runner/build/runTest.js:367:16)
    at runTest (/workspaces/dihya.io/node_modules/jest-runner/build/runTest.js:444:34)
    at Object.worker (/workspaces/dihya.io/node_modules/jest-runner/build/testWorker.js:106:12)</failure>
    </testcase>
  </testsuite>
  <testsuite name="guide_plugins.js" errors="0" failures="1" skipped="0" timestamp="2025-06-05T02:20:17" time="0.084" tests="1">
    <testcase classname="guide_plugins.js doit retourner un guide plugins complet" name="guide_plugins.js doit retourner un guide plugins complet" time="0.001">
      <failure>TypeError: getPluginsGuide is not a function
    at Object.getPluginsGuide (/workspaces/dihya.io/backend/components/metiers/hotellerie/guides/core/plugins/guides/guide_plugins.test.js:5:19)
    at Promise.then.completed (/workspaces/dihya.io/node_modules/jest-circus/build/utils.js:298:28)
    at new Promise (&lt;anonymous&gt;)
    at callAsyncCircusFn (/workspaces/dihya.io/node_modules/jest-circus/build/utils.js:231:10)
    at _callCircusTest (/workspaces/dihya.io/node_modules/jest-circus/build/run.js:316:40)
    at processTicksAndRejections (node:internal/process/task_queues:95:5)
    at _runTest (/workspaces/dihya.io/node_modules/jest-circus/build/run.js:252:3)
    at _runTestsForDescribeBlock (/workspaces/dihya.io/node_modules/jest-circus/build/run.js:126:9)
    at _runTestsForDescribeBlock (/workspaces/dihya.io/node_modules/jest-circus/build/run.js:121:9)
    at run (/workspaces/dihya.io/node_modules/jest-circus/build/run.js:71:3)
    at runAndTransformResultsToJestFormat (/workspaces/dihya.io/node_modules/jest-circus/build/legacy-code-todo-rewrite/jestAdapterInit.js:122:21)
    at jestAdapter (/workspaces/dihya.io/node_modules/jest-circus/build/legacy-code-todo-rewrite/jestAdapter.js:79:19)
    at runTestInternal (/workspaces/dihya.io/node_modules/jest-runner/build/runTest.js:367:16)
    at runTest (/workspaces/dihya.io/node_modules/jest-runner/build/runTest.js:444:34)
    at Object.worker (/workspaces/dihya.io/node_modules/jest-runner/build/testWorker.js:106:12)</failure>
    </testcase>
  </testsuite>
  <testsuite name="Mocks templates Hotellerie (JS)" errors="0" failures="0" skipped="0" timestamp="2025-06-05T02:20:17" time="0.065" tests="4">
    <testcase classname="Mocks templates Hotellerie (JS) mockRapportAudit existe" name="Mocks templates Hotellerie (JS) mockRapportAudit existe" time="0.001">
    </testcase>
    <testcase classname="Mocks templates Hotellerie (JS) mockEmailNotification existe" name="Mocks templates Hotellerie (JS) mockEmailNotification existe" time="0">
    </testcase>
    <testcase classname="Mocks templates Hotellerie (JS) mockAccessibiliteAudit existe" name="Mocks templates Hotellerie (JS) mockAccessibiliteAudit existe" time="0.001">
    </testcase>
    <testcase classname="Mocks templates Hotellerie (JS) mockServiceExport existe" name="Mocks templates Hotellerie (JS) mockServiceExport existe" time="0.001">
    </testcase>
  </testsuite>
  <testsuite name="Plugins Hotellerie – Intégration" errors="0" failures="0" skipped="0" timestamp="2025-06-05T02:20:17" time="0.096" tests="1">
    <testcase classname="Plugins Hotellerie – Intégration peut enregistrer, exécuter et désenregistrer un plugin" name="Plugins Hotellerie – Intégration peut enregistrer, exécuter et désenregistrer un plugin" time="0.002">
    </testcase>
  </testsuite>
  <testsuite name="undefined" errors="0" failures="2" skipped="0" timestamp="2025-06-05T02:20:17" time="0.11" tests="2">
    <testcase classname=" checkPlugin returns true for enabled" name=" checkPlugin returns true for enabled" time="0.001">
      <failure>TypeError: checkPlugin is not a function
    at Object.checkPlugin (/workspaces/dihya.io/backend/components/metiers/hotellerie/guides/helpers/plugins/helpers_plugins.test.js:5:10)
    at Promise.then.completed (/workspaces/dihya.io/node_modules/jest-circus/build/utils.js:298:28)
    at new Promise (&lt;anonymous&gt;)
    at callAsyncCircusFn (/workspaces/dihya.io/node_modules/jest-circus/build/utils.js:231:10)
    at _callCircusTest (/workspaces/dihya.io/node_modules/jest-circus/build/run.js:316:40)
    at processTicksAndRejections (node:internal/process/task_queues:95:5)
    at _runTest (/workspaces/dihya.io/node_modules/jest-circus/build/run.js:252:3)
    at _runTestsForDescribeBlock (/workspaces/dihya.io/node_modules/jest-circus/build/run.js:126:9)
    at run (/workspaces/dihya.io/node_modules/jest-circus/build/run.js:71:3)
    at runAndTransformResultsToJestFormat (/workspaces/dihya.io/node_modules/jest-circus/build/legacy-code-todo-rewrite/jestAdapterInit.js:122:21)
    at jestAdapter (/workspaces/dihya.io/node_modules/jest-circus/build/legacy-code-todo-rewrite/jestAdapter.js:79:19)
    at runTestInternal (/workspaces/dihya.io/node_modules/jest-runner/build/runTest.js:367:16)
    at runTest (/workspaces/dihya.io/node_modules/jest-runner/build/runTest.js:444:34)
    at Object.worker (/workspaces/dihya.io/node_modules/jest-runner/build/testWorker.js:106:12)</failure>
    </testcase>
    <testcase classname=" auditPlugin returns audit object" name=" auditPlugin returns audit object" time="0.001">
      <failure>TypeError: auditPlugin is not a function
    at Object.auditPlugin (/workspaces/dihya.io/backend/components/metiers/hotellerie/guides/helpers/plugins/helpers_plugins.test.js:10:18)
    at Promise.then.completed (/workspaces/dihya.io/node_modules/jest-circus/build/utils.js:298:28)
    at new Promise (&lt;anonymous&gt;)
    at callAsyncCircusFn (/workspaces/dihya.io/node_modules/jest-circus/build/utils.js:231:10)
    at _callCircusTest (/workspaces/dihya.io/node_modules/jest-circus/build/run.js:316:40)
    at processTicksAndRejections (node:internal/process/task_queues:95:5)
    at _runTest (/workspaces/dihya.io/node_modules/jest-circus/build/run.js:252:3)
    at _runTestsForDescribeBlock (/workspaces/dihya.io/node_modules/jest-circus/build/run.js:126:9)
    at run (/workspaces/dihya.io/node_modules/jest-circus/build/run.js:71:3)
    at runAndTransformResultsToJestFormat (/workspaces/dihya.io/node_modules/jest-circus/build/legacy-code-todo-rewrite/jestAdapterInit.js:122:21)
    at jestAdapter (/workspaces/dihya.io/node_modules/jest-circus/build/legacy-code-todo-rewrite/jestAdapter.js:79:19)
    at runTestInternal (/workspaces/dihya.io/node_modules/jest-runner/build/runTest.js:367:16)
    at runTest (/workspaces/dihya.io/node_modules/jest-runner/build/runTest.js:444:34)
    at Object.worker (/workspaces/dihya.io/node_modules/jest-runner/build/testWorker.js:106:12)</failure>
    </testcase>
  </testsuite>
  <testsuite name="Sample usage validators JS" errors="0" failures="3" skipped="0" timestamp="2025-06-05T02:20:17" time="0.087" tests="3">
    <testcase classname="Sample usage validators JS valide un email" name="Sample usage validators JS valide un email" time="0.001">
      <failure>TypeError: validators.validateEmail is not a function
    at Object.validateEmail (/workspaces/dihya.io/backend/components/metiers/hotellerie/utils/validators/samples/sample_usage.test.js:8:23)
    at Promise.then.completed (/workspaces/dihya.io/node_modules/jest-circus/build/utils.js:298:28)
    at new Promise (&lt;anonymous&gt;)
    at callAsyncCircusFn (/workspaces/dihya.io/node_modules/jest-circus/build/utils.js:231:10)
    at _callCircusTest (/workspaces/dihya.io/node_modules/jest-circus/build/run.js:316:40)
    at processTicksAndRejections (node:internal/process/task_queues:95:5)
    at _runTest (/workspaces/dihya.io/node_modules/jest-circus/build/run.js:252:3)
    at _runTestsForDescribeBlock (/workspaces/dihya.io/node_modules/jest-circus/build/run.js:126:9)
    at _runTestsForDescribeBlock (/workspaces/dihya.io/node_modules/jest-circus/build/run.js:121:9)
    at run (/workspaces/dihya.io/node_modules/jest-circus/build/run.js:71:3)
    at runAndTransformResultsToJestFormat (/workspaces/dihya.io/node_modules/jest-circus/build/legacy-code-todo-rewrite/jestAdapterInit.js:122:21)
    at jestAdapter (/workspaces/dihya.io/node_modules/jest-circus/build/legacy-code-todo-rewrite/jestAdapter.js:79:19)
    at runTestInternal (/workspaces/dihya.io/node_modules/jest-runner/build/runTest.js:367:16)
    at runTest (/workspaces/dihya.io/node_modules/jest-runner/build/runTest.js:444:34)
    at Object.worker (/workspaces/dihya.io/node_modules/jest-runner/build/testWorker.js:106:12)</failure>
    </testcase>
    <testcase classname="Sample usage validators JS valide un champ obligatoire" name="Sample usage validators JS valide un champ obligatoire" time="0.001">
      <failure>TypeError: validators.validateRequired is not a function
    at Object.validateRequired (/workspaces/dihya.io/backend/components/metiers/hotellerie/utils/validators/samples/sample_usage.test.js:11:23)
    at Promise.then.completed (/workspaces/dihya.io/node_modules/jest-circus/build/utils.js:298:28)
    at new Promise (&lt;anonymous&gt;)
    at callAsyncCircusFn (/workspaces/dihya.io/node_modules/jest-circus/build/utils.js:231:10)
    at _callCircusTest (/workspaces/dihya.io/node_modules/jest-circus/build/run.js:316:40)
    at processTicksAndRejections (node:internal/process/task_queues:95:5)
    at _runTest (/workspaces/dihya.io/node_modules/jest-circus/build/run.js:252:3)
    at _runTestsForDescribeBlock (/workspaces/dihya.io/node_modules/jest-circus/build/run.js:126:9)
    at _runTestsForDescribeBlock (/workspaces/dihya.io/node_modules/jest-circus/build/run.js:121:9)
    at run (/workspaces/dihya.io/node_modules/jest-circus/build/run.js:71:3)
    at runAndTransformResultsToJestFormat (/workspaces/dihya.io/node_modules/jest-circus/build/legacy-code-todo-rewrite/jestAdapterInit.js:122:21)
    at jestAdapter (/workspaces/dihya.io/node_modules/jest-circus/build/legacy-code-todo-rewrite/jestAdapter.js:79:19)
    at runTestInternal (/workspaces/dihya.io/node_modules/jest-runner/build/runTest.js:367:16)
    at runTest (/workspaces/dihya.io/node_modules/jest-runner/build/runTest.js:444:34)
    at Object.worker (/workspaces/dihya.io/node_modules/jest-runner/build/testWorker.js:106:12)</failure>
    </testcase>
    <testcase classname="Sample usage validators JS échoue sur un champ vide" name="Sample usage validators JS échoue sur un champ vide" time="0">
      <failure>TypeError: validators.validateRequired is not a function
    at Object.validateRequired (/workspaces/dihya.io/backend/components/metiers/hotellerie/utils/validators/samples/sample_usage.test.js:14:23)
    at Promise.then.completed (/workspaces/dihya.io/node_modules/jest-circus/build/utils.js:298:28)
    at new Promise (&lt;anonymous&gt;)
    at callAsyncCircusFn (/workspaces/dihya.io/node_modules/jest-circus/build/utils.js:231:10)
    at _callCircusTest (/workspaces/dihya.io/node_modules/jest-circus/build/run.js:316:40)
    at processTicksAndRejections (node:internal/process/task_queues:95:5)
    at _runTest (/workspaces/dihya.io/node_modules/jest-circus/build/run.js:252:3)
    at _runTestsForDescribeBlock (/workspaces/dihya.io/node_modules/jest-circus/build/run.js:126:9)
    at _runTestsForDescribeBlock (/workspaces/dihya.io/node_modules/jest-circus/build/run.js:121:9)
    at run (/workspaces/dihya.io/node_modules/jest-circus/build/run.js:71:3)
    at runAndTransformResultsToJestFormat (/workspaces/dihya.io/node_modules/jest-circus/build/legacy-code-todo-rewrite/jestAdapterInit.js:122:21)
    at jestAdapter (/workspaces/dihya.io/node_modules/jest-circus/build/legacy-code-todo-rewrite/jestAdapter.js:79:19)
    at runTestInternal (/workspaces/dihya.io/node_modules/jest-runner/build/runTest.js:367:16)
    at runTest (/workspaces/dihya.io/node_modules/jest-runner/build/runTest.js:444:34)
    at Object.worker (/workspaces/dihya.io/node_modules/jest-runner/build/testWorker.js:106:12)</failure>
    </testcase>
  </testsuite>
  <testsuite name="Sample usage metrics JS" errors="0" failures="2" skipped="0" timestamp="2025-06-05T02:20:17" time="0.069" tests="3">
    <testcase classname="Sample usage metrics JS calcule correctement la moyenne" name="Sample usage metrics JS calcule correctement la moyenne" time="0.001">
      <failure>TypeError: metrics.calculerMoyenne is not a function
    at Object.calculerMoyenne (/workspaces/dihya.io/backend/components/metiers/hotellerie/utils/metrics/samples/sample_usage.test.js:8:20)
    at Promise.then.completed (/workspaces/dihya.io/node_modules/jest-circus/build/utils.js:298:28)
    at new Promise (&lt;anonymous&gt;)
    at callAsyncCircusFn (/workspaces/dihya.io/node_modules/jest-circus/build/utils.js:231:10)
    at _callCircusTest (/workspaces/dihya.io/node_modules/jest-circus/build/run.js:316:40)
    at processTicksAndRejections (node:internal/process/task_queues:95:5)
    at _runTest (/workspaces/dihya.io/node_modules/jest-circus/build/run.js:252:3)
    at _runTestsForDescribeBlock (/workspaces/dihya.io/node_modules/jest-circus/build/run.js:126:9)
    at _runTestsForDescribeBlock (/workspaces/dihya.io/node_modules/jest-circus/build/run.js:121:9)
    at run (/workspaces/dihya.io/node_modules/jest-circus/build/run.js:71:3)
    at runAndTransformResultsToJestFormat (/workspaces/dihya.io/node_modules/jest-circus/build/legacy-code-todo-rewrite/jestAdapterInit.js:122:21)
    at jestAdapter (/workspaces/dihya.io/node_modules/jest-circus/build/legacy-code-todo-rewrite/jestAdapter.js:79:19)
    at runTestInternal (/workspaces/dihya.io/node_modules/jest-runner/build/runTest.js:367:16)
    at runTest (/workspaces/dihya.io/node_modules/jest-runner/build/runTest.js:444:34)
    at Object.worker (/workspaces/dihya.io/node_modules/jest-runner/build/testWorker.js:106:12)</failure>
    </testcase>
    <testcase classname="Sample usage metrics JS calcule correctement la médiane" name="Sample usage metrics JS calcule correctement la médiane" time="0">
      <failure>TypeError: metrics.calculerMediane is not a function
    at Object.calculerMediane (/workspaces/dihya.io/backend/components/metiers/hotellerie/utils/metrics/samples/sample_usage.test.js:11:20)
    at Promise.then.completed (/workspaces/dihya.io/node_modules/jest-circus/build/utils.js:298:28)
    at new Promise (&lt;anonymous&gt;)
    at callAsyncCircusFn (/workspaces/dihya.io/node_modules/jest-circus/build/utils.js:231:10)
    at _callCircusTest (/workspaces/dihya.io/node_modules/jest-circus/build/run.js:316:40)
    at processTicksAndRejections (node:internal/process/task_queues:95:5)
    at _runTest (/workspaces/dihya.io/node_modules/jest-circus/build/run.js:252:3)
    at _runTestsForDescribeBlock (/workspaces/dihya.io/node_modules/jest-circus/build/run.js:126:9)
    at _runTestsForDescribeBlock (/workspaces/dihya.io/node_modules/jest-circus/build/run.js:121:9)
    at run (/workspaces/dihya.io/node_modules/jest-circus/build/run.js:71:3)
    at runAndTransformResultsToJestFormat (/workspaces/dihya.io/node_modules/jest-circus/build/legacy-code-todo-rewrite/jestAdapterInit.js:122:21)
    at jestAdapter (/workspaces/dihya.io/node_modules/jest-circus/build/legacy-code-todo-rewrite/jestAdapter.js:79:19)
    at runTestInternal (/workspaces/dihya.io/node_modules/jest-runner/build/runTest.js:367:16)
    at runTest (/workspaces/dihya.io/node_modules/jest-runner/build/runTest.js:444:34)
    at Object.worker (/workspaces/dihya.io/node_modules/jest-runner/build/testWorker.js:106:12)</failure>
    </testcase>
    <testcase classname="Sample usage metrics JS gère les tableaux vides" name="Sample usage metrics JS gère les tableaux vides" time="0.001">
    </testcase>
  </testsuite>
  <testsuite name="API Hotellerie" errors="0" failures="0" skipped="0" timestamp="2025-06-05T02:20:17" time="0.365" tests="1">
    <testcase classname="API Hotellerie doit rendre une vue hotellerie via API" name="API Hotellerie doit rendre une vue hotellerie via API" time="0.044">
    </testcase>
  </testsuite>
  <testsuite name="validatehotellerieEntity" errors="0" failures="0" skipped="0" timestamp="2025-06-05T02:20:17" time="0.075" tests="3">
    <testcase classname="validatehotellerieEntity valide une entité correcte" name="validatehotellerieEntity valide une entité correcte" time="0.001">
    </testcase>
    <testcase classname="validatehotellerieEntity rejette une entité sans nom" name="validatehotellerieEntity rejette une entité sans nom" time="0.011">
    </testcase>
    <testcase classname="validatehotellerieEntity rejette une entité avec un status invalide" name="validatehotellerieEntity rejette une entité avec un status invalide" time="0.001">
    </testcase>
  </testsuite>
  <testsuite name="undefined" errors="0" failures="2" skipped="0" timestamp="2025-06-05T02:20:17" time="0.093" tests="2">
    <testcase classname=" checkService returns true for ok" name=" checkService returns true for ok" time="0.001">
      <failure>TypeError: checkService is not a function
    at Object.checkService (/workspaces/dihya.io/backend/components/metiers/hotellerie/guides/helpers/services/helpers_services.test.js:5:10)
    at Promise.then.completed (/workspaces/dihya.io/node_modules/jest-circus/build/utils.js:298:28)
    at new Promise (&lt;anonymous&gt;)
    at callAsyncCircusFn (/workspaces/dihya.io/node_modules/jest-circus/build/utils.js:231:10)
    at _callCircusTest (/workspaces/dihya.io/node_modules/jest-circus/build/run.js:316:40)
    at processTicksAndRejections (node:internal/process/task_queues:95:5)
    at _runTest (/workspaces/dihya.io/node_modules/jest-circus/build/run.js:252:3)
    at _runTestsForDescribeBlock (/workspaces/dihya.io/node_modules/jest-circus/build/run.js:126:9)
    at run (/workspaces/dihya.io/node_modules/jest-circus/build/run.js:71:3)
    at runAndTransformResultsToJestFormat (/workspaces/dihya.io/node_modules/jest-circus/build/legacy-code-todo-rewrite/jestAdapterInit.js:122:21)
    at jestAdapter (/workspaces/dihya.io/node_modules/jest-circus/build/legacy-code-todo-rewrite/jestAdapter.js:79:19)
    at runTestInternal (/workspaces/dihya.io/node_modules/jest-runner/build/runTest.js:367:16)
    at runTest (/workspaces/dihya.io/node_modules/jest-runner/build/runTest.js:444:34)
    at Object.worker (/workspaces/dihya.io/node_modules/jest-runner/build/testWorker.js:106:12)</failure>
    </testcase>
    <testcase classname=" auditService returns audit object" name=" auditService returns audit object" time="0">
      <failure>TypeError: auditService is not a function
    at Object.auditService (/workspaces/dihya.io/backend/components/metiers/hotellerie/guides/helpers/services/helpers_services.test.js:10:18)
    at Promise.then.completed (/workspaces/dihya.io/node_modules/jest-circus/build/utils.js:298:28)
    at new Promise (&lt;anonymous&gt;)
    at callAsyncCircusFn (/workspaces/dihya.io/node_modules/jest-circus/build/utils.js:231:10)
    at _callCircusTest (/workspaces/dihya.io/node_modules/jest-circus/build/run.js:316:40)
    at processTicksAndRejections (node:internal/process/task_queues:95:5)
    at _runTest (/workspaces/dihya.io/node_modules/jest-circus/build/run.js:252:3)
    at _runTestsForDescribeBlock (/workspaces/dihya.io/node_modules/jest-circus/build/run.js:126:9)
    at run (/workspaces/dihya.io/node_modules/jest-circus/build/run.js:71:3)
    at runAndTransformResultsToJestFormat (/workspaces/dihya.io/node_modules/jest-circus/build/legacy-code-todo-rewrite/jestAdapterInit.js:122:21)
    at jestAdapter (/workspaces/dihya.io/node_modules/jest-circus/build/legacy-code-todo-rewrite/jestAdapter.js:79:19)
    at runTestInternal (/workspaces/dihya.io/node_modules/jest-runner/build/runTest.js:367:16)
    at runTest (/workspaces/dihya.io/node_modules/jest-runner/build/runTest.js:444:34)
    at Object.worker (/workspaces/dihya.io/node_modules/jest-runner/build/testWorker.js:106:12)</failure>
    </testcase>
  </testsuite>
  <testsuite name="aiFallback – Fallback IA (JS)" errors="0" failures="2" skipped="0" timestamp="2025-06-05T02:20:17" time="0.062" tests="2">
    <testcase classname="aiFallback – Fallback IA (JS) doit retourner un fallback pour une entrée non traitée" name="aiFallback – Fallback IA (JS) doit retourner un fallback pour une entrée non traitée" time="0.001">
      <failure>Error: expect(received).toBe(expected) // Object.is equality

Expected: &quot;FALLBACK&quot;
Received: undefined
    at Object.toBe (/workspaces/dihya.io/backend/components/metiers/hotellerie/utils/ai/fallback/ai_fallback.test.js:7:24)
    at Promise.then.completed (/workspaces/dihya.io/node_modules/jest-circus/build/utils.js:298:28)
    at new Promise (&lt;anonymous&gt;)
    at callAsyncCircusFn (/workspaces/dihya.io/node_modules/jest-circus/build/utils.js:231:10)
    at _callCircusTest (/workspaces/dihya.io/node_modules/jest-circus/build/run.js:316:40)
    at processTicksAndRejections (node:internal/process/task_queues:95:5)
    at _runTest (/workspaces/dihya.io/node_modules/jest-circus/build/run.js:252:3)
    at _runTestsForDescribeBlock (/workspaces/dihya.io/node_modules/jest-circus/build/run.js:126:9)
    at _runTestsForDescribeBlock (/workspaces/dihya.io/node_modules/jest-circus/build/run.js:121:9)
    at run (/workspaces/dihya.io/node_modules/jest-circus/build/run.js:71:3)
    at runAndTransformResultsToJestFormat (/workspaces/dihya.io/node_modules/jest-circus/build/legacy-code-todo-rewrite/jestAdapterInit.js:122:21)
    at jestAdapter (/workspaces/dihya.io/node_modules/jest-circus/build/legacy-code-todo-rewrite/jestAdapter.js:79:19)
    at runTestInternal (/workspaces/dihya.io/node_modules/jest-runner/build/runTest.js:367:16)
    at runTest (/workspaces/dihya.io/node_modules/jest-runner/build/runTest.js:444:34)
    at Object.worker (/workspaces/dihya.io/node_modules/jest-runner/build/testWorker.js:106:12)</failure>
    </testcase>
    <testcase classname="aiFallback – Fallback IA (JS) doit retourner une erreur si input vide" name="aiFallback – Fallback IA (JS) doit retourner une erreur si input vide" time="0.001">
      <failure>Error: expect(received).toBe(expected) // Object.is equality

Expected: &quot;ERROR&quot;
Received: undefined
    at Object.toBe (/workspaces/dihya.io/backend/components/metiers/hotellerie/utils/ai/fallback/ai_fallback.test.js:14:24)
    at Promise.then.completed (/workspaces/dihya.io/node_modules/jest-circus/build/utils.js:298:28)
    at new Promise (&lt;anonymous&gt;)
    at callAsyncCircusFn (/workspaces/dihya.io/node_modules/jest-circus/build/utils.js:231:10)
    at _callCircusTest (/workspaces/dihya.io/node_modules/jest-circus/build/run.js:316:40)
    at processTicksAndRejections (node:internal/process/task_queues:95:5)
    at _runTest (/workspaces/dihya.io/node_modules/jest-circus/build/run.js:252:3)
    at _runTestsForDescribeBlock (/workspaces/dihya.io/node_modules/jest-circus/build/run.js:126:9)
    at _runTestsForDescribeBlock (/workspaces/dihya.io/node_modules/jest-circus/build/run.js:121:9)
    at run (/workspaces/dihya.io/node_modules/jest-circus/build/run.js:71:3)
    at runAndTransformResultsToJestFormat (/workspaces/dihya.io/node_modules/jest-circus/build/legacy-code-todo-rewrite/jestAdapterInit.js:122:21)
    at jestAdapter (/workspaces/dihya.io/node_modules/jest-circus/build/legacy-code-todo-rewrite/jestAdapter.js:79:19)
    at runTestInternal (/workspaces/dihya.io/node_modules/jest-runner/build/runTest.js:367:16)
    at runTest (/workspaces/dihya.io/node_modules/jest-runner/build/runTest.js:444:34)
    at Object.worker (/workspaces/dihya.io/node_modules/jest-runner/build/testWorker.js:106:12)</failure>
    </testcase>
  </testsuite>
  <testsuite name="Sample usage RBAC JS" errors="0" failures="0" skipped="0" timestamp="2025-06-05T02:20:17" time="0.073" tests="3">
    <testcase classname="Sample usage RBAC JS vérifie la permission read" name="Sample usage RBAC JS vérifie la permission read" time="0.001">
    </testcase>
    <testcase classname="Sample usage RBAC JS vérifie la permission inconnue" name="Sample usage RBAC JS vérifie la permission inconnue" time="0.001">
    </testcase>
    <testcase classname="Sample usage RBAC JS récupère les rôles" name="Sample usage RBAC JS récupère les rôles" time="0">
    </testcase>
  </testsuite>
  <testsuite name="Middlewares API Hotellerie" errors="0" failures="0" skipped="0" timestamp="2025-06-05T02:20:17" time="0.076" tests="3">
    <testcase classname="Middlewares API Hotellerie auditRequest est une fonction" name="Middlewares API Hotellerie auditRequest est une fonction" time="0.001">
    </testcase>
    <testcase classname="Middlewares API Hotellerie rgpdMiddleware est une fonction" name="Middlewares API Hotellerie rgpdMiddleware est une fonction" time="0">
    </testcase>
    <testcase classname="Middlewares API Hotellerie accessibilityMiddleware est une fonction" name="Middlewares API Hotellerie accessibilityMiddleware est une fonction" time="0">
    </testcase>
  </testsuite>
  <testsuite name="Entrée JS metrics utils hotellerie" errors="0" failures="1" skipped="0" timestamp="2025-06-05T02:20:17" time="0.12" tests="1">
    <testcase classname="Entrée JS metrics utils hotellerie doit exposer recordMetric, getAverageMetric, getAllMetrics, helpers et fallback" name="Entrée JS metrics utils hotellerie doit exposer recordMetric, getAverageMetric, getAllMetrics, helpers et fallback" time="0.002">
      <failure>Error: expect(received).toHaveProperty(path)

Expected path: &quot;recordMetric&quot;
Received path: []

Received value: {&quot;average&quot;: [Function average], &quot;fallbackMetrics&quot;: [], &quot;metricsFallback&quot;: [Function metricsFallback]}
    at Object.toHaveProperty (/workspaces/dihya.io/backend/components/metiers/hotellerie/utils/metrics/index.test.js:5:21)
    at Promise.then.completed (/workspaces/dihya.io/node_modules/jest-circus/build/utils.js:298:28)
    at new Promise (&lt;anonymous&gt;)
    at callAsyncCircusFn (/workspaces/dihya.io/node_modules/jest-circus/build/utils.js:231:10)
    at _callCircusTest (/workspaces/dihya.io/node_modules/jest-circus/build/run.js:316:40)
    at processTicksAndRejections (node:internal/process/task_queues:95:5)
    at _runTest (/workspaces/dihya.io/node_modules/jest-circus/build/run.js:252:3)
    at _runTestsForDescribeBlock (/workspaces/dihya.io/node_modules/jest-circus/build/run.js:126:9)
    at _runTestsForDescribeBlock (/workspaces/dihya.io/node_modules/jest-circus/build/run.js:121:9)
    at run (/workspaces/dihya.io/node_modules/jest-circus/build/run.js:71:3)
    at runAndTransformResultsToJestFormat (/workspaces/dihya.io/node_modules/jest-circus/build/legacy-code-todo-rewrite/jestAdapterInit.js:122:21)
    at jestAdapter (/workspaces/dihya.io/node_modules/jest-circus/build/legacy-code-todo-rewrite/jestAdapter.js:79:19)
    at runTestInternal (/workspaces/dihya.io/node_modules/jest-runner/build/runTest.js:367:16)
    at runTest (/workspaces/dihya.io/node_modules/jest-runner/build/runTest.js:444:34)
    at Object.worker (/workspaces/dihya.io/node_modules/jest-runner/build/testWorker.js:106:12)</failure>
    </testcase>
  </testsuite>
  <testsuite name="Conformity Hotellerie" errors="0" failures="0" skipped="0" timestamp="2025-06-05T02:20:17" time="0.056" tests="2">
    <testcase classname="Conformity Hotellerie valide la conformité RGPD" name="Conformity Hotellerie valide la conformité RGPD" time="0.002">
    </testcase>
    <testcase classname="Conformity Hotellerie valide l’accessibilité" name="Conformity Hotellerie valide l’accessibilité" time="0">
    </testcase>
  </testsuite>
  <testsuite name="checkAccessibility ultra avancé" errors="0" failures="0" skipped="0" timestamp="2025-06-05T02:20:17" time="0.061" tests="2">
    <testcase classname="checkAccessibility ultra avancé valide une entité accessible" name="checkAccessibility ultra avancé valide une entité accessible" time="0.001">
    </testcase>
    <testcase classname="checkAccessibility ultra avancé rejette une entité non accessible" name="checkAccessibility ultra avancé rejette une entité non accessible" time="0">
    </testcase>
  </testsuite>
  <testsuite name="undefined" errors="0" failures="0" skipped="0" timestamp="2025-06-05T02:20:17" time="0.084" tests="2">
    <testcase classname=" sampleFallbackCase structure" name=" sampleFallbackCase structure" time="0.002">
    </testcase>
    <testcase classname=" sampleFallbackCase status" name=" sampleFallbackCase status" time="0">
    </testcase>
  </testsuite>
  <testsuite name="guides/core/accessibility/samples/sample_fixture.js" errors="0" failures="0" skipped="0" timestamp="2025-06-05T02:20:17" time="0.058" tests="1">
    <testcase classname="guides/core/accessibility/samples/sample_fixture.js doit exposer un objet sample correct" name="guides/core/accessibility/samples/sample_fixture.js doit exposer un objet sample correct" time="0.001">
    </testcase>
  </testsuite>
  <testsuite name="auditEntity ultra avancé" errors="0" failures="0" skipped="0" timestamp="2025-06-05T02:20:17" time="0.044" tests="2">
    <testcase classname="auditEntity ultra avancé valide l’audit d’une entité/action" name="auditEntity ultra avancé valide l’audit d’une entité/action" time="0.001">
    </testcase>
    <testcase classname="auditEntity ultra avancé rejette l’audit sans entité ou action" name="auditEntity ultra avancé rejette l’audit sans entité ou action" time="0">
    </testcase>
  </testsuite>
  <testsuite name="Entrée JS validators utils hotellerie" errors="0" failures="1" skipped="0" timestamp="2025-06-05T02:20:17" time="0.093" tests="1">
    <testcase classname="Entrée JS validators utils hotellerie doit exposer validateEmail, validateRequired, helpers et fallback" name="Entrée JS validators utils hotellerie doit exposer validateEmail, validateRequired, helpers et fallback" time="0.002">
      <failure>Error: expect(received).toHaveProperty(path)

Expected path: &quot;validateEmail&quot;
Received path: []

Received value: {&quot;isValidEmail&quot;: [Function isValidEmail], &quot;validatorFallback&quot;: [Function validatorFallback]}
    at Object.toHaveProperty (/workspaces/dihya.io/backend/components/metiers/hotellerie/utils/validators/index.test.js:5:24)
    at Promise.then.completed (/workspaces/dihya.io/node_modules/jest-circus/build/utils.js:298:28)
    at new Promise (&lt;anonymous&gt;)
    at callAsyncCircusFn (/workspaces/dihya.io/node_modules/jest-circus/build/utils.js:231:10)
    at _callCircusTest (/workspaces/dihya.io/node_modules/jest-circus/build/run.js:316:40)
    at processTicksAndRejections (node:internal/process/task_queues:95:5)
    at _runTest (/workspaces/dihya.io/node_modules/jest-circus/build/run.js:252:3)
    at _runTestsForDescribeBlock (/workspaces/dihya.io/node_modules/jest-circus/build/run.js:126:9)
    at _runTestsForDescribeBlock (/workspaces/dihya.io/node_modules/jest-circus/build/run.js:121:9)
    at run (/workspaces/dihya.io/node_modules/jest-circus/build/run.js:71:3)
    at runAndTransformResultsToJestFormat (/workspaces/dihya.io/node_modules/jest-circus/build/legacy-code-todo-rewrite/jestAdapterInit.js:122:21)
    at jestAdapter (/workspaces/dihya.io/node_modules/jest-circus/build/legacy-code-todo-rewrite/jestAdapter.js:79:19)
    at runTestInternal (/workspaces/dihya.io/node_modules/jest-runner/build/runTest.js:367:16)
    at runTest (/workspaces/dihya.io/node_modules/jest-runner/build/runTest.js:444:34)
    at Object.worker (/workspaces/dihya.io/node_modules/jest-runner/build/testWorker.js:106:12)</failure>
    </testcase>
  </testsuite>
  <testsuite name="undefined" errors="0" failures="2" skipped="0" timestamp="2025-06-05T02:20:17" time="0.07" tests="2">
    <testcase classname=" fallbackAccessibility structure" name=" fallbackAccessibility structure" time="0.002">
      <failure>Error: expect(received).toBe(expected) // Object.is equality

Expected: &quot;object&quot;
Received: &quot;undefined&quot;
    at Object.toBe (/workspaces/dihya.io/backend/components/metiers/hotellerie/guides/fallback/accessibility/fallback_accessibility.test.js:5:40)
    at Promise.then.completed (/workspaces/dihya.io/node_modules/jest-circus/build/utils.js:298:28)
    at new Promise (&lt;anonymous&gt;)
    at callAsyncCircusFn (/workspaces/dihya.io/node_modules/jest-circus/build/utils.js:231:10)
    at _callCircusTest (/workspaces/dihya.io/node_modules/jest-circus/build/run.js:316:40)
    at processTicksAndRejections (node:internal/process/task_queues:95:5)
    at _runTest (/workspaces/dihya.io/node_modules/jest-circus/build/run.js:252:3)
    at _runTestsForDescribeBlock (/workspaces/dihya.io/node_modules/jest-circus/build/run.js:126:9)
    at run (/workspaces/dihya.io/node_modules/jest-circus/build/run.js:71:3)
    at runAndTransformResultsToJestFormat (/workspaces/dihya.io/node_modules/jest-circus/build/legacy-code-todo-rewrite/jestAdapterInit.js:122:21)
    at jestAdapter (/workspaces/dihya.io/node_modules/jest-circus/build/legacy-code-todo-rewrite/jestAdapter.js:79:19)
    at runTestInternal (/workspaces/dihya.io/node_modules/jest-runner/build/runTest.js:367:16)
    at runTest (/workspaces/dihya.io/node_modules/jest-runner/build/runTest.js:444:34)
    at Object.worker (/workspaces/dihya.io/node_modules/jest-runner/build/testWorker.js:106:12)</failure>
    </testcase>
    <testcase classname=" fallbackAccessibility status" name=" fallbackAccessibility status" time="0">
      <failure>TypeError: Cannot read properties of undefined (reading &apos;status&apos;)
    at Object.status (/workspaces/dihya.io/backend/components/metiers/hotellerie/guides/fallback/accessibility/fallback_accessibility.test.js:11:85)
    at Promise.then.completed (/workspaces/dihya.io/node_modules/jest-circus/build/utils.js:298:28)
    at new Promise (&lt;anonymous&gt;)
    at callAsyncCircusFn (/workspaces/dihya.io/node_modules/jest-circus/build/utils.js:231:10)
    at _callCircusTest (/workspaces/dihya.io/node_modules/jest-circus/build/run.js:316:40)
    at processTicksAndRejections (node:internal/process/task_queues:95:5)
    at _runTest (/workspaces/dihya.io/node_modules/jest-circus/build/run.js:252:3)
    at _runTestsForDescribeBlock (/workspaces/dihya.io/node_modules/jest-circus/build/run.js:126:9)
    at run (/workspaces/dihya.io/node_modules/jest-circus/build/run.js:71:3)
    at runAndTransformResultsToJestFormat (/workspaces/dihya.io/node_modules/jest-circus/build/legacy-code-todo-rewrite/jestAdapterInit.js:122:21)
    at jestAdapter (/workspaces/dihya.io/node_modules/jest-circus/build/legacy-code-todo-rewrite/jestAdapter.js:79:19)
    at runTestInternal (/workspaces/dihya.io/node_modules/jest-runner/build/runTest.js:367:16)
    at runTest (/workspaces/dihya.io/node_modules/jest-runner/build/runTest.js:444:34)
    at Object.worker (/workspaces/dihya.io/node_modules/jest-runner/build/testWorker.js:106:12)</failure>
    </testcase>
  </testsuite>
  <testsuite name="isValidPluginName" errors="0" failures="0" skipped="0" timestamp="2025-06-05T02:20:17" time="0.056" tests="2">
    <testcase classname="isValidPluginName valide un nom de plugin correct" name="isValidPluginName valide un nom de plugin correct" time="0.001">
    </testcase>
    <testcase classname="isValidPluginName rejette un nom de plugin invalide" name="isValidPluginName rejette un nom de plugin invalide" time="0.001">
    </testcase>
  </testsuite>
  <testsuite name="guides/core/fixtures/sample_fixture.js" errors="0" failures="0" skipped="0" timestamp="2025-06-05T02:20:17" time="0.056" tests="1">
    <testcase classname="guides/core/fixtures/sample_fixture.js doit exposer un objet sample correct" name="guides/core/fixtures/sample_fixture.js doit exposer un objet sample correct" time="0.001">
    </testcase>
  </testsuite>
  <testsuite name="helpers/core/samples/sample_fixture.js" errors="0" failures="0" skipped="0" timestamp="2025-06-05T02:20:17" time="0.065" tests="1">
    <testcase classname="helpers/core/samples/sample_fixture.js doit exposer un objet sample correct" name="helpers/core/samples/sample_fixture.js doit exposer un objet sample correct" time="0.001">
    </testcase>
  </testsuite>
  <testsuite name="undefined" errors="0" failures="0" skipped="0" timestamp="2025-06-05T02:20:17" time="0.088" tests="1">
    <testcase classname=" AdvancedPlugin workflow" name=" AdvancedPlugin workflow" time="0.006">
    </testcase>
  </testsuite>
  <testsuite name="Import samples views (__init__.js)" errors="0" failures="0" skipped="0" timestamp="2025-06-05T02:20:18" time="0.207" tests="1">
    <testcase classname="Import samples views (__init__.js) should import all samples without error" name="Import samples views (__init__.js) should import all samples without error" time="0.014">
    </testcase>
  </testsuite>
  <testsuite name="undefined" errors="0" failures="0" skipped="0" timestamp="2025-06-05T02:20:18" time="0.067" tests="2">
    <testcase classname=" sampleAiHelper retourne SAMPLE pour input" name=" sampleAiHelper retourne SAMPLE pour input" time="0.001">
    </testcase>
    <testcase classname=" sampleAiHelper retourne ERROR si pas d&apos;input" name=" sampleAiHelper retourne ERROR si pas d&apos;input" time="0.003">
    </testcase>
  </testsuite>
  <testsuite name="core RBAC JS" errors="0" failures="0" skipped="0" timestamp="2025-06-05T02:20:18" time="0.058" tests="2">
    <testcase classname="core RBAC JS vérifie la permission" name="core RBAC JS vérifie la permission" time="0.001">
    </testcase>
    <testcase classname="core RBAC JS récupère les rôles" name="core RBAC JS récupère les rôles" time="0">
    </testcase>
  </testsuite>
  <testsuite name="mocks/samples/sample_fixture.js" errors="0" failures="1" skipped="0" timestamp="2025-06-05T02:20:18" time="0.09" tests="1">
    <testcase classname="mocks/samples/sample_fixture.js doit exposer un objet sample correct" name="mocks/samples/sample_fixture.js doit exposer un objet sample correct" time="0.007">
      <failure>Error: expect(received).toBe(expected) // Object.is equality

Expected: &quot;Sample Mock&quot;
Received: &quot;Sample&quot;
    at Object.toBe (/workspaces/dihya.io/backend/components/metiers/hotellerie/fixtures/mocks/samples/sample_fixture.test.js:6:39)
    at Promise.then.completed (/workspaces/dihya.io/node_modules/jest-circus/build/utils.js:298:28)
    at new Promise (&lt;anonymous&gt;)
    at callAsyncCircusFn (/workspaces/dihya.io/node_modules/jest-circus/build/utils.js:231:10)
    at _callCircusTest (/workspaces/dihya.io/node_modules/jest-circus/build/run.js:316:40)
    at processTicksAndRejections (node:internal/process/task_queues:95:5)
    at _runTest (/workspaces/dihya.io/node_modules/jest-circus/build/run.js:252:3)
    at _runTestsForDescribeBlock (/workspaces/dihya.io/node_modules/jest-circus/build/run.js:126:9)
    at _runTestsForDescribeBlock (/workspaces/dihya.io/node_modules/jest-circus/build/run.js:121:9)
    at run (/workspaces/dihya.io/node_modules/jest-circus/build/run.js:71:3)
    at runAndTransformResultsToJestFormat (/workspaces/dihya.io/node_modules/jest-circus/build/legacy-code-todo-rewrite/jestAdapterInit.js:122:21)
    at jestAdapter (/workspaces/dihya.io/node_modules/jest-circus/build/legacy-code-todo-rewrite/jestAdapter.js:79:19)
    at runTestInternal (/workspaces/dihya.io/node_modules/jest-runner/build/runTest.js:367:16)
    at runTest (/workspaces/dihya.io/node_modules/jest-runner/build/runTest.js:444:34)
    at Object.worker (/workspaces/dihya.io/node_modules/jest-runner/build/testWorker.js:106:12)</failure>
    </testcase>
  </testsuite>
  <testsuite name="Validator templates Hotellerie (JS)" errors="0" failures="0" skipped="0" timestamp="2025-06-05T02:20:18" time="0.071" tests="2">
    <testcase classname="Validator templates Hotellerie (JS) isValidTemplateFile fonctionne" name="Validator templates Hotellerie (JS) isValidTemplateFile fonctionne" time="0.001">
    </testcase>
    <testcase classname="Validator templates Hotellerie (JS) validateTemplateContent fonctionne" name="Validator templates Hotellerie (JS) validateTemplateContent fonctionne" time="0">
    </testcase>
  </testsuite>
  <testsuite name="isPlainObject" errors="0" failures="0" skipped="0" timestamp="2025-06-05T02:20:18" time="0.096" tests="3">
    <testcase classname="isPlainObject retourne true pour un objet pur" name="isPlainObject retourne true pour un objet pur" time="0.001">
    </testcase>
    <testcase classname="isPlainObject retourne false pour un tableau" name="isPlainObject retourne false pour un tableau" time="0">
    </testcase>
    <testcase classname="isPlainObject retourne false pour null" name="isPlainObject retourne false pour null" time="0">
    </testcase>
  </testsuite>
  <testsuite name="i18n Hotellerie" errors="0" failures="3" skipped="0" timestamp="2025-06-05T02:20:18" time="0.081" tests="3">
    <testcase classname="i18n Hotellerie doit traduire en français" name="i18n Hotellerie doit traduire en français" time="0">
      <failure>TypeError: i18n.i18n is not a function
    at Object.i18n (/workspaces/dihya.io/backend/components/metiers/hotellerie/utils/i18n/core/i18n.test.js:5:17)
    at Promise.then.completed (/workspaces/dihya.io/node_modules/jest-circus/build/utils.js:298:28)
    at new Promise (&lt;anonymous&gt;)
    at callAsyncCircusFn (/workspaces/dihya.io/node_modules/jest-circus/build/utils.js:231:10)
    at _callCircusTest (/workspaces/dihya.io/node_modules/jest-circus/build/run.js:316:40)
    at processTicksAndRejections (node:internal/process/task_queues:95:5)
    at _runTest (/workspaces/dihya.io/node_modules/jest-circus/build/run.js:252:3)
    at _runTestsForDescribeBlock (/workspaces/dihya.io/node_modules/jest-circus/build/run.js:126:9)
    at _runTestsForDescribeBlock (/workspaces/dihya.io/node_modules/jest-circus/build/run.js:121:9)
    at run (/workspaces/dihya.io/node_modules/jest-circus/build/run.js:71:3)
    at runAndTransformResultsToJestFormat (/workspaces/dihya.io/node_modules/jest-circus/build/legacy-code-todo-rewrite/jestAdapterInit.js:122:21)
    at jestAdapter (/workspaces/dihya.io/node_modules/jest-circus/build/legacy-code-todo-rewrite/jestAdapter.js:79:19)
    at runTestInternal (/workspaces/dihya.io/node_modules/jest-runner/build/runTest.js:367:16)
    at runTest (/workspaces/dihya.io/node_modules/jest-runner/build/runTest.js:444:34)
    at Object.worker (/workspaces/dihya.io/node_modules/jest-runner/build/testWorker.js:106:12)</failure>
    </testcase>
    <testcase classname="i18n Hotellerie doit traduire en anglais" name="i18n Hotellerie doit traduire en anglais" time="0">
      <failure>TypeError: i18n.i18n is not a function
    at Object.i18n (/workspaces/dihya.io/backend/components/metiers/hotellerie/utils/i18n/core/i18n.test.js:8:17)
    at Promise.then.completed (/workspaces/dihya.io/node_modules/jest-circus/build/utils.js:298:28)
    at new Promise (&lt;anonymous&gt;)
    at callAsyncCircusFn (/workspaces/dihya.io/node_modules/jest-circus/build/utils.js:231:10)
    at _callCircusTest (/workspaces/dihya.io/node_modules/jest-circus/build/run.js:316:40)
    at processTicksAndRejections (node:internal/process/task_queues:95:5)
    at _runTest (/workspaces/dihya.io/node_modules/jest-circus/build/run.js:252:3)
    at _runTestsForDescribeBlock (/workspaces/dihya.io/node_modules/jest-circus/build/run.js:126:9)
    at _runTestsForDescribeBlock (/workspaces/dihya.io/node_modules/jest-circus/build/run.js:121:9)
    at run (/workspaces/dihya.io/node_modules/jest-circus/build/run.js:71:3)
    at runAndTransformResultsToJestFormat (/workspaces/dihya.io/node_modules/jest-circus/build/legacy-code-todo-rewrite/jestAdapterInit.js:122:21)
    at jestAdapter (/workspaces/dihya.io/node_modules/jest-circus/build/legacy-code-todo-rewrite/jestAdapter.js:79:19)
    at runTestInternal (/workspaces/dihya.io/node_modules/jest-runner/build/runTest.js:367:16)
    at runTest (/workspaces/dihya.io/node_modules/jest-runner/build/runTest.js:444:34)
    at Object.worker (/workspaces/dihya.io/node_modules/jest-runner/build/testWorker.js:106:12)</failure>
    </testcase>
    <testcase classname="i18n Hotellerie doit fallback sur la valeur brute" name="i18n Hotellerie doit fallback sur la valeur brute" time="0.001">
      <failure>TypeError: i18n.i18n is not a function
    at Object.i18n (/workspaces/dihya.io/backend/components/metiers/hotellerie/utils/i18n/core/i18n.test.js:11:17)
    at Promise.then.completed (/workspaces/dihya.io/node_modules/jest-circus/build/utils.js:298:28)
    at new Promise (&lt;anonymous&gt;)
    at callAsyncCircusFn (/workspaces/dihya.io/node_modules/jest-circus/build/utils.js:231:10)
    at _callCircusTest (/workspaces/dihya.io/node_modules/jest-circus/build/run.js:316:40)
    at processTicksAndRejections (node:internal/process/task_queues:95:5)
    at _runTest (/workspaces/dihya.io/node_modules/jest-circus/build/run.js:252:3)
    at _runTestsForDescribeBlock (/workspaces/dihya.io/node_modules/jest-circus/build/run.js:126:9)
    at _runTestsForDescribeBlock (/workspaces/dihya.io/node_modules/jest-circus/build/run.js:121:9)
    at run (/workspaces/dihya.io/node_modules/jest-circus/build/run.js:71:3)
    at runAndTransformResultsToJestFormat (/workspaces/dihya.io/node_modules/jest-circus/build/legacy-code-todo-rewrite/jestAdapterInit.js:122:21)
    at jestAdapter (/workspaces/dihya.io/node_modules/jest-circus/build/legacy-code-todo-rewrite/jestAdapter.js:79:19)
    at runTestInternal (/workspaces/dihya.io/node_modules/jest-runner/build/runTest.js:367:16)
    at runTest (/workspaces/dihya.io/node_modules/jest-runner/build/runTest.js:444:34)
    at Object.worker (/workspaces/dihya.io/node_modules/jest-runner/build/testWorker.js:106:12)</failure>
    </testcase>
  </testsuite>
  <testsuite name="isValidEmail" errors="0" failures="0" skipped="0" timestamp="2025-06-05T02:20:18" time="0.076" tests="2">
    <testcase classname="isValidEmail valide un email correct" name="isValidEmail valide un email correct" time="0">
    </testcase>
    <testcase classname="isValidEmail rejette un email incorrect" name="isValidEmail rejette un email incorrect" time="0">
    </testcase>
  </testsuite>
  <testsuite name="undefined" errors="0" failures="0" skipped="0" timestamp="2025-06-05T02:20:18" time="0.071" tests="2">
    <testcase classname=" validateLegacy retourne true pour un objet non vide" name=" validateLegacy retourne true pour un objet non vide" time="0.002">
    </testcase>
    <testcase classname=" validateLegacy retourne false pour null ou undefined" name=" validateLegacy retourne false pour null ou undefined" time="0">
    </testcase>
  </testsuite>
  <testsuite name="__init__ (rbac)" errors="0" failures="0" skipped="0" timestamp="2025-06-05T02:20:18" time="0.06" tests="1">
    <testcase classname="__init__ (rbac) importe tous les utilitaires RBAC" name="__init__ (rbac) importe tous les utilitaires RBAC" time="0.001">
    </testcase>
  </testsuite>
  <testsuite name="generateAuditLog" errors="0" failures="0" skipped="0" timestamp="2025-06-05T02:20:18" time="0.073" tests="1">
    <testcase classname="generateAuditLog génère un log d&apos;audit structuré" name="generateAuditLog génère un log d&apos;audit structuré" time="0.001">
    </testcase>
  </testsuite>
  <testsuite name="Validators Hotellerie" errors="0" failures="2" skipped="0" timestamp="2025-06-05T02:20:18" time="0.067" tests="2">
    <testcase classname="Validators Hotellerie valide un modèle hotellerie correct" name="Validators Hotellerie valide un modèle hotellerie correct" time="0">
      <failure>TypeError: validators.isValidModel is not a function
    at Object.isValidModel (/workspaces/dihya.io/backend/components/metiers/hotellerie/utils/validators/core/validators.test.js:5:23)
    at Promise.then.completed (/workspaces/dihya.io/node_modules/jest-circus/build/utils.js:298:28)
    at new Promise (&lt;anonymous&gt;)
    at callAsyncCircusFn (/workspaces/dihya.io/node_modules/jest-circus/build/utils.js:231:10)
    at _callCircusTest (/workspaces/dihya.io/node_modules/jest-circus/build/run.js:316:40)
    at processTicksAndRejections (node:internal/process/task_queues:95:5)
    at _runTest (/workspaces/dihya.io/node_modules/jest-circus/build/run.js:252:3)
    at _runTestsForDescribeBlock (/workspaces/dihya.io/node_modules/jest-circus/build/run.js:126:9)
    at _runTestsForDescribeBlock (/workspaces/dihya.io/node_modules/jest-circus/build/run.js:121:9)
    at run (/workspaces/dihya.io/node_modules/jest-circus/build/run.js:71:3)
    at runAndTransformResultsToJestFormat (/workspaces/dihya.io/node_modules/jest-circus/build/legacy-code-todo-rewrite/jestAdapterInit.js:122:21)
    at jestAdapter (/workspaces/dihya.io/node_modules/jest-circus/build/legacy-code-todo-rewrite/jestAdapter.js:79:19)
    at runTestInternal (/workspaces/dihya.io/node_modules/jest-runner/build/runTest.js:367:16)
    at runTest (/workspaces/dihya.io/node_modules/jest-runner/build/runTest.js:444:34)
    at Object.worker (/workspaces/dihya.io/node_modules/jest-runner/build/testWorker.js:106:12)</failure>
    </testcase>
    <testcase classname="Validators Hotellerie rejette un modèle hotellerie invalide" name="Validators Hotellerie rejette un modèle hotellerie invalide" time="0">
      <failure>TypeError: validators.isValidModel is not a function
    at Object.isValidModel (/workspaces/dihya.io/backend/components/metiers/hotellerie/utils/validators/core/validators.test.js:8:23)
    at Promise.then.completed (/workspaces/dihya.io/node_modules/jest-circus/build/utils.js:298:28)
    at new Promise (&lt;anonymous&gt;)
    at callAsyncCircusFn (/workspaces/dihya.io/node_modules/jest-circus/build/utils.js:231:10)
    at _callCircusTest (/workspaces/dihya.io/node_modules/jest-circus/build/run.js:316:40)
    at processTicksAndRejections (node:internal/process/task_queues:95:5)
    at _runTest (/workspaces/dihya.io/node_modules/jest-circus/build/run.js:252:3)
    at _runTestsForDescribeBlock (/workspaces/dihya.io/node_modules/jest-circus/build/run.js:126:9)
    at _runTestsForDescribeBlock (/workspaces/dihya.io/node_modules/jest-circus/build/run.js:121:9)
    at run (/workspaces/dihya.io/node_modules/jest-circus/build/run.js:71:3)
    at runAndTransformResultsToJestFormat (/workspaces/dihya.io/node_modules/jest-circus/build/legacy-code-todo-rewrite/jestAdapterInit.js:122:21)
    at jestAdapter (/workspaces/dihya.io/node_modules/jest-circus/build/legacy-code-todo-rewrite/jestAdapter.js:79:19)
    at runTestInternal (/workspaces/dihya.io/node_modules/jest-runner/build/runTest.js:367:16)
    at runTest (/workspaces/dihya.io/node_modules/jest-runner/build/runTest.js:444:34)
    at Object.worker (/workspaces/dihya.io/node_modules/jest-runner/build/testWorker.js:106:12)</failure>
    </testcase>
  </testsuite>
  <testsuite name="pluginManager Hotellerie" errors="0" failures="1" skipped="0" timestamp="2025-06-05T02:20:18" time="0.047" tests="1">
    <testcase classname="pluginManager Hotellerie doit exécuter tous les plugins" name="pluginManager Hotellerie doit exécuter tous les plugins" time="0.001">
      <failure>Error: expect(received).toBeGreaterThan(expected)

Expected: &gt; 0
Received:   0
    at Object.toBeGreaterThan (/workspaces/dihya.io/backend/components/metiers/hotellerie/utils/plugins/core/pluginManager.test.js:7:27)
    at Promise.then.completed (/workspaces/dihya.io/node_modules/jest-circus/build/utils.js:298:28)
    at new Promise (&lt;anonymous&gt;)
    at callAsyncCircusFn (/workspaces/dihya.io/node_modules/jest-circus/build/utils.js:231:10)
    at _callCircusTest (/workspaces/dihya.io/node_modules/jest-circus/build/run.js:316:40)
    at processTicksAndRejections (node:internal/process/task_queues:95:5)
    at _runTest (/workspaces/dihya.io/node_modules/jest-circus/build/run.js:252:3)
    at _runTestsForDescribeBlock (/workspaces/dihya.io/node_modules/jest-circus/build/run.js:126:9)
    at _runTestsForDescribeBlock (/workspaces/dihya.io/node_modules/jest-circus/build/run.js:121:9)
    at run (/workspaces/dihya.io/node_modules/jest-circus/build/run.js:71:3)
    at runAndTransformResultsToJestFormat (/workspaces/dihya.io/node_modules/jest-circus/build/legacy-code-todo-rewrite/jestAdapterInit.js:122:21)
    at jestAdapter (/workspaces/dihya.io/node_modules/jest-circus/build/legacy-code-todo-rewrite/jestAdapter.js:79:19)
    at runTestInternal (/workspaces/dihya.io/node_modules/jest-runner/build/runTest.js:367:16)
    at runTest (/workspaces/dihya.io/node_modules/jest-runner/build/runTest.js:444:34)
    at Object.worker (/workspaces/dihya.io/node_modules/jest-runner/build/testWorker.js:106:12)</failure>
    </testcase>
  </testsuite>
  <testsuite name="__init__.js (controllers)" errors="0" failures="2" skipped="0" timestamp="2025-06-05T02:20:18" time="0.073" tests="2">
    <testcase classname="__init__.js (controllers) doit s&apos;importer sans erreur" name="__init__.js (controllers) doit s&apos;importer sans erreur" time="0.022">
      <failure>Error: expect(received).not.toThrow()

Error name:    &quot;Error&quot;
Error message: &quot;Cannot find module &apos;./service_hotellerie&apos; from &apos;backend/components/metiers/hotellerie/services/core/controllers/services_controller.js&apos;·
Require stack:
  backend/components/metiers/hotellerie/services/core/controllers/services_controller.js
  backend/components/metiers/hotellerie/services/core/controllers/__init__.js
  backend/components/metiers/hotellerie/services/core/controllers/__init__.test.js
&quot;

      1 | // services_controller.js - Contrôleur avancé pour les services Hotellerie (JS)
      2 |
    &gt; 3 | const service = require(&apos;./service_hotellerie&apos;);
        |                 ^
      4 | const helper = require(&apos;./services_helper&apos;);
      5 |
      6 | class ServicesController {

      at Resolver._throwModNotFoundError (../../../../node_modules/jest-resolve/build/resolver.js:427:11)
      at Object.require (services/core/controllers/services_controller.js:3:17)
      at Object.require (services/core/controllers/__init__.js:4:28)
      at require (services/core/controllers/__init__.test.js:6:18)
      at Object.&lt;anonymous&gt; (../../../../node_modules/expect/build/toThrowMatchers.js:74:11)
      at Object.throwingMatcher [as toThrow] (../../../../node_modules/expect/build/index.js:320:21)
      at Object.toThrow (services/core/controllers/__init__.test.js:6:45)
    at Object.toThrow (/workspaces/dihya.io/backend/components/metiers/hotellerie/services/core/controllers/__init__.test.js:6:45)
    at Promise.then.completed (/workspaces/dihya.io/node_modules/jest-circus/build/utils.js:298:28)
    at new Promise (&lt;anonymous&gt;)
    at callAsyncCircusFn (/workspaces/dihya.io/node_modules/jest-circus/build/utils.js:231:10)
    at _callCircusTest (/workspaces/dihya.io/node_modules/jest-circus/build/run.js:316:40)
    at processTicksAndRejections (node:internal/process/task_queues:95:5)
    at _runTest (/workspaces/dihya.io/node_modules/jest-circus/build/run.js:252:3)
    at _runTestsForDescribeBlock (/workspaces/dihya.io/node_modules/jest-circus/build/run.js:126:9)
    at _runTestsForDescribeBlock (/workspaces/dihya.io/node_modules/jest-circus/build/run.js:121:9)
    at run (/workspaces/dihya.io/node_modules/jest-circus/build/run.js:71:3)
    at runAndTransformResultsToJestFormat (/workspaces/dihya.io/node_modules/jest-circus/build/legacy-code-todo-rewrite/jestAdapterInit.js:122:21)
    at jestAdapter (/workspaces/dihya.io/node_modules/jest-circus/build/legacy-code-todo-rewrite/jestAdapter.js:79:19)
    at runTestInternal (/workspaces/dihya.io/node_modules/jest-runner/build/runTest.js:367:16)
    at runTest (/workspaces/dihya.io/node_modules/jest-runner/build/runTest.js:444:34)
    at Object.worker (/workspaces/dihya.io/node_modules/jest-runner/build/testWorker.js:106:12)</failure>
    </testcase>
    <testcase classname="__init__.js (controllers) doit exposer ServicesController" name="__init__.js (controllers) doit exposer ServicesController" time="0.001">
      <failure>Error: Cannot find module &apos;./service_hotellerie&apos; from &apos;backend/components/metiers/hotellerie/services/core/controllers/services_controller.js&apos;

Require stack:
  backend/components/metiers/hotellerie/services/core/controllers/services_controller.js
  backend/components/metiers/hotellerie/services/core/controllers/__init__.js
  backend/components/metiers/hotellerie/services/core/controllers/__init__.test.js

    at Resolver._throwModNotFoundError (/workspaces/dihya.io/node_modules/jest-resolve/build/resolver.js:427:11)
    at Resolver.resolveModule (/workspaces/dihya.io/node_modules/jest-resolve/build/resolver.js:358:10)
    at Resolver._getVirtualMockPath (/workspaces/dihya.io/node_modules/jest-resolve/build/resolver.js:619:14)
    at Resolver._getAbsolutePath (/workspaces/dihya.io/node_modules/jest-resolve/build/resolver.js:587:14)
    at Resolver.getModuleID (/workspaces/dihya.io/node_modules/jest-resolve/build/resolver.js:530:31)
    at Runtime._shouldMockCjs (/workspaces/dihya.io/node_modules/jest-runtime/build/index.js:1713:37)
    at Runtime.requireModuleOrMock (/workspaces/dihya.io/node_modules/jest-runtime/build/index.js:1045:16)
    at Object.require (/workspaces/dihya.io/backend/components/metiers/hotellerie/services/core/controllers/services_controller.js:3:17)
    at Runtime._execModule (/workspaces/dihya.io/node_modules/jest-runtime/build/index.js:1439:24)
    at Runtime._loadModule (/workspaces/dihya.io/node_modules/jest-runtime/build/index.js:1022:12)
    at Runtime.requireModule (/workspaces/dihya.io/node_modules/jest-runtime/build/index.js:882:12)
    at Runtime.requireModuleOrMock (/workspaces/dihya.io/node_modules/jest-runtime/build/index.js:1048:21)
    at Object.require (/workspaces/dihya.io/backend/components/metiers/hotellerie/services/core/controllers/__init__.js:4:28)
    at Runtime._execModule (/workspaces/dihya.io/node_modules/jest-runtime/build/index.js:1439:24)
    at Runtime._loadModule (/workspaces/dihya.io/node_modules/jest-runtime/build/index.js:1022:12)
    at Runtime.requireModule (/workspaces/dihya.io/node_modules/jest-runtime/build/index.js:882:12)
    at Runtime.requireModuleOrMock (/workspaces/dihya.io/node_modules/jest-runtime/build/index.js:1048:21)
    at Object.require (/workspaces/dihya.io/backend/components/metiers/hotellerie/services/core/controllers/__init__.test.js:9:17)
    at Promise.then.completed (/workspaces/dihya.io/node_modules/jest-circus/build/utils.js:298:28)
    at new Promise (&lt;anonymous&gt;)
    at callAsyncCircusFn (/workspaces/dihya.io/node_modules/jest-circus/build/utils.js:231:10)
    at _callCircusTest (/workspaces/dihya.io/node_modules/jest-circus/build/run.js:316:40)
    at processTicksAndRejections (node:internal/process/task_queues:95:5)
    at _runTest (/workspaces/dihya.io/node_modules/jest-circus/build/run.js:252:3)
    at _runTestsForDescribeBlock (/workspaces/dihya.io/node_modules/jest-circus/build/run.js:126:9)
    at _runTestsForDescribeBlock (/workspaces/dihya.io/node_modules/jest-circus/build/run.js:121:9)
    at run (/workspaces/dihya.io/node_modules/jest-circus/build/run.js:71:3)
    at runAndTransformResultsToJestFormat (/workspaces/dihya.io/node_modules/jest-circus/build/legacy-code-todo-rewrite/jestAdapterInit.js:122:21)
    at jestAdapter (/workspaces/dihya.io/node_modules/jest-circus/build/legacy-code-todo-rewrite/jestAdapter.js:79:19)
    at runTestInternal (/workspaces/dihya.io/node_modules/jest-runner/build/runTest.js:367:16)
    at runTest (/workspaces/dihya.io/node_modules/jest-runner/build/runTest.js:444:34)
    at Object.worker (/workspaces/dihya.io/node_modules/jest-runner/build/testWorker.js:106:12)</failure>
    </testcase>
  </testsuite>
  <testsuite name="undefined" errors="0" failures="1" skipped="0" timestamp="2025-06-05T02:20:18" time="0.075" tests="1">
    <testcase classname=" import __init__.js IA global ne plante pas" name=" import __init__.js IA global ne plante pas" time="0.006">
      <failure>Error: Cannot find module &apos;./core&apos; from &apos;backend/components/metiers/hotellerie/utils/ai/__init__.js&apos;

Require stack:
  backend/components/metiers/hotellerie/utils/ai/__init__.js
  backend/components/metiers/hotellerie/utils/ai/__init__.test.js

    at Resolver._throwModNotFoundError (/workspaces/dihya.io/node_modules/jest-resolve/build/resolver.js:427:11)
    at Resolver.resolveModule (/workspaces/dihya.io/node_modules/jest-resolve/build/resolver.js:358:10)
    at Resolver._getVirtualMockPath (/workspaces/dihya.io/node_modules/jest-resolve/build/resolver.js:619:14)
    at Resolver._getAbsolutePath (/workspaces/dihya.io/node_modules/jest-resolve/build/resolver.js:587:14)
    at Resolver.getModuleID (/workspaces/dihya.io/node_modules/jest-resolve/build/resolver.js:530:31)
    at Runtime._shouldMockCjs (/workspaces/dihya.io/node_modules/jest-runtime/build/index.js:1713:37)
    at Runtime.requireModuleOrMock (/workspaces/dihya.io/node_modules/jest-runtime/build/index.js:1045:16)
    at Object.require (/workspaces/dihya.io/backend/components/metiers/hotellerie/utils/ai/__init__.js:4:9)
    at Runtime._execModule (/workspaces/dihya.io/node_modules/jest-runtime/build/index.js:1439:24)
    at Runtime._loadModule (/workspaces/dihya.io/node_modules/jest-runtime/build/index.js:1022:12)
    at Runtime.requireModule (/workspaces/dihya.io/node_modules/jest-runtime/build/index.js:882:12)
    at Runtime.requireModuleOrMock (/workspaces/dihya.io/node_modules/jest-runtime/build/index.js:1048:21)
    at Object.require (/workspaces/dihya.io/backend/components/metiers/hotellerie/utils/ai/__init__.test.js:4:17)
    at Promise.then.completed (/workspaces/dihya.io/node_modules/jest-circus/build/utils.js:298:28)
    at new Promise (&lt;anonymous&gt;)
    at callAsyncCircusFn (/workspaces/dihya.io/node_modules/jest-circus/build/utils.js:231:10)
    at _callCircusTest (/workspaces/dihya.io/node_modules/jest-circus/build/run.js:316:40)
    at processTicksAndRejections (node:internal/process/task_queues:95:5)
    at _runTest (/workspaces/dihya.io/node_modules/jest-circus/build/run.js:252:3)
    at _runTestsForDescribeBlock (/workspaces/dihya.io/node_modules/jest-circus/build/run.js:126:9)
    at run (/workspaces/dihya.io/node_modules/jest-circus/build/run.js:71:3)
    at runAndTransformResultsToJestFormat (/workspaces/dihya.io/node_modules/jest-circus/build/legacy-code-todo-rewrite/jestAdapterInit.js:122:21)
    at jestAdapter (/workspaces/dihya.io/node_modules/jest-circus/build/legacy-code-todo-rewrite/jestAdapter.js:79:19)
    at runTestInternal (/workspaces/dihya.io/node_modules/jest-runner/build/runTest.js:367:16)
    at runTest (/workspaces/dihya.io/node_modules/jest-runner/build/runTest.js:444:34)
    at Object.worker (/workspaces/dihya.io/node_modules/jest-runner/build/testWorker.js:106:12)</failure>
    </testcase>
  </testsuite>
  <testsuite name="__init__.js (helpers)" errors="0" failures="0" skipped="0" timestamp="2025-06-05T02:20:19" time="0.079" tests="2">
    <testcase classname="__init__.js (helpers) doit s&apos;importer sans erreur" name="__init__.js (helpers) doit s&apos;importer sans erreur" time="0.009">
    </testcase>
    <testcase classname="__init__.js (helpers) doit exposer ServicesHelper" name="__init__.js (helpers) doit exposer ServicesHelper" time="0.001">
    </testcase>
  </testsuite>
  <testsuite name="undefined" errors="0" failures="1" skipped="0" timestamp="2025-06-05T02:20:19" time="0.073" tests="1">
    <testcase classname=" import index.js helpers ne plante pas" name=" import index.js helpers ne plante pas" time="0.017">
      <failure>Error: Cannot find module &apos;./core&apos; from &apos;backend/components/metiers/hotellerie/templates/helpers/index.js&apos;

Require stack:
  backend/components/metiers/hotellerie/templates/helpers/index.js
  backend/components/metiers/hotellerie/templates/helpers/index.test.js

    at Resolver._throwModNotFoundError (/workspaces/dihya.io/node_modules/jest-resolve/build/resolver.js:427:11)
    at Resolver.resolveModule (/workspaces/dihya.io/node_modules/jest-resolve/build/resolver.js:358:10)
    at Resolver._getVirtualMockPath (/workspaces/dihya.io/node_modules/jest-resolve/build/resolver.js:619:14)
    at Resolver._getAbsolutePath (/workspaces/dihya.io/node_modules/jest-resolve/build/resolver.js:587:14)
    at Resolver.getModuleID (/workspaces/dihya.io/node_modules/jest-resolve/build/resolver.js:530:31)
    at Runtime._shouldMockCjs (/workspaces/dihya.io/node_modules/jest-runtime/build/index.js:1713:37)
    at Runtime.requireModuleOrMock (/workspaces/dihya.io/node_modules/jest-runtime/build/index.js:1045:16)
    at Object.require (/workspaces/dihya.io/backend/components/metiers/hotellerie/templates/helpers/index.js:4:6)
    at Runtime._execModule (/workspaces/dihya.io/node_modules/jest-runtime/build/index.js:1439:24)
    at Runtime._loadModule (/workspaces/dihya.io/node_modules/jest-runtime/build/index.js:1022:12)
    at Runtime.requireModule (/workspaces/dihya.io/node_modules/jest-runtime/build/index.js:882:12)
    at Runtime.requireModuleOrMock (/workspaces/dihya.io/node_modules/jest-runtime/build/index.js:1048:21)
    at Object.require (/workspaces/dihya.io/backend/components/metiers/hotellerie/templates/helpers/index.test.js:4:17)
    at Promise.then.completed (/workspaces/dihya.io/node_modules/jest-circus/build/utils.js:298:28)
    at new Promise (&lt;anonymous&gt;)
    at callAsyncCircusFn (/workspaces/dihya.io/node_modules/jest-circus/build/utils.js:231:10)
    at _callCircusTest (/workspaces/dihya.io/node_modules/jest-circus/build/run.js:316:40)
    at processTicksAndRejections (node:internal/process/task_queues:95:5)
    at _runTest (/workspaces/dihya.io/node_modules/jest-circus/build/run.js:252:3)
    at _runTestsForDescribeBlock (/workspaces/dihya.io/node_modules/jest-circus/build/run.js:126:9)
    at run (/workspaces/dihya.io/node_modules/jest-circus/build/run.js:71:3)
    at runAndTransformResultsToJestFormat (/workspaces/dihya.io/node_modules/jest-circus/build/legacy-code-todo-rewrite/jestAdapterInit.js:122:21)
    at jestAdapter (/workspaces/dihya.io/node_modules/jest-circus/build/legacy-code-todo-rewrite/jestAdapter.js:79:19)
    at runTestInternal (/workspaces/dihya.io/node_modules/jest-runner/build/runTest.js:367:16)
    at runTest (/workspaces/dihya.io/node_modules/jest-runner/build/runTest.js:444:34)
    at Object.worker (/workspaces/dihya.io/node_modules/jest-runner/build/testWorker.js:106:12)</failure>
    </testcase>
  </testsuite>
  <testsuite name="__init__ (core)" errors="0" failures="0" skipped="0" timestamp="2025-06-05T02:20:19" time="0.107" tests="1">
    <testcase classname="__init__ (core) importe tous les utilitaires core" name="__init__ (core) importe tous les utilitaires core" time="0.001">
    </testcase>
  </testsuite>
  <testsuite name="__init__.js (samples)" errors="0" failures="0" skipped="0" timestamp="2025-06-05T02:20:19" time="0.066" tests="2">
    <testcase classname="__init__.js (samples) doit s&apos;importer sans erreur" name="__init__.js (samples) doit s&apos;importer sans erreur" time="0.022">
    </testcase>
    <testcase classname="__init__.js (samples) doit exposer SampleService" name="__init__.js (samples) doit exposer SampleService" time="0.001">
    </testcase>
  </testsuite>
  <testsuite name="Hooks API Hotellerie" errors="0" failures="0" skipped="0" timestamp="2025-06-05T02:20:19" time="0.057" tests="2">
    <testcase classname="Hooks API Hotellerie beforeAction est une fonction" name="Hooks API Hotellerie beforeAction est une fonction" time="0.001">
    </testcase>
    <testcase classname="Hooks API Hotellerie afterAction est une fonction" name="Hooks API Hotellerie afterAction est une fonction" time="0">
    </testcase>
  </testsuite>
  <testsuite name="__init__.js (samples)" errors="0" failures="0" skipped="0" timestamp="2025-06-05T02:20:19" time="0.061" tests="2">
    <testcase classname="__init__.js (samples) doit s&apos;importer sans erreur" name="__init__.js (samples) doit s&apos;importer sans erreur" time="0.013">
    </testcase>
    <testcase classname="__init__.js (samples) doit exposer SamplePlugin" name="__init__.js (samples) doit exposer SamplePlugin" time="0.001">
    </testcase>
  </testsuite>
  <testsuite name="undefined" errors="0" failures="0" skipped="0" timestamp="2025-06-05T02:20:19" time="0.063" tests="1">
    <testcase classname=" controllers entrypoint exports expected members" name=" controllers entrypoint exports expected members" time="0.001">
    </testcase>
  </testsuite>
  <testsuite name="predictAI" errors="0" failures="0" skipped="0" timestamp="2025-06-05T02:20:19" time="0.071" tests="2">
    <testcase classname="predictAI retourne une prédiction IA pour une entrée" name="predictAI retourne une prédiction IA pour une entrée" time="0">
    </testcase>
    <testcase classname="predictAI gère le cas vide" name="predictAI gère le cas vide" time="0.001">
    </testcase>
  </testsuite>
  <testsuite name="__init__.js (impl)" errors="0" failures="0" skipped="0" timestamp="2025-06-05T02:20:19" time="0.064" tests="2">
    <testcase classname="__init__.js (impl) doit s&apos;importer sans erreur" name="__init__.js (impl) doit s&apos;importer sans erreur" time="0.024">
    </testcase>
    <testcase classname="__init__.js (impl) doit exposer ServiceHotellerie" name="__init__.js (impl) doit exposer ServiceHotellerie" time="0">
    </testcase>
  </testsuite>
  <testsuite name="normalizeText" errors="0" failures="0" skipped="0" timestamp="2025-06-05T02:20:19" time="0.066" tests="2">
    <testcase classname="normalizeText normalise un texte avec accents et espaces" name="normalizeText normalise un texte avec accents et espaces" time="0">
    </testcase>
    <testcase classname="normalizeText gère le cas vide" name="normalizeText gère le cas vide" time="0">
    </testcase>
  </testsuite>
  <testsuite name="capitalizeFirst" errors="0" failures="0" skipped="0" timestamp="2025-06-05T02:20:19" time="0.057" tests="2">
    <testcase classname="capitalizeFirst capitalise la première lettre" name="capitalizeFirst capitalise la première lettre" time="0">
    </testcase>
    <testcase classname="capitalizeFirst gère le cas vide" name="capitalizeFirst gère le cas vide" time="0">
    </testcase>
  </testsuite>
  <testsuite name="__init__.js (api)" errors="0" failures="2" skipped="0" timestamp="2025-06-05T02:20:19" time="0.093" tests="2">
    <testcase classname="__init__.js (api) doit s&apos;importer sans erreur" name="__init__.js (api) doit s&apos;importer sans erreur" time="0.027">
      <failure>Error: expect(received).not.toThrow()

Error name:    &quot;Error&quot;
Error message: &quot;Cannot find module &apos;./api&apos; from &apos;backend/components/metiers/hotellerie/services/core/api/__init__.js&apos;·
Require stack:
  backend/components/metiers/hotellerie/services/core/api/__init__.js
  backend/components/metiers/hotellerie/services/core/api/__init__.test.js
&quot;

      2 | // Point d&apos;entrée JS du sous-module api (core services hotellerie)
      3 |
    &gt; 4 | const ApiService = require(&apos;./api&apos;);
        |                    ^
      5 | module.exports = { ApiService };
      6 |

      at Resolver._throwModNotFoundError (../../../../node_modules/jest-resolve/build/resolver.js:427:11)
      at Object.require (services/core/api/__init__.js:4:20)
      at require (services/core/api/__init__.test.js:6:18)
      at Object.&lt;anonymous&gt; (../../../../node_modules/expect/build/toThrowMatchers.js:74:11)
      at Object.throwingMatcher [as toThrow] (../../../../node_modules/expect/build/index.js:320:21)
      at Object.toThrow (services/core/api/__init__.test.js:6:45)
    at Object.toThrow (/workspaces/dihya.io/backend/components/metiers/hotellerie/services/core/api/__init__.test.js:6:45)
    at Promise.then.completed (/workspaces/dihya.io/node_modules/jest-circus/build/utils.js:298:28)
    at new Promise (&lt;anonymous&gt;)
    at callAsyncCircusFn (/workspaces/dihya.io/node_modules/jest-circus/build/utils.js:231:10)
    at _callCircusTest (/workspaces/dihya.io/node_modules/jest-circus/build/run.js:316:40)
    at processTicksAndRejections (node:internal/process/task_queues:95:5)
    at _runTest (/workspaces/dihya.io/node_modules/jest-circus/build/run.js:252:3)
    at _runTestsForDescribeBlock (/workspaces/dihya.io/node_modules/jest-circus/build/run.js:126:9)
    at _runTestsForDescribeBlock (/workspaces/dihya.io/node_modules/jest-circus/build/run.js:121:9)
    at run (/workspaces/dihya.io/node_modules/jest-circus/build/run.js:71:3)
    at runAndTransformResultsToJestFormat (/workspaces/dihya.io/node_modules/jest-circus/build/legacy-code-todo-rewrite/jestAdapterInit.js:122:21)
    at jestAdapter (/workspaces/dihya.io/node_modules/jest-circus/build/legacy-code-todo-rewrite/jestAdapter.js:79:19)
    at runTestInternal (/workspaces/dihya.io/node_modules/jest-runner/build/runTest.js:367:16)
    at runTest (/workspaces/dihya.io/node_modules/jest-runner/build/runTest.js:444:34)
    at Object.worker (/workspaces/dihya.io/node_modules/jest-runner/build/testWorker.js:106:12)</failure>
    </testcase>
    <testcase classname="__init__.js (api) doit exposer ApiService" name="__init__.js (api) doit exposer ApiService" time="0">
      <failure>Error: Cannot find module &apos;./api&apos; from &apos;backend/components/metiers/hotellerie/services/core/api/__init__.js&apos;

Require stack:
  backend/components/metiers/hotellerie/services/core/api/__init__.js
  backend/components/metiers/hotellerie/services/core/api/__init__.test.js

    at Resolver._throwModNotFoundError (/workspaces/dihya.io/node_modules/jest-resolve/build/resolver.js:427:11)
    at Resolver.resolveModule (/workspaces/dihya.io/node_modules/jest-resolve/build/resolver.js:358:10)
    at Resolver._getVirtualMockPath (/workspaces/dihya.io/node_modules/jest-resolve/build/resolver.js:619:14)
    at Resolver._getAbsolutePath (/workspaces/dihya.io/node_modules/jest-resolve/build/resolver.js:587:14)
    at Resolver.getModuleID (/workspaces/dihya.io/node_modules/jest-resolve/build/resolver.js:530:31)
    at Runtime._shouldMockCjs (/workspaces/dihya.io/node_modules/jest-runtime/build/index.js:1713:37)
    at Runtime.requireModuleOrMock (/workspaces/dihya.io/node_modules/jest-runtime/build/index.js:1045:16)
    at Object.require (/workspaces/dihya.io/backend/components/metiers/hotellerie/services/core/api/__init__.js:4:20)
    at Runtime._execModule (/workspaces/dihya.io/node_modules/jest-runtime/build/index.js:1439:24)
    at Runtime._loadModule (/workspaces/dihya.io/node_modules/jest-runtime/build/index.js:1022:12)
    at Runtime.requireModule (/workspaces/dihya.io/node_modules/jest-runtime/build/index.js:882:12)
    at Runtime.requireModuleOrMock (/workspaces/dihya.io/node_modules/jest-runtime/build/index.js:1048:21)
    at Object.require (/workspaces/dihya.io/backend/components/metiers/hotellerie/services/core/api/__init__.test.js:9:17)
    at Promise.then.completed (/workspaces/dihya.io/node_modules/jest-circus/build/utils.js:298:28)
    at new Promise (&lt;anonymous&gt;)
    at callAsyncCircusFn (/workspaces/dihya.io/node_modules/jest-circus/build/utils.js:231:10)
    at _callCircusTest (/workspaces/dihya.io/node_modules/jest-circus/build/run.js:316:40)
    at processTicksAndRejections (node:internal/process/task_queues:95:5)
    at _runTest (/workspaces/dihya.io/node_modules/jest-circus/build/run.js:252:3)
    at _runTestsForDescribeBlock (/workspaces/dihya.io/node_modules/jest-circus/build/run.js:126:9)
    at _runTestsForDescribeBlock (/workspaces/dihya.io/node_modules/jest-circus/build/run.js:121:9)
    at run (/workspaces/dihya.io/node_modules/jest-circus/build/run.js:71:3)
    at runAndTransformResultsToJestFormat (/workspaces/dihya.io/node_modules/jest-circus/build/legacy-code-todo-rewrite/jestAdapterInit.js:122:21)
    at jestAdapter (/workspaces/dihya.io/node_modules/jest-circus/build/legacy-code-todo-rewrite/jestAdapter.js:79:19)
    at runTestInternal (/workspaces/dihya.io/node_modules/jest-runner/build/runTest.js:367:16)
    at runTest (/workspaces/dihya.io/node_modules/jest-runner/build/runTest.js:444:34)
    at Object.worker (/workspaces/dihya.io/node_modules/jest-runner/build/testWorker.js:106:12)</failure>
    </testcase>
  </testsuite>
  <testsuite name="Templates Hotellerie" errors="0" failures="0" skipped="0" timestamp="2025-06-05T02:20:19" time="0.085" tests="1">
    <testcase classname="Templates Hotellerie rend un template HTML" name="Templates Hotellerie rend un template HTML" time="0.001">
    </testcase>
  </testsuite>
  <testsuite name="undefined" errors="0" failures="0" skipped="0" timestamp="2025-06-05T02:20:19" time="0.066" tests="1">
    <testcase classname=" middlewares entrypoint exports expected members" name=" middlewares entrypoint exports expected members" time="0.004">
    </testcase>
  </testsuite>
  <testsuite name="humanizeKey" errors="0" failures="0" skipped="0" timestamp="2025-06-05T02:20:19" time="0.106" tests="2">
    <testcase classname="humanizeKey transforme une clé i18n en format lisible" name="humanizeKey transforme une clé i18n en format lisible" time="0.001">
    </testcase>
    <testcase classname="humanizeKey gère le cas vide" name="humanizeKey gère le cas vide" time="0.001">
    </testcase>
  </testsuite>
  <testsuite name="__init__ (i18n)" errors="0" failures="0" skipped="0" timestamp="2025-06-05T02:20:19" time="0.061" tests="1">
    <testcase classname="__init__ (i18n) importe tous les utilitaires i18n" name="__init__ (i18n) importe tous les utilitaires i18n" time="0.003">
    </testcase>
  </testsuite>
  <testsuite name="Partials Hotellerie" errors="0" failures="0" skipped="0" timestamp="2025-06-05T02:20:19" time="0.053" tests="1">
    <testcase classname="Partials Hotellerie rend un widget réutilisable" name="Partials Hotellerie rend un widget réutilisable" time="0.001">
    </testcase>
  </testsuite>
  <testsuite name="undefined" errors="0" failures="0" skipped="0" timestamp="2025-06-05T02:20:19" time="0.074" tests="1">
    <testcase classname=" sampleFallbackLegacy fonctionne" name=" sampleFallbackLegacy fonctionne" time="0.002">
    </testcase>
  </testsuite>
  <testsuite name="undefined" errors="0" failures="0" skipped="0" timestamp="2025-06-05T02:20:19" time="0.064" tests="1">
    <testcase classname=" sampleHelperTemplate fonctionne" name=" sampleHelperTemplate fonctionne" time="0.002">
    </testcase>
  </testsuite>
  <testsuite name="capitalizeFirst" errors="0" failures="0" skipped="0" timestamp="2025-06-05T02:20:19" time="0.069" tests="2">
    <testcase classname="capitalizeFirst capitalise la première lettre" name="capitalizeFirst capitalise la première lettre" time="0.001">
    </testcase>
    <testcase classname="capitalizeFirst gère le cas vide" name="capitalizeFirst gère le cas vide" time="0">
    </testcase>
  </testsuite>
  <testsuite name="undefined" errors="0" failures="1" skipped="0" timestamp="2025-06-05T02:20:19" time="0.071" tests="1">
    <testcase classname=" import accessibility entrypoint (__init__.js)" name=" import accessibility entrypoint (__init__.js)" time="0.001">
      <failure>Error: expect(received).toBeDefined()

Received: undefined
    at Object.toBeDefined (/workspaces/dihya.io/backend/components/metiers/hotellerie/guides/helpers/accessibility/__init__.test.js:4:44)
    at Promise.then.completed (/workspaces/dihya.io/node_modules/jest-circus/build/utils.js:298:28)
    at new Promise (&lt;anonymous&gt;)
    at callAsyncCircusFn (/workspaces/dihya.io/node_modules/jest-circus/build/utils.js:231:10)
    at _callCircusTest (/workspaces/dihya.io/node_modules/jest-circus/build/run.js:316:40)
    at processTicksAndRejections (node:internal/process/task_queues:95:5)
    at _runTest (/workspaces/dihya.io/node_modules/jest-circus/build/run.js:252:3)
    at _runTestsForDescribeBlock (/workspaces/dihya.io/node_modules/jest-circus/build/run.js:126:9)
    at run (/workspaces/dihya.io/node_modules/jest-circus/build/run.js:71:3)
    at runAndTransformResultsToJestFormat (/workspaces/dihya.io/node_modules/jest-circus/build/legacy-code-todo-rewrite/jestAdapterInit.js:122:21)
    at jestAdapter (/workspaces/dihya.io/node_modules/jest-circus/build/legacy-code-todo-rewrite/jestAdapter.js:79:19)
    at runTestInternal (/workspaces/dihya.io/node_modules/jest-runner/build/runTest.js:367:16)
    at runTest (/workspaces/dihya.io/node_modules/jest-runner/build/runTest.js:444:34)
    at Object.worker (/workspaces/dihya.io/node_modules/jest-runner/build/testWorker.js:106:12)</failure>
    </testcase>
  </testsuite>
  <testsuite name="undefined" errors="0" failures="0" skipped="0" timestamp="2025-06-05T02:20:19" time="0.063" tests="2">
    <testcase classname=" import helpers entrypoint" name=" import helpers entrypoint" time="0">
    </testcase>
    <testcase classname=" import validators entrypoint" name=" import validators entrypoint" time="0.001">
    </testcase>
  </testsuite>
  <testsuite name="undefined" errors="0" failures="1" skipped="0" timestamp="2025-06-05T02:20:19" time="0.079" tests="1">
    <testcase classname=" fallbackServices structure" name=" fallbackServices structure" time="0.001">
      <failure>Error: expect(received).toBe(expected) // Object.is equality

Expected: &quot;object&quot;
Received: &quot;undefined&quot;
    at Object.toBe (/workspaces/dihya.io/backend/components/metiers/hotellerie/guides/fallback/services/fallback_services.test.js:5:35)
    at Promise.then.completed (/workspaces/dihya.io/node_modules/jest-circus/build/utils.js:298:28)
    at new Promise (&lt;anonymous&gt;)
    at callAsyncCircusFn (/workspaces/dihya.io/node_modules/jest-circus/build/utils.js:231:10)
    at _callCircusTest (/workspaces/dihya.io/node_modules/jest-circus/build/run.js:316:40)
    at processTicksAndRejections (node:internal/process/task_queues:95:5)
    at _runTest (/workspaces/dihya.io/node_modules/jest-circus/build/run.js:252:3)
    at _runTestsForDescribeBlock (/workspaces/dihya.io/node_modules/jest-circus/build/run.js:126:9)
    at run (/workspaces/dihya.io/node_modules/jest-circus/build/run.js:71:3)
    at runAndTransformResultsToJestFormat (/workspaces/dihya.io/node_modules/jest-circus/build/legacy-code-todo-rewrite/jestAdapterInit.js:122:21)
    at jestAdapter (/workspaces/dihya.io/node_modules/jest-circus/build/legacy-code-todo-rewrite/jestAdapter.js:79:19)
    at runTestInternal (/workspaces/dihya.io/node_modules/jest-runner/build/runTest.js:367:16)
    at runTest (/workspaces/dihya.io/node_modules/jest-runner/build/runTest.js:444:34)
    at Object.worker (/workspaces/dihya.io/node_modules/jest-runner/build/testWorker.js:106:12)</failure>
    </testcase>
  </testsuite>
  <testsuite name="undefined" errors="0" failures="0" skipped="0" timestamp="2025-06-05T02:20:19" time="0.06" tests="1">
    <testcase classname=" sampleHelperLegacy fonctionne" name=" sampleHelperLegacy fonctionne" time="0.001">
    </testcase>
  </testsuite>
  <testsuite name="pluginManager JS" errors="0" failures="1" skipped="0" timestamp="2025-06-05T02:20:19" time="0.077" tests="1">
    <testcase classname="pluginManager JS enregistre et exécute un plugin" name="pluginManager JS enregistre et exécute un plugin" time="0.001">
      <failure>TypeError: pluginManager.register is not a function
    at Object.register (/workspaces/dihya.io/backend/components/metiers/hotellerie/utils/plugins/samples/pluginManager.test.js:7:19)
    at Promise.then.completed (/workspaces/dihya.io/node_modules/jest-circus/build/utils.js:298:28)
    at new Promise (&lt;anonymous&gt;)
    at callAsyncCircusFn (/workspaces/dihya.io/node_modules/jest-circus/build/utils.js:231:10)
    at _callCircusTest (/workspaces/dihya.io/node_modules/jest-circus/build/run.js:316:40)
    at processTicksAndRejections (node:internal/process/task_queues:95:5)
    at _runTest (/workspaces/dihya.io/node_modules/jest-circus/build/run.js:252:3)
    at _runTestsForDescribeBlock (/workspaces/dihya.io/node_modules/jest-circus/build/run.js:126:9)
    at _runTestsForDescribeBlock (/workspaces/dihya.io/node_modules/jest-circus/build/run.js:121:9)
    at run (/workspaces/dihya.io/node_modules/jest-circus/build/run.js:71:3)
    at runAndTransformResultsToJestFormat (/workspaces/dihya.io/node_modules/jest-circus/build/legacy-code-todo-rewrite/jestAdapterInit.js:122:21)
    at jestAdapter (/workspaces/dihya.io/node_modules/jest-circus/build/legacy-code-todo-rewrite/jestAdapter.js:79:19)
    at runTestInternal (/workspaces/dihya.io/node_modules/jest-runner/build/runTest.js:367:16)
    at runTest (/workspaces/dihya.io/node_modules/jest-runner/build/runTest.js:444:34)
    at Object.worker (/workspaces/dihya.io/node_modules/jest-runner/build/testWorker.js:106:12)</failure>
    </testcase>
  </testsuite>
  <testsuite name="Helpers de vues Hotellerie (JS)" errors="0" failures="1" skipped="0" timestamp="2025-06-05T02:20:19" time="0.071" tests="1">
    <testcase classname="Helpers de vues Hotellerie (JS) doit exposer une fonction principale" name="Helpers de vues Hotellerie (JS) doit exposer une fonction principale" time="0.004">
      <failure>Error: expect(received).toBe(expected) // Object.is equality

Expected: &quot;function&quot;
Received: &quot;undefined&quot;
    at Object.toBe (/workspaces/dihya.io/backend/components/metiers/hotellerie/views/helpers/views_helper.test.js:5:45)
    at Promise.then.completed (/workspaces/dihya.io/node_modules/jest-circus/build/utils.js:298:28)
    at new Promise (&lt;anonymous&gt;)
    at callAsyncCircusFn (/workspaces/dihya.io/node_modules/jest-circus/build/utils.js:231:10)
    at _callCircusTest (/workspaces/dihya.io/node_modules/jest-circus/build/run.js:316:40)
    at processTicksAndRejections (node:internal/process/task_queues:95:5)
    at _runTest (/workspaces/dihya.io/node_modules/jest-circus/build/run.js:252:3)
    at _runTestsForDescribeBlock (/workspaces/dihya.io/node_modules/jest-circus/build/run.js:126:9)
    at _runTestsForDescribeBlock (/workspaces/dihya.io/node_modules/jest-circus/build/run.js:121:9)
    at run (/workspaces/dihya.io/node_modules/jest-circus/build/run.js:71:3)
    at runAndTransformResultsToJestFormat (/workspaces/dihya.io/node_modules/jest-circus/build/legacy-code-todo-rewrite/jestAdapterInit.js:122:21)
    at jestAdapter (/workspaces/dihya.io/node_modules/jest-circus/build/legacy-code-todo-rewrite/jestAdapter.js:79:19)
    at runTestInternal (/workspaces/dihya.io/node_modules/jest-runner/build/runTest.js:367:16)
    at runTest (/workspaces/dihya.io/node_modules/jest-runner/build/runTest.js:444:34)
    at Object.worker (/workspaces/dihya.io/node_modules/jest-runner/build/testWorker.js:106:12)</failure>
    </testcase>
  </testsuite>
  <testsuite name="undefined" errors="0" failures="1" skipped="0" timestamp="2025-06-05T02:20:19" time="0.118" tests="1">
    <testcase classname=" fallbackPlugins structure" name=" fallbackPlugins structure" time="0.002">
      <failure>Error: expect(received).toBe(expected) // Object.is equality

Expected: &quot;object&quot;
Received: &quot;undefined&quot;
    at Object.toBe (/workspaces/dihya.io/backend/components/metiers/hotellerie/guides/fallback/plugins/fallback_plugins.test.js:5:34)
    at Promise.then.completed (/workspaces/dihya.io/node_modules/jest-circus/build/utils.js:298:28)
    at new Promise (&lt;anonymous&gt;)
    at callAsyncCircusFn (/workspaces/dihya.io/node_modules/jest-circus/build/utils.js:231:10)
    at _callCircusTest (/workspaces/dihya.io/node_modules/jest-circus/build/run.js:316:40)
    at processTicksAndRejections (node:internal/process/task_queues:95:5)
    at _runTest (/workspaces/dihya.io/node_modules/jest-circus/build/run.js:252:3)
    at _runTestsForDescribeBlock (/workspaces/dihya.io/node_modules/jest-circus/build/run.js:126:9)
    at run (/workspaces/dihya.io/node_modules/jest-circus/build/run.js:71:3)
    at runAndTransformResultsToJestFormat (/workspaces/dihya.io/node_modules/jest-circus/build/legacy-code-todo-rewrite/jestAdapterInit.js:122:21)
    at jestAdapter (/workspaces/dihya.io/node_modules/jest-circus/build/legacy-code-todo-rewrite/jestAdapter.js:79:19)
    at runTestInternal (/workspaces/dihya.io/node_modules/jest-runner/build/runTest.js:367:16)
    at runTest (/workspaces/dihya.io/node_modules/jest-runner/build/runTest.js:444:34)
    at Object.worker (/workspaces/dihya.io/node_modules/jest-runner/build/testWorker.js:106:12)</failure>
    </testcase>
  </testsuite>
  <testsuite name="formatExportJSON" errors="0" failures="0" skipped="0" timestamp="2025-06-05T02:20:19" time="0.058" tests="1">
    <testcase classname="formatExportJSON formate un objet en JSON compacté" name="formatExportJSON formate un objet en JSON compacté" time="0">
    </testcase>
  </testsuite>
  <testsuite name="formatLog" errors="0" failures="0" skipped="0" timestamp="2025-06-05T02:20:19" time="0.066" tests="1">
    <testcase classname="formatLog formate un message de log avec niveau et timestamp" name="formatLog formate un message de log avec niveau et timestamp" time="0.001">
    </testcase>
  </testsuite>
  <testsuite name="average" errors="0" failures="0" skipped="0" timestamp="2025-06-05T02:20:20" time="0.044" tests="2">
    <testcase classname="average calcule la moyenne d&apos;un tableau" name="average calcule la moyenne d&apos;un tableau" time="0.001">
    </testcase>
    <testcase classname="average gère le cas vide" name="average gère le cas vide" time="0">
    </testcase>
  </testsuite>
  <testsuite name="undefined" errors="0" failures="0" skipped="0" timestamp="2025-06-05T02:20:20" time="0.082" tests="1">
    <testcase classname=" import samples entrypoint (__init__.js)" name=" import samples entrypoint (__init__.js)" time="0.001">
    </testcase>
  </testsuite>
  <testsuite name="Import samples RBAC (__init__.js)" errors="0" failures="0" skipped="0" timestamp="2025-06-05T02:20:20" time="0.07" tests="1">
    <testcase classname="Import samples RBAC (__init__.js) should import usage and data without error" name="Import samples RBAC (__init__.js) should import usage and data without error" time="0.001">
    </testcase>
  </testsuite>
  <testsuite name="rgpdSanitize" errors="0" failures="0" skipped="0" timestamp="2025-06-05T02:20:20" time="0.055" tests="1">
    <testcase classname="rgpdSanitize rgpdSanitize retourne l’entité sans modification" name="rgpdSanitize rgpdSanitize retourne l’entité sans modification" time="0.001">
    </testcase>
  </testsuite>
  <testsuite name="Import samples logger (__init__.js)" errors="0" failures="0" skipped="0" timestamp="2025-06-05T02:20:20" time="0.071" tests="1">
    <testcase classname="Import samples logger (__init__.js) should import without error" name="Import samples logger (__init__.js) should import without error" time="0.001">
    </testcase>
  </testsuite>
  <testsuite name="undefined" errors="0" failures="0" skipped="0" timestamp="2025-06-05T02:20:20" time="0.075" tests="1">
    <testcase classname=" db entrypoint exports expected members" name=" db entrypoint exports expected members" time="0.001">
    </testcase>
  </testsuite>
  <testsuite name="Import fallback JS (__init__.js)" errors="0" failures="1" skipped="0" timestamp="2025-06-05T02:20:20" time="0.087" tests="1">
    <testcase classname="Import fallback JS (__init__.js) should import without error" name="Import fallback JS (__init__.js) should import without error" time="0.001">
      <failure>Error: expect(received).toHaveProperty(path)

Expected path: &quot;fallbackValue&quot;
Received path: []

Received value: {&quot;jsFallback&quot;: [Function jsFallback]}
    at Object.toHaveProperty (/workspaces/dihya.io/backend/components/metiers/hotellerie/utils/js/fallback/__init__.test.js:6:22)
    at Promise.then.completed (/workspaces/dihya.io/node_modules/jest-circus/build/utils.js:298:28)
    at new Promise (&lt;anonymous&gt;)
    at callAsyncCircusFn (/workspaces/dihya.io/node_modules/jest-circus/build/utils.js:231:10)
    at _callCircusTest (/workspaces/dihya.io/node_modules/jest-circus/build/run.js:316:40)
    at processTicksAndRejections (node:internal/process/task_queues:95:5)
    at _runTest (/workspaces/dihya.io/node_modules/jest-circus/build/run.js:252:3)
    at _runTestsForDescribeBlock (/workspaces/dihya.io/node_modules/jest-circus/build/run.js:126:9)
    at _runTestsForDescribeBlock (/workspaces/dihya.io/node_modules/jest-circus/build/run.js:121:9)
    at run (/workspaces/dihya.io/node_modules/jest-circus/build/run.js:71:3)
    at runAndTransformResultsToJestFormat (/workspaces/dihya.io/node_modules/jest-circus/build/legacy-code-todo-rewrite/jestAdapterInit.js:122:21)
    at jestAdapter (/workspaces/dihya.io/node_modules/jest-circus/build/legacy-code-todo-rewrite/jestAdapter.js:79:19)
    at runTestInternal (/workspaces/dihya.io/node_modules/jest-runner/build/runTest.js:367:16)
    at runTest (/workspaces/dihya.io/node_modules/jest-runner/build/runTest.js:444:34)
    at Object.worker (/workspaces/dihya.io/node_modules/jest-runner/build/testWorker.js:106:12)</failure>
    </testcase>
  </testsuite>
  <testsuite name="Import helpers JS (__init__.js)" errors="0" failures="1" skipped="0" timestamp="2025-06-05T02:20:20" time="0.052" tests="1">
    <testcase classname="Import helpers JS (__init__.js) should import without error" name="Import helpers JS (__init__.js) should import without error" time="0.002">
      <failure>Error: expect(received).toHaveProperty(path)

Expected path: &quot;toCamelCase&quot;
Received path: []

Received value: {&quot;capitalizeFirst&quot;: [Function capitalizeFirst]}
    at Object.toHaveProperty (/workspaces/dihya.io/backend/components/metiers/hotellerie/utils/js/helpers/__init__.test.js:6:21)
    at Promise.then.completed (/workspaces/dihya.io/node_modules/jest-circus/build/utils.js:298:28)
    at new Promise (&lt;anonymous&gt;)
    at callAsyncCircusFn (/workspaces/dihya.io/node_modules/jest-circus/build/utils.js:231:10)
    at _callCircusTest (/workspaces/dihya.io/node_modules/jest-circus/build/run.js:316:40)
    at processTicksAndRejections (node:internal/process/task_queues:95:5)
    at _runTest (/workspaces/dihya.io/node_modules/jest-circus/build/run.js:252:3)
    at _runTestsForDescribeBlock (/workspaces/dihya.io/node_modules/jest-circus/build/run.js:126:9)
    at _runTestsForDescribeBlock (/workspaces/dihya.io/node_modules/jest-circus/build/run.js:121:9)
    at run (/workspaces/dihya.io/node_modules/jest-circus/build/run.js:71:3)
    at runAndTransformResultsToJestFormat (/workspaces/dihya.io/node_modules/jest-circus/build/legacy-code-todo-rewrite/jestAdapterInit.js:122:21)
    at jestAdapter (/workspaces/dihya.io/node_modules/jest-circus/build/legacy-code-todo-rewrite/jestAdapter.js:79:19)
    at runTestInternal (/workspaces/dihya.io/node_modules/jest-runner/build/runTest.js:367:16)
    at runTest (/workspaces/dihya.io/node_modules/jest-runner/build/runTest.js:444:34)
    at Object.worker (/workspaces/dihya.io/node_modules/jest-runner/build/testWorker.js:106:12)</failure>
    </testcase>
  </testsuite>
  <testsuite name="Import samples JS (__init__.js)" errors="0" failures="0" skipped="0" timestamp="2025-06-05T02:20:20" time="0.094" tests="1">
    <testcase classname="Import samples JS (__init__.js) should import without error" name="Import samples JS (__init__.js) should import without error" time="0.001">
    </testcase>
  </testsuite>
  <testsuite name="undefined" errors="0" failures="1" skipped="0" timestamp="2025-06-05T02:20:20" time="0.078" tests="1">
    <testcase classname=" import services entrypoint (__init__.js)" name=" import services entrypoint (__init__.js)" time="0.002">
      <failure>Error: expect(received).toBeDefined()

Received: undefined
    at Object.toBeDefined (/workspaces/dihya.io/backend/components/metiers/hotellerie/guides/helpers/services/__init__.test.js:4:33)
    at Promise.then.completed (/workspaces/dihya.io/node_modules/jest-circus/build/utils.js:298:28)
    at new Promise (&lt;anonymous&gt;)
    at callAsyncCircusFn (/workspaces/dihya.io/node_modules/jest-circus/build/utils.js:231:10)
    at _callCircusTest (/workspaces/dihya.io/node_modules/jest-circus/build/run.js:316:40)
    at processTicksAndRejections (node:internal/process/task_queues:95:5)
    at _runTest (/workspaces/dihya.io/node_modules/jest-circus/build/run.js:252:3)
    at _runTestsForDescribeBlock (/workspaces/dihya.io/node_modules/jest-circus/build/run.js:126:9)
    at run (/workspaces/dihya.io/node_modules/jest-circus/build/run.js:71:3)
    at runAndTransformResultsToJestFormat (/workspaces/dihya.io/node_modules/jest-circus/build/legacy-code-todo-rewrite/jestAdapterInit.js:122:21)
    at jestAdapter (/workspaces/dihya.io/node_modules/jest-circus/build/legacy-code-todo-rewrite/jestAdapter.js:79:19)
    at runTestInternal (/workspaces/dihya.io/node_modules/jest-runner/build/runTest.js:367:16)
    at runTest (/workspaces/dihya.io/node_modules/jest-runner/build/runTest.js:444:34)
    at Object.worker (/workspaces/dihya.io/node_modules/jest-runner/build/testWorker.js:106:12)</failure>
    </testcase>
  </testsuite>
  <testsuite name="undefined" errors="0" failures="0" skipped="0" timestamp="2025-06-05T02:20:20" time="0.071" tests="1">
    <testcase classname=" import validators entrypoint (__init__.js)" name=" import validators entrypoint (__init__.js)" time="0.001">
    </testcase>
  </testsuite>
  <testsuite name="fallback validators JS" errors="0" failures="1" skipped="0" timestamp="2025-06-05T02:20:20" time="0.077" tests="1">
    <testcase classname="fallback validators JS doit fournir une solution de secours" name="fallback validators JS doit fournir une solution de secours" time="0.003">
      <failure>Error: expect(received).toBe(expected) // Object.is equality

Expected: &quot;function&quot;
Received: &quot;undefined&quot;
    at Object.toBe (/workspaces/dihya.io/backend/components/metiers/hotellerie/utils/validators/fallback/fallback.test.js:6:46)
    at Promise.then.completed (/workspaces/dihya.io/node_modules/jest-circus/build/utils.js:298:28)
    at new Promise (&lt;anonymous&gt;)
    at callAsyncCircusFn (/workspaces/dihya.io/node_modules/jest-circus/build/utils.js:231:10)
    at _callCircusTest (/workspaces/dihya.io/node_modules/jest-circus/build/run.js:316:40)
    at processTicksAndRejections (node:internal/process/task_queues:95:5)
    at _runTest (/workspaces/dihya.io/node_modules/jest-circus/build/run.js:252:3)
    at _runTestsForDescribeBlock (/workspaces/dihya.io/node_modules/jest-circus/build/run.js:126:9)
    at _runTestsForDescribeBlock (/workspaces/dihya.io/node_modules/jest-circus/build/run.js:121:9)
    at run (/workspaces/dihya.io/node_modules/jest-circus/build/run.js:71:3)
    at runAndTransformResultsToJestFormat (/workspaces/dihya.io/node_modules/jest-circus/build/legacy-code-todo-rewrite/jestAdapterInit.js:122:21)
    at jestAdapter (/workspaces/dihya.io/node_modules/jest-circus/build/legacy-code-todo-rewrite/jestAdapter.js:79:19)
    at runTestInternal (/workspaces/dihya.io/node_modules/jest-runner/build/runTest.js:367:16)
    at runTest (/workspaces/dihya.io/node_modules/jest-runner/build/runTest.js:444:34)
    at Object.worker (/workspaces/dihya.io/node_modules/jest-runner/build/testWorker.js:106:12)</failure>
    </testcase>
  </testsuite>
  <testsuite name="Import helpers validators (__init__.js)" errors="0" failures="0" skipped="0" timestamp="2025-06-05T02:20:20" time="0.067" tests="1">
    <testcase classname="Import helpers validators (__init__.js) should import validators_helper without error" name="Import helpers validators (__init__.js) should import validators_helper without error" time="0.001">
    </testcase>
  </testsuite>
  <testsuite name="Import core JS (__init__.js)" errors="0" failures="0" skipped="0" timestamp="2025-06-05T02:20:20" time="0.056" tests="1">
    <testcase classname="Import core JS (__init__.js) should import without error" name="Import core JS (__init__.js) should import without error" time="0">
    </testcase>
  </testsuite>
  <testsuite name="undefined" errors="0" failures="1" skipped="0" timestamp="2025-06-05T02:20:20" time="0.046" tests="1">
    <testcase classname=" guide_services_advanced.md existe et contient Guide avancé" name=" guide_services_advanced.md existe et contient Guide avancé" time="0.001">
      <failure>Error: ENOENT: no such file or directory, open &apos;guide_services_advanced.md&apos;
    at Object.readFileSync (node:fs:449:20)
    at Object.readFileSync (/workspaces/dihya.io/backend/components/metiers/hotellerie/guides/core/services/guides/guide_services_advanced.test.js:4:22)
    at Promise.then.completed (/workspaces/dihya.io/node_modules/jest-circus/build/utils.js:298:28)
    at new Promise (&lt;anonymous&gt;)
    at callAsyncCircusFn (/workspaces/dihya.io/node_modules/jest-circus/build/utils.js:231:10)
    at _callCircusTest (/workspaces/dihya.io/node_modules/jest-circus/build/run.js:316:40)
    at processTicksAndRejections (node:internal/process/task_queues:95:5)
    at _runTest (/workspaces/dihya.io/node_modules/jest-circus/build/run.js:252:3)
    at _runTestsForDescribeBlock (/workspaces/dihya.io/node_modules/jest-circus/build/run.js:126:9)
    at run (/workspaces/dihya.io/node_modules/jest-circus/build/run.js:71:3)
    at runAndTransformResultsToJestFormat (/workspaces/dihya.io/node_modules/jest-circus/build/legacy-code-todo-rewrite/jestAdapterInit.js:122:21)
    at jestAdapter (/workspaces/dihya.io/node_modules/jest-circus/build/legacy-code-todo-rewrite/jestAdapter.js:79:19)
    at runTestInternal (/workspaces/dihya.io/node_modules/jest-runner/build/runTest.js:367:16)
    at runTest (/workspaces/dihya.io/node_modules/jest-runner/build/runTest.js:444:34)
    at Object.worker (/workspaces/dihya.io/node_modules/jest-runner/build/testWorker.js:106:12)</failure>
    </testcase>
  </testsuite>
  <testsuite name="undefined" errors="0" failures="1" skipped="0" timestamp="2025-06-05T02:20:20" time="0.064" tests="1">
    <testcase classname=" import plugins entrypoint (__init__.js)" name=" import plugins entrypoint (__init__.js)" time="0.001">
      <failure>Error: expect(received).toBeDefined()

Received: undefined
    at Object.toBeDefined (/workspaces/dihya.io/backend/components/metiers/hotellerie/guides/helpers/plugins/__init__.test.js:4:31)
    at Promise.then.completed (/workspaces/dihya.io/node_modules/jest-circus/build/utils.js:298:28)
    at new Promise (&lt;anonymous&gt;)
    at callAsyncCircusFn (/workspaces/dihya.io/node_modules/jest-circus/build/utils.js:231:10)
    at _callCircusTest (/workspaces/dihya.io/node_modules/jest-circus/build/run.js:316:40)
    at processTicksAndRejections (node:internal/process/task_queues:95:5)
    at _runTest (/workspaces/dihya.io/node_modules/jest-circus/build/run.js:252:3)
    at _runTestsForDescribeBlock (/workspaces/dihya.io/node_modules/jest-circus/build/run.js:126:9)
    at run (/workspaces/dihya.io/node_modules/jest-circus/build/run.js:71:3)
    at runAndTransformResultsToJestFormat (/workspaces/dihya.io/node_modules/jest-circus/build/legacy-code-todo-rewrite/jestAdapterInit.js:122:21)
    at jestAdapter (/workspaces/dihya.io/node_modules/jest-circus/build/legacy-code-todo-rewrite/jestAdapter.js:79:19)
    at runTestInternal (/workspaces/dihya.io/node_modules/jest-runner/build/runTest.js:367:16)
    at runTest (/workspaces/dihya.io/node_modules/jest-runner/build/runTest.js:444:34)
    at Object.worker (/workspaces/dihya.io/node_modules/jest-runner/build/testWorker.js:106:12)</failure>
    </testcase>
  </testsuite>
  <testsuite name="Audit Hotellerie" errors="0" failures="0" skipped="0" timestamp="2025-06-05T02:20:20" time="0.059" tests="1">
    <testcase classname="Audit Hotellerie doit retourner un score correct" name="Audit Hotellerie doit retourner un score correct" time="0.001">
    </testcase>
  </testsuite>
  <testsuite name="Entrée JS accessibilité API Hotellerie" errors="0" failures="0" skipped="0" timestamp="2025-06-05T02:20:20" time="0.056" tests="1">
    <testcase classname="Entrée JS accessibilité API Hotellerie peut être importée sans erreur" name="Entrée JS accessibilité API Hotellerie peut être importée sans erreur" time="0.001">
    </testcase>
  </testsuite>
  <testsuite name="Entrée JS helpers services" errors="0" failures="0" skipped="0" timestamp="2025-06-05T02:20:20" time="0.049" tests="1">
    <testcase classname="Entrée JS helpers services doit exposer servicesHelper" name="Entrée JS helpers services doit exposer servicesHelper" time="0.001">
    </testcase>
  </testsuite>
  <testsuite name="Entrée JS tests intégration Hotellerie" errors="0" failures="0" skipped="0" timestamp="2025-06-05T02:20:20" time="0.045" tests="1">
    <testcase classname="Entrée JS tests intégration Hotellerie peut être importée sans erreur" name="Entrée JS tests intégration Hotellerie peut être importée sans erreur" time="0">
    </testcase>
  </testsuite>
  <testsuite name="Import fallback validators (__init__.js)" errors="0" failures="0" skipped="0" timestamp="2025-06-05T02:20:20" time="0.05" tests="1">
    <testcase classname="Import fallback validators (__init__.js) should import fallback without error" name="Import fallback validators (__init__.js) should import fallback without error" time="0.001">
    </testcase>
  </testsuite>
  <testsuite name="helpers RBAC JS" errors="0" failures="0" skipped="0" timestamp="2025-06-05T02:20:20" time="0.045" tests="1">
    <testcase classname="helpers RBAC JS valide un rôle" name="helpers RBAC JS valide un rôle" time="0.001">
    </testcase>
  </testsuite>
  <testsuite name="Entrée JS fallback services" errors="0" failures="1" skipped="0" timestamp="2025-06-05T02:20:20" time="0.091" tests="1">
    <testcase classname="Entrée JS fallback services doit exposer servicesTest" name="Entrée JS fallback services doit exposer servicesTest" time="0.001">
      <failure>Error: expect(received).toHaveProperty(path)

Expected path: &quot;servicesTest&quot;
Received path: []

Received value: {&quot;fallbackService&quot;: [Function fallbackService]}
    at Object.toHaveProperty (/workspaces/dihya.io/backend/components/metiers/hotellerie/services/fallback/__init__.test.js:5:19)
    at Promise.then.completed (/workspaces/dihya.io/node_modules/jest-circus/build/utils.js:298:28)
    at new Promise (&lt;anonymous&gt;)
    at callAsyncCircusFn (/workspaces/dihya.io/node_modules/jest-circus/build/utils.js:231:10)
    at _callCircusTest (/workspaces/dihya.io/node_modules/jest-circus/build/run.js:316:40)
    at processTicksAndRejections (node:internal/process/task_queues:95:5)
    at _runTest (/workspaces/dihya.io/node_modules/jest-circus/build/run.js:252:3)
    at _runTestsForDescribeBlock (/workspaces/dihya.io/node_modules/jest-circus/build/run.js:126:9)
    at _runTestsForDescribeBlock (/workspaces/dihya.io/node_modules/jest-circus/build/run.js:121:9)
    at run (/workspaces/dihya.io/node_modules/jest-circus/build/run.js:71:3)
    at runAndTransformResultsToJestFormat (/workspaces/dihya.io/node_modules/jest-circus/build/legacy-code-todo-rewrite/jestAdapterInit.js:122:21)
    at jestAdapter (/workspaces/dihya.io/node_modules/jest-circus/build/legacy-code-todo-rewrite/jestAdapter.js:79:19)
    at runTestInternal (/workspaces/dihya.io/node_modules/jest-runner/build/runTest.js:367:16)
    at runTest (/workspaces/dihya.io/node_modules/jest-runner/build/runTest.js:444:34)
    at Object.worker (/workspaces/dihya.io/node_modules/jest-runner/build/testWorker.js:106:12)</failure>
    </testcase>
  </testsuite>
  <testsuite name="undefined" errors="0" failures="1" skipped="0" timestamp="2025-06-05T02:20:20" time="0.068" tests="1">
    <testcase classname=" import __init__.js ne plante pas" name=" import __init__.js ne plante pas" time="0.022">
      <failure>Error: Cannot find module &apos;./guides&apos; from &apos;backend/components/metiers/hotellerie/guides/core/fixtures/__init__.js&apos;

Require stack:
  backend/components/metiers/hotellerie/guides/core/fixtures/__init__.js
  backend/components/metiers/hotellerie/guides/core/fixtures/__init__.test.js

    at Resolver._throwModNotFoundError (/workspaces/dihya.io/node_modules/jest-resolve/build/resolver.js:427:11)
    at Resolver.resolveModule (/workspaces/dihya.io/node_modules/jest-resolve/build/resolver.js:358:10)
    at Resolver._getVirtualMockPath (/workspaces/dihya.io/node_modules/jest-resolve/build/resolver.js:619:14)
    at Resolver._getAbsolutePath (/workspaces/dihya.io/node_modules/jest-resolve/build/resolver.js:587:14)
    at Resolver.getModuleID (/workspaces/dihya.io/node_modules/jest-resolve/build/resolver.js:530:31)
    at Runtime._shouldMockCjs (/workspaces/dihya.io/node_modules/jest-runtime/build/index.js:1713:37)
    at Runtime.requireModuleOrMock (/workspaces/dihya.io/node_modules/jest-runtime/build/index.js:1045:16)
    at Object.require (/workspaces/dihya.io/backend/components/metiers/hotellerie/guides/core/fixtures/__init__.js:3:6)
    at Runtime._execModule (/workspaces/dihya.io/node_modules/jest-runtime/build/index.js:1439:24)
    at Runtime._loadModule (/workspaces/dihya.io/node_modules/jest-runtime/build/index.js:1022:12)
    at Runtime.requireModule (/workspaces/dihya.io/node_modules/jest-runtime/build/index.js:882:12)
    at Runtime.requireModuleOrMock (/workspaces/dihya.io/node_modules/jest-runtime/build/index.js:1048:21)
    at Object.require (/workspaces/dihya.io/backend/components/metiers/hotellerie/guides/core/fixtures/__init__.test.js:3:17)
    at Promise.then.completed (/workspaces/dihya.io/node_modules/jest-circus/build/utils.js:298:28)
    at new Promise (&lt;anonymous&gt;)
    at callAsyncCircusFn (/workspaces/dihya.io/node_modules/jest-circus/build/utils.js:231:10)
    at _callCircusTest (/workspaces/dihya.io/node_modules/jest-circus/build/run.js:316:40)
    at processTicksAndRejections (node:internal/process/task_queues:95:5)
    at _runTest (/workspaces/dihya.io/node_modules/jest-circus/build/run.js:252:3)
    at _runTestsForDescribeBlock (/workspaces/dihya.io/node_modules/jest-circus/build/run.js:126:9)
    at run (/workspaces/dihya.io/node_modules/jest-circus/build/run.js:71:3)
    at runAndTransformResultsToJestFormat (/workspaces/dihya.io/node_modules/jest-circus/build/legacy-code-todo-rewrite/jestAdapterInit.js:122:21)
    at jestAdapter (/workspaces/dihya.io/node_modules/jest-circus/build/legacy-code-todo-rewrite/jestAdapter.js:79:19)
    at runTestInternal (/workspaces/dihya.io/node_modules/jest-runner/build/runTest.js:367:16)
    at runTest (/workspaces/dihya.io/node_modules/jest-runner/build/runTest.js:444:34)
    at Object.worker (/workspaces/dihya.io/node_modules/jest-runner/build/testWorker.js:106:12)</failure>
    </testcase>
  </testsuite>
  <testsuite name="Import helpers plugins (__init__.js)" errors="0" failures="0" skipped="0" timestamp="2025-06-05T02:20:20" time="0.048" tests="1">
    <testcase classname="Import helpers plugins (__init__.js) should import plugins_helper without error" name="Import helpers plugins (__init__.js) should import plugins_helper without error" time="0.001">
    </testcase>
  </testsuite>
  <testsuite name="Initialisation JS validators utils hotellerie" errors="0" failures="0" skipped="0" timestamp="2025-06-05T02:20:20" time="0.053" tests="1">
    <testcase classname="Initialisation JS validators utils hotellerie doit charger l’index sans erreur" name="Initialisation JS validators utils hotellerie doit charger l’index sans erreur" time="0.001">
    </testcase>
  </testsuite>
  <testsuite name="public_views JS" errors="0" failures="0" skipped="0" timestamp="2025-06-05T02:20:20" time="0.047" tests="1">
    <testcase classname="public_views JS rend une info publique" name="public_views JS rend une info publique" time="0">
    </testcase>
  </testsuite>
  <testsuite name="Import core validators (__init__.js)" errors="0" failures="0" skipped="0" timestamp="2025-06-05T02:20:20" time="0.061" tests="1">
    <testcase classname="Import core validators (__init__.js) should import validators without error" name="Import core validators (__init__.js) should import validators without error" time="0">
    </testcase>
  </testsuite>
  <testsuite name="sampleLoggerHelper" errors="0" failures="0" skipped="0" timestamp="2025-06-05T02:20:21" time="0.046" tests="1">
    <testcase classname="sampleLoggerHelper should log and return true" name="sampleLoggerHelper should log and return true" time="0.002">
    </testcase>
  </testsuite>
  <testsuite name="Entrée JS tests sécurité Hotellerie" errors="0" failures="0" skipped="0" timestamp="2025-06-05T02:20:21" time="0.056" tests="1">
    <testcase classname="Entrée JS tests sécurité Hotellerie peut être importée sans erreur" name="Entrée JS tests sécurité Hotellerie peut être importée sans erreur" time="0.001">
    </testcase>
  </testsuite>
  <testsuite name="Entrée index.js guides Hotellerie" errors="0" failures="0" skipped="0" timestamp="2025-06-05T02:20:21" time="0.052" tests="1">
    <testcase classname="Entrée index.js guides Hotellerie existe et peut être importée" name="Entrée index.js guides Hotellerie existe et peut être importée" time="0.001">
    </testcase>
  </testsuite>
  <testsuite name="index.js (legacy helpers/validators)" errors="0" failures="1" skipped="0" timestamp="2025-06-05T02:20:21" time="0.057" tests="1">
    <testcase classname="index.js (legacy helpers/validators) doit s&apos;importer sans erreur" name="index.js (legacy helpers/validators) doit s&apos;importer sans erreur" time="0.016">
      <failure>Error: expect(received).not.toThrow()

Error name:    &quot;Error&quot;
Error message: &quot;Cannot find module &apos;./core&apos; from &apos;backend/components/metiers/hotellerie/legacy/helpers/validators/index.js&apos;·
Require stack:
  backend/components/metiers/hotellerie/legacy/helpers/validators/index.js
  backend/components/metiers/hotellerie/legacy/helpers/validators/index.test.js
&quot;

      4 |
      5 | module.exports = {
    &gt; 6 |   ...require(&apos;./core&apos;),
        |      ^
      7 |   ...require(&apos;./samples&apos;),
      8 | };
      9 |

      at Resolver._throwModNotFoundError (../../../../node_modules/jest-resolve/build/resolver.js:427:11)
      at Object.require (legacy/helpers/validators/index.js:6:6)
      at require (legacy/helpers/validators/index.test.js:6:18)
      at Object.&lt;anonymous&gt; (../../../../node_modules/expect/build/toThrowMatchers.js:74:11)
      at Object.throwingMatcher [as toThrow] (../../../../node_modules/expect/build/index.js:320:21)
      at Object.toThrow (legacy/helpers/validators/index.test.js:6:42)
    at Object.toThrow (/workspaces/dihya.io/backend/components/metiers/hotellerie/legacy/helpers/validators/index.test.js:6:42)
    at Promise.then.completed (/workspaces/dihya.io/node_modules/jest-circus/build/utils.js:298:28)
    at new Promise (&lt;anonymous&gt;)
    at callAsyncCircusFn (/workspaces/dihya.io/node_modules/jest-circus/build/utils.js:231:10)
    at _callCircusTest (/workspaces/dihya.io/node_modules/jest-circus/build/run.js:316:40)
    at processTicksAndRejections (node:internal/process/task_queues:95:5)
    at _runTest (/workspaces/dihya.io/node_modules/jest-circus/build/run.js:252:3)
    at _runTestsForDescribeBlock (/workspaces/dihya.io/node_modules/jest-circus/build/run.js:126:9)
    at _runTestsForDescribeBlock (/workspaces/dihya.io/node_modules/jest-circus/build/run.js:121:9)
    at run (/workspaces/dihya.io/node_modules/jest-circus/build/run.js:71:3)
    at runAndTransformResultsToJestFormat (/workspaces/dihya.io/node_modules/jest-circus/build/legacy-code-todo-rewrite/jestAdapterInit.js:122:21)
    at jestAdapter (/workspaces/dihya.io/node_modules/jest-circus/build/legacy-code-todo-rewrite/jestAdapter.js:79:19)
    at runTestInternal (/workspaces/dihya.io/node_modules/jest-runner/build/runTest.js:367:16)
    at runTest (/workspaces/dihya.io/node_modules/jest-runner/build/runTest.js:444:34)
    at Object.worker (/workspaces/dihya.io/node_modules/jest-runner/build/testWorker.js:106:12)</failure>
    </testcase>
  </testsuite>
  <testsuite name="Initialisation JS metrics utils hotellerie" errors="0" failures="0" skipped="0" timestamp="2025-06-05T02:20:21" time="0.089" tests="1">
    <testcase classname="Initialisation JS metrics utils hotellerie doit charger l’index sans erreur" name="Initialisation JS metrics utils hotellerie doit charger l’index sans erreur" time="0.001">
    </testcase>
  </testsuite>
  <testsuite name="Import core plugins (__init__.js)" errors="0" failures="0" skipped="0" timestamp="2025-06-05T02:20:21" time="0.043" tests="1">
    <testcase classname="Import core plugins (__init__.js) should import pluginManager without error" name="Import core plugins (__init__.js) should import pluginManager without error" time="0">
    </testcase>
  </testsuite>
  <testsuite name="mocks/core/fixtures.mock.js" errors="0" failures="0" skipped="0" timestamp="2025-06-05T02:20:21" time="0.067" tests="1">
    <testcase classname="mocks/core/fixtures.mock.js doit exposer les mocks principaux" name="mocks/core/fixtures.mock.js doit exposer les mocks principaux" time="0.004">
    </testcase>
  </testsuite>
  <testsuite name="undefined" errors="0" failures="0" skipped="0" timestamp="2025-06-05T02:20:21" time="0.08" tests="1">
    <testcase classname=" import helpers entrypoint (__init__.js)" name=" import helpers entrypoint (__init__.js)" time="0.001">
    </testcase>
  </testsuite>
  <testsuite name="Entrée JS tests templates Hotellerie" errors="0" failures="0" skipped="0" timestamp="2025-06-05T02:20:21" time="0.059" tests="1">
    <testcase classname="Entrée JS tests templates Hotellerie peut être importée sans erreur" name="Entrée JS tests templates Hotellerie peut être importée sans erreur" time="0.001">
    </testcase>
  </testsuite>
  <testsuite name="Import public views (__init__.js)" errors="0" failures="0" skipped="0" timestamp="2025-06-05T02:20:21" time="0.054" tests="1">
    <testcase classname="Import public views (__init__.js) should import public_views without error" name="Import public views (__init__.js) should import public_views without error" time="0.001">
    </testcase>
  </testsuite>
  <testsuite name="core views JS" errors="0" failures="1" skipped="0" timestamp="2025-06-05T02:20:21" time="0.054" tests="1">
    <testcase classname="core views JS rend une vue core" name="core views JS rend une vue core" time="0.001">
      <failure>Error: expect(received).toMatch(expected)

Expected pattern: /Test/
Received string:  &quot;Core view sample&quot;
    at Object.toMatch (/workspaces/dihya.io/backend/components/metiers/hotellerie/views/core/views.test.js:6:84)
    at Promise.then.completed (/workspaces/dihya.io/node_modules/jest-circus/build/utils.js:298:28)
    at new Promise (&lt;anonymous&gt;)
    at callAsyncCircusFn (/workspaces/dihya.io/node_modules/jest-circus/build/utils.js:231:10)
    at _callCircusTest (/workspaces/dihya.io/node_modules/jest-circus/build/run.js:316:40)
    at processTicksAndRejections (node:internal/process/task_queues:95:5)
    at _runTest (/workspaces/dihya.io/node_modules/jest-circus/build/run.js:252:3)
    at _runTestsForDescribeBlock (/workspaces/dihya.io/node_modules/jest-circus/build/run.js:126:9)
    at _runTestsForDescribeBlock (/workspaces/dihya.io/node_modules/jest-circus/build/run.js:121:9)
    at run (/workspaces/dihya.io/node_modules/jest-circus/build/run.js:71:3)
    at runAndTransformResultsToJestFormat (/workspaces/dihya.io/node_modules/jest-circus/build/legacy-code-todo-rewrite/jestAdapterInit.js:122:21)
    at jestAdapter (/workspaces/dihya.io/node_modules/jest-circus/build/legacy-code-todo-rewrite/jestAdapter.js:79:19)
    at runTestInternal (/workspaces/dihya.io/node_modules/jest-runner/build/runTest.js:367:16)
    at runTest (/workspaces/dihya.io/node_modules/jest-runner/build/runTest.js:444:34)
    at Object.worker (/workspaces/dihya.io/node_modules/jest-runner/build/testWorker.js:106:12)</failure>
    </testcase>
  </testsuite>
  <testsuite name="Import helpers RBAC (__init__.js)" errors="0" failures="0" skipped="0" timestamp="2025-06-05T02:20:21" time="0.049" tests="1">
    <testcase classname="Import helpers RBAC (__init__.js) should import rbac_helper without error" name="Import helpers RBAC (__init__.js) should import rbac_helper without error" time="0">
    </testcase>
  </testsuite>
  <testsuite name="Entrée JS tests services Hotellerie" errors="0" failures="0" skipped="0" timestamp="2025-06-05T02:20:21" time="0.044" tests="1">
    <testcase classname="Entrée JS tests services Hotellerie peut être importée sans erreur" name="Entrée JS tests services Hotellerie peut être importée sans erreur" time="0.001">
    </testcase>
  </testsuite>
  <testsuite name="Entrée JS helpers vues Hotellerie" errors="0" failures="0" skipped="0" timestamp="2025-06-05T02:20:21" time="0.045" tests="1">
    <testcase classname="Entrée JS helpers vues Hotellerie peut être importée sans erreur" name="Entrée JS helpers vues Hotellerie peut être importée sans erreur" time="0.001">
    </testcase>
  </testsuite>
  <testsuite name="Entrée JS tests fixtures Hotellerie" errors="0" failures="0" skipped="0" timestamp="2025-06-05T02:20:21" time="0.057" tests="1">
    <testcase classname="Entrée JS tests fixtures Hotellerie peut être importée sans erreur" name="Entrée JS tests fixtures Hotellerie peut être importée sans erreur" time="0">
    </testcase>
  </testsuite>
  <testsuite name="Initialisation JS views utils hotellerie" errors="0" failures="0" skipped="0" timestamp="2025-06-05T02:20:21" time="0.056" tests="1">
    <testcase classname="Initialisation JS views utils hotellerie doit charger l’index sans erreur" name="Initialisation JS views utils hotellerie doit charger l’index sans erreur" time="0.001">
    </testcase>
  </testsuite>
  <testsuite name="Entrée JS tests plugins Hotellerie" errors="0" failures="0" skipped="0" timestamp="2025-06-05T02:20:21" time="0.058" tests="1">
    <testcase classname="Entrée JS tests plugins Hotellerie peut être importée sans erreur" name="Entrée JS tests plugins Hotellerie peut être importée sans erreur" time="0">
    </testcase>
  </testsuite>
  <testsuite name="Entrée JS tests legacy Hotellerie" errors="0" failures="0" skipped="0" timestamp="2025-06-05T02:20:21" time="0.057" tests="1">
    <testcase classname="Entrée JS tests legacy Hotellerie peut être importée sans erreur" name="Entrée JS tests legacy Hotellerie peut être importée sans erreur" time="0.001">
    </testcase>
  </testsuite>
  <testsuite name="Entrée JS tests guides Hotellerie" errors="0" failures="0" skipped="0" timestamp="2025-06-05T02:20:21" time="0.038" tests="1">
    <testcase classname="Entrée JS tests guides Hotellerie peut être importée sans erreur" name="Entrée JS tests guides Hotellerie peut être importée sans erreur" time="0.001">
    </testcase>
  </testsuite>
  <testsuite name="Entrée JS tests utils Hotellerie" errors="0" failures="0" skipped="0" timestamp="2025-06-05T02:20:21" time="0.05" tests="1">
    <testcase classname="Entrée JS tests utils Hotellerie peut être importée sans erreur" name="Entrée JS tests utils Hotellerie peut être importée sans erreur" time="0">
    </testcase>
  </testsuite>
  <testsuite name="Import core RBAC (__init__.js)" errors="0" failures="0" skipped="0" timestamp="2025-06-05T02:20:21" time="0.052" tests="1">
    <testcase classname="Import core RBAC (__init__.js) should import rbac_core without error" name="Import core RBAC (__init__.js) should import rbac_core without error" time="0">
    </testcase>
  </testsuite>
  <testsuite name="undefined" errors="0" failures="0" skipped="0" timestamp="2025-06-05T02:20:21" time="0.043" tests="1">
    <testcase classname=" import accessibility entrypoint (__init__.js)" name=" import accessibility entrypoint (__init__.js)" time="0.001">
    </testcase>
  </testsuite>
  <testsuite name="Entrée JS tests RGPD Hotellerie" errors="0" failures="0" skipped="0" timestamp="2025-06-05T02:20:21" time="0.07" tests="1">
    <testcase classname="Entrée JS tests RGPD Hotellerie peut être importée sans erreur" name="Entrée JS tests RGPD Hotellerie peut être importée sans erreur" time="0.001">
    </testcase>
  </testsuite>
  <testsuite name="Entrée JS tests API Hotellerie" errors="0" failures="0" skipped="0" timestamp="2025-06-05T02:20:21" time="0.072" tests="1">
    <testcase classname="Entrée JS tests API Hotellerie peut être importée sans erreur" name="Entrée JS tests API Hotellerie peut être importée sans erreur" time="0.001">
    </testcase>
  </testsuite>
  <testsuite name="Entrée JS vues core Hotellerie" errors="0" failures="0" skipped="0" timestamp="2025-06-05T02:20:21" time="0.098" tests="1">
    <testcase classname="Entrée JS vues core Hotellerie peut être importée sans erreur" name="Entrée JS vues core Hotellerie peut être importée sans erreur" time="0.002">
    </testcase>
  </testsuite>
  <testsuite name="sampleAuditLog" errors="0" failures="0" skipped="0" timestamp="2025-06-05T02:20:21" time="0.053" tests="1">
    <testcase classname="sampleAuditLog should log and return true" name="sampleAuditLog should log and return true" time="0.002">
    </testcase>
  </testsuite>
  <testsuite name="sampleExport" errors="0" failures="0" skipped="0" timestamp="2025-06-05T02:20:21" time="0.054" tests="1">
    <testcase classname="sampleExport should log and return true" name="sampleExport should log and return true" time="0.002">
    </testcase>
  </testsuite>
  <testsuite name="Import fallback exporter (__init__.js)" errors="0" failures="0" skipped="0" timestamp="2025-06-05T02:20:21" time="0.057" tests="1">
    <testcase classname="Import fallback exporter (__init__.js) should import without error" name="Import fallback exporter (__init__.js) should import without error" time="0.001">
    </testcase>
  </testsuite>
  <testsuite name="undefined" errors="0" failures="0" skipped="0" timestamp="2025-06-05T02:20:21" time="0.064" tests="1">
    <testcase classname=" hooks entrypoint exports expected members" name=" hooks entrypoint exports expected members" time="0.001">
    </testcase>
  </testsuite>
  <testsuite name="undefined" errors="0" failures="0" skipped="0" timestamp="2025-06-05T02:20:21" time="0.059" tests="1">
    <testcase classname=" import samples helpers templates (__init__.js)" name=" import samples helpers templates (__init__.js)" time="0.001">
    </testcase>
  </testsuite>
  <testsuite name="Import fallback metrics (__init__.js)" errors="0" failures="0" skipped="0" timestamp="2025-06-05T02:20:21" time="0.057" tests="1">
    <testcase classname="Import fallback metrics (__init__.js) should import without error" name="Import fallback metrics (__init__.js) should import without error" time="0.001">
    </testcase>
  </testsuite>
  <testsuite name="Import fallback helpers (__init__.js)" errors="0" failures="0" skipped="0" timestamp="2025-06-05T02:20:21" time="0.044" tests="1">
    <testcase classname="Import fallback helpers (__init__.js) should import without error" name="Import fallback helpers (__init__.js) should import without error" time="0.001">
    </testcase>
  </testsuite>
  <testsuite name="sampleJsHelper" errors="0" failures="0" skipped="0" timestamp="2025-06-05T02:20:21" time="0.048" tests="1">
    <testcase classname="sampleJsHelper should log and return true" name="sampleJsHelper should log and return true" time="0.002">
    </testcase>
  </testsuite>
  <testsuite name="undefined" errors="0" failures="0" skipped="0" timestamp="2025-06-05T02:20:22" time="0.068" tests="1">
    <testcase classname=" import helpers index.js" name=" import helpers index.js" time="0.001">
    </testcase>
  </testsuite>
  <testsuite name="Import fallback logger (__init__.js)" errors="0" failures="0" skipped="0" timestamp="2025-06-05T02:20:22" time="0.054" tests="1">
    <testcase classname="Import fallback logger (__init__.js) should import without error" name="Import fallback logger (__init__.js) should import without error" time="0.001">
    </testcase>
  </testsuite>
  <testsuite name="Import samples exporter (__init__.js)" errors="0" failures="0" skipped="0" timestamp="2025-06-05T02:20:22" time="0.04" tests="1">
    <testcase classname="Import samples exporter (__init__.js) should import without error" name="Import samples exporter (__init__.js) should import without error" time="0">
    </testcase>
  </testsuite>
  <testsuite name="Import helpers exporter (__init__.js)" errors="0" failures="0" skipped="0" timestamp="2025-06-05T02:20:22" time="0.058" tests="1">
    <testcase classname="Import helpers exporter (__init__.js) should import without error" name="Import helpers exporter (__init__.js) should import without error" time="0.001">
    </testcase>
  </testsuite>
  <testsuite name="undefined" errors="0" failures="0" skipped="0" timestamp="2025-06-05T02:20:22" time="0.062" tests="1">
    <testcase classname=" import samples entrypoint (__init__.js)" name=" import samples entrypoint (__init__.js)" time="0">
    </testcase>
  </testsuite>
  <testsuite name="undefined" errors="0" failures="0" skipped="0" timestamp="2025-06-05T02:20:22" time="0.064" tests="1">
    <testcase classname=" import samples legacy fallback (__init__.js)" name=" import samples legacy fallback (__init__.js)" time="0.001">
    </testcase>
  </testsuite>
  <testsuite name="Import helpers metrics (__init__.js)" errors="0" failures="0" skipped="0" timestamp="2025-06-05T02:20:22" time="0.05" tests="1">
    <testcase classname="Import helpers metrics (__init__.js) should import without error" name="Import helpers metrics (__init__.js) should import without error" time="0.001">
    </testcase>
  </testsuite>
  <testsuite name="Import samples helpers (__init__.js)" errors="0" failures="0" skipped="0" timestamp="2025-06-05T02:20:22" time="0.053" tests="1">
    <testcase classname="Import samples helpers (__init__.js) should import without error" name="Import samples helpers (__init__.js) should import without error" time="0">
    </testcase>
  </testsuite>
  <testsuite name="index.js (legacy helpers)" errors="0" failures="1" skipped="0" timestamp="2025-06-05T02:20:22" time="0.097" tests="1">
    <testcase classname="index.js (legacy helpers) doit s&apos;importer sans erreur" name="index.js (legacy helpers) doit s&apos;importer sans erreur" time="0.032">
      <failure>Error: expect(received).not.toThrow()

Error name:    &quot;Error&quot;
Error message: &quot;Cannot find module &apos;./samples&apos; from &apos;backend/components/metiers/hotellerie/legacy/helpers/core/index.js&apos;·
Require stack:
  backend/components/metiers/hotellerie/legacy/helpers/core/index.js
  backend/components/metiers/hotellerie/legacy/helpers/index.js
  backend/components/metiers/hotellerie/legacy/helpers/index.test.js
&quot;

      1 | // index.js – Point d’entrée avancé du module legacy/helpers/core
      2 | module.exports = {
    &gt; 3 |   ...require(&apos;./samples&apos;),
        |      ^
      4 |   ...require(&apos;./impl&apos;)
      5 | };
      6 |

      at Resolver._throwModNotFoundError (../../../../node_modules/jest-resolve/build/resolver.js:427:11)
      at Object.require (legacy/helpers/core/index.js:3:6)
      at Object.require (legacy/helpers/index.js:6:6)
      at require (legacy/helpers/index.test.js:6:18)
      at Object.&lt;anonymous&gt; (../../../../node_modules/expect/build/toThrowMatchers.js:74:11)
      at Object.throwingMatcher [as toThrow] (../../../../node_modules/expect/build/index.js:320:21)
      at Object.toThrow (legacy/helpers/index.test.js:6:42)
    at Object.toThrow (/workspaces/dihya.io/backend/components/metiers/hotellerie/legacy/helpers/index.test.js:6:42)
    at Promise.then.completed (/workspaces/dihya.io/node_modules/jest-circus/build/utils.js:298:28)
    at new Promise (&lt;anonymous&gt;)
    at callAsyncCircusFn (/workspaces/dihya.io/node_modules/jest-circus/build/utils.js:231:10)
    at _callCircusTest (/workspaces/dihya.io/node_modules/jest-circus/build/run.js:316:40)
    at processTicksAndRejections (node:internal/process/task_queues:95:5)
    at _runTest (/workspaces/dihya.io/node_modules/jest-circus/build/run.js:252:3)
    at _runTestsForDescribeBlock (/workspaces/dihya.io/node_modules/jest-circus/build/run.js:126:9)
    at _runTestsForDescribeBlock (/workspaces/dihya.io/node_modules/jest-circus/build/run.js:121:9)
    at run (/workspaces/dihya.io/node_modules/jest-circus/build/run.js:71:3)
    at runAndTransformResultsToJestFormat (/workspaces/dihya.io/node_modules/jest-circus/build/legacy-code-todo-rewrite/jestAdapterInit.js:122:21)
    at jestAdapter (/workspaces/dihya.io/node_modules/jest-circus/build/legacy-code-todo-rewrite/jestAdapter.js:79:19)
    at runTestInternal (/workspaces/dihya.io/node_modules/jest-runner/build/runTest.js:367:16)
    at runTest (/workspaces/dihya.io/node_modules/jest-runner/build/runTest.js:444:34)
    at Object.worker (/workspaces/dihya.io/node_modules/jest-runner/build/testWorker.js:106:12)</failure>
    </testcase>
  </testsuite>
  <testsuite name="Import helpers/helpers (__init__.js)" errors="0" failures="0" skipped="0" timestamp="2025-06-05T02:20:22" time="0.046" tests="1">
    <testcase classname="Import helpers/helpers (__init__.js) should import without error" name="Import helpers/helpers (__init__.js) should import without error" time="0.001">
    </testcase>
  </testsuite>
  <testsuite name="Import fallback audit (__init__.js)" errors="0" failures="0" skipped="0" timestamp="2025-06-05T02:20:22" time="0.053" tests="1">
    <testcase classname="Import fallback audit (__init__.js) should import without error" name="Import fallback audit (__init__.js) should import without error" time="0.001">
    </testcase>
  </testsuite>
  <testsuite name="undefined" errors="0" failures="0" skipped="0" timestamp="2025-06-05T02:20:22" time="0.052" tests="1">
    <testcase classname=" import samples entrypoint (__init__.js)" name=" import samples entrypoint (__init__.js)" time="0.001">
    </testcase>
  </testsuite>
  <testsuite name="Import helpers logger (__init__.js)" errors="0" failures="0" skipped="0" timestamp="2025-06-05T02:20:22" time="0.049" tests="1">
    <testcase classname="Import helpers logger (__init__.js) should import without error" name="Import helpers logger (__init__.js) should import without error" time="0.001">
    </testcase>
  </testsuite>
  <testsuite name="index.js (legacy hotellerie)" errors="0" failures="1" skipped="0" timestamp="2025-06-05T02:20:22" time="0.06" tests="1">
    <testcase classname="index.js (legacy hotellerie) doit s&apos;importer sans erreur" name="index.js (legacy hotellerie) doit s&apos;importer sans erreur" time="0.014">
      <failure>Error: expect(received).not.toThrow()

Error name:    &quot;Error&quot;
Error message: &quot;Cannot find module &apos;./core&apos; from &apos;backend/components/metiers/hotellerie/legacy/index.js&apos;·
Require stack:
  backend/components/metiers/hotellerie/legacy/index.js
  backend/components/metiers/hotellerie/legacy/index.test.js
&quot;

      4 |
      5 | module.exports = {
    &gt; 6 |   ...require(&apos;./core&apos;),
        |      ^
      7 |   ...require(&apos;./fallback&apos;),
      8 |   ...require(&apos;./helpers&apos;),
      9 | };

      at Resolver._throwModNotFoundError (../../../../node_modules/jest-resolve/build/resolver.js:427:11)
      at Object.require (legacy/index.js:6:6)
      at require (legacy/index.test.js:6:18)
      at Object.&lt;anonymous&gt; (../../../../node_modules/expect/build/toThrowMatchers.js:74:11)
      at Object.throwingMatcher [as toThrow] (../../../../node_modules/expect/build/index.js:320:21)
      at Object.toThrow (legacy/index.test.js:6:42)
    at Object.toThrow (/workspaces/dihya.io/backend/components/metiers/hotellerie/legacy/index.test.js:6:42)
    at Promise.then.completed (/workspaces/dihya.io/node_modules/jest-circus/build/utils.js:298:28)
    at new Promise (&lt;anonymous&gt;)
    at callAsyncCircusFn (/workspaces/dihya.io/node_modules/jest-circus/build/utils.js:231:10)
    at _callCircusTest (/workspaces/dihya.io/node_modules/jest-circus/build/run.js:316:40)
    at processTicksAndRejections (node:internal/process/task_queues:95:5)
    at _runTest (/workspaces/dihya.io/node_modules/jest-circus/build/run.js:252:3)
    at _runTestsForDescribeBlock (/workspaces/dihya.io/node_modules/jest-circus/build/run.js:126:9)
    at _runTestsForDescribeBlock (/workspaces/dihya.io/node_modules/jest-circus/build/run.js:121:9)
    at run (/workspaces/dihya.io/node_modules/jest-circus/build/run.js:71:3)
    at runAndTransformResultsToJestFormat (/workspaces/dihya.io/node_modules/jest-circus/build/legacy-code-todo-rewrite/jestAdapterInit.js:122:21)
    at jestAdapter (/workspaces/dihya.io/node_modules/jest-circus/build/legacy-code-todo-rewrite/jestAdapter.js:79:19)
    at runTestInternal (/workspaces/dihya.io/node_modules/jest-runner/build/runTest.js:367:16)
    at runTest (/workspaces/dihya.io/node_modules/jest-runner/build/runTest.js:444:34)
    at Object.worker (/workspaces/dihya.io/node_modules/jest-runner/build/testWorker.js:106:12)</failure>
    </testcase>
  </testsuite>
  <testsuite name="Import fallback i18n (__init__.js)" errors="0" failures="0" skipped="0" timestamp="2025-06-05T02:20:22" time="0.064" tests="1">
    <testcase classname="Import fallback i18n (__init__.js) should import without error" name="Import fallback i18n (__init__.js) should import without error" time="0">
    </testcase>
  </testsuite>
  <testsuite name="undefined" errors="0" failures="0" skipped="0" timestamp="2025-06-05T02:20:22" time="0.058" tests="1">
    <testcase classname=" import samples legacy helpers (__init__.js)" name=" import samples legacy helpers (__init__.js)" time="0">
    </testcase>
  </testsuite>
  <testsuite name="Import samples audit (__init__.js)" errors="0" failures="0" skipped="0" timestamp="2025-06-05T02:20:22" time="0.047" tests="1">
    <testcase classname="Import samples audit (__init__.js) should import without error" name="Import samples audit (__init__.js) should import without error" time="0.001">
    </testcase>
  </testsuite>
  <testsuite name="Import helpers audit (__init__.js)" errors="0" failures="0" skipped="0" timestamp="2025-06-05T02:20:22" time="0.055" tests="1">
    <testcase classname="Import helpers audit (__init__.js) should import without error" name="Import helpers audit (__init__.js) should import without error" time="0.001">
    </testcase>
  </testsuite>
  <testsuite name="hotellerie_views JS" errors="0" failures="0" skipped="0" timestamp="2025-06-05T02:20:22" time="0.043" tests="1">
    <testcase classname="hotellerie_views JS rend un modèle hotellerie" name="hotellerie_views JS rend un modèle hotellerie" time="0.001">
    </testcase>
  </testsuite>
  <testsuite name="Import samples i18n (__init__.js)" errors="0" failures="0" skipped="0" timestamp="2025-06-05T02:20:22" time="0.06" tests="1">
    <testcase classname="Import samples i18n (__init__.js) should import without error" name="Import samples i18n (__init__.js) should import without error" time="0.001">
    </testcase>
  </testsuite>
  <testsuite name="Import helpers i18n (__init__.js)" errors="0" failures="0" skipped="0" timestamp="2025-06-05T02:20:22" time="0.056" tests="1">
    <testcase classname="Import helpers i18n (__init__.js) should import without error" name="Import helpers i18n (__init__.js) should import without error" time="0">
    </testcase>
  </testsuite>
  <testsuite name="undefined" errors="0" failures="1" skipped="0" timestamp="2025-06-05T02:20:22" time="0.07" tests="1">
    <testcase classname=" import samples entrypoint (__init__.js)" name=" import samples entrypoint (__init__.js)" time="0.001">
      <failure>Error: expect(received).toBeDefined()

Received: undefined
    at Object.toBeDefined (/workspaces/dihya.io/backend/components/metiers/hotellerie/guides/core/samples/__init__.test.js:4:34)
    at Promise.then.completed (/workspaces/dihya.io/node_modules/jest-circus/build/utils.js:298:28)
    at new Promise (&lt;anonymous&gt;)
    at callAsyncCircusFn (/workspaces/dihya.io/node_modules/jest-circus/build/utils.js:231:10)
    at _callCircusTest (/workspaces/dihya.io/node_modules/jest-circus/build/run.js:316:40)
    at processTicksAndRejections (node:internal/process/task_queues:95:5)
    at _runTest (/workspaces/dihya.io/node_modules/jest-circus/build/run.js:252:3)
    at _runTestsForDescribeBlock (/workspaces/dihya.io/node_modules/jest-circus/build/run.js:126:9)
    at run (/workspaces/dihya.io/node_modules/jest-circus/build/run.js:71:3)
    at runAndTransformResultsToJestFormat (/workspaces/dihya.io/node_modules/jest-circus/build/legacy-code-todo-rewrite/jestAdapterInit.js:122:21)
    at jestAdapter (/workspaces/dihya.io/node_modules/jest-circus/build/legacy-code-todo-rewrite/jestAdapter.js:79:19)
    at runTestInternal (/workspaces/dihya.io/node_modules/jest-runner/build/runTest.js:367:16)
    at runTest (/workspaces/dihya.io/node_modules/jest-runner/build/runTest.js:444:34)
    at Object.worker (/workspaces/dihya.io/node_modules/jest-runner/build/testWorker.js:106:12)</failure>
    </testcase>
  </testsuite>
  <testsuite name="Import core exporter (__init__.js)" errors="0" failures="0" skipped="0" timestamp="2025-06-05T02:20:22" time="0.057" tests="1">
    <testcase classname="Import core exporter (__init__.js) should import without error" name="Import core exporter (__init__.js) should import without error" time="0.001">
    </testcase>
  </testsuite>
  <testsuite name="undefined" errors="0" failures="0" skipped="0" timestamp="2025-06-05T02:20:22" time="0.054" tests="1">
    <testcase classname=" import samples index.js" name=" import samples index.js" time="0.001">
    </testcase>
  </testsuite>
  <testsuite name="Import core metrics (__init__.js)" errors="0" failures="0" skipped="0" timestamp="2025-06-05T02:20:22" time="0.049" tests="1">
    <testcase classname="Import core metrics (__init__.js) should import without error" name="Import core metrics (__init__.js) should import without error" time="0.001">
    </testcase>
  </testsuite>
  <testsuite name="Import core helpers (__init__.js)" errors="0" failures="0" skipped="0" timestamp="2025-06-05T02:20:22" time="0.046" tests="1">
    <testcase classname="Import core helpers (__init__.js) should import without error" name="Import core helpers (__init__.js) should import without error" time="0.001">
    </testcase>
  </testsuite>
  <testsuite name="sampleI18n" errors="0" failures="0" skipped="0" timestamp="2025-06-05T02:20:22" time="0.072" tests="1">
    <testcase classname="sampleI18n should log and return true" name="sampleI18n should log and return true" time="0.004">
    </testcase>
  </testsuite>
  <testsuite name="Import core logger (__init__.js)" errors="0" failures="0" skipped="0" timestamp="2025-06-05T02:20:22" time="0.061" tests="1">
    <testcase classname="Import core logger (__init__.js) should import without error" name="Import core logger (__init__.js) should import without error" time="0.001">
    </testcase>
  </testsuite>
  <testsuite name="undefined" errors="0" failures="0" skipped="0" timestamp="2025-06-05T02:20:22" time="0.067" tests="1">
    <testcase classname=" import services entrypoint (__init__.js)" name=" import services entrypoint (__init__.js)" time="0.001">
    </testcase>
  </testsuite>
  <testsuite name="undefined" errors="0" failures="0" skipped="0" timestamp="2025-06-05T02:20:22" time="0.059" tests="1">
    <testcase classname=" import docs entrypoint (__init__.js)" name=" import docs entrypoint (__init__.js)" time="0.001">
    </testcase>
  </testsuite>
  <testsuite name="Import core audit (__init__.js)" errors="0" failures="0" skipped="0" timestamp="2025-06-05T02:20:22" time="0.065" tests="1">
    <testcase classname="Import core audit (__init__.js) should import without error" name="Import core audit (__init__.js) should import without error" time="0.001">
    </testcase>
  </testsuite>
  <testsuite name="Import core i18n (__init__.js)" errors="0" failures="0" skipped="0" timestamp="2025-06-05T02:20:22" time="0.047" tests="1">
    <testcase classname="Import core i18n (__init__.js) should import without error" name="Import core i18n (__init__.js) should import without error" time="0.001">
    </testcase>
  </testsuite>
  <testsuite name="undefined" errors="0" failures="0" skipped="0" timestamp="2025-06-05T02:20:22" time="0.11" tests="1">
    <testcase classname=" validators entrypoint exports expected members" name=" validators entrypoint exports expected members" time="0.001">
    </testcase>
  </testsuite>
  <testsuite name="undefined" errors="0" failures="1" skipped="0" timestamp="2025-06-05T02:20:23" time="0.06" tests="1">
    <testcase classname=" import metierLegacyCore depuis __init__.js" name=" import metierLegacyCore depuis __init__.js" time="0.005">
      <failure>Error: expect(received).toEqual(expected) // deep equality

- Expected  - 0
+ Received  + 1

  Object {
+   &quot;_audit&quot;: &quot;legacy_core_v1&quot;,
    &quot;legacy&quot;: true,
    &quot;x&quot;: 2,
  }
    at Object.toEqual (/workspaces/dihya.io/backend/components/metiers/hotellerie/legacy/core/__init__.test.js:4:38)
    at Promise.then.completed (/workspaces/dihya.io/node_modules/jest-circus/build/utils.js:298:28)
    at new Promise (&lt;anonymous&gt;)
    at callAsyncCircusFn (/workspaces/dihya.io/node_modules/jest-circus/build/utils.js:231:10)
    at _callCircusTest (/workspaces/dihya.io/node_modules/jest-circus/build/run.js:316:40)
    at processTicksAndRejections (node:internal/process/task_queues:95:5)
    at _runTest (/workspaces/dihya.io/node_modules/jest-circus/build/run.js:252:3)
    at _runTestsForDescribeBlock (/workspaces/dihya.io/node_modules/jest-circus/build/run.js:126:9)
    at run (/workspaces/dihya.io/node_modules/jest-circus/build/run.js:71:3)
    at runAndTransformResultsToJestFormat (/workspaces/dihya.io/node_modules/jest-circus/build/legacy-code-todo-rewrite/jestAdapterInit.js:122:21)
    at jestAdapter (/workspaces/dihya.io/node_modules/jest-circus/build/legacy-code-todo-rewrite/jestAdapter.js:79:19)
    at runTestInternal (/workspaces/dihya.io/node_modules/jest-runner/build/runTest.js:367:16)
    at runTest (/workspaces/dihya.io/node_modules/jest-runner/build/runTest.js:444:34)
    at Object.worker (/workspaces/dihya.io/node_modules/jest-runner/build/testWorker.js:106:12)</failure>
    </testcase>
  </testsuite>
  <testsuite name="Init JS hotellerie views" errors="0" failures="0" skipped="0" timestamp="2025-06-05T02:20:23" time="0.048" tests="1">
    <testcase classname="Init JS hotellerie views expose le module hotellerie" name="Init JS hotellerie views expose le module hotellerie" time="0.001">
    </testcase>
  </testsuite>
  <testsuite name="undefined" errors="0" failures="0" skipped="0" timestamp="2025-06-05T02:20:23" time="0.066" tests="1">
    <testcase classname=" import plugins entrypoint (__init__.js)" name=" import plugins entrypoint (__init__.js)" time="0.001">
    </testcase>
  </testsuite>
  <testsuite name="undefined" errors="0" failures="1" skipped="0" timestamp="2025-06-05T02:20:23" time="0.06" tests="1">
    <testcase classname=" import __init__.js racine tests ne plante pas" name=" import __init__.js racine tests ne plante pas" time="0.015">
      <failure>Error: Cannot find module &apos;./api&apos; from &apos;backend/components/metiers/hotellerie/tests/__init__.js&apos;

Require stack:
  backend/components/metiers/hotellerie/tests/__init__.js
  backend/components/metiers/hotellerie/tests/__init__.test.js

    at Resolver._throwModNotFoundError (/workspaces/dihya.io/node_modules/jest-resolve/build/resolver.js:427:11)
    at Resolver.resolveModule (/workspaces/dihya.io/node_modules/jest-resolve/build/resolver.js:358:10)
    at Resolver._getVirtualMockPath (/workspaces/dihya.io/node_modules/jest-resolve/build/resolver.js:619:14)
    at Resolver._getAbsolutePath (/workspaces/dihya.io/node_modules/jest-resolve/build/resolver.js:587:14)
    at Resolver.getModuleID (/workspaces/dihya.io/node_modules/jest-resolve/build/resolver.js:530:31)
    at Runtime._shouldMockCjs (/workspaces/dihya.io/node_modules/jest-runtime/build/index.js:1713:37)
    at Runtime.requireModuleOrMock (/workspaces/dihya.io/node_modules/jest-runtime/build/index.js:1045:16)
    at Object.require (/workspaces/dihya.io/backend/components/metiers/hotellerie/tests/__init__.js:4:6)
    at Runtime._execModule (/workspaces/dihya.io/node_modules/jest-runtime/build/index.js:1439:24)
    at Runtime._loadModule (/workspaces/dihya.io/node_modules/jest-runtime/build/index.js:1022:12)
    at Runtime.requireModule (/workspaces/dihya.io/node_modules/jest-runtime/build/index.js:882:12)
    at Runtime.requireModuleOrMock (/workspaces/dihya.io/node_modules/jest-runtime/build/index.js:1048:21)
    at Object.require (/workspaces/dihya.io/backend/components/metiers/hotellerie/tests/__init__.test.js:4:17)
    at Promise.then.completed (/workspaces/dihya.io/node_modules/jest-circus/build/utils.js:298:28)
    at new Promise (&lt;anonymous&gt;)
    at callAsyncCircusFn (/workspaces/dihya.io/node_modules/jest-circus/build/utils.js:231:10)
    at _callCircusTest (/workspaces/dihya.io/node_modules/jest-circus/build/run.js:316:40)
    at processTicksAndRejections (node:internal/process/task_queues:95:5)
    at _runTest (/workspaces/dihya.io/node_modules/jest-circus/build/run.js:252:3)
    at _runTestsForDescribeBlock (/workspaces/dihya.io/node_modules/jest-circus/build/run.js:126:9)
    at run (/workspaces/dihya.io/node_modules/jest-circus/build/run.js:71:3)
    at runAndTransformResultsToJestFormat (/workspaces/dihya.io/node_modules/jest-circus/build/legacy-code-todo-rewrite/jestAdapterInit.js:122:21)
    at jestAdapter (/workspaces/dihya.io/node_modules/jest-circus/build/legacy-code-todo-rewrite/jestAdapter.js:79:19)
    at runTestInternal (/workspaces/dihya.io/node_modules/jest-runner/build/runTest.js:367:16)
    at runTest (/workspaces/dihya.io/node_modules/jest-runner/build/runTest.js:444:34)
    at Object.worker (/workspaces/dihya.io/node_modules/jest-runner/build/testWorker.js:106:12)</failure>
    </testcase>
  </testsuite>
  <testsuite name="undefined" errors="0" failures="0" skipped="0" timestamp="2025-06-05T02:20:23" time="0.076" tests="1">
    <testcase classname=" import __init__.js core fallback IA ne plante pas" name=" import __init__.js core fallback IA ne plante pas" time="0.018">
    </testcase>
  </testsuite>
  <testsuite name="undefined" errors="0" failures="1" skipped="0" timestamp="2025-06-05T02:20:23" time="0.083" tests="1">
    <testcase classname=" import samples index.js" name=" import samples index.js" time="0.001">
      <failure>Error: expect(received).toBeDefined()

Received: undefined
    at Object.toBeDefined (/workspaces/dihya.io/backend/components/metiers/hotellerie/guides/core/samples/index.test.js:4:34)
    at Promise.then.completed (/workspaces/dihya.io/node_modules/jest-circus/build/utils.js:298:28)
    at new Promise (&lt;anonymous&gt;)
    at callAsyncCircusFn (/workspaces/dihya.io/node_modules/jest-circus/build/utils.js:231:10)
    at _callCircusTest (/workspaces/dihya.io/node_modules/jest-circus/build/run.js:316:40)
    at processTicksAndRejections (node:internal/process/task_queues:95:5)
    at _runTest (/workspaces/dihya.io/node_modules/jest-circus/build/run.js:252:3)
    at _runTestsForDescribeBlock (/workspaces/dihya.io/node_modules/jest-circus/build/run.js:126:9)
    at run (/workspaces/dihya.io/node_modules/jest-circus/build/run.js:71:3)
    at runAndTransformResultsToJestFormat (/workspaces/dihya.io/node_modules/jest-circus/build/legacy-code-todo-rewrite/jestAdapterInit.js:122:21)
    at jestAdapter (/workspaces/dihya.io/node_modules/jest-circus/build/legacy-code-todo-rewrite/jestAdapter.js:79:19)
    at runTestInternal (/workspaces/dihya.io/node_modules/jest-runner/build/runTest.js:367:16)
    at runTest (/workspaces/dihya.io/node_modules/jest-runner/build/runTest.js:444:34)
    at Object.worker (/workspaces/dihya.io/node_modules/jest-runner/build/testWorker.js:106:12)</failure>
    </testcase>
  </testsuite>
  <testsuite name="undefined" errors="0" failures="0" skipped="0" timestamp="2025-06-05T02:20:23" time="0.053" tests="1">
    <testcase classname=" sampleValidatorUsage fonctionne" name=" sampleValidatorUsage fonctionne" time="0.001">
    </testcase>
  </testsuite>
  <testsuite name="sampleHelper" errors="0" failures="0" skipped="0" timestamp="2025-06-05T02:20:23" time="0.053" tests="1">
    <testcase classname="sampleHelper should log and return true" name="sampleHelper should log and return true" time="0.001">
    </testcase>
  </testsuite>
  <testsuite name="undefined" errors="0" failures="0" skipped="0" timestamp="2025-06-05T02:20:23" time="0.06" tests="1">
    <testcase classname=" import __init__.js utils/ai/core ne plante pas" name=" import __init__.js utils/ai/core ne plante pas" time="0.013">
    </testcase>
  </testsuite>
  <testsuite name="undefined" errors="0" failures="0" skipped="0" timestamp="2025-06-05T02:20:23" time="0.067" tests="1">
    <testcase classname=" import __init__.js helpers/mocks ne plante pas" name=" import __init__.js helpers/mocks ne plante pas" time="0.021">
    </testcase>
  </testsuite>
  <testsuite name="undefined" errors="0" failures="0" skipped="0" timestamp="2025-06-05T02:20:23" time="0.064" tests="1">
    <testcase classname=" import AdvancedPlugin depuis __init__.js" name=" import AdvancedPlugin depuis __init__.js" time="0.001">
    </testcase>
  </testsuite>
  <testsuite name="undefined" errors="0" failures="0" skipped="0" timestamp="2025-06-05T02:20:23" time="0.036" tests="1">
    <testcase classname=" import __init__.js static templates" name=" import __init__.js static templates" time="0.001">
    </testcase>
  </testsuite>
  <testsuite name="undefined" errors="0" failures="0" skipped="0" timestamp="2025-06-05T02:20:23" time="0.072" tests="1">
    <testcase classname=" import __init__.js helpers/core ne plante pas" name=" import __init__.js helpers/core ne plante pas" time="0.019">
    </testcase>
  </testsuite>
  <testsuite name="Templates Hotellerie" errors="0" failures="1" skipped="0" timestamp="2025-06-05T02:20:23" time="0.074" tests="3">
    <testcase classname="Templates Hotellerie doit contenir des fichiers .j2" name="Templates Hotellerie doit contenir des fichiers .j2" time="0.001">
      <failure>Error: expect(received).toBe(expected) // Object.is equality

Expected: true
Received: false
    at Object.toBe (/workspaces/dihya.io/backend/components/metiers/hotellerie/tests/templates/test_templates.js:9:48)
    at Promise.then.completed (/workspaces/dihya.io/node_modules/jest-circus/build/utils.js:298:28)
    at new Promise (&lt;anonymous&gt;)
    at callAsyncCircusFn (/workspaces/dihya.io/node_modules/jest-circus/build/utils.js:231:10)
    at _callCircusTest (/workspaces/dihya.io/node_modules/jest-circus/build/run.js:316:40)
    at processTicksAndRejections (node:internal/process/task_queues:95:5)
    at _runTest (/workspaces/dihya.io/node_modules/jest-circus/build/run.js:252:3)
    at _runTestsForDescribeBlock (/workspaces/dihya.io/node_modules/jest-circus/build/run.js:126:9)
    at _runTestsForDescribeBlock (/workspaces/dihya.io/node_modules/jest-circus/build/run.js:121:9)
    at run (/workspaces/dihya.io/node_modules/jest-circus/build/run.js:71:3)
    at runAndTransformResultsToJestFormat (/workspaces/dihya.io/node_modules/jest-circus/build/legacy-code-todo-rewrite/jestAdapterInit.js:122:21)
    at jestAdapter (/workspaces/dihya.io/node_modules/jest-circus/build/legacy-code-todo-rewrite/jestAdapter.js:79:19)
    at runTestInternal (/workspaces/dihya.io/node_modules/jest-runner/build/runTest.js:367:16)
    at runTest (/workspaces/dihya.io/node_modules/jest-runner/build/runTest.js:444:34)
    at Object.worker (/workspaces/dihya.io/node_modules/jest-runner/build/testWorker.js:106:12)</failure>
    </testcase>
    <testcase classname="Templates Hotellerie chaque template doit être lisible" name="Templates Hotellerie chaque template doit être lisible" time="0.001">
    </testcase>
    <testcase classname=" Templates module est importable et fonctionnel" name=" Templates module est importable et fonctionnel" time="0">
    </testcase>
  </testsuite>
  <testsuite name="undefined" errors="0" failures="0" skipped="0" timestamp="2025-06-05T02:20:23" time="0.066" tests="1">
    <testcase classname=" import __init__.js samples IA ne plante pas" name=" import __init__.js samples IA ne plante pas" time="0.014">
    </testcase>
  </testsuite>
  <testsuite name="undefined" errors="0" failures="0" skipped="0" timestamp="2025-06-05T02:20:23" time="0.058" tests="1">
    <testcase classname=" import __init__.js helpers IA ne plante pas" name=" import __init__.js helpers IA ne plante pas" time="0.011">
    </testcase>
  </testsuite>
  <testsuite name="undefined" errors="0" failures="1" skipped="0" timestamp="2025-06-05T02:20:23" time="0.054" tests="1">
    <testcase classname=" import __init__.js ne plante pas" name=" import __init__.js ne plante pas" time="0.019">
      <failure>Error: expect(received).toBeDefined()

Received: undefined
    at Object.toBeDefined (/workspaces/dihya.io/backend/components/metiers/hotellerie/guides/core/fixtures/guides/__init__.test.js:4:34)
    at Promise.then.completed (/workspaces/dihya.io/node_modules/jest-circus/build/utils.js:298:28)
    at new Promise (&lt;anonymous&gt;)
    at callAsyncCircusFn (/workspaces/dihya.io/node_modules/jest-circus/build/utils.js:231:10)
    at _callCircusTest (/workspaces/dihya.io/node_modules/jest-circus/build/run.js:316:40)
    at processTicksAndRejections (node:internal/process/task_queues:95:5)
    at _runTest (/workspaces/dihya.io/node_modules/jest-circus/build/run.js:252:3)
    at _runTestsForDescribeBlock (/workspaces/dihya.io/node_modules/jest-circus/build/run.js:126:9)
    at run (/workspaces/dihya.io/node_modules/jest-circus/build/run.js:71:3)
    at runAndTransformResultsToJestFormat (/workspaces/dihya.io/node_modules/jest-circus/build/legacy-code-todo-rewrite/jestAdapterInit.js:122:21)
    at jestAdapter (/workspaces/dihya.io/node_modules/jest-circus/build/legacy-code-todo-rewrite/jestAdapter.js:79:19)
    at runTestInternal (/workspaces/dihya.io/node_modules/jest-runner/build/runTest.js:367:16)
    at runTest (/workspaces/dihya.io/node_modules/jest-runner/build/runTest.js:444:34)
    at Object.worker (/workspaces/dihya.io/node_modules/jest-runner/build/testWorker.js:106:12)</failure>
    </testcase>
  </testsuite>
  <testsuite name="undefined" errors="0" failures="0" skipped="0" timestamp="2025-06-05T02:20:23" time="0.058" tests="1">
    <testcase classname=" sampleCoreUsage fonctionne" name=" sampleCoreUsage fonctionne" time="0">
    </testcase>
  </testsuite>
  <testsuite name="undefined" errors="0" failures="1" skipped="0" timestamp="2025-06-05T02:20:23" time="0.061" tests="1">
    <testcase classname=" import __init__.js samples ne plante pas" name=" import __init__.js samples ne plante pas" time="0.015">
      <failure>Error: Cannot find module &apos;../api&apos; from &apos;backend/components/metiers/hotellerie/tests/samples/sample_test.js&apos;

Require stack:
  backend/components/metiers/hotellerie/tests/samples/sample_test.js
  backend/components/metiers/hotellerie/tests/samples/__init__.js
  backend/components/metiers/hotellerie/tests/samples/__init__.test.js

    at Resolver._throwModNotFoundError (/workspaces/dihya.io/node_modules/jest-resolve/build/resolver.js:427:11)
    at Resolver.resolveModule (/workspaces/dihya.io/node_modules/jest-resolve/build/resolver.js:358:10)
    at Resolver._getVirtualMockPath (/workspaces/dihya.io/node_modules/jest-resolve/build/resolver.js:619:14)
    at Resolver._getAbsolutePath (/workspaces/dihya.io/node_modules/jest-resolve/build/resolver.js:587:14)
    at Resolver.getModuleID (/workspaces/dihya.io/node_modules/jest-resolve/build/resolver.js:530:31)
    at Runtime._shouldMockCjs (/workspaces/dihya.io/node_modules/jest-runtime/build/index.js:1713:37)
    at Runtime.requireModuleOrMock (/workspaces/dihya.io/node_modules/jest-runtime/build/index.js:1045:16)
    at Object.require (/workspaces/dihya.io/backend/components/metiers/hotellerie/tests/samples/sample_test.js:3:24)
    at Runtime._execModule (/workspaces/dihya.io/node_modules/jest-runtime/build/index.js:1439:24)
    at Runtime._loadModule (/workspaces/dihya.io/node_modules/jest-runtime/build/index.js:1022:12)
    at Runtime.requireModule (/workspaces/dihya.io/node_modules/jest-runtime/build/index.js:882:12)
    at Runtime.requireModuleOrMock (/workspaces/dihya.io/node_modules/jest-runtime/build/index.js:1048:21)
    at Object.require (/workspaces/dihya.io/backend/components/metiers/hotellerie/tests/samples/__init__.js:4:6)
    at Runtime._execModule (/workspaces/dihya.io/node_modules/jest-runtime/build/index.js:1439:24)
    at Runtime._loadModule (/workspaces/dihya.io/node_modules/jest-runtime/build/index.js:1022:12)
    at Runtime.requireModule (/workspaces/dihya.io/node_modules/jest-runtime/build/index.js:882:12)
    at Runtime.requireModuleOrMock (/workspaces/dihya.io/node_modules/jest-runtime/build/index.js:1048:21)
    at Object.require (/workspaces/dihya.io/backend/components/metiers/hotellerie/tests/samples/__init__.test.js:4:17)
    at Promise.then.completed (/workspaces/dihya.io/node_modules/jest-circus/build/utils.js:298:28)
    at new Promise (&lt;anonymous&gt;)
    at callAsyncCircusFn (/workspaces/dihya.io/node_modules/jest-circus/build/utils.js:231:10)
    at _callCircusTest (/workspaces/dihya.io/node_modules/jest-circus/build/run.js:316:40)
    at processTicksAndRejections (node:internal/process/task_queues:95:5)
    at _runTest (/workspaces/dihya.io/node_modules/jest-circus/build/run.js:252:3)
    at _runTestsForDescribeBlock (/workspaces/dihya.io/node_modules/jest-circus/build/run.js:126:9)
    at run (/workspaces/dihya.io/node_modules/jest-circus/build/run.js:71:3)
    at runAndTransformResultsToJestFormat (/workspaces/dihya.io/node_modules/jest-circus/build/legacy-code-todo-rewrite/jestAdapterInit.js:122:21)
    at jestAdapter (/workspaces/dihya.io/node_modules/jest-circus/build/legacy-code-todo-rewrite/jestAdapter.js:79:19)
    at runTestInternal (/workspaces/dihya.io/node_modules/jest-runner/build/runTest.js:367:16)
    at runTest (/workspaces/dihya.io/node_modules/jest-runner/build/runTest.js:444:34)
    at Object.worker (/workspaces/dihya.io/node_modules/jest-runner/build/testWorker.js:106:12)</failure>
    </testcase>
  </testsuite>
  <testsuite name="undefined" errors="0" failures="1" skipped="0" timestamp="2025-06-05T02:20:23" time="0.074" tests="1">
    <testcase classname=" import __init__.js ne plante pas" name=" import __init__.js ne plante pas" time="0.005">
      <failure>Error: expect(received).toBeDefined()

Received: undefined
    at Object.toBeDefined (/workspaces/dihya.io/backend/components/metiers/hotellerie/guides/core/plugins/guides/__init__.test.js:4:33)
    at Promise.then.completed (/workspaces/dihya.io/node_modules/jest-circus/build/utils.js:298:28)
    at new Promise (&lt;anonymous&gt;)
    at callAsyncCircusFn (/workspaces/dihya.io/node_modules/jest-circus/build/utils.js:231:10)
    at _callCircusTest (/workspaces/dihya.io/node_modules/jest-circus/build/run.js:316:40)
    at processTicksAndRejections (node:internal/process/task_queues:95:5)
    at _runTest (/workspaces/dihya.io/node_modules/jest-circus/build/run.js:252:3)
    at _runTestsForDescribeBlock (/workspaces/dihya.io/node_modules/jest-circus/build/run.js:126:9)
    at run (/workspaces/dihya.io/node_modules/jest-circus/build/run.js:71:3)
    at runAndTransformResultsToJestFormat (/workspaces/dihya.io/node_modules/jest-circus/build/legacy-code-todo-rewrite/jestAdapterInit.js:122:21)
    at jestAdapter (/workspaces/dihya.io/node_modules/jest-circus/build/legacy-code-todo-rewrite/jestAdapter.js:79:19)
    at runTestInternal (/workspaces/dihya.io/node_modules/jest-runner/build/runTest.js:367:16)
    at runTest (/workspaces/dihya.io/node_modules/jest-runner/build/runTest.js:444:34)
    at Object.worker (/workspaces/dihya.io/node_modules/jest-runner/build/testWorker.js:106:12)</failure>
    </testcase>
  </testsuite>
  <testsuite name="undefined" errors="0" failures="1" skipped="0" timestamp="2025-06-05T02:20:23" time="0.095" tests="1">
    <testcase classname=" import __init__.js helpers ne plante pas" name=" import __init__.js helpers ne plante pas" time="0.019">
      <failure>Error: Cannot find module &apos;./core&apos; from &apos;backend/components/metiers/hotellerie/templates/helpers/__init__.js&apos;

Require stack:
  backend/components/metiers/hotellerie/templates/helpers/__init__.js
  backend/components/metiers/hotellerie/templates/helpers/__init__.test.js

    at Resolver._throwModNotFoundError (/workspaces/dihya.io/node_modules/jest-resolve/build/resolver.js:427:11)
    at Resolver.resolveModule (/workspaces/dihya.io/node_modules/jest-resolve/build/resolver.js:358:10)
    at Resolver._getVirtualMockPath (/workspaces/dihya.io/node_modules/jest-resolve/build/resolver.js:619:14)
    at Resolver._getAbsolutePath (/workspaces/dihya.io/node_modules/jest-resolve/build/resolver.js:587:14)
    at Resolver.getModuleID (/workspaces/dihya.io/node_modules/jest-resolve/build/resolver.js:530:31)
    at Runtime._shouldMockCjs (/workspaces/dihya.io/node_modules/jest-runtime/build/index.js:1713:37)
    at Runtime.requireModuleOrMock (/workspaces/dihya.io/node_modules/jest-runtime/build/index.js:1045:16)
    at Object.require (/workspaces/dihya.io/backend/components/metiers/hotellerie/templates/helpers/__init__.js:4:6)
    at Runtime._execModule (/workspaces/dihya.io/node_modules/jest-runtime/build/index.js:1439:24)
    at Runtime._loadModule (/workspaces/dihya.io/node_modules/jest-runtime/build/index.js:1022:12)
    at Runtime.requireModule (/workspaces/dihya.io/node_modules/jest-runtime/build/index.js:882:12)
    at Runtime.requireModuleOrMock (/workspaces/dihya.io/node_modules/jest-runtime/build/index.js:1048:21)
    at Object.require (/workspaces/dihya.io/backend/components/metiers/hotellerie/templates/helpers/__init__.test.js:4:17)
    at Promise.then.completed (/workspaces/dihya.io/node_modules/jest-circus/build/utils.js:298:28)
    at new Promise (&lt;anonymous&gt;)
    at callAsyncCircusFn (/workspaces/dihya.io/node_modules/jest-circus/build/utils.js:231:10)
    at _callCircusTest (/workspaces/dihya.io/node_modules/jest-circus/build/run.js:316:40)
    at processTicksAndRejections (node:internal/process/task_queues:95:5)
    at _runTest (/workspaces/dihya.io/node_modules/jest-circus/build/run.js:252:3)
    at _runTestsForDescribeBlock (/workspaces/dihya.io/node_modules/jest-circus/build/run.js:126:9)
    at run (/workspaces/dihya.io/node_modules/jest-circus/build/run.js:71:3)
    at runAndTransformResultsToJestFormat (/workspaces/dihya.io/node_modules/jest-circus/build/legacy-code-todo-rewrite/jestAdapterInit.js:122:21)
    at jestAdapter (/workspaces/dihya.io/node_modules/jest-circus/build/legacy-code-todo-rewrite/jestAdapter.js:79:19)
    at runTestInternal (/workspaces/dihya.io/node_modules/jest-runner/build/runTest.js:367:16)
    at runTest (/workspaces/dihya.io/node_modules/jest-runner/build/runTest.js:444:34)
    at Object.worker (/workspaces/dihya.io/node_modules/jest-runner/build/testWorker.js:106:12)</failure>
    </testcase>
  </testsuite>
  <testsuite name="undefined" errors="0" failures="0" skipped="0" timestamp="2025-06-05T02:20:23" time="0.077" tests="1">
    <testcase classname=" audit entrypoint exports expected members" name=" audit entrypoint exports expected members" time="0.002">
    </testcase>
  </testsuite>
  <testsuite name="undefined" errors="0" failures="1" skipped="0" timestamp="2025-06-05T02:20:23" time="0.212" tests="1">
    <testcase classname=" import __init__.js ne plante pas" name=" import __init__.js ne plante pas" time="0.027">
      <failure>Error: Cannot find module &apos;./guide_services&apos; from &apos;backend/components/metiers/hotellerie/guides/core/services/__init__.js&apos;

Require stack:
  backend/components/metiers/hotellerie/guides/core/services/__init__.js
  backend/components/metiers/hotellerie/guides/core/services/__init__.test.js

    at Resolver._throwModNotFoundError (/workspaces/dihya.io/node_modules/jest-resolve/build/resolver.js:427:11)
    at Resolver.resolveModule (/workspaces/dihya.io/node_modules/jest-resolve/build/resolver.js:358:10)
    at Resolver._getVirtualMockPath (/workspaces/dihya.io/node_modules/jest-resolve/build/resolver.js:619:14)
    at Resolver._getAbsolutePath (/workspaces/dihya.io/node_modules/jest-resolve/build/resolver.js:587:14)
    at Resolver.getModuleID (/workspaces/dihya.io/node_modules/jest-resolve/build/resolver.js:530:31)
    at Runtime._shouldMockCjs (/workspaces/dihya.io/node_modules/jest-runtime/build/index.js:1713:37)
    at Runtime.requireModuleOrMock (/workspaces/dihya.io/node_modules/jest-runtime/build/index.js:1045:16)
    at Object.require (/workspaces/dihya.io/backend/components/metiers/hotellerie/guides/core/services/__init__.js:2:18)
    at Runtime._execModule (/workspaces/dihya.io/node_modules/jest-runtime/build/index.js:1439:24)
    at Runtime._loadModule (/workspaces/dihya.io/node_modules/jest-runtime/build/index.js:1022:12)
    at Runtime.requireModule (/workspaces/dihya.io/node_modules/jest-runtime/build/index.js:882:12)
    at Runtime.requireModuleOrMock (/workspaces/dihya.io/node_modules/jest-runtime/build/index.js:1048:21)
    at Object.require (/workspaces/dihya.io/backend/components/metiers/hotellerie/guides/core/services/__init__.test.js:3:17)
    at Promise.then.completed (/workspaces/dihya.io/node_modules/jest-circus/build/utils.js:298:28)
    at new Promise (&lt;anonymous&gt;)
    at callAsyncCircusFn (/workspaces/dihya.io/node_modules/jest-circus/build/utils.js:231:10)
    at _callCircusTest (/workspaces/dihya.io/node_modules/jest-circus/build/run.js:316:40)
    at processTicksAndRejections (node:internal/process/task_queues:95:5)
    at _runTest (/workspaces/dihya.io/node_modules/jest-circus/build/run.js:252:3)
    at _runTestsForDescribeBlock (/workspaces/dihya.io/node_modules/jest-circus/build/run.js:126:9)
    at run (/workspaces/dihya.io/node_modules/jest-circus/build/run.js:71:3)
    at runAndTransformResultsToJestFormat (/workspaces/dihya.io/node_modules/jest-circus/build/legacy-code-todo-rewrite/jestAdapterInit.js:122:21)
    at jestAdapter (/workspaces/dihya.io/node_modules/jest-circus/build/legacy-code-todo-rewrite/jestAdapter.js:79:19)
    at runTestInternal (/workspaces/dihya.io/node_modules/jest-runner/build/runTest.js:367:16)
    at runTest (/workspaces/dihya.io/node_modules/jest-runner/build/runTest.js:444:34)
    at Object.worker (/workspaces/dihya.io/node_modules/jest-runner/build/testWorker.js:106:12)</failure>
    </testcase>
  </testsuite>
  <testsuite name="undefined" errors="0" failures="0" skipped="0" timestamp="2025-06-05T02:20:23" time="0.092" tests="1">
    <testcase classname=" rgpd entrypoint exports expected members" name=" rgpd entrypoint exports expected members" time="0">
    </testcase>
  </testsuite>
  <testsuite name="undefined" errors="0" failures="0" skipped="0" timestamp="2025-06-05T02:20:23" time="0.057" tests="1">
    <testcase classname=" import __init__.js ne plante pas" name=" import __init__.js ne plante pas" time="0.006">
    </testcase>
  </testsuite>
  <testsuite name="undefined" errors="0" failures="0" skipped="0" timestamp="2025-06-05T02:20:23" time="0.1" tests="1">
    <testcase classname=" import migrations entrypoint" name=" import migrations entrypoint" time="0">
    </testcase>
  </testsuite>
  <testsuite name="Legacy/Migration Hotellerie" errors="0" failures="0" skipped="0" timestamp="2025-06-05T02:20:24" time="0.066" tests="3">
    <testcase classname="Legacy/Migration Hotellerie doit migrer un ancien format de données sans erreur" name="Legacy/Migration Hotellerie doit migrer un ancien format de données sans erreur" time="0.001">
    </testcase>
    <testcase classname="Legacy/Migration Hotellerie doit détecter les champs obsolètes" name="Legacy/Migration Hotellerie doit détecter les champs obsolètes" time="0.001">
    </testcase>
    <testcase classname=" Legacy module est importable et fonctionnel" name=" Legacy module est importable et fonctionnel" time="0">
    </testcase>
  </testsuite>
  <testsuite name="undefined" errors="0" failures="0" skipped="0" timestamp="2025-06-05T02:20:24" time="0.054" tests="1">
    <testcase classname=" import samples entrypoint" name=" import samples entrypoint" time="0.001">
    </testcase>
  </testsuite>
  <testsuite name="Guides Hotellerie" errors="0" failures="2" skipped="0" timestamp="2025-06-05T02:20:24" time="0.069" tests="3">
    <testcase classname="Guides Hotellerie doit contenir les guides critiques" name="Guides Hotellerie doit contenir les guides critiques" time="0.001">
      <failure>Error: expect(received).toContain(expected) // indexOf

Expected value: &quot;ACCESSIBILITY_GUIDE.md&quot;
Received array: [&quot;README.md&quot;, &quot;__init__.js&quot;, &quot;__init__.py&quot;, &quot;__init__.test.js&quot;, &quot;__init__.test.py&quot;, &quot;__pycache__&quot;, &quot;guides.test.js&quot;, &quot;guides.test.py&quot;, &quot;test_guides.js&quot;, &quot;test_guides.py&quot;]
    at Object.toContain (/workspaces/dihya.io/backend/components/metiers/hotellerie/tests/guides/test_guides.js:9:19)
    at Promise.then.completed (/workspaces/dihya.io/node_modules/jest-circus/build/utils.js:298:28)
    at new Promise (&lt;anonymous&gt;)
    at callAsyncCircusFn (/workspaces/dihya.io/node_modules/jest-circus/build/utils.js:231:10)
    at _callCircusTest (/workspaces/dihya.io/node_modules/jest-circus/build/run.js:316:40)
    at processTicksAndRejections (node:internal/process/task_queues:95:5)
    at _runTest (/workspaces/dihya.io/node_modules/jest-circus/build/run.js:252:3)
    at _runTestsForDescribeBlock (/workspaces/dihya.io/node_modules/jest-circus/build/run.js:126:9)
    at _runTestsForDescribeBlock (/workspaces/dihya.io/node_modules/jest-circus/build/run.js:121:9)
    at run (/workspaces/dihya.io/node_modules/jest-circus/build/run.js:71:3)
    at runAndTransformResultsToJestFormat (/workspaces/dihya.io/node_modules/jest-circus/build/legacy-code-todo-rewrite/jestAdapterInit.js:122:21)
    at jestAdapter (/workspaces/dihya.io/node_modules/jest-circus/build/legacy-code-todo-rewrite/jestAdapter.js:79:19)
    at runTestInternal (/workspaces/dihya.io/node_modules/jest-runner/build/runTest.js:367:16)
    at runTest (/workspaces/dihya.io/node_modules/jest-runner/build/runTest.js:444:34)
    at Object.worker (/workspaces/dihya.io/node_modules/jest-runner/build/testWorker.js:106:12)</failure>
    </testcase>
    <testcase classname="Guides Hotellerie chaque guide doit avoir du contenu" name="Guides Hotellerie chaque guide doit avoir du contenu" time="0">
      <failure>Error: ENOENT: no such file or directory, open &apos;/workspaces/dihya.io/backend/components/metiers/hotellerie/tests/guides/ACCESSIBILITY_GUIDE.md&apos;
    at Object.readFileSync (node:fs:449:20)
    at readFileSync (/workspaces/dihya.io/backend/components/metiers/hotellerie/tests/guides/test_guides.js:15:26)
    at Array.forEach (&lt;anonymous&gt;)
    at Object.forEach (/workspaces/dihya.io/backend/components/metiers/hotellerie/tests/guides/test_guides.js:14:69)
    at Promise.then.completed (/workspaces/dihya.io/node_modules/jest-circus/build/utils.js:298:28)
    at new Promise (&lt;anonymous&gt;)
    at callAsyncCircusFn (/workspaces/dihya.io/node_modules/jest-circus/build/utils.js:231:10)
    at _callCircusTest (/workspaces/dihya.io/node_modules/jest-circus/build/run.js:316:40)
    at processTicksAndRejections (node:internal/process/task_queues:95:5)
    at _runTest (/workspaces/dihya.io/node_modules/jest-circus/build/run.js:252:3)
    at _runTestsForDescribeBlock (/workspaces/dihya.io/node_modules/jest-circus/build/run.js:126:9)
    at _runTestsForDescribeBlock (/workspaces/dihya.io/node_modules/jest-circus/build/run.js:121:9)
    at run (/workspaces/dihya.io/node_modules/jest-circus/build/run.js:71:3)
    at runAndTransformResultsToJestFormat (/workspaces/dihya.io/node_modules/jest-circus/build/legacy-code-todo-rewrite/jestAdapterInit.js:122:21)
    at jestAdapter (/workspaces/dihya.io/node_modules/jest-circus/build/legacy-code-todo-rewrite/jestAdapter.js:79:19)
    at runTestInternal (/workspaces/dihya.io/node_modules/jest-runner/build/runTest.js:367:16)
    at runTest (/workspaces/dihya.io/node_modules/jest-runner/build/runTest.js:444:34)
    at Object.worker (/workspaces/dihya.io/node_modules/jest-runner/build/testWorker.js:106:12)</failure>
    </testcase>
    <testcase classname=" Guides module est importable et fonctionnel" name=" Guides module est importable et fonctionnel" time="0">
    </testcase>
  </testsuite>
  <testsuite name="undefined" errors="0" failures="0" skipped="0" timestamp="2025-06-05T02:20:24" time="0.055" tests="1">
    <testcase classname=" import __init__.js j2 templates" name=" import __init__.js j2 templates" time="0">
    </testcase>
  </testsuite>
  <testsuite name="undefined" errors="0" failures="0" skipped="0" timestamp="2025-06-05T02:20:24" time="0.06" tests="1">
    <testcase classname=" import samples entrypoint" name=" import samples entrypoint" time="0">
    </testcase>
  </testsuite>
  <testsuite name="RGPD Hotellerie" errors="0" failures="0" skipped="0" timestamp="2025-06-05T02:20:24" time="0.063" tests="3">
    <testcase classname="RGPD Hotellerie doit anonymiser les exports" name="RGPD Hotellerie doit anonymiser les exports" time="0.001">
    </testcase>
    <testcase classname="RGPD Hotellerie doit gérer le consentement utilisateur" name="RGPD Hotellerie doit gérer le consentement utilisateur" time="0.001">
    </testcase>
    <testcase classname=" RGPD module est importable et fonctionnel" name=" RGPD module est importable et fonctionnel" time="0">
    </testcase>
  </testsuite>
  <testsuite name="undefined" errors="0" failures="0" skipped="0" timestamp="2025-06-05T02:20:24" time="0.052" tests="1">
    <testcase classname=" fixtures_validator sample test" name=" fixtures_validator sample test" time="0">
    </testcase>
  </testsuite>
  <testsuite name="undefined" errors="0" failures="0" skipped="0" timestamp="2025-06-05T02:20:24" time="0.055" tests="1">
    <testcase classname=" import samples entrypoint" name=" import samples entrypoint" time="0.001">
    </testcase>
  </testsuite>
  <testsuite name="undefined" errors="0" failures="0" skipped="0" timestamp="2025-06-05T02:20:24" time="0.054" tests="1">
    <testcase classname=" import samples entrypoint" name=" import samples entrypoint" time="0">
    </testcase>
  </testsuite>
  <testsuite name="undefined" errors="0" failures="0" skipped="0" timestamp="2025-06-05T02:20:24" time="0.056" tests="1">
    <testcase classname=" import samples entrypoint" name=" import samples entrypoint" time="0.001">
    </testcase>
  </testsuite>
  <testsuite name="undefined" errors="0" failures="0" skipped="0" timestamp="2025-06-05T02:20:24" time="0.041" tests="1">
    <testcase classname=" import mocks entrypoint" name=" import mocks entrypoint" time="0.001">
    </testcase>
  </testsuite>
  <testsuite name="undefined" errors="0" failures="0" skipped="0" timestamp="2025-06-05T02:20:24" time="0.132" tests="1">
    <testcase classname=" import impl entrypoint" name=" import impl entrypoint" time="0.001">
    </testcase>
  </testsuite>
  <testsuite name="undefined" errors="0" failures="0" skipped="0" timestamp="2025-06-05T02:20:24" time="0.079" tests="1">
    <testcase classname=" import samples entrypoint" name=" import samples entrypoint" time="0.001">
    </testcase>
  </testsuite>
  <testsuite name="undefined" errors="0" failures="0" skipped="0" timestamp="2025-06-05T02:20:24" time="0.071" tests="1">
    <testcase classname=" import samples entrypoint" name=" import samples entrypoint" time="0.001">
    </testcase>
  </testsuite>
  <testsuite name="undefined" errors="0" failures="0" skipped="0" timestamp="2025-06-05T02:20:24" time="0.081" tests="1">
    <testcase classname=" import guides entrypoint" name=" import guides entrypoint" time="0.003">
    </testcase>
  </testsuite>
  <testsuite name="undefined" errors="0" failures="0" skipped="0" timestamp="2025-06-05T02:20:24" time="0.052" tests="1">
    <testcase classname=" legacy_helper JS impl existe" name=" legacy_helper JS impl existe" time="0.001">
    </testcase>
  </testsuite>
  <testsuite name="undefined" errors="0" failures="0" skipped="0" timestamp="2025-06-05T02:20:24" time="0.079" tests="1">
    <testcase classname=" import guides entrypoint" name=" import guides entrypoint" time="0.001">
    </testcase>
  </testsuite>
  <testsuite name="undefined" errors="0" failures="0" skipped="0" timestamp="2025-06-05T02:20:24" time="0.082" tests="1">
    <testcase classname=" import guides entrypoint" name=" import guides entrypoint" time="0.001">
    </testcase>
  </testsuite>
  <testsuite name="undefined" errors="0" failures="0" skipped="0" timestamp="2025-06-05T02:20:24" time="0.051" tests="1">
    <testcase classname=" plugin fonctionne" name=" plugin fonctionne" time="0.001">
    </testcase>
  </testsuite>
  <testsuite name="undefined" errors="0" failures="0" skipped="0" timestamp="2025-06-05T02:20:24" time="0.101" tests="1">
    <testcase classname=" mockLegacyOperation renvoie mocked!" name=" mockLegacyOperation renvoie mocked!" time="0.001">
    </testcase>
  </testsuite>
  <testsuite name="undefined" errors="0" failures="0" skipped="0" timestamp="2025-06-05T02:20:24" time="0.062" tests="1">
    <testcase classname=" run fonctionne" name=" run fonctionne" time="0">
    </testcase>
  </testsuite>
  <testsuite name="undefined" errors="0" failures="0" skipped="0" timestamp="2025-06-05T02:20:24" time="0.088" tests="1">
    <testcase classname=" render fonctionne" name=" render fonctionne" time="0.001">
    </testcase>
  </testsuite>
  <testsuite name="undefined" errors="0" failures="0" skipped="0" timestamp="2025-06-05T02:20:24" time="0.062" tests="1">
    <testcase classname=" doc existe" name=" doc existe" time="0">
    </testcase>
  </testsuite>
  <testsuite name="undefined" errors="0" failures="0" skipped="0" timestamp="2025-06-05T02:20:24" time="0.07" tests="1">
    <testcase classname=" sample_legacy JS existe" name=" sample_legacy JS existe" time="0.001">
    </testcase>
  </testsuite>
  <testsuite name="undefined" errors="0" failures="0" skipped="0" timestamp="2025-06-05T02:20:24" time="0.058" tests="1">
    <testcase classname=" doc existe" name=" doc existe" time="0.001">
    </testcase>
  </testsuite>
  <testsuite name="undefined" errors="0" failures="0" skipped="0" timestamp="2025-06-05T02:20:25" time="0.037" tests="1">
    <testcase classname=" add fonctionne" name=" add fonctionne" time="0.001">
    </testcase>
  </testsuite>
  <testsuite name="undefined" errors="0" failures="0" skipped="0" timestamp="2025-06-05T02:20:25" time="0.04" tests="1">
    <testcase classname=" import samples" name=" import samples" time="0.001">
    </testcase>
  </testsuite>
</testsuites>