<?xml version="1.0" encoding="UTF-8"?>
<testsuites name="jest tests" tests="362" failures="83" errors="0" time="12.54">
  <testsuite name="Service principal threed (JS)" errors="0" failures="4" skipped="0" timestamp="2025-06-05T02:20:13" time="1.669" tests="8">
    <testcase classname="Service principal threed (JS) getthreedModel retourne un modèle" name="Service principal threed (JS) getthreedModel retourne un modèle" time="0.005">
      <failure>TypeError: service.getthreedModel is not a function
    at Object.getthreedModel (/workspaces/dihya.io/backend/components/metiers/threed/services/core/impl/service_threed.test.js:5:20)
    at Promise.then.completed (/workspaces/dihya.io/node_modules/jest-circus/build/utils.js:298:28)
    at new Promise (&lt;anonymous&gt;)
    at callAsyncCircusFn (/workspaces/dihya.io/node_modules/jest-circus/build/utils.js:231:10)
    at _callCircusTest (/workspaces/dihya.io/node_modules/jest-circus/build/run.js:316:40)
    at processTicksAndRejections (node:internal/process/task_queues:95:5)
    at _runTest (/workspaces/dihya.io/node_modules/jest-circus/build/run.js:252:3)
    at _runTestsForDescribeBlock (/workspaces/dihya.io/node_modules/jest-circus/build/run.js:126:9)
    at _runTestsForDescribeBlock (/workspaces/dihya.io/node_modules/jest-circus/build/run.js:121:9)
    at run (/workspaces/dihya.io/node_modules/jest-circus/build/run.js:71:3)
    at runAndTransformResultsToJestFormat (/workspaces/dihya.io/node_modules/jest-circus/build/legacy-code-todo-rewrite/jestAdapterInit.js:122:21)
    at jestAdapter (/workspaces/dihya.io/node_modules/jest-circus/build/legacy-code-todo-rewrite/jestAdapter.js:79:19)
    at runTestInternal (/workspaces/dihya.io/node_modules/jest-runner/build/runTest.js:367:16)
    at runTest (/workspaces/dihya.io/node_modules/jest-runner/build/runTest.js:444:34)
    at Object.worker (/workspaces/dihya.io/node_modules/jest-runner/build/testWorker.js:106:12)</failure>
    </testcase>
    <testcase classname="Service principal threed (JS) listthreedModels retourne 3 modèles" name="Service principal threed (JS) listthreedModels retourne 3 modèles" time="0">
      <failure>TypeError: service.listthreedModels is not a function
    at Object.listthreedModels (/workspaces/dihya.io/backend/components/metiers/threed/services/core/impl/service_threed.test.js:9:20)
    at Promise.then.completed (/workspaces/dihya.io/node_modules/jest-circus/build/utils.js:298:28)
    at new Promise (&lt;anonymous&gt;)
    at callAsyncCircusFn (/workspaces/dihya.io/node_modules/jest-circus/build/utils.js:231:10)
    at _callCircusTest (/workspaces/dihya.io/node_modules/jest-circus/build/run.js:316:40)
    at processTicksAndRejections (node:internal/process/task_queues:95:5)
    at _runTest (/workspaces/dihya.io/node_modules/jest-circus/build/run.js:252:3)
    at _runTestsForDescribeBlock (/workspaces/dihya.io/node_modules/jest-circus/build/run.js:126:9)
    at _runTestsForDescribeBlock (/workspaces/dihya.io/node_modules/jest-circus/build/run.js:121:9)
    at run (/workspaces/dihya.io/node_modules/jest-circus/build/run.js:71:3)
    at runAndTransformResultsToJestFormat (/workspaces/dihya.io/node_modules/jest-circus/build/legacy-code-todo-rewrite/jestAdapterInit.js:122:21)
    at jestAdapter (/workspaces/dihya.io/node_modules/jest-circus/build/legacy-code-todo-rewrite/jestAdapter.js:79:19)
    at runTestInternal (/workspaces/dihya.io/node_modules/jest-runner/build/runTest.js:367:16)
    at runTest (/workspaces/dihya.io/node_modules/jest-runner/build/runTest.js:444:34)
    at Object.worker (/workspaces/dihya.io/node_modules/jest-runner/build/testWorker.js:106:12)</failure>
    </testcase>
    <testcase classname="Service principal threed (JS) auditModel fonctionne" name="Service principal threed (JS) auditModel fonctionne" time="0">
      <failure>TypeError: service.auditModel is not a function
    at Object.auditModel (/workspaces/dihya.io/backend/components/metiers/threed/services/core/impl/service_threed.test.js:12:20)
    at Promise.then.completed (/workspaces/dihya.io/node_modules/jest-circus/build/utils.js:298:28)
    at new Promise (&lt;anonymous&gt;)
    at callAsyncCircusFn (/workspaces/dihya.io/node_modules/jest-circus/build/utils.js:231:10)
    at _callCircusTest (/workspaces/dihya.io/node_modules/jest-circus/build/run.js:316:40)
    at processTicksAndRejections (node:internal/process/task_queues:95:5)
    at _runTest (/workspaces/dihya.io/node_modules/jest-circus/build/run.js:252:3)
    at _runTestsForDescribeBlock (/workspaces/dihya.io/node_modules/jest-circus/build/run.js:126:9)
    at _runTestsForDescribeBlock (/workspaces/dihya.io/node_modules/jest-circus/build/run.js:121:9)
    at run (/workspaces/dihya.io/node_modules/jest-circus/build/run.js:71:3)
    at runAndTransformResultsToJestFormat (/workspaces/dihya.io/node_modules/jest-circus/build/legacy-code-todo-rewrite/jestAdapterInit.js:122:21)
    at jestAdapter (/workspaces/dihya.io/node_modules/jest-circus/build/legacy-code-todo-rewrite/jestAdapter.js:79:19)
    at runTestInternal (/workspaces/dihya.io/node_modules/jest-runner/build/runTest.js:367:16)
    at runTest (/workspaces/dihya.io/node_modules/jest-runner/build/runTest.js:444:34)
    at Object.worker (/workspaces/dihya.io/node_modules/jest-runner/build/testWorker.js:106:12)</failure>
    </testcase>
    <testcase classname="Service principal threed (JS) secureAccess contrôle l’accès" name="Service principal threed (JS) secureAccess contrôle l’accès" time="0">
      <failure>TypeError: service.secureAccess is not a function
    at Object.secureAccess (/workspaces/dihya.io/backend/components/metiers/threed/services/core/impl/service_threed.test.js:16:20)
    at Promise.then.completed (/workspaces/dihya.io/node_modules/jest-circus/build/utils.js:298:28)
    at new Promise (&lt;anonymous&gt;)
    at callAsyncCircusFn (/workspaces/dihya.io/node_modules/jest-circus/build/utils.js:231:10)
    at _callCircusTest (/workspaces/dihya.io/node_modules/jest-circus/build/run.js:316:40)
    at processTicksAndRejections (node:internal/process/task_queues:95:5)
    at _runTest (/workspaces/dihya.io/node_modules/jest-circus/build/run.js:252:3)
    at _runTestsForDescribeBlock (/workspaces/dihya.io/node_modules/jest-circus/build/run.js:126:9)
    at _runTestsForDescribeBlock (/workspaces/dihya.io/node_modules/jest-circus/build/run.js:121:9)
    at run (/workspaces/dihya.io/node_modules/jest-circus/build/run.js:71:3)
    at runAndTransformResultsToJestFormat (/workspaces/dihya.io/node_modules/jest-circus/build/legacy-code-todo-rewrite/jestAdapterInit.js:122:21)
    at jestAdapter (/workspaces/dihya.io/node_modules/jest-circus/build/legacy-code-todo-rewrite/jestAdapter.js:79:19)
    at runTestInternal (/workspaces/dihya.io/node_modules/jest-runner/build/runTest.js:367:16)
    at runTest (/workspaces/dihya.io/node_modules/jest-runner/build/runTest.js:444:34)
    at Object.worker (/workspaces/dihya.io/node_modules/jest-runner/build/testWorker.js:106:12)</failure>
    </testcase>
    <testcase classname="ServiceThreed doit s&apos;initialiser correctement" name="ServiceThreed doit s&apos;initialiser correctement" time="0.003">
    </testcase>
    <testcase classname="ServiceThreed doit initialiser la config et auditer" name="ServiceThreed doit initialiser la config et auditer" time="0.001">
    </testcase>
    <testcase classname="ServiceThreed doit traiter une opération valide et auditer" name="ServiceThreed doit traiter une opération valide et auditer" time="0.001">
    </testcase>
    <testcase classname="ServiceThreed doit lever une erreur sur une opération invalide et auditer" name="ServiceThreed doit lever une erreur sur une opération invalide et auditer" time="0.003">
    </testcase>
  </testsuite>
  <testsuite name="Helpers services Threed (JS)" errors="0" failures="5" skipped="0" timestamp="2025-06-05T02:20:13" time="1.725" tests="9">
    <testcase classname="Helpers services Threed (JS) getServiceStatus retourne ok" name="Helpers services Threed (JS) getServiceStatus retourne ok" time="0.005">
      <failure>TypeError: helper.getServiceStatus is not a function
    at Object.getServiceStatus (/workspaces/dihya.io/backend/components/metiers/threed/services/core/helpers/services_helper.test.js:5:19)
    at Promise.then.completed (/workspaces/dihya.io/node_modules/jest-circus/build/utils.js:298:28)
    at new Promise (&lt;anonymous&gt;)
    at callAsyncCircusFn (/workspaces/dihya.io/node_modules/jest-circus/build/utils.js:231:10)
    at _callCircusTest (/workspaces/dihya.io/node_modules/jest-circus/build/run.js:316:40)
    at processTicksAndRejections (node:internal/process/task_queues:95:5)
    at _runTest (/workspaces/dihya.io/node_modules/jest-circus/build/run.js:252:3)
    at _runTestsForDescribeBlock (/workspaces/dihya.io/node_modules/jest-circus/build/run.js:126:9)
    at _runTestsForDescribeBlock (/workspaces/dihya.io/node_modules/jest-circus/build/run.js:121:9)
    at run (/workspaces/dihya.io/node_modules/jest-circus/build/run.js:71:3)
    at runAndTransformResultsToJestFormat (/workspaces/dihya.io/node_modules/jest-circus/build/legacy-code-todo-rewrite/jestAdapterInit.js:122:21)
    at jestAdapter (/workspaces/dihya.io/node_modules/jest-circus/build/legacy-code-todo-rewrite/jestAdapter.js:79:19)
    at runTestInternal (/workspaces/dihya.io/node_modules/jest-runner/build/runTest.js:367:16)
    at runTest (/workspaces/dihya.io/node_modules/jest-runner/build/runTest.js:444:34)
    at Object.worker (/workspaces/dihya.io/node_modules/jest-runner/build/testWorker.js:106:12)</failure>
    </testcase>
    <testcase classname="Helpers services Threed (JS) simulateHeavyLoad génère 10000 caractères" name="Helpers services Threed (JS) simulateHeavyLoad génère 10000 caractères" time="0.001">
      <failure>TypeError: helper.simulateHeavyLoad is not a function
    at Object.simulateHeavyLoad (/workspaces/dihya.io/backend/components/metiers/threed/services/core/helpers/services_helper.test.js:8:19)
    at Promise.then.completed (/workspaces/dihya.io/node_modules/jest-circus/build/utils.js:298:28)
    at new Promise (&lt;anonymous&gt;)
    at callAsyncCircusFn (/workspaces/dihya.io/node_modules/jest-circus/build/utils.js:231:10)
    at _callCircusTest (/workspaces/dihya.io/node_modules/jest-circus/build/run.js:316:40)
    at processTicksAndRejections (node:internal/process/task_queues:95:5)
    at _runTest (/workspaces/dihya.io/node_modules/jest-circus/build/run.js:252:3)
    at _runTestsForDescribeBlock (/workspaces/dihya.io/node_modules/jest-circus/build/run.js:126:9)
    at _runTestsForDescribeBlock (/workspaces/dihya.io/node_modules/jest-circus/build/run.js:121:9)
    at run (/workspaces/dihya.io/node_modules/jest-circus/build/run.js:71:3)
    at runAndTransformResultsToJestFormat (/workspaces/dihya.io/node_modules/jest-circus/build/legacy-code-todo-rewrite/jestAdapterInit.js:122:21)
    at jestAdapter (/workspaces/dihya.io/node_modules/jest-circus/build/legacy-code-todo-rewrite/jestAdapter.js:79:19)
    at runTestInternal (/workspaces/dihya.io/node_modules/jest-runner/build/runTest.js:367:16)
    at runTest (/workspaces/dihya.io/node_modules/jest-runner/build/runTest.js:444:34)
    at Object.worker (/workspaces/dihya.io/node_modules/jest-runner/build/testWorker.js:106:12)</failure>
    </testcase>
    <testcase classname="Helpers services Threed (JS) auditService retourne un audit" name="Helpers services Threed (JS) auditService retourne un audit" time="0.001">
      <failure>TypeError: helper.auditService is not a function
    at Object.auditService (/workspaces/dihya.io/backend/components/metiers/threed/services/core/helpers/services_helper.test.js:11:19)
    at Promise.then.completed (/workspaces/dihya.io/node_modules/jest-circus/build/utils.js:298:28)
    at new Promise (&lt;anonymous&gt;)
    at callAsyncCircusFn (/workspaces/dihya.io/node_modules/jest-circus/build/utils.js:231:10)
    at _callCircusTest (/workspaces/dihya.io/node_modules/jest-circus/build/run.js:316:40)
    at processTicksAndRejections (node:internal/process/task_queues:95:5)
    at _runTest (/workspaces/dihya.io/node_modules/jest-circus/build/run.js:252:3)
    at _runTestsForDescribeBlock (/workspaces/dihya.io/node_modules/jest-circus/build/run.js:126:9)
    at _runTestsForDescribeBlock (/workspaces/dihya.io/node_modules/jest-circus/build/run.js:121:9)
    at run (/workspaces/dihya.io/node_modules/jest-circus/build/run.js:71:3)
    at runAndTransformResultsToJestFormat (/workspaces/dihya.io/node_modules/jest-circus/build/legacy-code-todo-rewrite/jestAdapterInit.js:122:21)
    at jestAdapter (/workspaces/dihya.io/node_modules/jest-circus/build/legacy-code-todo-rewrite/jestAdapter.js:79:19)
    at runTestInternal (/workspaces/dihya.io/node_modules/jest-runner/build/runTest.js:367:16)
    at runTest (/workspaces/dihya.io/node_modules/jest-runner/build/runTest.js:444:34)
    at Object.worker (/workspaces/dihya.io/node_modules/jest-runner/build/testWorker.js:106:12)</failure>
    </testcase>
    <testcase classname="Helpers services Threed (JS) simulateExtremeLoad génère 100000 caractères" name="Helpers services Threed (JS) simulateExtremeLoad génère 100000 caractères" time="0.001">
      <failure>TypeError: helper.simulateExtremeLoad is not a function
    at Object.simulateExtremeLoad (/workspaces/dihya.io/backend/components/metiers/threed/services/core/helpers/services_helper.test.js:14:19)
    at Promise.then.completed (/workspaces/dihya.io/node_modules/jest-circus/build/utils.js:298:28)
    at new Promise (&lt;anonymous&gt;)
    at callAsyncCircusFn (/workspaces/dihya.io/node_modules/jest-circus/build/utils.js:231:10)
    at _callCircusTest (/workspaces/dihya.io/node_modules/jest-circus/build/run.js:316:40)
    at processTicksAndRejections (node:internal/process/task_queues:95:5)
    at _runTest (/workspaces/dihya.io/node_modules/jest-circus/build/run.js:252:3)
    at _runTestsForDescribeBlock (/workspaces/dihya.io/node_modules/jest-circus/build/run.js:126:9)
    at _runTestsForDescribeBlock (/workspaces/dihya.io/node_modules/jest-circus/build/run.js:121:9)
    at run (/workspaces/dihya.io/node_modules/jest-circus/build/run.js:71:3)
    at runAndTransformResultsToJestFormat (/workspaces/dihya.io/node_modules/jest-circus/build/legacy-code-todo-rewrite/jestAdapterInit.js:122:21)
    at jestAdapter (/workspaces/dihya.io/node_modules/jest-circus/build/legacy-code-todo-rewrite/jestAdapter.js:79:19)
    at runTestInternal (/workspaces/dihya.io/node_modules/jest-runner/build/runTest.js:367:16)
    at runTest (/workspaces/dihya.io/node_modules/jest-runner/build/runTest.js:444:34)
    at Object.worker (/workspaces/dihya.io/node_modules/jest-runner/build/testWorker.js:106:12)</failure>
    </testcase>
    <testcase classname="Helpers services Threed (JS) checkAccess contrôle les droits" name="Helpers services Threed (JS) checkAccess contrôle les droits" time="0.001">
      <failure>TypeError: helper.checkAccess is not a function
    at Object.checkAccess (/workspaces/dihya.io/backend/components/metiers/threed/services/core/helpers/services_helper.test.js:17:19)
    at Promise.then.completed (/workspaces/dihya.io/node_modules/jest-circus/build/utils.js:298:28)
    at new Promise (&lt;anonymous&gt;)
    at callAsyncCircusFn (/workspaces/dihya.io/node_modules/jest-circus/build/utils.js:231:10)
    at _callCircusTest (/workspaces/dihya.io/node_modules/jest-circus/build/run.js:316:40)
    at processTicksAndRejections (node:internal/process/task_queues:95:5)
    at _runTest (/workspaces/dihya.io/node_modules/jest-circus/build/run.js:252:3)
    at _runTestsForDescribeBlock (/workspaces/dihya.io/node_modules/jest-circus/build/run.js:126:9)
    at _runTestsForDescribeBlock (/workspaces/dihya.io/node_modules/jest-circus/build/run.js:121:9)
    at run (/workspaces/dihya.io/node_modules/jest-circus/build/run.js:71:3)
    at runAndTransformResultsToJestFormat (/workspaces/dihya.io/node_modules/jest-circus/build/legacy-code-todo-rewrite/jestAdapterInit.js:122:21)
    at jestAdapter (/workspaces/dihya.io/node_modules/jest-circus/build/legacy-code-todo-rewrite/jestAdapter.js:79:19)
    at runTestInternal (/workspaces/dihya.io/node_modules/jest-runner/build/runTest.js:367:16)
    at runTest (/workspaces/dihya.io/node_modules/jest-runner/build/runTest.js:444:34)
    at Object.worker (/workspaces/dihya.io/node_modules/jest-runner/build/testWorker.js:106:12)</failure>
    </testcase>
    <testcase classname="ServicesHelper doit s&apos;initialiser correctement" name="ServicesHelper doit s&apos;initialiser correctement" time="0.002">
    </testcase>
    <testcase classname="ServicesHelper doit initialiser la config et auditer" name="ServicesHelper doit initialiser la config et auditer" time="0.001">
    </testcase>
    <testcase classname="ServicesHelper doit assister une opération valide et auditer" name="ServicesHelper doit assister une opération valide et auditer" time="0.001">
    </testcase>
    <testcase classname="ServicesHelper doit lever une erreur sur une opération invalide et auditer" name="ServicesHelper doit lever une erreur sur une opération invalide et auditer" time="0.003">
    </testcase>
  </testsuite>
  <testsuite name="Exporter Threed" errors="0" failures="0" skipped="0" timestamp="2025-06-05T02:20:15" time="0.203" tests="4">
    <testcase classname="Exporter Threed doit exporter en JSON" name="Exporter Threed doit exporter en JSON" time="0.002">
    </testcase>
    <testcase classname="Exporter Threed doit exporter en CSV" name="Exporter Threed doit exporter en CSV" time="0.001">
    </testcase>
    <testcase classname="Exporter Threed doit anonymiser les données RGPD" name="Exporter Threed doit anonymiser les données RGPD" time="0.001">
    </testcase>
    <testcase classname="Exporter Threed doit gérer le cas d’un tableau vide" name="Exporter Threed doit gérer le cas d’un tableau vide" time="0">
    </testcase>
  </testsuite>
  <testsuite name="Helpers templates Threed (JS)" errors="0" failures="3" skipped="0" timestamp="2025-06-05T02:20:15" time="0.258" tests="7">
    <testcase classname="Helpers templates Threed (JS) renderTemplate fonctionne" name="Helpers templates Threed (JS) renderTemplate fonctionne" time="0.01">
      <failure>Error: expect(received).toBe(expected) // Object.is equality

Expected: &quot;function&quot;
Received: &quot;undefined&quot;
    at Object.toBe (/workspaces/dihya.io/backend/components/metiers/threed/templates/helpers/core/templates_helper.test.js:5:42)
    at Promise.then.completed (/workspaces/dihya.io/node_modules/jest-circus/build/utils.js:298:28)
    at new Promise (&lt;anonymous&gt;)
    at callAsyncCircusFn (/workspaces/dihya.io/node_modules/jest-circus/build/utils.js:231:10)
    at _callCircusTest (/workspaces/dihya.io/node_modules/jest-circus/build/run.js:316:40)
    at processTicksAndRejections (node:internal/process/task_queues:95:5)
    at _runTest (/workspaces/dihya.io/node_modules/jest-circus/build/run.js:252:3)
    at _runTestsForDescribeBlock (/workspaces/dihya.io/node_modules/jest-circus/build/run.js:126:9)
    at _runTestsForDescribeBlock (/workspaces/dihya.io/node_modules/jest-circus/build/run.js:121:9)
    at run (/workspaces/dihya.io/node_modules/jest-circus/build/run.js:71:3)
    at runAndTransformResultsToJestFormat (/workspaces/dihya.io/node_modules/jest-circus/build/legacy-code-todo-rewrite/jestAdapterInit.js:122:21)
    at jestAdapter (/workspaces/dihya.io/node_modules/jest-circus/build/legacy-code-todo-rewrite/jestAdapter.js:79:19)
    at runTestInternal (/workspaces/dihya.io/node_modules/jest-runner/build/runTest.js:367:16)
    at runTest (/workspaces/dihya.io/node_modules/jest-runner/build/runTest.js:444:34)
    at Object.worker (/workspaces/dihya.io/node_modules/jest-runner/build/testWorker.js:106:12)</failure>
    </testcase>
    <testcase classname="Helpers templates Threed (JS) isValidTemplate fonctionne" name="Helpers templates Threed (JS) isValidTemplate fonctionne" time="0">
      <failure>TypeError: helper.isValidTemplate is not a function
    at Object.isValidTemplate (/workspaces/dihya.io/backend/components/metiers/threed/templates/helpers/core/templates_helper.test.js:8:19)
    at Promise.then.completed (/workspaces/dihya.io/node_modules/jest-circus/build/utils.js:298:28)
    at new Promise (&lt;anonymous&gt;)
    at callAsyncCircusFn (/workspaces/dihya.io/node_modules/jest-circus/build/utils.js:231:10)
    at _callCircusTest (/workspaces/dihya.io/node_modules/jest-circus/build/run.js:316:40)
    at processTicksAndRejections (node:internal/process/task_queues:95:5)
    at _runTest (/workspaces/dihya.io/node_modules/jest-circus/build/run.js:252:3)
    at _runTestsForDescribeBlock (/workspaces/dihya.io/node_modules/jest-circus/build/run.js:126:9)
    at _runTestsForDescribeBlock (/workspaces/dihya.io/node_modules/jest-circus/build/run.js:121:9)
    at run (/workspaces/dihya.io/node_modules/jest-circus/build/run.js:71:3)
    at runAndTransformResultsToJestFormat (/workspaces/dihya.io/node_modules/jest-circus/build/legacy-code-todo-rewrite/jestAdapterInit.js:122:21)
    at jestAdapter (/workspaces/dihya.io/node_modules/jest-circus/build/legacy-code-todo-rewrite/jestAdapter.js:79:19)
    at runTestInternal (/workspaces/dihya.io/node_modules/jest-runner/build/runTest.js:367:16)
    at runTest (/workspaces/dihya.io/node_modules/jest-runner/build/runTest.js:444:34)
    at Object.worker (/workspaces/dihya.io/node_modules/jest-runner/build/testWorker.js:106:12)</failure>
    </testcase>
    <testcase classname="Helpers templates Threed (JS) mockTemplateContext retourne un objet" name="Helpers templates Threed (JS) mockTemplateContext retourne un objet" time="0.001">
      <failure>TypeError: helper.mockTemplateContext is not a function
    at Object.mockTemplateContext (/workspaces/dihya.io/backend/components/metiers/threed/templates/helpers/core/templates_helper.test.js:13:26)
    at Promise.then.completed (/workspaces/dihya.io/node_modules/jest-circus/build/utils.js:298:28)
    at new Promise (&lt;anonymous&gt;)
    at callAsyncCircusFn (/workspaces/dihya.io/node_modules/jest-circus/build/utils.js:231:10)
    at _callCircusTest (/workspaces/dihya.io/node_modules/jest-circus/build/run.js:316:40)
    at processTicksAndRejections (node:internal/process/task_queues:95:5)
    at _runTest (/workspaces/dihya.io/node_modules/jest-circus/build/run.js:252:3)
    at _runTestsForDescribeBlock (/workspaces/dihya.io/node_modules/jest-circus/build/run.js:126:9)
    at _runTestsForDescribeBlock (/workspaces/dihya.io/node_modules/jest-circus/build/run.js:121:9)
    at run (/workspaces/dihya.io/node_modules/jest-circus/build/run.js:71:3)
    at runAndTransformResultsToJestFormat (/workspaces/dihya.io/node_modules/jest-circus/build/legacy-code-todo-rewrite/jestAdapterInit.js:122:21)
    at jestAdapter (/workspaces/dihya.io/node_modules/jest-circus/build/legacy-code-todo-rewrite/jestAdapter.js:79:19)
    at runTestInternal (/workspaces/dihya.io/node_modules/jest-runner/build/runTest.js:367:16)
    at runTest (/workspaces/dihya.io/node_modules/jest-runner/build/runTest.js:444:34)
    at Object.worker (/workspaces/dihya.io/node_modules/jest-runner/build/testWorker.js:106:12)</failure>
    </testcase>
    <testcase classname="TemplatesHelper doit s&apos;initialiser correctement" name="TemplatesHelper doit s&apos;initialiser correctement" time="0.001">
    </testcase>
    <testcase classname="TemplatesHelper doit initialiser la config et auditer" name="TemplatesHelper doit initialiser la config et auditer" time="0.001">
    </testcase>
    <testcase classname="TemplatesHelper doit assister une opération valide et auditer" name="TemplatesHelper doit assister une opération valide et auditer" time="0.001">
    </testcase>
    <testcase classname="TemplatesHelper doit lever une erreur sur une opération invalide et auditer" name="TemplatesHelper doit lever une erreur sur une opération invalide et auditer" time="0.009">
    </testcase>
  </testsuite>
  <testsuite name="core_utils – Génération d’ID" errors="0" failures="0" skipped="0" timestamp="2025-06-05T02:20:15" time="0.225" tests="5">
    <testcase classname="core_utils – Génération d’ID génère un ID unique avec préfixe" name="core_utils – Génération d’ID génère un ID unique avec préfixe" time="0.002">
    </testcase>
    <testcase classname="core_utils – deepClone clone profondément un objet" name="core_utils – deepClone clone profondément un objet" time="0.001">
    </testcase>
    <testcase classname="core_utils – isValidEmail valide les emails corrects" name="core_utils – isValidEmail valide les emails corrects" time="0">
    </testcase>
    <testcase classname="core_utils – isValidEmail rejette les emails invalides" name="core_utils – isValidEmail rejette les emails invalides" time="0.001">
    </testcase>
    <testcase classname="core_utils – auditLog génère un log d’audit conforme" name="core_utils – auditLog génère un log d’audit conforme" time="0.002">
    </testcase>
  </testsuite>
  <testsuite name="PluginManager" errors="0" failures="0" skipped="0" timestamp="2025-06-05T02:20:15" time="0.209" tests="5">
    <testcase classname="PluginManager enregistre et récupère un plugin" name="PluginManager enregistre et récupère un plugin" time="0.01">
    </testcase>
    <testcase classname="PluginManager liste les plugins" name="PluginManager liste les plugins" time="0.001">
    </testcase>
    <testcase classname="PluginManager exécute un plugin" name="PluginManager exécute un plugin" time="0">
    </testcase>
    <testcase classname="PluginManager désenregistre un plugin" name="PluginManager désenregistre un plugin" time="0.001">
    </testcase>
    <testcase classname="PluginManager lance une erreur si plugin non trouvé" name="PluginManager lance une erreur si plugin non trouvé" time="0.008">
    </testcase>
  </testsuite>
  <testsuite name="rbac_utils – Permissions" errors="0" failures="0" skipped="0" timestamp="2025-06-05T02:20:15" time="0.185" tests="4">
    <testcase classname="rbac_utils – Permissions admin a toutes les permissions" name="rbac_utils – Permissions admin a toutes les permissions" time="0.005">
    </testcase>
    <testcase classname="rbac_utils – Permissions auditor peut lire et auditer, mais pas écrire" name="rbac_utils – Permissions auditor peut lire et auditer, mais pas écrire" time="0.001">
    </testcase>
    <testcase classname="rbac_utils – Permissions multi-rôles hérite de toutes les permissions" name="rbac_utils – Permissions multi-rôles hérite de toutes les permissions" time="0">
    </testcase>
    <testcase classname="rbac_utils – Permissions getUserPermissions retourne toutes les permissions uniques" name="rbac_utils – Permissions getUserPermissions retourne toutes les permissions uniques" time="0.001">
    </testcase>
  </testsuite>
  <testsuite name="Services d&apos;environnement (fixtures avancés)" errors="0" failures="0" skipped="0" timestamp="2025-06-05T02:20:15" time="0.226" tests="2">
    <testcase classname="Services d&apos;environnement (fixtures avancés) La liste des services est définie, non vide et bien structurée" name="Services d&apos;environnement (fixtures avancés) La liste des services est définie, non vide et bien structurée" time="0.005">
    </testcase>
    <testcase classname="Services d&apos;environnement (fixtures avancés) Tous les services doivent avoir un statut valide" name="Services d&apos;environnement (fixtures avancés) Tous les services doivent avoir un statut valide" time="0.001">
    </testcase>
  </testsuite>
  <testsuite name="RBAC – Logique métier" errors="0" failures="0" skipped="0" timestamp="2025-06-05T02:20:15" time="0.239" tests="3">
    <testcase classname="RBAC – Logique métier admin a toutes les permissions" name="RBAC – Logique métier admin a toutes les permissions" time="0.001">
    </testcase>
    <testcase classname="RBAC – Logique métier editor ne peut pas supprimer ni gérer les utilisateurs" name="RBAC – Logique métier editor ne peut pas supprimer ni gérer les utilisateurs" time="0">
    </testcase>
    <testcase classname="RBAC – Logique métier viewer ne peut que lire" name="RBAC – Logique métier viewer ne peut que lire" time="0.001">
    </testcase>
  </testsuite>
  <testsuite name="ApiService" errors="0" failures="1" skipped="0" timestamp="2025-06-05T02:20:15" time="0.18" tests="3">
    <testcase classname="ApiService doit s&apos;initialiser correctement" name="ApiService doit s&apos;initialiser correctement" time="0.001">
    </testcase>
    <testcase classname="ApiService doit auditer et retourner une erreur sur requête invalide" name="ApiService doit auditer et retourner une erreur sur requête invalide" time="0.003">
    </testcase>
    <testcase classname="ApiService doit traiter une requête valide et auditer" name="ApiService doit traiter une requête valide et auditer" time="0.001">
      <failure>TypeError: Cannot read properties of undefined (reading &apos;action&apos;)
    at Object.&lt;anonymous&gt; (/workspaces/dihya.io/backend/components/metiers/threed/services/core/api/api_service.test.js:26:34)
    at Promise.then.completed (/workspaces/dihya.io/node_modules/jest-circus/build/utils.js:298:28)
    at new Promise (&lt;anonymous&gt;)
    at callAsyncCircusFn (/workspaces/dihya.io/node_modules/jest-circus/build/utils.js:231:10)
    at _callCircusTest (/workspaces/dihya.io/node_modules/jest-circus/build/run.js:316:40)
    at processTicksAndRejections (node:internal/process/task_queues:95:5)
    at _runTest (/workspaces/dihya.io/node_modules/jest-circus/build/run.js:252:3)
    at _runTestsForDescribeBlock (/workspaces/dihya.io/node_modules/jest-circus/build/run.js:126:9)
    at _runTestsForDescribeBlock (/workspaces/dihya.io/node_modules/jest-circus/build/run.js:121:9)
    at run (/workspaces/dihya.io/node_modules/jest-circus/build/run.js:71:3)
    at runAndTransformResultsToJestFormat (/workspaces/dihya.io/node_modules/jest-circus/build/legacy-code-todo-rewrite/jestAdapterInit.js:122:21)
    at jestAdapter (/workspaces/dihya.io/node_modules/jest-circus/build/legacy-code-todo-rewrite/jestAdapter.js:79:19)
    at runTestInternal (/workspaces/dihya.io/node_modules/jest-runner/build/runTest.js:367:16)
    at runTest (/workspaces/dihya.io/node_modules/jest-runner/build/runTest.js:444:34)
    at Object.worker (/workspaces/dihya.io/node_modules/jest-runner/build/testWorker.js:106:12)</failure>
    </testcase>
  </testsuite>
  <testsuite name="sample_utils – Génération d’utilisateur" errors="0" failures="0" skipped="0" timestamp="2025-06-05T02:20:15" time="0.192" tests="3">
    <testcase classname="sample_utils – Génération d’utilisateur génère un utilisateur conforme" name="sample_utils – Génération d’utilisateur génère un utilisateur conforme" time="0.004">
    </testcase>
    <testcase classname="sample_utils – Audit action génère un log d’audit conforme" name="sample_utils – Audit action génère un log d’audit conforme" time="0.001">
    </testcase>
    <testcase classname="sample_utils – Permission check vérifie la permission audit" name="sample_utils – Permission check vérifie la permission audit" time="0">
    </testcase>
  </testsuite>
  <testsuite name="Helpers services Threed (JS)" errors="0" failures="0" skipped="0" timestamp="2025-06-05T02:20:15" time="0.159" tests="5">
    <testcase classname="Helpers services Threed (JS) getServiceStatus retourne ok" name="Helpers services Threed (JS) getServiceStatus retourne ok" time="0.001">
    </testcase>
    <testcase classname="Helpers services Threed (JS) simulateHeavyLoad génère 10000 caractères" name="Helpers services Threed (JS) simulateHeavyLoad génère 10000 caractères" time="0">
    </testcase>
    <testcase classname="Helpers services Threed (JS) auditService retourne un audit" name="Helpers services Threed (JS) auditService retourne un audit" time="0.001">
    </testcase>
    <testcase classname="Helpers services Threed (JS) simulateExtremeLoad génère 100000 caractères" name="Helpers services Threed (JS) simulateExtremeLoad génère 100000 caractères" time="0.011">
    </testcase>
    <testcase classname="Helpers services Threed (JS) checkAccess contrôle les droits" name="Helpers services Threed (JS) checkAccess contrôle les droits" time="0.007">
    </testcase>
  </testsuite>
  <testsuite name="ThreedController ultra avancé" errors="0" failures="0" skipped="0" timestamp="2025-06-05T02:20:15" time="0.522" tests="2">
    <testcase classname="ThreedController ultra avancé valide le cycle complet (read, create, update, delete)" name="ThreedController ultra avancé valide le cycle complet (read, create, update, delete)" time="0.009">
    </testcase>
    <testcase classname="ThreedController ultra avancé rejette une entité invalide" name="ThreedController ultra avancé rejette une entité invalide" time="0.023">
    </testcase>
  </testsuite>
  <testsuite name="SampleService" errors="0" failures="0" skipped="0" timestamp="2025-06-05T02:20:16" time="0.193" tests="3">
    <testcase classname="SampleService doit s&apos;initialiser correctement" name="SampleService doit s&apos;initialiser correctement" time="0.001">
    </testcase>
    <testcase classname="SampleService doit initialiser la config" name="SampleService doit initialiser la config" time="0.001">
    </testcase>
    <testcase classname="SampleService doit exécuter le run sample" name="SampleService doit exécuter le run sample" time="0">
    </testcase>
  </testsuite>
  <testsuite name="RBAC – Intégration et conformité" errors="0" failures="0" skipped="0" timestamp="2025-06-05T02:20:16" time="0.063" tests="3">
    <testcase classname="RBAC – Intégration et conformité un utilisateur multi-rôles hérite de toutes les permissions de ses rôles" name="RBAC – Intégration et conformité un utilisateur multi-rôles hérite de toutes les permissions de ses rôles" time="0.004">
    </testcase>
    <testcase classname="RBAC – Intégration et conformité aucun accès sans rôle" name="RBAC – Intégration et conformité aucun accès sans rôle" time="0">
    </testcase>
    <testcase classname="RBAC – Intégration et conformité retourne false si user est null ou mal formé" name="RBAC – Intégration et conformité retourne false si user est null ou mal formé" time="0">
    </testcase>
  </testsuite>
  <testsuite name="fixtures.generator.js" errors="0" failures="0" skipped="0" timestamp="2025-06-05T02:20:16" time="0.097" tests="2">
    <testcase classname="fixtures.generator.js génère un modèle threed dynamique avancé" name="fixtures.generator.js génère un modèle threed dynamique avancé" time="0.001">
    </testcase>
    <testcase classname="fixtures.generator.js génère un utilisateur avancé" name="fixtures.generator.js génère un utilisateur avancé" time="0.001">
    </testcase>
  </testsuite>
  <testsuite name="Admin Threed" errors="0" failures="2" skipped="0" timestamp="2025-06-05T02:20:15" time="0.601" tests="2">
    <testcase classname="Admin Threed doit effectuer une action admin supportée" name="Admin Threed doit effectuer une action admin supportée" time="0.046">
      <failure>Error: expect(received).toBe(expected) // Object.is equality

Expected: 200
Received: 404
    at toBe (/workspaces/dihya.io/backend/components/metiers/threed/utils/views/admin/admin_views.test.js:15:28)
    at /workspaces/dihya.io/node_modules/@babel/runtime/helpers/regeneratorRuntime.js:52:18
    at Generator.&lt;anonymous&gt; (/workspaces/dihya.io/node_modules/@babel/runtime/helpers/regenerator.js:52:51)
    at Generator.next (/workspaces/dihya.io/node_modules/@babel/runtime/helpers/regeneratorDefine.js:17:23)
    at asyncGeneratorStep (/workspaces/dihya.io/node_modules/@babel/runtime/helpers/asyncToGenerator.js:3:17)
    at _next (/workspaces/dihya.io/node_modules/@babel/runtime/helpers/asyncToGenerator.js:17:9)
    at processTicksAndRejections (node:internal/process/task_queues:95:5)</failure>
    </testcase>
    <testcase classname="Admin Threed refuse une action non supportée" name="Admin Threed refuse une action non supportée" time="0.005">
      <failure>Error: expect(received).toBe(expected) // Object.is equality

Expected: 400
Received: 404
    at toBe (/workspaces/dihya.io/backend/components/metiers/threed/utils/views/admin/admin_views.test.js:25:28)
    at /workspaces/dihya.io/node_modules/@babel/runtime/helpers/regeneratorRuntime.js:52:18
    at Generator.&lt;anonymous&gt; (/workspaces/dihya.io/node_modules/@babel/runtime/helpers/regenerator.js:52:51)
    at Generator.next (/workspaces/dihya.io/node_modules/@babel/runtime/helpers/regeneratorDefine.js:17:23)
    at asyncGeneratorStep (/workspaces/dihya.io/node_modules/@babel/runtime/helpers/asyncToGenerator.js:3:17)
    at _next (/workspaces/dihya.io/node_modules/@babel/runtime/helpers/asyncToGenerator.js:17:9)
    at processTicksAndRejections (node:internal/process/task_queues:95:5)</failure>
    </testcase>
  </testsuite>
  <testsuite name="undefined" errors="0" failures="2" skipped="0" timestamp="2025-06-05T02:20:16" time="0.157" tests="4">
    <testcase classname=" metierLegacyCore fonctionne" name=" metierLegacyCore fonctionne" time="0.007">
      <failure>Error: expect(received).toEqual(expected) // deep equality

- Expected  - 0
+ Received  + 1

  Object {
+   &quot;_audit&quot;: &quot;legacy_core_v1&quot;,
    &quot;a&quot;: 1,
    &quot;legacy&quot;: true,
  }
    at Object.toEqual (/workspaces/dihya.io/backend/components/metiers/threed/legacy/core/core_legacy.test.js:4:38)
    at Promise.then.completed (/workspaces/dihya.io/node_modules/jest-circus/build/utils.js:298:28)
    at new Promise (&lt;anonymous&gt;)
    at callAsyncCircusFn (/workspaces/dihya.io/node_modules/jest-circus/build/utils.js:231:10)
    at _callCircusTest (/workspaces/dihya.io/node_modules/jest-circus/build/run.js:316:40)
    at processTicksAndRejections (node:internal/process/task_queues:95:5)
    at _runTest (/workspaces/dihya.io/node_modules/jest-circus/build/run.js:252:3)
    at _runTestsForDescribeBlock (/workspaces/dihya.io/node_modules/jest-circus/build/run.js:126:9)
    at run (/workspaces/dihya.io/node_modules/jest-circus/build/run.js:71:3)
    at runAndTransformResultsToJestFormat (/workspaces/dihya.io/node_modules/jest-circus/build/legacy-code-todo-rewrite/jestAdapterInit.js:122:21)
    at jestAdapter (/workspaces/dihya.io/node_modules/jest-circus/build/legacy-code-todo-rewrite/jestAdapter.js:79:19)
    at runTestInternal (/workspaces/dihya.io/node_modules/jest-runner/build/runTest.js:367:16)
    at runTest (/workspaces/dihya.io/node_modules/jest-runner/build/runTest.js:444:34)
    at Object.worker (/workspaces/dihya.io/node_modules/jest-runner/build/testWorker.js:106:12)</failure>
    </testcase>
    <testcase classname=" metierLegacyCore RGPD anonymise" name=" metierLegacyCore RGPD anonymise" time="0.001">
    </testcase>
    <testcase classname=" metierLegacyCore accessibilité" name=" metierLegacyCore accessibilité" time="0.001">
    </testcase>
    <testcase classname=" metierLegacyCore edge case vide" name=" metierLegacyCore edge case vide" time="0.002">
      <failure>Error: expect(received).toEqual(expected) // deep equality

- Expected  - 1
+ Received  + 1

  Object {
-   &quot;empty&quot;: true,
+   &quot;_audit&quot;: &quot;legacy_core_v1&quot;,
    &quot;legacy&quot;: true,
  }
    at Object.toEqual (/workspaces/dihya.io/backend/components/metiers/threed/legacy/core/core_legacy.test.js:14:32)
    at Promise.then.completed (/workspaces/dihya.io/node_modules/jest-circus/build/utils.js:298:28)
    at new Promise (&lt;anonymous&gt;)
    at callAsyncCircusFn (/workspaces/dihya.io/node_modules/jest-circus/build/utils.js:231:10)
    at _callCircusTest (/workspaces/dihya.io/node_modules/jest-circus/build/run.js:316:40)
    at processTicksAndRejections (node:internal/process/task_queues:95:5)
    at _runTest (/workspaces/dihya.io/node_modules/jest-circus/build/run.js:252:3)
    at _runTestsForDescribeBlock (/workspaces/dihya.io/node_modules/jest-circus/build/run.js:126:9)
    at run (/workspaces/dihya.io/node_modules/jest-circus/build/run.js:71:3)
    at runAndTransformResultsToJestFormat (/workspaces/dihya.io/node_modules/jest-circus/build/legacy-code-todo-rewrite/jestAdapterInit.js:122:21)
    at jestAdapter (/workspaces/dihya.io/node_modules/jest-circus/build/legacy-code-todo-rewrite/jestAdapter.js:79:19)
    at runTestInternal (/workspaces/dihya.io/node_modules/jest-runner/build/runTest.js:367:16)
    at runTest (/workspaces/dihya.io/node_modules/jest-runner/build/runTest.js:444:34)
    at Object.worker (/workspaces/dihya.io/node_modules/jest-runner/build/testWorker.js:106:12)</failure>
    </testcase>
  </testsuite>
  <testsuite name="SamplePlugin" errors="0" failures="0" skipped="0" timestamp="2025-06-05T02:20:16" time="0.117" tests="3">
    <testcase classname="SamplePlugin doit s&apos;initialiser correctement" name="SamplePlugin doit s&apos;initialiser correctement" time="0.001">
    </testcase>
    <testcase classname="SamplePlugin doit initialiser la config" name="SamplePlugin doit initialiser la config" time="0">
    </testcase>
    <testcase classname="SamplePlugin doit exécuter le run sample" name="SamplePlugin doit exécuter le run sample" time="0.004">
    </testcase>
  </testsuite>
  <testsuite name="i18n_utils – Traduction" errors="0" failures="0" skipped="0" timestamp="2025-06-05T02:20:16" time="0.062" tests="3">
    <testcase classname="i18n_utils – Traduction traduit dans toutes les langues supportées" name="i18n_utils – Traduction traduit dans toutes les langues supportées" time="0.001">
    </testcase>
    <testcase classname="i18n_utils – Traduction retourne le message brut si langue non supportée" name="i18n_utils – Traduction retourne le message brut si langue non supportée" time="0">
    </testcase>
    <testcase classname="i18n_utils – Langues supportées reconnaît les langues supportées" name="i18n_utils – Langues supportées reconnaît les langues supportées" time="0.001">
    </testcase>
  </testsuite>
  <testsuite name="DB API Threed" errors="0" failures="0" skipped="0" timestamp="2025-06-05T02:20:16" time="0.084" tests="4">
    <testcase classname="DB API Threed findById retourne une entité" name="DB API Threed findById retourne une entité" time="0.001">
    </testcase>
    <testcase classname="DB API Threed insert ajoute une entité" name="DB API Threed insert ajoute une entité" time="0.001">
    </testcase>
    <testcase classname="DB API Threed update modifie une entité" name="DB API Threed update modifie une entité" time="0.001">
    </testcase>
    <testcase classname="DB API Threed delete supprime une entité" name="DB API Threed delete supprime une entité" time="0">
    </testcase>
  </testsuite>
  <testsuite name="Services Environnement (clé en main)" errors="0" failures="2" skipped="0" timestamp="2025-06-05T02:20:16" time="0.078" tests="2">
    <testcase classname="Services Environnement (clé en main) getEnvironnement retourne la config attendue" name="Services Environnement (clé en main) getEnvironnement retourne la config attendue" time="0">
      <failure>TypeError: getEnvironnement is not a function
    at Object.getEnvironnement (/workspaces/dihya.io/backend/components/metiers/threed/fixtures/services/core/services_environnement.test.js:12:17)
    at Promise.then.completed (/workspaces/dihya.io/node_modules/jest-circus/build/utils.js:298:28)
    at new Promise (&lt;anonymous&gt;)
    at callAsyncCircusFn (/workspaces/dihya.io/node_modules/jest-circus/build/utils.js:231:10)
    at _callCircusTest (/workspaces/dihya.io/node_modules/jest-circus/build/run.js:316:40)
    at processTicksAndRejections (node:internal/process/task_queues:95:5)
    at _runTest (/workspaces/dihya.io/node_modules/jest-circus/build/run.js:252:3)
    at _runTestsForDescribeBlock (/workspaces/dihya.io/node_modules/jest-circus/build/run.js:126:9)
    at _runTestsForDescribeBlock (/workspaces/dihya.io/node_modules/jest-circus/build/run.js:121:9)
    at run (/workspaces/dihya.io/node_modules/jest-circus/build/run.js:71:3)
    at runAndTransformResultsToJestFormat (/workspaces/dihya.io/node_modules/jest-circus/build/legacy-code-todo-rewrite/jestAdapterInit.js:122:21)
    at jestAdapter (/workspaces/dihya.io/node_modules/jest-circus/build/legacy-code-todo-rewrite/jestAdapter.js:79:19)
    at runTestInternal (/workspaces/dihya.io/node_modules/jest-runner/build/runTest.js:367:16)
    at runTest (/workspaces/dihya.io/node_modules/jest-runner/build/runTest.js:444:34)
    at Object.worker (/workspaces/dihya.io/node_modules/jest-runner/build/testWorker.js:106:12)</failure>
    </testcase>
    <testcase classname="Services Environnement (clé en main) setEnvironnement modifie la config" name="Services Environnement (clé en main) setEnvironnement modifie la config" time="0">
      <failure>TypeError: setEnvironnement is not a function
    at Object.setEnvironnement (/workspaces/dihya.io/backend/components/metiers/threed/fixtures/services/core/services_environnement.test.js:17:5)
    at Promise.then.completed (/workspaces/dihya.io/node_modules/jest-circus/build/utils.js:298:28)
    at new Promise (&lt;anonymous&gt;)
    at callAsyncCircusFn (/workspaces/dihya.io/node_modules/jest-circus/build/utils.js:231:10)
    at _callCircusTest (/workspaces/dihya.io/node_modules/jest-circus/build/run.js:316:40)
    at processTicksAndRejections (node:internal/process/task_queues:95:5)
    at _runTest (/workspaces/dihya.io/node_modules/jest-circus/build/run.js:252:3)
    at _runTestsForDescribeBlock (/workspaces/dihya.io/node_modules/jest-circus/build/run.js:126:9)
    at _runTestsForDescribeBlock (/workspaces/dihya.io/node_modules/jest-circus/build/run.js:121:9)
    at run (/workspaces/dihya.io/node_modules/jest-circus/build/run.js:71:3)
    at runAndTransformResultsToJestFormat (/workspaces/dihya.io/node_modules/jest-circus/build/legacy-code-todo-rewrite/jestAdapterInit.js:122:21)
    at jestAdapter (/workspaces/dihya.io/node_modules/jest-circus/build/legacy-code-todo-rewrite/jestAdapter.js:79:19)
    at runTestInternal (/workspaces/dihya.io/node_modules/jest-runner/build/runTest.js:367:16)
    at runTest (/workspaces/dihya.io/node_modules/jest-runner/build/runTest.js:444:34)
    at Object.worker (/workspaces/dihya.io/node_modules/jest-runner/build/testWorker.js:106:12)</failure>
    </testcase>
  </testsuite>
  <testsuite name="guide_accessibility.js" errors="0" failures="0" skipped="0" timestamp="2025-06-05T02:20:16" time="0.063" tests="1">
    <testcase classname="guide_accessibility.js doit retourner un guide d’accessibilité complet" name="guide_accessibility.js doit retourner un guide d’accessibilité complet" time="0.002">
    </testcase>
  </testsuite>
  <testsuite name="guide_fixtures.js" errors="0" failures="1" skipped="0" timestamp="2025-06-05T02:20:16" time="0.082" tests="1">
    <testcase classname="guide_fixtures.js doit retourner un guide de fixtures complet" name="guide_fixtures.js doit retourner un guide de fixtures complet" time="0">
      <failure>TypeError: getFixturesGuide is not a function
    at Object.getFixturesGuide (/workspaces/dihya.io/backend/components/metiers/threed/guides/core/fixtures/guides/guide_fixtures.test.js:5:19)
    at Promise.then.completed (/workspaces/dihya.io/node_modules/jest-circus/build/utils.js:298:28)
    at new Promise (&lt;anonymous&gt;)
    at callAsyncCircusFn (/workspaces/dihya.io/node_modules/jest-circus/build/utils.js:231:10)
    at _callCircusTest (/workspaces/dihya.io/node_modules/jest-circus/build/run.js:316:40)
    at processTicksAndRejections (node:internal/process/task_queues:95:5)
    at _runTest (/workspaces/dihya.io/node_modules/jest-circus/build/run.js:252:3)
    at _runTestsForDescribeBlock (/workspaces/dihya.io/node_modules/jest-circus/build/run.js:126:9)
    at _runTestsForDescribeBlock (/workspaces/dihya.io/node_modules/jest-circus/build/run.js:121:9)
    at run (/workspaces/dihya.io/node_modules/jest-circus/build/run.js:71:3)
    at runAndTransformResultsToJestFormat (/workspaces/dihya.io/node_modules/jest-circus/build/legacy-code-todo-rewrite/jestAdapterInit.js:122:21)
    at jestAdapter (/workspaces/dihya.io/node_modules/jest-circus/build/legacy-code-todo-rewrite/jestAdapter.js:79:19)
    at runTestInternal (/workspaces/dihya.io/node_modules/jest-runner/build/runTest.js:367:16)
    at runTest (/workspaces/dihya.io/node_modules/jest-runner/build/runTest.js:444:34)
    at Object.worker (/workspaces/dihya.io/node_modules/jest-runner/build/testWorker.js:106:12)</failure>
    </testcase>
  </testsuite>
  <testsuite name="Entrée JS views utils threed" errors="0" failures="1" skipped="0" timestamp="2025-06-05T02:20:16" time="0.124" tests="1">
    <testcase classname="Entrée JS views utils threed doit exposer les helpers principaux de chaque sous-module" name="Entrée JS views utils threed doit exposer les helpers principaux de chaque sous-module" time="0.004">
      <failure>Error: expect(received).toHaveProperty(path)

Expected path: &quot;renderView&quot;
Received path: []

Received value: {}
    at Object.toHaveProperty (/workspaces/dihya.io/backend/components/metiers/threed/utils/views/index.test.js:5:19)
    at Promise.then.completed (/workspaces/dihya.io/node_modules/jest-circus/build/utils.js:298:28)
    at new Promise (&lt;anonymous&gt;)
    at callAsyncCircusFn (/workspaces/dihya.io/node_modules/jest-circus/build/utils.js:231:10)
    at _callCircusTest (/workspaces/dihya.io/node_modules/jest-circus/build/run.js:316:40)
    at processTicksAndRejections (node:internal/process/task_queues:95:5)
    at _runTest (/workspaces/dihya.io/node_modules/jest-circus/build/run.js:252:3)
    at _runTestsForDescribeBlock (/workspaces/dihya.io/node_modules/jest-circus/build/run.js:126:9)
    at _runTestsForDescribeBlock (/workspaces/dihya.io/node_modules/jest-circus/build/run.js:121:9)
    at run (/workspaces/dihya.io/node_modules/jest-circus/build/run.js:71:3)
    at runAndTransformResultsToJestFormat (/workspaces/dihya.io/node_modules/jest-circus/build/legacy-code-todo-rewrite/jestAdapterInit.js:122:21)
    at jestAdapter (/workspaces/dihya.io/node_modules/jest-circus/build/legacy-code-todo-rewrite/jestAdapter.js:79:19)
    at runTestInternal (/workspaces/dihya.io/node_modules/jest-runner/build/runTest.js:367:16)
    at runTest (/workspaces/dihya.io/node_modules/jest-runner/build/runTest.js:444:34)
    at Object.worker (/workspaces/dihya.io/node_modules/jest-runner/build/testWorker.js:106:12)</failure>
    </testcase>
  </testsuite>
  <testsuite name="undefined" errors="0" failures="2" skipped="0" timestamp="2025-06-05T02:20:17" time="0.082" tests="2">
    <testcase classname=" checkAccessibility returns true for compliant" name=" checkAccessibility returns true for compliant" time="0.001">
      <failure>TypeError: checkAccessibility is not a function
    at Object.checkAccessibility (/workspaces/dihya.io/backend/components/metiers/threed/guides/helpers/accessibility/helpers_accessibility.test.js:5:10)
    at Promise.then.completed (/workspaces/dihya.io/node_modules/jest-circus/build/utils.js:298:28)
    at new Promise (&lt;anonymous&gt;)
    at callAsyncCircusFn (/workspaces/dihya.io/node_modules/jest-circus/build/utils.js:231:10)
    at _callCircusTest (/workspaces/dihya.io/node_modules/jest-circus/build/run.js:316:40)
    at processTicksAndRejections (node:internal/process/task_queues:95:5)
    at _runTest (/workspaces/dihya.io/node_modules/jest-circus/build/run.js:252:3)
    at _runTestsForDescribeBlock (/workspaces/dihya.io/node_modules/jest-circus/build/run.js:126:9)
    at run (/workspaces/dihya.io/node_modules/jest-circus/build/run.js:71:3)
    at runAndTransformResultsToJestFormat (/workspaces/dihya.io/node_modules/jest-circus/build/legacy-code-todo-rewrite/jestAdapterInit.js:122:21)
    at jestAdapter (/workspaces/dihya.io/node_modules/jest-circus/build/legacy-code-todo-rewrite/jestAdapter.js:79:19)
    at runTestInternal (/workspaces/dihya.io/node_modules/jest-runner/build/runTest.js:367:16)
    at runTest (/workspaces/dihya.io/node_modules/jest-runner/build/runTest.js:444:34)
    at Object.worker (/workspaces/dihya.io/node_modules/jest-runner/build/testWorker.js:106:12)</failure>
    </testcase>
    <testcase classname=" auditAccessibility returns audit object" name=" auditAccessibility returns audit object" time="0">
      <failure>TypeError: auditAccessibility is not a function
    at Object.auditAccessibility (/workspaces/dihya.io/backend/components/metiers/threed/guides/helpers/accessibility/helpers_accessibility.test.js:10:18)
    at Promise.then.completed (/workspaces/dihya.io/node_modules/jest-circus/build/utils.js:298:28)
    at new Promise (&lt;anonymous&gt;)
    at callAsyncCircusFn (/workspaces/dihya.io/node_modules/jest-circus/build/utils.js:231:10)
    at _callCircusTest (/workspaces/dihya.io/node_modules/jest-circus/build/run.js:316:40)
    at processTicksAndRejections (node:internal/process/task_queues:95:5)
    at _runTest (/workspaces/dihya.io/node_modules/jest-circus/build/run.js:252:3)
    at _runTestsForDescribeBlock (/workspaces/dihya.io/node_modules/jest-circus/build/run.js:126:9)
    at run (/workspaces/dihya.io/node_modules/jest-circus/build/run.js:71:3)
    at runAndTransformResultsToJestFormat (/workspaces/dihya.io/node_modules/jest-circus/build/legacy-code-todo-rewrite/jestAdapterInit.js:122:21)
    at jestAdapter (/workspaces/dihya.io/node_modules/jest-circus/build/legacy-code-todo-rewrite/jestAdapter.js:79:19)
    at runTestInternal (/workspaces/dihya.io/node_modules/jest-runner/build/runTest.js:367:16)
    at runTest (/workspaces/dihya.io/node_modules/jest-runner/build/runTest.js:444:34)
    at Object.worker (/workspaces/dihya.io/node_modules/jest-runner/build/testWorker.js:106:12)</failure>
    </testcase>
  </testsuite>
  <testsuite name="index.js (core services threed)" errors="0" failures="2" skipped="0" timestamp="2025-06-05T02:20:17" time="0.115" tests="2">
    <testcase classname="index.js (core services threed) doit s&apos;importer sans erreur" name="index.js (core services threed) doit s&apos;importer sans erreur" time="0.04">
      <failure>Error: expect(received).not.toThrow()

Error name:    &quot;Error&quot;
Error message: &quot;Cannot find module &apos;./api&apos; from &apos;backend/components/metiers/threed/services/core/index.js&apos;·
Require stack:
  backend/components/metiers/threed/services/core/index.js
  backend/components/metiers/threed/services/core/index.test.js
&quot;

      4 |
      5 | module.exports = {
    &gt; 6 |   ...require(&apos;./api&apos;),
        |      ^
      7 |   ...require(&apos;./controllers&apos;),
      8 |   ...require(&apos;./helpers&apos;),
      9 |   ...require(&apos;./impl&apos;),

      at Resolver._throwModNotFoundError (../../../../node_modules/jest-resolve/build/resolver.js:427:11)
      at Object.require (services/core/index.js:6:6)
      at require (services/core/index.test.js:6:18)
      at Object.&lt;anonymous&gt; (../../../../node_modules/expect/build/toThrowMatchers.js:74:11)
      at Object.throwingMatcher [as toThrow] (../../../../node_modules/expect/build/index.js:320:21)
      at Object.toThrow (services/core/index.test.js:6:42)
    at Object.toThrow (/workspaces/dihya.io/backend/components/metiers/threed/services/core/index.test.js:6:42)
    at Promise.then.completed (/workspaces/dihya.io/node_modules/jest-circus/build/utils.js:298:28)
    at new Promise (&lt;anonymous&gt;)
    at callAsyncCircusFn (/workspaces/dihya.io/node_modules/jest-circus/build/utils.js:231:10)
    at _callCircusTest (/workspaces/dihya.io/node_modules/jest-circus/build/run.js:316:40)
    at processTicksAndRejections (node:internal/process/task_queues:95:5)
    at _runTest (/workspaces/dihya.io/node_modules/jest-circus/build/run.js:252:3)
    at _runTestsForDescribeBlock (/workspaces/dihya.io/node_modules/jest-circus/build/run.js:126:9)
    at _runTestsForDescribeBlock (/workspaces/dihya.io/node_modules/jest-circus/build/run.js:121:9)
    at run (/workspaces/dihya.io/node_modules/jest-circus/build/run.js:71:3)
    at runAndTransformResultsToJestFormat (/workspaces/dihya.io/node_modules/jest-circus/build/legacy-code-todo-rewrite/jestAdapterInit.js:122:21)
    at jestAdapter (/workspaces/dihya.io/node_modules/jest-circus/build/legacy-code-todo-rewrite/jestAdapter.js:79:19)
    at runTestInternal (/workspaces/dihya.io/node_modules/jest-runner/build/runTest.js:367:16)
    at runTest (/workspaces/dihya.io/node_modules/jest-runner/build/runTest.js:444:34)
    at Object.worker (/workspaces/dihya.io/node_modules/jest-runner/build/testWorker.js:106:12)</failure>
    </testcase>
    <testcase classname="index.js (core services threed) doit exposer ApiService, ServicesController, ServicesHelper, ServiceThreed, SampleService" name="index.js (core services threed) doit exposer ApiService, ServicesController, ServicesHelper, ServiceThreed, SampleService" time="0.001">
      <failure>Error: Cannot find module &apos;./api&apos; from &apos;backend/components/metiers/threed/services/core/index.js&apos;

Require stack:
  backend/components/metiers/threed/services/core/index.js
  backend/components/metiers/threed/services/core/index.test.js

    at Resolver._throwModNotFoundError (/workspaces/dihya.io/node_modules/jest-resolve/build/resolver.js:427:11)
    at Resolver.resolveModule (/workspaces/dihya.io/node_modules/jest-resolve/build/resolver.js:358:10)
    at Resolver._getVirtualMockPath (/workspaces/dihya.io/node_modules/jest-resolve/build/resolver.js:619:14)
    at Resolver._getAbsolutePath (/workspaces/dihya.io/node_modules/jest-resolve/build/resolver.js:587:14)
    at Resolver.getModuleID (/workspaces/dihya.io/node_modules/jest-resolve/build/resolver.js:530:31)
    at Runtime._shouldMockCjs (/workspaces/dihya.io/node_modules/jest-runtime/build/index.js:1713:37)
    at Runtime.requireModuleOrMock (/workspaces/dihya.io/node_modules/jest-runtime/build/index.js:1045:16)
    at Object.require (/workspaces/dihya.io/backend/components/metiers/threed/services/core/index.js:6:6)
    at Runtime._execModule (/workspaces/dihya.io/node_modules/jest-runtime/build/index.js:1439:24)
    at Runtime._loadModule (/workspaces/dihya.io/node_modules/jest-runtime/build/index.js:1022:12)
    at Runtime.requireModule (/workspaces/dihya.io/node_modules/jest-runtime/build/index.js:882:12)
    at Runtime.requireModuleOrMock (/workspaces/dihya.io/node_modules/jest-runtime/build/index.js:1048:21)
    at Object.require (/workspaces/dihya.io/backend/components/metiers/threed/services/core/index.test.js:9:17)
    at Promise.then.completed (/workspaces/dihya.io/node_modules/jest-circus/build/utils.js:298:28)
    at new Promise (&lt;anonymous&gt;)
    at callAsyncCircusFn (/workspaces/dihya.io/node_modules/jest-circus/build/utils.js:231:10)
    at _callCircusTest (/workspaces/dihya.io/node_modules/jest-circus/build/run.js:316:40)
    at processTicksAndRejections (node:internal/process/task_queues:95:5)
    at _runTest (/workspaces/dihya.io/node_modules/jest-circus/build/run.js:252:3)
    at _runTestsForDescribeBlock (/workspaces/dihya.io/node_modules/jest-circus/build/run.js:126:9)
    at _runTestsForDescribeBlock (/workspaces/dihya.io/node_modules/jest-circus/build/run.js:121:9)
    at run (/workspaces/dihya.io/node_modules/jest-circus/build/run.js:71:3)
    at runAndTransformResultsToJestFormat (/workspaces/dihya.io/node_modules/jest-circus/build/legacy-code-todo-rewrite/jestAdapterInit.js:122:21)
    at jestAdapter (/workspaces/dihya.io/node_modules/jest-circus/build/legacy-code-todo-rewrite/jestAdapter.js:79:19)
    at runTestInternal (/workspaces/dihya.io/node_modules/jest-runner/build/runTest.js:367:16)
    at runTest (/workspaces/dihya.io/node_modules/jest-runner/build/runTest.js:444:34)
    at Object.worker (/workspaces/dihya.io/node_modules/jest-runner/build/testWorker.js:106:12)</failure>
    </testcase>
  </testsuite>
  <testsuite name="guide_plugins.js" errors="0" failures="1" skipped="0" timestamp="2025-06-05T02:20:17" time="0.084" tests="1">
    <testcase classname="guide_plugins.js doit retourner un guide plugins complet" name="guide_plugins.js doit retourner un guide plugins complet" time="0.001">
      <failure>TypeError: getPluginsGuide is not a function
    at Object.getPluginsGuide (/workspaces/dihya.io/backend/components/metiers/threed/guides/core/plugins/guides/guide_plugins.test.js:5:19)
    at Promise.then.completed (/workspaces/dihya.io/node_modules/jest-circus/build/utils.js:298:28)
    at new Promise (&lt;anonymous&gt;)
    at callAsyncCircusFn (/workspaces/dihya.io/node_modules/jest-circus/build/utils.js:231:10)
    at _callCircusTest (/workspaces/dihya.io/node_modules/jest-circus/build/run.js:316:40)
    at processTicksAndRejections (node:internal/process/task_queues:95:5)
    at _runTest (/workspaces/dihya.io/node_modules/jest-circus/build/run.js:252:3)
    at _runTestsForDescribeBlock (/workspaces/dihya.io/node_modules/jest-circus/build/run.js:126:9)
    at _runTestsForDescribeBlock (/workspaces/dihya.io/node_modules/jest-circus/build/run.js:121:9)
    at run (/workspaces/dihya.io/node_modules/jest-circus/build/run.js:71:3)
    at runAndTransformResultsToJestFormat (/workspaces/dihya.io/node_modules/jest-circus/build/legacy-code-todo-rewrite/jestAdapterInit.js:122:21)
    at jestAdapter (/workspaces/dihya.io/node_modules/jest-circus/build/legacy-code-todo-rewrite/jestAdapter.js:79:19)
    at runTestInternal (/workspaces/dihya.io/node_modules/jest-runner/build/runTest.js:367:16)
    at runTest (/workspaces/dihya.io/node_modules/jest-runner/build/runTest.js:444:34)
    at Object.worker (/workspaces/dihya.io/node_modules/jest-runner/build/testWorker.js:106:12)</failure>
    </testcase>
  </testsuite>
  <testsuite name="Mocks templates Threed (JS)" errors="0" failures="0" skipped="0" timestamp="2025-06-05T02:20:17" time="0.065" tests="4">
    <testcase classname="Mocks templates Threed (JS) mockRapportAudit existe" name="Mocks templates Threed (JS) mockRapportAudit existe" time="0.001">
    </testcase>
    <testcase classname="Mocks templates Threed (JS) mockEmailNotification existe" name="Mocks templates Threed (JS) mockEmailNotification existe" time="0">
    </testcase>
    <testcase classname="Mocks templates Threed (JS) mockAccessibiliteAudit existe" name="Mocks templates Threed (JS) mockAccessibiliteAudit existe" time="0.001">
    </testcase>
    <testcase classname="Mocks templates Threed (JS) mockServiceExport existe" name="Mocks templates Threed (JS) mockServiceExport existe" time="0.001">
    </testcase>
  </testsuite>
  <testsuite name="Plugins Threed – Intégration" errors="0" failures="0" skipped="0" timestamp="2025-06-05T02:20:17" time="0.096" tests="1">
    <testcase classname="Plugins Threed – Intégration peut enregistrer, exécuter et désenregistrer un plugin" name="Plugins Threed – Intégration peut enregistrer, exécuter et désenregistrer un plugin" time="0.002">
    </testcase>
  </testsuite>
  <testsuite name="undefined" errors="0" failures="2" skipped="0" timestamp="2025-06-05T02:20:17" time="0.11" tests="2">
    <testcase classname=" checkPlugin returns true for enabled" name=" checkPlugin returns true for enabled" time="0.001">
      <failure>TypeError: checkPlugin is not a function
    at Object.checkPlugin (/workspaces/dihya.io/backend/components/metiers/threed/guides/helpers/plugins/helpers_plugins.test.js:5:10)
    at Promise.then.completed (/workspaces/dihya.io/node_modules/jest-circus/build/utils.js:298:28)
    at new Promise (&lt;anonymous&gt;)
    at callAsyncCircusFn (/workspaces/dihya.io/node_modules/jest-circus/build/utils.js:231:10)
    at _callCircusTest (/workspaces/dihya.io/node_modules/jest-circus/build/run.js:316:40)
    at processTicksAndRejections (node:internal/process/task_queues:95:5)
    at _runTest (/workspaces/dihya.io/node_modules/jest-circus/build/run.js:252:3)
    at _runTestsForDescribeBlock (/workspaces/dihya.io/node_modules/jest-circus/build/run.js:126:9)
    at run (/workspaces/dihya.io/node_modules/jest-circus/build/run.js:71:3)
    at runAndTransformResultsToJestFormat (/workspaces/dihya.io/node_modules/jest-circus/build/legacy-code-todo-rewrite/jestAdapterInit.js:122:21)
    at jestAdapter (/workspaces/dihya.io/node_modules/jest-circus/build/legacy-code-todo-rewrite/jestAdapter.js:79:19)
    at runTestInternal (/workspaces/dihya.io/node_modules/jest-runner/build/runTest.js:367:16)
    at runTest (/workspaces/dihya.io/node_modules/jest-runner/build/runTest.js:444:34)
    at Object.worker (/workspaces/dihya.io/node_modules/jest-runner/build/testWorker.js:106:12)</failure>
    </testcase>
    <testcase classname=" auditPlugin returns audit object" name=" auditPlugin returns audit object" time="0.001">
      <failure>TypeError: auditPlugin is not a function
    at Object.auditPlugin (/workspaces/dihya.io/backend/components/metiers/threed/guides/helpers/plugins/helpers_plugins.test.js:10:18)
    at Promise.then.completed (/workspaces/dihya.io/node_modules/jest-circus/build/utils.js:298:28)
    at new Promise (&lt;anonymous&gt;)
    at callAsyncCircusFn (/workspaces/dihya.io/node_modules/jest-circus/build/utils.js:231:10)
    at _callCircusTest (/workspaces/dihya.io/node_modules/jest-circus/build/run.js:316:40)
    at processTicksAndRejections (node:internal/process/task_queues:95:5)
    at _runTest (/workspaces/dihya.io/node_modules/jest-circus/build/run.js:252:3)
    at _runTestsForDescribeBlock (/workspaces/dihya.io/node_modules/jest-circus/build/run.js:126:9)
    at run (/workspaces/dihya.io/node_modules/jest-circus/build/run.js:71:3)
    at runAndTransformResultsToJestFormat (/workspaces/dihya.io/node_modules/jest-circus/build/legacy-code-todo-rewrite/jestAdapterInit.js:122:21)
    at jestAdapter (/workspaces/dihya.io/node_modules/jest-circus/build/legacy-code-todo-rewrite/jestAdapter.js:79:19)
    at runTestInternal (/workspaces/dihya.io/node_modules/jest-runner/build/runTest.js:367:16)
    at runTest (/workspaces/dihya.io/node_modules/jest-runner/build/runTest.js:444:34)
    at Object.worker (/workspaces/dihya.io/node_modules/jest-runner/build/testWorker.js:106:12)</failure>
    </testcase>
  </testsuite>
  <testsuite name="Sample usage validators JS" errors="0" failures="3" skipped="0" timestamp="2025-06-05T02:20:17" time="0.087" tests="3">
    <testcase classname="Sample usage validators JS valide un email" name="Sample usage validators JS valide un email" time="0.001">
      <failure>TypeError: validators.validateEmail is not a function
    at Object.validateEmail (/workspaces/dihya.io/backend/components/metiers/threed/utils/validators/samples/sample_usage.test.js:8:23)
    at Promise.then.completed (/workspaces/dihya.io/node_modules/jest-circus/build/utils.js:298:28)
    at new Promise (&lt;anonymous&gt;)
    at callAsyncCircusFn (/workspaces/dihya.io/node_modules/jest-circus/build/utils.js:231:10)
    at _callCircusTest (/workspaces/dihya.io/node_modules/jest-circus/build/run.js:316:40)
    at processTicksAndRejections (node:internal/process/task_queues:95:5)
    at _runTest (/workspaces/dihya.io/node_modules/jest-circus/build/run.js:252:3)
    at _runTestsForDescribeBlock (/workspaces/dihya.io/node_modules/jest-circus/build/run.js:126:9)
    at _runTestsForDescribeBlock (/workspaces/dihya.io/node_modules/jest-circus/build/run.js:121:9)
    at run (/workspaces/dihya.io/node_modules/jest-circus/build/run.js:71:3)
    at runAndTransformResultsToJestFormat (/workspaces/dihya.io/node_modules/jest-circus/build/legacy-code-todo-rewrite/jestAdapterInit.js:122:21)
    at jestAdapter (/workspaces/dihya.io/node_modules/jest-circus/build/legacy-code-todo-rewrite/jestAdapter.js:79:19)
    at runTestInternal (/workspaces/dihya.io/node_modules/jest-runner/build/runTest.js:367:16)
    at runTest (/workspaces/dihya.io/node_modules/jest-runner/build/runTest.js:444:34)
    at Object.worker (/workspaces/dihya.io/node_modules/jest-runner/build/testWorker.js:106:12)</failure>
    </testcase>
    <testcase classname="Sample usage validators JS valide un champ obligatoire" name="Sample usage validators JS valide un champ obligatoire" time="0.001">
      <failure>TypeError: validators.validateRequired is not a function
    at Object.validateRequired (/workspaces/dihya.io/backend/components/metiers/threed/utils/validators/samples/sample_usage.test.js:11:23)
    at Promise.then.completed (/workspaces/dihya.io/node_modules/jest-circus/build/utils.js:298:28)
    at new Promise (&lt;anonymous&gt;)
    at callAsyncCircusFn (/workspaces/dihya.io/node_modules/jest-circus/build/utils.js:231:10)
    at _callCircusTest (/workspaces/dihya.io/node_modules/jest-circus/build/run.js:316:40)
    at processTicksAndRejections (node:internal/process/task_queues:95:5)
    at _runTest (/workspaces/dihya.io/node_modules/jest-circus/build/run.js:252:3)
    at _runTestsForDescribeBlock (/workspaces/dihya.io/node_modules/jest-circus/build/run.js:126:9)
    at _runTestsForDescribeBlock (/workspaces/dihya.io/node_modules/jest-circus/build/run.js:121:9)
    at run (/workspaces/dihya.io/node_modules/jest-circus/build/run.js:71:3)
    at runAndTransformResultsToJestFormat (/workspaces/dihya.io/node_modules/jest-circus/build/legacy-code-todo-rewrite/jestAdapterInit.js:122:21)
    at jestAdapter (/workspaces/dihya.io/node_modules/jest-circus/build/legacy-code-todo-rewrite/jestAdapter.js:79:19)
    at runTestInternal (/workspaces/dihya.io/node_modules/jest-runner/build/runTest.js:367:16)
    at runTest (/workspaces/dihya.io/node_modules/jest-runner/build/runTest.js:444:34)
    at Object.worker (/workspaces/dihya.io/node_modules/jest-runner/build/testWorker.js:106:12)</failure>
    </testcase>
    <testcase classname="Sample usage validators JS échoue sur un champ vide" name="Sample usage validators JS échoue sur un champ vide" time="0">
      <failure>TypeError: validators.validateRequired is not a function
    at Object.validateRequired (/workspaces/dihya.io/backend/components/metiers/threed/utils/validators/samples/sample_usage.test.js:14:23)
    at Promise.then.completed (/workspaces/dihya.io/node_modules/jest-circus/build/utils.js:298:28)
    at new Promise (&lt;anonymous&gt;)
    at callAsyncCircusFn (/workspaces/dihya.io/node_modules/jest-circus/build/utils.js:231:10)
    at _callCircusTest (/workspaces/dihya.io/node_modules/jest-circus/build/run.js:316:40)
    at processTicksAndRejections (node:internal/process/task_queues:95:5)
    at _runTest (/workspaces/dihya.io/node_modules/jest-circus/build/run.js:252:3)
    at _runTestsForDescribeBlock (/workspaces/dihya.io/node_modules/jest-circus/build/run.js:126:9)
    at _runTestsForDescribeBlock (/workspaces/dihya.io/node_modules/jest-circus/build/run.js:121:9)
    at run (/workspaces/dihya.io/node_modules/jest-circus/build/run.js:71:3)
    at runAndTransformResultsToJestFormat (/workspaces/dihya.io/node_modules/jest-circus/build/legacy-code-todo-rewrite/jestAdapterInit.js:122:21)
    at jestAdapter (/workspaces/dihya.io/node_modules/jest-circus/build/legacy-code-todo-rewrite/jestAdapter.js:79:19)
    at runTestInternal (/workspaces/dihya.io/node_modules/jest-runner/build/runTest.js:367:16)
    at runTest (/workspaces/dihya.io/node_modules/jest-runner/build/runTest.js:444:34)
    at Object.worker (/workspaces/dihya.io/node_modules/jest-runner/build/testWorker.js:106:12)</failure>
    </testcase>
  </testsuite>
  <testsuite name="Sample usage metrics JS" errors="0" failures="2" skipped="0" timestamp="2025-06-05T02:20:17" time="0.069" tests="3">
    <testcase classname="Sample usage metrics JS calcule correctement la moyenne" name="Sample usage metrics JS calcule correctement la moyenne" time="0.001">
      <failure>TypeError: metrics.calculerMoyenne is not a function
    at Object.calculerMoyenne (/workspaces/dihya.io/backend/components/metiers/threed/utils/metrics/samples/sample_usage.test.js:8:20)
    at Promise.then.completed (/workspaces/dihya.io/node_modules/jest-circus/build/utils.js:298:28)
    at new Promise (&lt;anonymous&gt;)
    at callAsyncCircusFn (/workspaces/dihya.io/node_modules/jest-circus/build/utils.js:231:10)
    at _callCircusTest (/workspaces/dihya.io/node_modules/jest-circus/build/run.js:316:40)
    at processTicksAndRejections (node:internal/process/task_queues:95:5)
    at _runTest (/workspaces/dihya.io/node_modules/jest-circus/build/run.js:252:3)
    at _runTestsForDescribeBlock (/workspaces/dihya.io/node_modules/jest-circus/build/run.js:126:9)
    at _runTestsForDescribeBlock (/workspaces/dihya.io/node_modules/jest-circus/build/run.js:121:9)
    at run (/workspaces/dihya.io/node_modules/jest-circus/build/run.js:71:3)
    at runAndTransformResultsToJestFormat (/workspaces/dihya.io/node_modules/jest-circus/build/legacy-code-todo-rewrite/jestAdapterInit.js:122:21)
    at jestAdapter (/workspaces/dihya.io/node_modules/jest-circus/build/legacy-code-todo-rewrite/jestAdapter.js:79:19)
    at runTestInternal (/workspaces/dihya.io/node_modules/jest-runner/build/runTest.js:367:16)
    at runTest (/workspaces/dihya.io/node_modules/jest-runner/build/runTest.js:444:34)
    at Object.worker (/workspaces/dihya.io/node_modules/jest-runner/build/testWorker.js:106:12)</failure>
    </testcase>
    <testcase classname="Sample usage metrics JS calcule correctement la médiane" name="Sample usage metrics JS calcule correctement la médiane" time="0">
      <failure>TypeError: metrics.calculerMediane is not a function
    at Object.calculerMediane (/workspaces/dihya.io/backend/components/metiers/threed/utils/metrics/samples/sample_usage.test.js:11:20)
    at Promise.then.completed (/workspaces/dihya.io/node_modules/jest-circus/build/utils.js:298:28)
    at new Promise (&lt;anonymous&gt;)
    at callAsyncCircusFn (/workspaces/dihya.io/node_modules/jest-circus/build/utils.js:231:10)
    at _callCircusTest (/workspaces/dihya.io/node_modules/jest-circus/build/run.js:316:40)
    at processTicksAndRejections (node:internal/process/task_queues:95:5)
    at _runTest (/workspaces/dihya.io/node_modules/jest-circus/build/run.js:252:3)
    at _runTestsForDescribeBlock (/workspaces/dihya.io/node_modules/jest-circus/build/run.js:126:9)
    at _runTestsForDescribeBlock (/workspaces/dihya.io/node_modules/jest-circus/build/run.js:121:9)
    at run (/workspaces/dihya.io/node_modules/jest-circus/build/run.js:71:3)
    at runAndTransformResultsToJestFormat (/workspaces/dihya.io/node_modules/jest-circus/build/legacy-code-todo-rewrite/jestAdapterInit.js:122:21)
    at jestAdapter (/workspaces/dihya.io/node_modules/jest-circus/build/legacy-code-todo-rewrite/jestAdapter.js:79:19)
    at runTestInternal (/workspaces/dihya.io/node_modules/jest-runner/build/runTest.js:367:16)
    at runTest (/workspaces/dihya.io/node_modules/jest-runner/build/runTest.js:444:34)
    at Object.worker (/workspaces/dihya.io/node_modules/jest-runner/build/testWorker.js:106:12)</failure>
    </testcase>
    <testcase classname="Sample usage metrics JS gère les tableaux vides" name="Sample usage metrics JS gère les tableaux vides" time="0.001">
    </testcase>
  </testsuite>
  <testsuite name="API Threed" errors="0" failures="0" skipped="0" timestamp="2025-06-05T02:20:17" time="0.365" tests="1">
    <testcase classname="API Threed doit rendre une vue threed via API" name="API Threed doit rendre une vue threed via API" time="0.044">
    </testcase>
  </testsuite>
  <testsuite name="validatethreedEntity" errors="0" failures="0" skipped="0" timestamp="2025-06-05T02:20:17" time="0.075" tests="3">
    <testcase classname="validatethreedEntity valide une entité correcte" name="validatethreedEntity valide une entité correcte" time="0.001">
    </testcase>
    <testcase classname="validatethreedEntity rejette une entité sans nom" name="validatethreedEntity rejette une entité sans nom" time="0.011">
    </testcase>
    <testcase classname="validatethreedEntity rejette une entité avec un status invalide" name="validatethreedEntity rejette une entité avec un status invalide" time="0.001">
    </testcase>
  </testsuite>
  <testsuite name="undefined" errors="0" failures="2" skipped="0" timestamp="2025-06-05T02:20:17" time="0.093" tests="2">
    <testcase classname=" checkService returns true for ok" name=" checkService returns true for ok" time="0.001">
      <failure>TypeError: checkService is not a function
    at Object.checkService (/workspaces/dihya.io/backend/components/metiers/threed/guides/helpers/services/helpers_services.test.js:5:10)
    at Promise.then.completed (/workspaces/dihya.io/node_modules/jest-circus/build/utils.js:298:28)
    at new Promise (&lt;anonymous&gt;)
    at callAsyncCircusFn (/workspaces/dihya.io/node_modules/jest-circus/build/utils.js:231:10)
    at _callCircusTest (/workspaces/dihya.io/node_modules/jest-circus/build/run.js:316:40)
    at processTicksAndRejections (node:internal/process/task_queues:95:5)
    at _runTest (/workspaces/dihya.io/node_modules/jest-circus/build/run.js:252:3)
    at _runTestsForDescribeBlock (/workspaces/dihya.io/node_modules/jest-circus/build/run.js:126:9)
    at run (/workspaces/dihya.io/node_modules/jest-circus/build/run.js:71:3)
    at runAndTransformResultsToJestFormat (/workspaces/dihya.io/node_modules/jest-circus/build/legacy-code-todo-rewrite/jestAdapterInit.js:122:21)
    at jestAdapter (/workspaces/dihya.io/node_modules/jest-circus/build/legacy-code-todo-rewrite/jestAdapter.js:79:19)
    at runTestInternal (/workspaces/dihya.io/node_modules/jest-runner/build/runTest.js:367:16)
    at runTest (/workspaces/dihya.io/node_modules/jest-runner/build/runTest.js:444:34)
    at Object.worker (/workspaces/dihya.io/node_modules/jest-runner/build/testWorker.js:106:12)</failure>
    </testcase>
    <testcase classname=" auditService returns audit object" name=" auditService returns audit object" time="0">
      <failure>TypeError: auditService is not a function
    at Object.auditService (/workspaces/dihya.io/backend/components/metiers/threed/guides/helpers/services/helpers_services.test.js:10:18)
    at Promise.then.completed (/workspaces/dihya.io/node_modules/jest-circus/build/utils.js:298:28)
    at new Promise (&lt;anonymous&gt;)
    at callAsyncCircusFn (/workspaces/dihya.io/node_modules/jest-circus/build/utils.js:231:10)
    at _callCircusTest (/workspaces/dihya.io/node_modules/jest-circus/build/run.js:316:40)
    at processTicksAndRejections (node:internal/process/task_queues:95:5)
    at _runTest (/workspaces/dihya.io/node_modules/jest-circus/build/run.js:252:3)
    at _runTestsForDescribeBlock (/workspaces/dihya.io/node_modules/jest-circus/build/run.js:126:9)
    at run (/workspaces/dihya.io/node_modules/jest-circus/build/run.js:71:3)
    at runAndTransformResultsToJestFormat (/workspaces/dihya.io/node_modules/jest-circus/build/legacy-code-todo-rewrite/jestAdapterInit.js:122:21)
    at jestAdapter (/workspaces/dihya.io/node_modules/jest-circus/build/legacy-code-todo-rewrite/jestAdapter.js:79:19)
    at runTestInternal (/workspaces/dihya.io/node_modules/jest-runner/build/runTest.js:367:16)
    at runTest (/workspaces/dihya.io/node_modules/jest-runner/build/runTest.js:444:34)
    at Object.worker (/workspaces/dihya.io/node_modules/jest-runner/build/testWorker.js:106:12)</failure>
    </testcase>
  </testsuite>
  <testsuite name="aiFallback – Fallback IA (JS)" errors="0" failures="2" skipped="0" timestamp="2025-06-05T02:20:17" time="0.062" tests="2">
    <testcase classname="aiFallback – Fallback IA (JS) doit retourner un fallback pour une entrée non traitée" name="aiFallback – Fallback IA (JS) doit retourner un fallback pour une entrée non traitée" time="0.001">
      <failure>Error: expect(received).toBe(expected) // Object.is equality

Expected: &quot;FALLBACK&quot;
Received: undefined
    at Object.toBe (/workspaces/dihya.io/backend/components/metiers/threed/utils/ai/fallback/ai_fallback.test.js:7:24)
    at Promise.then.completed (/workspaces/dihya.io/node_modules/jest-circus/build/utils.js:298:28)
[...]
    at _callCircusTest (/workspaces/dihya.io/node_modules/jest-circus/build/run.js:316:40)
    at processTicksAndRejections (node:internal/process/task_queues:95:5)
    at _runTest (/workspaces/dihya.io/node_modules/jest-circus/build/run.js:252:3)
    at _runTestsForDescribeBlock (/workspaces/dihya.io/node_modules/jest-circus/build/run.js:126:9)
    at run (/workspaces/dihya.io/node_modules/jest-circus/build/run.js:71:3)
    at runAndTransformResultsToJestFormat (/workspaces/dihya.io/node_modules/jest-circus/build/legacy-code-todo-rewrite/jestAdapterInit.js:122:21)
    at jestAdapter (/workspaces/dihya.io/node_modules/jest-circus/build/legacy-code-todo-rewrite/jestAdapter.js:79:19)
    at runTestInternal (/workspaces/dihya.io/node_modules/jest-runner/build/runTest.js:367:16)
    at runTest (/workspaces/dihya.io/node_modules/jest-runner/build/runTest.js:444:34)
    at Object.worker (/workspaces/dihya.io/node_modules/jest-runner/build/testWorker.js:106:12)</failure>
    </testcase>
  </testsuite>
  <testsuite name="undefined" errors="0" failures="1" skipped="0" timestamp="2025-06-05T02:20:23" time="0.095" tests="1">
    <testcase classname=" import __init__.js helpers ne plante pas" name=" import __init__.js helpers ne plante pas" time="0.019">
      <failure>Error: Cannot find module &apos;./core&apos; from &apos;backend/components/metiers/threed/templates/helpers/__init__.js&apos;

Require stack:
  backend/components/metiers/threed/templates/helpers/__init__.js
  backend/components/metiers/threed/templates/helpers/__init__.test.js

    at Resolver._throwModNotFoundError (/workspaces/dihya.io/node_modules/jest-resolve/build/resolver.js:427:11)
    at Resolver.resolveModule (/workspaces/dihya.io/node_modules/jest-resolve/build/resolver.js:358:10)
    at Resolver._getVirtualMockPath (/workspaces/dihya.io/node_modules/jest-resolve/build/resolver.js:619:14)
    at Resolver._getAbsolutePath (/workspaces/dihya.io/node_modules/jest-resolve/build/resolver.js:587:14)
    at Resolver.getModuleID (/workspaces/dihya.io/node_modules/jest-resolve/build/resolver.js:530:31)
    at Runtime._shouldMockCjs (/workspaces/dihya.io/node_modules/jest-runtime/build/index.js:1713:37)
    at Runtime.requireModuleOrMock (/workspaces/dihya.io/node_modules/jest-runtime/build/index.js:1045:16)
    at Object.require (/workspaces/dihya.io/backend/components/metiers/threed/templates/helpers/__init__.js:4:6)
    at Runtime._execModule (/workspaces/dihya.io/node_modules/jest-runtime/build/index.js:1439:24)
    at Runtime._loadModule (/workspaces/dihya.io/node_modules/jest-runtime/build/index.js:1022:12)
    at Runtime.requireModule (/workspaces/dihya.io/node_modules/jest-runtime/build/index.js:882:12)
    at Runtime.requireModuleOrMock (/workspaces/dihya.io/node_modules/jest-runtime/build/index.js:1048:21)
    at Object.require (/workspaces/dihya.io/backend/components/metiers/threed/templates/helpers/__init__.test.js:4:17)
    at Promise.then.completed (/workspaces/dihya.io/node_modules/jest-circus/build/utils.js:298:28)
    at new Promise (&lt;anonymous&gt;)
    at callAsyncCircusFn (/workspaces/dihya.io/node_modules/jest-circus/build/utils.js:231:10)
    at _callCircusTest (/workspaces/dihya.io/node_modules/jest-circus/build/run.js:316:40)
    at processTicksAndRejections (node:internal/process/task_queues:95:5)
    at _runTest (/workspaces/dihya.io/node_modules/jest-circus/build/run.js:252:3)
    at _runTestsForDescribeBlock (/workspaces/dihya.io/node_modules/jest-circus/build/run.js:126:9)
    at run (/workspaces/dihya.io/node_modules/jest-circus/build/run.js:71:3)
    at runAndTransformResultsToJestFormat (/workspaces/dihya.io/node_modules/jest-circus/build/legacy-code-todo-rewrite/jestAdapterInit.js:122:21)
    at jestAdapter (/workspaces/dihya.io/node_modules/jest-circus/build/legacy-code-todo-rewrite/jestAdapter.js:79:19)
    at runTestInternal (/workspaces/dihya.io/node_modules/jest-runner/build/runTest.js:367:16)
    at runTest (/workspaces/dihya.io/node_modules/jest-runner/build/runTest.js:444:34)
    at Object.worker (/workspaces/dihya.io/node_modules/jest-runner/build/testWorker.js:106:12)</failure>
    </testcase>
  </testsuite>
  <testsuite name="undefined" errors="0" failures="0" skipped="0" timestamp="2025-06-05T02:20:23" time="0.077" tests="1">
    <testcase classname=" audit entrypoint exports expected members" name=" audit entrypoint exports expected members" time="0.002">
    </testcase>
  </testsuite>
  <testsuite name="undefined" errors="0" failures="1" skipped="0" timestamp="2025-06-05T02:20:23" time="0.212" tests="1">
    <testcase classname=" import __init__.js ne plante pas" name=" import __init__.js ne plante pas" time="0.027">
      <failure>Error: Cannot find module &apos;./guide_services&apos; from &apos;backend/components/metiers/threed/guides/core/services/__init__.js&apos;

Require stack:
  backend/components/metiers/threed/guides/core/services/__init__.js
  backend/components/metiers/threed/guides/core/services/__init__.test.js

    at Resolver._throwModNotFoundError (/workspaces/dihya.io/node_modules/jest-resolve/build/resolver.js:427:11)
    at Resolver.resolveModule (/workspaces/dihya.io/node_modules/jest-resolve/build/resolver.js:358:10)
    at Resolver._getVirtualMockPath (/workspaces/dihya.io/node_modules/jest-resolve/build/resolver.js:619:14)
    at Resolver._getAbsolutePath (/workspaces/dihya.io/node_modules/jest-resolve/build/resolver.js:587:14)
    at Resolver.getModuleID (/workspaces/dihya.io/node_modules/jest-resolve/build/resolver.js:530:31)
    at Runtime._shouldMockCjs (/workspaces/dihya.io/node_modules/jest-runtime/build/index.js:1713:37)
    at Runtime.requireModuleOrMock (/workspaces/dihya.io/node_modules/jest-runtime/build/index.js:1045:16)
    at Object.require (/workspaces/dihya.io/backend/components/metiers/threed/guides/core/services/__init__.js:2:18)
    at Runtime._execModule (/workspaces/dihya.io/node_modules/jest-runtime/build/index.js:1439:24)
    at Runtime._loadModule (/workspaces/dihya.io/node_modules/jest-runtime/build/index.js:1022:12)
    at Runtime.requireModule (/workspaces/dihya.io/node_modules/jest-runtime/build/index.js:882:12)
    at Runtime.requireModuleOrMock (/workspaces/dihya.io/node_modules/jest-runtime/build/index.js:1048:21)
    at Object.require (/workspaces/dihya.io/backend/components/metiers/threed/guides/core/services/__init__.test.js:3:17)
    at Promise.then.completed (/workspaces/dihya.io/node_modules/jest-circus/build/utils.js:298:28)
    at new Promise (&lt;anonymous&gt;)
    at callAsyncCircusFn (/workspaces/dihya.io/node_modules/jest-circus/build/utils.js:231:10)
    at _callCircusTest (/workspaces/dihya.io/node_modules/jest-circus/build/run.js:316:40)
    at processTicksAndRejections (node:internal/process/task_queues:95:5)
    at _runTest (/workspaces/dihya.io/node_modules/jest-circus/build/run.js:252:3)
    at _runTestsForDescribeBlock (/workspaces/dihya.io/node_modules/jest-circus/build/run.js:126:9)
    at run (/workspaces/dihya.io/node_modules/jest-circus/build/run.js:71:3)
    at runAndTransformResultsToJestFormat (/workspaces/dihya.io/node_modules/jest-circus/build/legacy-code-todo-rewrite/jestAdapterInit.js:122:21)
    at jestAdapter (/workspaces/dihya.io/node_modules/jest-circus/build/legacy-code-todo-rewrite/jestAdapter.js:79:19)
    at runTestInternal (/workspaces/dihya.io/node_modules/jest-runner/build/runTest.js:367:16)
    at runTest (/workspaces/dihya.io/node_modules/jest-runner/build/runTest.js:444:34)
    at Object.worker (/workspaces/dihya.io/node_modules/jest-runner/build/testWorker.js:106:12)</failure>
    </testcase>
  </testsuite>
  <testsuite name="undefined" errors="0" failures="0" skipped="0" timestamp="2025-06-05T02:20:23" time="0.092" tests="1">
    <testcase classname=" rgpd entrypoint exports expected members" name=" rgpd entrypoint exports expected members" time="0">
    </testcase>
  </testsuite>
  <testsuite name="undefined" errors="0" failures="0" skipped="0" timestamp="2025-06-05T02:20:23" time="0.057" tests="1">
    <testcase classname=" import __init__.js ne plante pas" name=" import __init__.js ne plante pas" time="0.006">
    </testcase>
  </testsuite>
  <testsuite name="undefined" errors="0" failures="0" skipped="0" timestamp="2025-06-05T02:20:23" time="0.1" tests="1">
    <testcase classname=" import migrations entrypoint" name=" import migrations entrypoint" time="0">
    </testcase>
  </testsuite>
  <testsuite name="Legacy/Migration Threed" errors="0" failures="0" skipped="0" timestamp="2025-06-05T02:20:24" time="0.066" tests="3">
    <testcase classname="Legacy/Migration Threed doit migrer un ancien format de données sans erreur" name="Legacy/Migration Threed doit migrer un ancien format de données sans erreur" time="0.001">
    </testcase>
    <testcase classname="Legacy/Migration Threed doit détecter les champs obsolètes" name="Legacy/Migration Threed doit détecter les champs obsolètes" time="0.001">
    </testcase>
    <testcase classname=" Legacy module est importable et fonctionnel" name=" Legacy module est importable et fonctionnel" time="0">
    </testcase>
  </testsuite>
  <testsuite name="undefined" errors="0" failures="0" skipped="0" timestamp="2025-06-05T02:20:24" time="0.054" tests="1">
    <testcase classname=" import samples entrypoint" name=" import samples entrypoint" time="0.001">
    </testcase>
  </testsuite>
  <testsuite name="Guides Threed" errors="0" failures="2" skipped="0" timestamp="2025-06-05T02:20:24" time="0.069" tests="3">
    <testcase classname="Guides Threed doit contenir les guides critiques" name="Guides Threed doit contenir les guides critiques" time="0.001">
      <failure>Error: expect(received).toContain(expected) // indexOf

Expected value: &quot;ACCESSIBILITY_GUIDE.md&quot;
Received array: [&quot;README.md&quot;, &quot;__init__.js&quot;, &quot;__init__.py&quot;, &quot;__init__.test.js&quot;, &quot;__init__.test.py&quot;, &quot;__pycache__&quot;, &quot;guides.test.js&quot;, &quot;guides.test.py&quot;, &quot;test_guides.js&quot;, &quot;test_guides.py&quot;]
    at Object.toContain (/workspaces/dihya.io/backend/components/metiers/threed/tests/guides/test_guides.js:9:19)
    at Promise.then.completed (/workspaces/dihya.io/node_modules/jest-circus/build/utils.js:298:28)
    at new Promise (&lt;anonymous&gt;)
    at callAsyncCircusFn (/workspaces/dihya.io/node_modules/jest-circus/build/utils.js:231:10)
    at _callCircusTest (/workspaces/dihya.io/node_modules/jest-circus/build/run.js:316:40)
    at processTicksAndRejections (node:internal/process/task_queues:95:5)
    at _runTest (/workspaces/dihya.io/node_modules/jest-circus/build/run.js:252:3)
    at _runTestsForDescribeBlock (/workspaces/dihya.io/node_modules/jest-circus/build/run.js:126:9)
    at _runTestsForDescribeBlock (/workspaces/dihya.io/node_modules/jest-circus/build/run.js:121:9)
    at run (/workspaces/dihya.io/node_modules/jest-circus/build/run.js:71:3)
    at runAndTransformResultsToJestFormat (/workspaces/dihya.io/node_modules/jest-circus/build/legacy-code-todo-rewrite/jestAdapterInit.js:122:21)
    at jestAdapter (/workspaces/dihya.io/node_modules/jest-circus/build/legacy-code-todo-rewrite/jestAdapter.js:79:19)
    at runTestInternal (/workspaces/dihya.io/node_modules/jest-runner/build/runTest.js:367:16)
    at runTest (/workspaces/dihya.io/node_modules/jest-runner/build/runTest.js:444:34)
    at Object.worker (/workspaces/dihya.io/node_modules/jest-runner/build/testWorker.js:106:12)</failure>
    </testcase>
    <testcase classname="Guides Threed chaque guide doit avoir du contenu" name="Guides Threed chaque guide doit avoir du contenu" time="0">
      <failure>Error: ENOENT: no such file or directory, open &apos;/workspaces/dihya.io/backend/components/metiers/threed/tests/guides/ACCESSIBILITY_GUIDE.md&apos;
    at Object.readFileSync (node:fs:449:20)
    at readFileSync (/workspaces/dihya.io/backend/components/metiers/threed/tests/guides/test_guides.js:15:26)
    at Array.forEach (&lt;anonymous&gt;)
    at Object.forEach (/workspaces/dihya.io/backend/components/metiers/threed/tests/guides/test_guides.js:14:69)
    at Promise.then.completed (/workspaces/dihya.io/node_modules/jest-circus/build/utils.js:298:28)
    at new Promise (&lt;anonymous&gt;)
    at callAsyncCircusFn (/workspaces/dihya.io/node_modules/jest-circus/build/utils.js:231:10)
    at _callCircusTest (/workspaces/dihya.io/node_modules/jest-circus/build/run.js:316:40)
    at processTicksAndRejections (node:internal/process/task_queues:95:5)
    at _runTest (/workspaces/dihya.io/node_modules/jest-circus/build/run.js:252:3)
    at _runTestsForDescribeBlock (/workspaces/dihya.io/node_modules/jest-circus/build/run.js:126:9)
    at _runTestsForDescribeBlock (/workspaces/dihya.io/node_modules/jest-circus/build/run.js:121:9)
    at run (/workspaces/dihya.io/node_modules/jest-circus/build/run.js:71:3)
    at runAndTransformResultsToJestFormat (/workspaces/dihya.io/node_modules/jest-circus/build/legacy-code-todo-rewrite/jestAdapterInit.js:122:21)
    at jestAdapter (/workspaces/dihya.io/node_modules/jest-circus/build/legacy-code-todo-rewrite/jestAdapter.js:79:19)
    at runTestInternal (/workspaces/dihya.io/node_modules/jest-runner/build/runTest.js:367:16)
    at runTest (/workspaces/dihya.io/node_modules/jest-runner/build/runTest.js:444:34)
    at Object.worker (/workspaces/dihya.io/node_modules/jest-runner/build/testWorker.js:106:12)</failure>
    </testcase>
    <testcase classname=" Guides module est importable et fonctionnel" name=" Guides module est importable et fonctionnel" time="0">
    </testcase>
  </testsuite>
  <testsuite name="undefined" errors="0" failures="0" skipped="0" timestamp="2025-06-05T02:20:24" time="0.055" tests="1">
    <testcase classname=" import __init__.js j2 templates" name=" import __init__.js j2 templates" time="0">
    </testcase>
  </testsuite>
  <testsuite name="undefined" errors="0" failures="0" skipped="0" timestamp="2025-06-05T02:20:24" time="0.06" tests="1">
    <testcase classname=" import samples entrypoint" name=" import samples entrypoint" time="0">
    </testcase>
  </testsuite>
  <testsuite name="RGPD Threed" errors="0" failures="0" skipped="0" timestamp="2025-06-05T02:20:24" time="0.063" tests="3">
    <testcase classname="RGPD Threed doit anonymiser les exports" name="RGPD Threed doit anonymiser les exports" time="0.001">
    </testcase>
    <testcase classname="RGPD Threed doit gérer le consentement utilisateur" name="RGPD Threed doit gérer le consentement utilisateur" time="0.001">
    </testcase>
    <testcase classname=" RGPD module est importable et fonctionnel" name=" RGPD module est importable et fonctionnel" time="0">
    </testcase>
  </testsuite>
  <testsuite name="undefined" errors="0" failures="0" skipped="0" timestamp="2025-06-05T02:20:24" time="0.052" tests="1">
    <testcase classname=" fixtures_validator sample test" name=" fixtures_validator sample test" time="0">
    </testcase>
  </testsuite>
  <testsuite name="undefined" errors="0" failures="0" skipped="0" timestamp="2025-06-05T02:20:24" time="0.055" tests="1">
    <testcase classname=" import samples entrypoint" name=" import samples entrypoint" time="0.001">
    </testcase>
  </testsuite>
  <testsuite name="undefined" errors="0" failures="0" skipped="0" timestamp="2025-06-05T02:20:24" time="0.054" tests="1">
    <testcase classname=" import samples entrypoint" name=" import samples entrypoint" time="0">
    </testcase>
  </testsuite>
  <testsuite name="undefined" errors="0" failures="0" skipped="0" timestamp="2025-06-05T02:20:24" time="0.056" tests="1">
    <testcase classname=" import samples entrypoint" name=" import samples entrypoint" time="0.001">
    </testcase>
  </testsuite>
  <testsuite name="undefined" errors="0" failures="0" skipped="0" timestamp="2025-06-05T02:20:24" time="0.041" tests="1">
    <testcase classname=" import mocks entrypoint" name=" import mocks entrypoint" time="0.001">
    </testcase>
  </testsuite>
  <testsuite name="undefined" errors="0" failures="0" skipped="0" timestamp="2025-06-05T02:20:24" time="0.132" tests="1">
    <testcase classname=" import impl entrypoint" name=" import impl entrypoint" time="0.001">
    </testcase>
  </testsuite>
  <testsuite name="undefined" errors="0" failures="0" skipped="0" timestamp="2025-06-05T02:20:24" time="0.079" tests="1">
    <testcase classname=" import samples entrypoint" name=" import samples entrypoint" time="0.001">
    </testcase>
  </testsuite>
  <testsuite name="undefined" errors="0" failures="0" skipped="0" timestamp="2025-06-05T02:20:24" time="0.071" tests="1">
    <testcase classname=" import samples entrypoint" name=" import samples entrypoint" time="0.001">
    </testcase>
  </testsuite>
  <testsuite name="undefined" errors="0" failures="0" skipped="0" timestamp="2025-06-05T02:20:24" time="0.081" tests="1">
    <testcase classname=" import guides entrypoint" name=" import guides entrypoint" time="0.003">
    </testcase>
  </testsuite>
  <testsuite name="undefined" errors="0" failures="0" skipped="0" timestamp="2025-06-05T02:20:24" time="0.052" tests="1">
    <testcase classname=" legacy_helper JS impl existe" name=" legacy_helper JS impl existe" time="0.001">
    </testcase>
  </testsuite>
  <testsuite name="undefined" errors="0" failures="0" skipped="0" timestamp="2025-06-05T02:20:24" time="0.079" tests="1">
    <testcase classname=" import guides entrypoint" name=" import guides entrypoint" time="0.001">
    </testcase>
  </testsuite>
  <testsuite name="undefined" errors="0" failures="0" skipped="0" timestamp="2025-06-05T02:20:24" time="0.082" tests="1">
    <testcase classname=" import guides entrypoint" name=" import guides entrypoint" time="0.001">
    </testcase>
  </testsuite>
  <testsuite name="undefined" errors="0" failures="0" skipped="0" timestamp="2025-06-05T02:20:24" time="0.051" tests="1">
    <testcase classname=" plugin fonctionne" name=" plugin fonctionne" time="0.001">
    </testcase>
  </testsuite>
  <testsuite name="undefined" errors="0" failures="0" skipped="0" timestamp="2025-06-05T02:20:24" time="0.101" tests="1">
    <testcase classname=" mockLegacyOperation renvoie mocked!" name=" mockLegacyOperation renvoie mocked!" time="0.001">
    </testcase>
  </testsuite>
  <testsuite name="undefined" errors="0" failures="0" skipped="0" timestamp="2025-06-05T02:20:24" time="0.062" tests="1">
    <testcase classname=" run fonctionne" name=" run fonctionne" time="0">
    </testcase>
  </testsuite>
  <testsuite name="undefined" errors="0" failures="0" skipped="0" timestamp="2025-06-05T02:20:24" time="0.088" tests="1">
    <testcase classname=" render fonctionne" name=" render fonctionne" time="0.001">
    </testcase>
  </testsuite>
  <testsuite name="undefined" errors="0" failures="0" skipped="0" timestamp="2025-06-05T02:20:24" time="0.062" tests="1">
    <testcase classname=" doc existe" name=" doc existe" time="0">
    </testcase>
  </testsuite>
  <testsuite name="undefined" errors="0" failures="0" skipped="0" timestamp="2025-06-05T02:20:24" time="0.07" tests="1">
    <testcase classname=" sample_legacy JS existe" name=" sample_legacy JS existe" time="0.001">
    </testcase>
  </testsuite>
  <testsuite name="undefined" errors="0" failures="0" skipped="0" timestamp="2025-06-05T02:20:24" time="0.058" tests="1">
    <testcase classname=" doc existe" name=" doc existe" time="0.001">
    </testcase>
  </testsuite>
  <testsuite name="undefined" errors="0" failures="0" skipped="0" timestamp="2025-06-05T02:20:25" time="0.037" tests="1">
    <testcase classname=" add fonctionne" name=" add fonctionne" time="0.001">
    </testcase>
  </testsuite>
  <testsuite name="undefined" errors="0" failures="0" skipped="0" timestamp="2025-06-05T02:20:25" time="0.04" tests="1">
    <testcase classname=" import samples" name=" import samples" time="0.001">
    </testcase>
  </testsuite>
</testsuites>