============================= test session starts ==============================
platform linux -- Python 3.10.12, pytest-8.3.5, pluggy-1.5.0
rootdir: /workspaces/dihya.io
configfile: pyproject.toml
plugins: anyio-4.9.0, asyncio-0.26.0, flask-1.3.0, cov-6.1.1, mock-3.14.0
asyncio: mode=strict, asyncio_default_fixture_loop_scope=None, asyncio_default_test_loop_scope=function
collected 660 items / 1 error

==================================== ERRORS ====================================
_ ERROR collecting backend/components/metiers/threed/tests_centralises/api/samples/audit/test_sample_audit.py _
ImportError while importing test module '/workspaces/dihya.io/backend/components/metiers/threed/tests_centralises/api/samples/audit/test_sample_audit.py'.
Hint: make sure your test modules/packages have valid Python names.
Traceback:
/usr/lib/python3.10/importlib/__init__.py:126: in import_module
    return _bootstrap._gcd_import(name[level:], package, level)
backend/components/metiers/threed/tests_centralises/api/samples/audit/test_sample_audit.py:2: in <module>
    from backend.components.metiers.threed.api.samples.audit import audit_sample_action
E   ImportError: cannot import name 'audit_sample_action' from 'backend.components.metiers.threed.api.samples.audit' (/workspaces/dihya.io/backend/components/metiers/threed/api/samples/audit/__init__.py)
================================ tests coverage ================================
_______________ coverage: platform linux, python 3.10.12-final-0 _______________

Name                                                                                                                                        Stmts   Miss Branch BrPart  Cover   Missing
---------------------------------------------------------------------------------------------------------------------------------------------------------------------------------------
backend/components/metiers/threed/__init__.py                                                                                                  16      6      2      0    56%   13, 17-19, 24, 29
backend/components/metiers/threed/api/__init__.py                                                                                              16      6      2      0    56%   13, 17-19, 24, 29
backend/components/metiers/threed/api/accessibility/__init__.py                                                                                16      6      2      0    56%   13, 17-19, 24, 29
backend/components/metiers/threed/api/accessibility/accessibility.py                                                                            6      5      4      0    10%   8-14
backend/components/metiers/threed/api/audit/__init__.py                                                                                        16      6      2      0    56%   13, 17-19, 24, 29
backend/components/metiers/threed/api/audit/audit.py                                                                                            4      3      2      0    17%   8-12
backend/components/metiers/threed/api/controllers/__init__.py                                                                                  16      6      2      0    56%   13, 17-19, 24, 29
backend/components/metiers/threed/api/controllers/threed_controller.py                                                                         55     30      2      0    44%   19-27, 32-37, 42-47, 52-56, 68, 72, 76, 80
backend/components/metiers/threed/api/core/__init__.py                                                                                         16      6      2      0    56%   13, 17-19, 24, 29
backend/components/metiers/threed/api/core/api.py                                                                                              39     24      2      0    37%   17-25, 30-34, 39-43, 48-52
backend/components/metiers/threed/api/db/__init__.py                                                                                           16      6      2      0    56%   13, 17-19, 24, 29
backend/components/metiers/threed/api/db/db.py                                                                                                  8      4      0      0    50%   8, 12, 16, 20
backend/components/metiers/threed/api/hooks/__init__.py                                                                                        16      6      2      0    56%   13, 17-19, 24, 29
backend/components/metiers/threed/api/hooks/hooks.py                                                                                            4      2      0      0    50%   9, 14
backend/components/metiers/threed/api/middlewares/__init__.py                                                                                  16      6      2      0    56%   13, 17-19, 24, 29
backend/components/metiers/threed/api/middlewares/middlewares.py                                                                               12      9      0      0    25%   8-12, 16-20, 24-28
backend/components/metiers/threed/api/rgpd/__init__.py                                                                                         16      6      2      0    56%   13, 17-19, 24, 29
backend/components/metiers/threed/api/rgpd/rgpd.py                                                                                              2      1      0      0    50%   9
backend/components/metiers/threed/api/samples/__init__.py                                                                                      16      6      2      0    56%   13, 17-19, 24, 29
backend/components/metiers/threed/api/samples/accessibility/__init__.py                                                                        16      6      2      0    56%   13, 17-19, 24, 29
backend/components/metiers/threed/api/samples/accessibility/sample_accessibility.py                                                             4      3      2      0    17%   9-11
backend/components/metiers/threed/api/samples/audit/__init__.py                                                                                16      6      2      0    56%   13, 17-19, 24, 29
backend/components/metiers/threed/api/samples/controllers/sample_controllers.py                                                                 3      2      0      0    33%   7-14
backend/components/metiers/threed/api/samples/core/__init__.py                                                                                 16      6      2      0    56%   13, 17-19, 24, 29
backend/components/metiers/threed/api/samples/core/sample_core.py                                                                               2      1      0      0    50%   8
backend/components/metiers/threed/api/samples/db/__init__.py                                                                                   16      6      2      0    56%   13, 17-19, 24, 29
backend/components/metiers/threed/api/samples/db/sample_db.py                                                                                   2      1      0      0    50%   8
backend/components/metiers/threed/api/samples/hooks/__init__.py                                                                                16      6      2      0    56%   13, 17-19, 24, 29
backend/components/metiers/threed/api/samples/hooks/sample_hooks.py                                                                             2      1      0      0    50%   8
backend/components/metiers/threed/api/samples/middlewares/__init__.py                                                                          16      6      2      0    56%   13, 17-19, 24, 29
backend/components/metiers/threed/api/samples/middlewares/sample_middlewares.py                                                                 2      1      0      0    50%   8
backend/components/metiers/threed/api/samples/rgpd/__init__.py                                                                                 16      6      2      0    56%   13, 17-19, 24, 29
backend/components/metiers/threed/api/samples/rgpd/sample_rgpd.py                                                                               2      1      0      0    50%   8
backend/components/metiers/threed/api/samples/validators/__init__.py                                                                           16      6      2      0    56%   13, 17-19, 24, 29
backend/components/metiers/threed/api/samples/validators/sample_validators.py                                                                   2      1      0      0    50%   8
backend/components/metiers/threed/api/validators/__init__.py                                                                                   16      6      2      0    56%   13, 17-19, 24, 29
backend/components/metiers/threed/api/validators/validators.py                                                                                  6      5      4      0    10%   8-13
backend/components/metiers/threed/fixtures/__init__.py                                                                                         16      6      2      0    56%   13, 17-19, 24, 29
backend/components/metiers/threed/fixtures/core/__init__.py                                                                                    16      6      2      0    56%   13, 17-19, 24, 29
backend/components/metiers/threed/fixtures/core/models/__init__.py                                                                             16      6      2      0    56%   13, 17-19, 24, 29
backend/components/metiers/threed/fixtures/core/models/fixtures.py                                                                             13      4      0      0    69%   12, 23, 35, 45
backend/components/metiers/threed/fixtures/core/validators/__init__.py                                                                         16      6      2      0    56%   13, 17-19, 24, 29
backend/components/metiers/threed/fixtures/core/validators/fixtures_validator.py                                                                4      2      0      0    50%   15, 32
backend/components/metiers/threed/fixtures/generators/__init__.py                                                                              16      6      2      0    56%   13, 17-19, 24, 29
backend/components/metiers/threed/fixtures/generators/fixtures_generator.py                                                                     4      2      0      0    50%   7, 13
backend/components/metiers/threed/fixtures/helpers/accessibility/helper_accessibility.py                                                        2      1      0      0    50%   4
backend/components/metiers/threed/fixtures/helpers/audit/helper_audit.py                                                                        2      1      0      0    50%   4
backend/components/metiers/threed/fixtures/helpers/core/helper_core.py                                                                          2      1      0      0    50%   4
backend/components/metiers/threed/fixtures/helpers/formatters/helper_formatters.py                                                              2      1      0      0    50%   4
backend/components/metiers/threed/fixtures/helpers/rgpd/helper_rgpd.py                                                                          2      1      0      0    50%   4
backend/components/metiers/threed/fixtures/helpers/security/helper_security.py                                                                  3      2      0      0    33%   4-6
backend/components/metiers/threed/fixtures/helpers/transformers/helper_transformers.py                                                          2      1      0      0    50%   4
backend/components/metiers/threed/fixtures/helpers/validators/helper_validators.py                                                              3      2      0      0    33%   4-6
backend/components/metiers/threed/fixtures/mocks/__init__.py                                                                                   16      6      2      0    56%   13, 17-19, 24, 29
backend/components/metiers/threed/fixtures/mocks/fixtures_mock.py                                                                              14      9      0      0    36%   10, 19-28
backend/components/metiers/threed/fixtures/samples/sample_fixture.py                                                                            4      1      0      0    75%   10
backend/components/metiers/threed/fixtures/services/__init__.py                                                                                16      6      2      0    56%   13, 17-19, 24, 29
backend/components/metiers/threed/fixtures/services/services_environnement.py                                                                   4      1      0      0    75%   11
backend/components/metiers/threed/guides/__init__.py                                                                                           16      6      2      0    56%   13, 17-19, 24, 29
backend/components/metiers/threed/guides/audit/__init__.py                                                                                     16      6      2      0    56%   13, 17-19, 24, 29
backend/components/metiers/threed/guides/rgpd/__init__.py                                                                                      16      6      2      0    56%   13, 17-19, 24, 29
backend/components/metiers/threed/guides/security/__init__.py                                                                                  16      6      2      0    56%   13, 17-19, 24, 29
backend/components/metiers/threed/guides/technical/__init__.py                                                                                 16      6      2      0    56%   13, 17-19, 24, 29
backend/components/metiers/threed/integration/__init__.py                                                                                      16      6      2      0    56%   13, 17-19, 24, 29
backend/components/metiers/threed/integration/api/__init__.py                                                                                  16      6      2      0    56%   13, 17-19, 24, 29
backend/components/metiers/threed/integration/api/integration_api.py                                                                            7      5      0      0    29%   11, 17-20
backend/components/metiers/threed/integration/external_connectors/__init__.py                                                                  16      6      2      0    56%   13, 17-19, 24, 29
backend/components/metiers/threed/integration/external_connectors/integration_external.py                                                       6      3      0      0    50%   10, 16, 22
backend/components/metiers/threed/integration/monitoring/__init__.py                                                                           16      6      2      0    56%   13, 17-19, 24, 29
backend/components/metiers/threed/integration/monitoring/integration_monitoring.py                                                              4      2      0      0    50%   11, 17
backend/components/metiers/threed/integration/pipelines/__init__.py                                                                            16      6      2      0    56%   13, 17-19, 24, 29
backend/components/metiers/threed/integration/pipelines/integration_pipelines.py                                                                4      2      0      0    50%   11, 17
backend/components/metiers/threed/integration/plugins/__init__.py                                                                              16      6      2      0    56%   13, 17-19, 24, 29
backend/components/metiers/threed/integration/plugins/integration_plugins.py                                                                    4      2      0      0    50%   11, 17
backend/components/metiers/threed/integration/samples/__init__.py                                                                              16      6      2      0    56%   13, 17-19, 24, 29
backend/components/metiers/threed/integration/samples/integration_sample_python.py                                                              2      1      0      0    50%   9
backend/components/metiers/threed/legacy/__init__.py                                                                                           16      6      2      0    56%   13, 17-19, 24, 29
backend/components/metiers/threed/legacy/audit/__init__.py                                                                                     16      6      2      0    56%   13, 17-19, 24, 29
backend/components/metiers/threed/legacy/audit/scripts/__init__.py                                                                             16      6      2      0    56%   13, 17-19, 24, 29
backend/components/metiers/threed/legacy/audit/scripts/analyse/__init__.py                                                                     16      6      2      0    56%   13, 17-19, 24, 29
backend/components/metiers/threed/legacy/audit/scripts/analyse/audit_analyse.py                                                                28     20     10      0    21%   10-15, 25-44, 64-66, 70-71
backend/components/metiers/threed/legacy/audit/scripts/export/__init__.py                                                                      16      6      2      0    56%   13, 17-19, 24, 29
backend/components/metiers/threed/legacy/audit/scripts/export/audit_export.py                                                                  31     22      6      1    27%   22-45, 52-54, 59
backend/components/metiers/threed/legacy/audit/scripts/report/__init__.py                                                                      16      6      2      0    56%   13, 17-19, 24, 29
backend/components/metiers/threed/legacy/audit/scripts/report/audit_report.py                                                                   6      3      2      1    50%   11-12, 16
backend/components/metiers/threed/legacy/samples/__init__.py                                                                                   16      6      2      0    56%   13, 17-19, 24, 29
backend/components/metiers/threed/legacy/samples/access/__init__.py                                                                            16      6      2      0    56%   13, 17-19, 24, 29
backend/components/metiers/threed/legacy/samples/access/access_sample.py                                                                        2      1      0      0    50%   7
backend/components/metiers/threed/legacy/samples/compliance/__init__.py                                                                        16      6      2      0    56%   13, 17-19, 24, 29
backend/components/metiers/threed/legacy/samples/compliance/compliance_sample.py                                                                2      1      0      0    50%   7
backend/components/metiers/threed/legacy/samples/helpers/__init__.py                                                                           16      6      2      0    56%   13, 17-19, 24, 29
backend/components/metiers/threed/legacy/samples/helpers/helper_sample.py                                                                       2      1      0      0    50%   7
backend/components/metiers/threed/legacy/samples/monitoring/__init__.py                                                                        16      6      2      0    56%   13, 17-19, 24, 29
backend/components/metiers/threed/legacy/samples/monitoring/monitoring_sample.py                                                                2      1      0      0    50%   7
backend/components/metiers/threed/legacy/samples/policy/__init__.py                                                                            16      6      2      0    56%   13, 17-19, 24, 29
backend/components/metiers/threed/legacy/samples/policy/policy_sample.py                                                                        2      1      0      0    50%   7
backend/components/metiers/threed/legacy/samples/rbac/__init__.py                                                                              16      6      2      0    56%   13, 17-19, 24, 29
backend/components/metiers/threed/legacy/samples/rbac/rbac_sample.py                                                                            2      1      0      0    50%   7
backend/components/metiers/threed/legacy/samples/rgpd/__init__.py                                                                              16      6      2      0    56%   13, 17-19, 24, 29
backend/components/metiers/threed/legacy/samples/rgpd/rgpd_sample.py                                                                            3      2      0      0    33%   7-9
backend/components/metiers/threed/legacy/samples/scripts/__init__.py                                                                           16      6      2      0    56%   13, 17-19, 24, 29
backend/components/metiers/threed/legacy/samples/scripts/script_sample.py                                                                       2      1      0      0    50%   7
backend/components/metiers/threed/legacy/samples/validators/__init__.py                                                                        16      6      2      0    56%   13, 17-19, 24, 29
backend/components/metiers/threed/legacy/samples/validators/validator_sample.py                                                                 2      1      0      0    50%   7
backend/components/metiers/threed/migrations/__init__.py                                                                                       16      6      2      0    56%   13, 17-19, 24, 29
backend/components/metiers/threed/migrations/guides/__init__.py                                                                                16      6      2      0    56%   13, 17-19, 24, 29
backend/components/metiers/threed/migrations/guides/checklists/__init__.py                                                                     16      6      2      0    56%   13, 17-19, 24, 29
backend/components/metiers/threed/migrations/guides/checklists/post_migration/__init__.py                                                      16      6      2      0    56%   13, 17-19, 24, 29
backend/components/metiers/threed/migrations/guides/checklists/post_migration/post_migration_checklist.py                                       6      3      0      0    50%   10, 16, 22
backend/components/metiers/threed/migrations/guides/checklists/pre_migration/__init__.py                                                       16      6      2      0    56%   13, 17-19, 24, 29
backend/components/metiers/threed/migrations/guides/checklists/pre_migration/pre_migration_checklist.py                                         6      3      0      0    50%   10, 16, 22
backend/components/metiers/threed/migrations/guides/procedures/__init__.py                                                                     16      6      2      0    56%   13, 17-19, 24, 29
backend/components/metiers/threed/migrations/guides/procedures/rollback/__init__.py                                                            16      6      2      0    56%   13, 17-19, 24, 29
backend/components/metiers/threed/migrations/guides/procedures/rollback/rollback_procedure.py                                                   6      3      0      0    50%   10, 16, 22
backend/components/metiers/threed/migrations/guides/procedures/standard/__init__.py                                                            16      6      2      0    56%   13, 17-19, 24, 29
backend/components/metiers/threed/migrations/guides/procedures/standard/standard_procedure.py                                                   6      3      0      0    50%   10, 16, 22
backend/components/metiers/threed/migrations/guides/templates/__init__.py                                                                      16      6      2      0    56%   13, 17-19, 24, 29
backend/components/metiers/threed/migrations/guides/templates/documentation/__init__.py                                                        16      6      2      0    56%   13, 17-19, 24, 29
backend/components/metiers/threed/migrations/guides/templates/documentation/documentation_template.py                                           2      1      0      0    50%   10
backend/components/metiers/threed/migrations/models/__init__.py                                                                                16      6      2      0    56%   13, 17-19, 24, 29
backend/components/metiers/threed/migrations/models/mapping/__init__.py                                                                        16      6      2      0    56%   13, 17-19, 24, 29
backend/components/metiers/threed/migrations/models/mapping/mapping_model.py                                                                    4      2      0      0    50%   10, 16
backend/components/metiers/threed/migrations/models/schema/__init__.py                                                                         16      6      2      0    56%   13, 17-19, 24, 29
backend/components/metiers/threed/migrations/models/schema/schema_model.py                                                                      4      2      0      0    50%   10, 16
backend/components/metiers/threed/migrations/samples/__init__.py                                                                               16      6      2      0    56%   13, 17-19, 24, 29
backend/components/metiers/threed/migrations/scripts/__init__.py                                                                               16      6      2      0    56%   13, 17-19, 24, 29
backend/components/metiers/threed/migrations/scripts/data/__init__.py                                                                          16      6      2      0    56%   13, 17-19, 24, 29
backend/components/metiers/threed/migrations/scripts/data/data_migration_script.py                                                              2      1      0      0    50%   10
backend/components/metiers/threed/migrations/scripts/rollback/__init__.py                                                                      16      6      2      0    56%   13, 17-19, 24, 29
backend/components/metiers/threed/migrations/scripts/rollback/rollback_script.py                                                                2      1      0      0    50%   10
backend/components/metiers/threed/samples/__init__.py                                                                                          16      6      2      0    56%   13, 17-19, 24, 29
backend/components/metiers/threed/samples/validators/__init__.py                                                                               16      6      2      0    56%   13, 17-19, 24, 29
backend/components/metiers/threed/samples/validators/input/__init__.py                                                                         16      6      2      0    56%   13, 17-19, 24, 29
backend/components/metiers/threed/samples/validators/input/sample_input.py                                                                      2      1      0      0    50%   3
backend/components/metiers/threed/samples/validators/rgpd/__init__.py                                                                          16      6      2      0    56%   13, 17-19, 24, 29
backend/components/metiers/threed/samples/validators/rgpd/sample_rgpd.py                                                                        2      1      0      0    50%   3
backend/components/metiers/threed/security/__init__.py                                                                                         16      6      2      0    56%   13, 17-19, 24, 29
backend/components/metiers/threed/security/compliance/__init__.py                                                                              16      6      2      0    56%   13, 17-19, 24, 29
backend/components/metiers/threed/security/compliance/checklists/__init__.py                                                                   16      6      2      0    56%   13, 17-19, 24, 29
backend/components/metiers/threed/security/compliance/checklists/rgpd_checklist.py                                                             16     14     14      0     7%   10-24
backend/components/metiers/threed/security/compliance/purge/purge_data_script.py                                                               46     36     16      1    18%   30-48, 53-58, 66-67, 71-75, 79-92
backend/components/metiers/threed/security/core/__init__.py                                                                                    16      6      2      0    56%   13, 17-19, 24, 29
backend/components/metiers/threed/security/core/policy/__init__.py                                                                             16      6      2      0    56%   13, 17-19, 24, 29
backend/components/metiers/threed/security/core/policy/policy.py                                                                               21     18     16      0     8%   10-27, 30-34
backend/components/metiers/threed/services/__init__.py                                                                                         16      6      2      0    56%   13, 17-19, 24, 29
backend/components/metiers/threed/services/core/__init__.py                                                                                    16      6      2      0    56%   13, 17-19, 24, 29
backend/components/metiers/threed/services/core/api/__init__.py                                                                                16      6      2      0    56%   13, 17-19, 24, 29
backend/components/metiers/threed/services/core/impl/__init__.py                                                                               16      6      2      0    56%   13, 17-19, 24, 29
backend/components/metiers/threed/services/core/impl/service_threed.py                                                                         35     24      8      0    26%   11-13, 16-18, 21-31, 34, 43, 47-49, 53, 57-59, 63-65
backend/components/metiers/threed/templates/__init__.py                                                                                        16      6      2      0    56%   13, 17-19, 24, 29
backend/components/metiers/threed/templates/core/__init__.py                                                                                   16      6      2      0    56%   13, 17-19, 24, 29
backend/components/metiers/threed/templates/core/template_threed.py                                                                            31     27     24      0     7%   17-40, 48, 55-62
backend/components/metiers/threed/templates/helpers/__init__.py                                                                                16      6      2      0    56%   13, 17-19, 24, 29
backend/components/metiers/threed/templates/helpers/core/__init__.py                                                                           16      6      2      0    56%   13, 17-19, 24, 29
backend/components/metiers/threed/templates/helpers/impl/__init__.py                                                                           16      6      2      0    56%   13, 17-19, 24, 29
backend/components/metiers/threed/templates/helpers/mocks/__init__.py                                                                          16      6      2      0    56%   13, 17-19, 24, 29
backend/components/metiers/threed/templates/helpers/utils/__init__.py                                                                          16      6      2      0    56%   13, 17-19, 24, 29
backend/components/metiers/threed/templates/helpers/validators/__init__.py                                                                     16      6      2      0    56%   13, 17-19, 24, 29
backend/components/metiers/threed/templates/helpers/validators/templates_validator.py                                                           5      2      0      0    60%   10, 17
backend/components/metiers/threed/tests_centralises/__init__.py                                                                                16      6      2      0    56%   13, 17-19, 24, 29
backend/components/metiers/threed/tests_centralises/api/__init__.py                                                                            16      6      2      0    56%   13, 17-19, 24, 29
backend/components/metiers/threed/tests_centralises/api/accessibility/__init__.py                                                              16      6      2      0    56%   13, 17-19, 24, 29
backend/components/metiers/threed/tests_centralises/api/accessibility/test_accessibility.py                                                    12      8      0      0    33%   6-9, 12-16
backend/components/metiers/threed/tests_centralises/api/audit/__init__.py                                                                      16      6      2      0    56%   13, 17-19, 24, 29
backend/components/metiers/threed/tests_centralises/api/audit/test_audit.py                                                                     8      5      0      0    38%   6-7, 11-13
backend/components/metiers/threed/tests_centralises/api/controllers/__init__.py                                                                16      6      2      0    56%   13, 17-19, 24, 29
backend/components/metiers/threed/tests_centralises/api/controllers/test_threed_controller.py                                                  49     38      0      0    22%   12, 16, 20, 24, 29-32, 37-52, 57-61, 66-75, 80-84, 89
backend/components/metiers/threed/tests_centralises/api/core/__init__.py                                                                       16      6      2      0    56%   13, 17-19, 24, 29
backend/components/metiers/threed/tests_centralises/api/core/test_api.py                                                                        5      1      0      0    80%   9
backend/components/metiers/threed/tests_centralises/api/db/__init__.py                                                                         16      6      2      0    56%   13, 17-19, 24, 29
backend/components/metiers/threed/tests_centralises/api/db/test_db.py                                                                          19     11      0      0    42%   15-17, 21-24, 28-30, 34
backend/components/metiers/threed/tests_centralises/api/hooks/__init__.py                                                                      16      6      2      0    56%   13, 17-19, 24, 29
backend/components/metiers/threed/tests_centralises/api/hooks/test_hooks.py                                                                     5      2      0      0    60%   5, 9
backend/components/metiers/threed/tests_centralises/api/middlewares/__init__.py                                                                16      6      2      0    56%   13, 17-19, 24, 29
backend/components/metiers/threed/tests_centralises/api/middlewares/test_middlewares.py                                                        16     12      0      0    25%   9-13, 17-21, 25-29
backend/components/metiers/threed/tests_centralises/api/rgpd/__init__.py                                                                       16      6      2      0    56%   13, 17-19, 24, 29
backend/components/metiers/threed/tests_centralises/api/rgpd/test_rgpd.py                                                                       5      3      0      0    40%   5-7
backend/components/metiers/threed/tests_centralises/api/samples/__init__.py                                                                    16      6      2      0    56%   13, 17-19, 24, 29
backend/components/metiers/threed/tests_centralises/api/samples/accessibility/__init__.py                                                      16      6      2      0    56%   13, 17-19, 24, 29
backend/components/metiers/threed/tests_centralises/api/samples/accessibility/test_sample_accessibility.py                                     17     11      0      0    35%   10-13, 17-20, 24-26
backend/components/metiers/threed/tests_centralises/api/samples/audit/__init__.py                                                              16      6      2      0    56%   13, 17-19, 24, 29
backend/components/metiers/threed/tests_centralises/api/samples/audit/test_sample_audit.py                                                     11      9      0      0    18%   5-17
backend/components/metiers/threed/tests_centralises/api/samples/controllers/__init__.py                                                        16      6      2      0    56%   13, 17-19, 24, 29
backend/components/metiers/threed/tests_centralises/api/samples/controllers/test_sample_controllers.py                                         15      5      0      0    67%   16-19, 25
backend/components/metiers/threed/tests_centralises/api/samples/core/__init__.py                                                               16      6      2      0    56%   13, 17-19, 24, 29
backend/components/metiers/threed/tests_centralises/api/samples/core/test_sample_core.py                                                       10      4      0      0    60%   8, 12, 15-16
backend/components/metiers/threed/tests_centralises/api/samples/db/__init__.py                                                                 16      6      2      0    56%   13, 17-19, 24, 29
backend/components/metiers/threed/tests_centralises/api/samples/db/test_sample_db.py                                                           10      4      0      0    60%   8, 12, 15-16
backend/components/metiers/threed/tests_centralises/api/samples/hooks/__init__.py                                                              16      6      2      0    56%   13, 17-19, 24, 29
backend/components/metiers/threed/tests_centralises/api/samples/hooks/test_sample_hooks.py                                                     10      4      0      0    60%   9, 13, 16-17
backend/components/metiers/threed/tests_centralises/api/samples/middlewares/__init__.py                                                        16      6      2      0    56%   13, 17-19, 24, 29
backend/components/metiers/threed/tests_centralises/api/samples/middlewares/test_sample_middlewares.py                                         10      4      0      0    60%   8, 12, 15-16
backend/components/metiers/threed/tests_centralises/api/samples/rgpd/__init__.py                                                               16      6      2      0    56%   13, 17-19, 24, 29
backend/components/metiers/threed/tests_centralises/api/samples/rgpd/test_sample_rgpd.py                                                       10      4      0      0    60%   8, 12, 15-16
backend/components/metiers/threed/tests_centralises/api/samples/validators/__init__.py                                                         16      6      2      0    56%   13, 17-19, 24, 29
backend/components/metiers/threed/tests_centralises/api/samples/validators/test_sample_validators.py                                           10      4      0      0    60%   8, 12, 15-16
backend/components/metiers/threed/tests_centralises/api/validators/__init__.py                                                                 16      6      2      0    56%   13, 17-19, 24, 29
backend/components/metiers/threed/tests_centralises/api/validators/test_validators.py                                                          10      6      0      0    40%   6-7, 11-14
backend/components/metiers/threed/tests_centralises/fixtures/__init__.py                                                                       16      6      2      0    56%   13, 17-19, 24, 29
backend/components/metiers/threed/tests_centralises/fixtures/core/__init__.py                                                                  16      6      2      0    56%   13, 17-19, 24, 29
backend/components/metiers/threed/tests_centralises/fixtures/core/models/__init__.py                                                           16      6      2      0    56%   13, 17-19, 24, 29
backend/components/metiers/threed/tests_centralises/fixtures/core/models/test_fixtures.py                                                      16      9      0      0    44%   11, 14-15, 18-19, 22-23, 26-27
backend/components/metiers/threed/tests_centralises/fixtures/core/validators/__init__.py                                                       16      6      2      0    56%   13, 17-19, 24, 29
backend/components/metiers/threed/tests_centralises/fixtures/core/validators/test_fixtures_validator.py                                        10      4      0      0    60%   18-19, 23-24
backend/components/metiers/threed/tests_centralises/fixtures/generators/__init__.py                                                            16      6      2      0    56%   13, 17-19, 24, 29
backend/components/metiers/threed/tests_centralises/fixtures/generators/test_fixtures_generator.py                                             28     21      0      0    25%   7-12, 18, 22-27, 31-36, 40-44, 48-52
backend/components/metiers/threed/tests_centralises/fixtures/helpers/__init__.py                                                               16      6      2      0    56%   13, 17-19, 24, 29
backend/components/metiers/threed/tests_centralises/fixtures/helpers/accessibility/__init__.py                                                 16      6      2      0    56%   13, 17-19, 24, 29
backend/components/metiers/threed/tests_centralises/fixtures/helpers/accessibility/test_helper_accessibility.py                                 9      3      0      0    67%   14-17
backend/components/metiers/threed/tests_centralises/fixtures/helpers/audit/__init__.py                                                         16      6      2      0    56%   13, 17-19, 24, 29
backend/components/metiers/threed/tests_centralises/fixtures/helpers/audit/test_helper_audit.py                                                 9      3      0      0    67%   14-16
backend/components/metiers/threed/tests_centralises/fixtures/helpers/core/__init__.py                                                          16      6      2      0    56%   13, 17-19, 24, 29
backend/components/metiers/threed/tests_centralises/fixtures/helpers/core/test_helper_core.py                                                   7      1      0      0    86%   12
backend/components/metiers/threed/tests_centralises/fixtures/helpers/formatters/__init__.py                                                    16      6      2      0    56%   13, 17-19, 24, 29
backend/components/metiers/threed/tests_centralises/fixtures/helpers/formatters/test_helper_formatters.py                                       9      3      0      0    67%   13-16
backend/components/metiers/threed/tests_centralises/fixtures/helpers/rgpd/__init__.py                                                          16      6      2      0    56%   13, 17-19, 24, 29
backend/components/metiers/threed/tests_centralises/fixtures/helpers/rgpd/test_helper_rgpd.py                                                   9      3      0      0    67%   15-17
backend/components/metiers/threed/tests_centralises/fixtures/helpers/security/__init__.py                                                      16      6      2      0    56%   13, 17-19, 24, 29
backend/components/metiers/threed/tests_centralises/fixtures/helpers/security/test_helper_security.py                                           7      1      0      0    86%   12
backend/components/metiers/threed/tests_centralises/fixtures/helpers/transformers/__init__.py                                                  16      6      2      0    56%   13, 17-19, 24, 29
backend/components/metiers/threed/tests_centralises/fixtures/helpers/transformers/test_helper_transformers.py                                   7      1      0      0    86%   12
backend/components/metiers/threed/tests_centralises/fixtures/helpers/validators/__init__.py                                                    16      6      2      0    56%   13, 17-19, 24, 29
backend/components/metiers/threed/tests_centralises/fixtures/helpers/validators/test_helper_validators.py                                       8      2      0      0    75%   12-13
backend/components/metiers/threed/tests_centralises/fixtures/mocks/__init__.py                                                                 16      6      2      0    56%   13, 17-19, 24, 29
backend/components/metiers/threed/tests_centralises/fixtures/mocks/test_fixtures_mock.py                                                       12      8      0      0    33%   12-13, 17-20, 24-25
backend/components/metiers/threed/tests_centralises/fixtures/samples/__init__.py                                                               16      6      2      0    56%   13, 17-19, 24, 29
backend/components/metiers/threed/tests_centralises/fixtures/samples/test_samples.py                                                           21      8      0      0    62%   18, 21-24, 27-29
backend/components/metiers/threed/tests_centralises/fixtures/services/__init__.py                                                              16      6      2      0    56%   13, 17-19, 24, 29
backend/components/metiers/threed/tests_centralises/fixtures/services/test_services_environnement.py                                           13      6      0      0    54%   12, 16-17, 21-23
backend/components/metiers/threed/tests_centralises/guides/__init__.py                                                                         16      6      2      0    56%   13, 17-19, 24, 29
backend/components/metiers/threed/tests_centralises/guides/accessibility/__init__.py                                                           16      6      2      0    56%   13, 17-19, 24, 29
backend/components/metiers/threed/tests_centralises/guides/accessibility/test_guide_accessibilite.py                                            2      1      0      0    50%   3
backend/components/metiers/threed/tests_centralises/guides/audit/__init__.py                                                                   16      6      2      0    56%   13, 17-19, 24, 29
backend/components/metiers/threed/tests_centralises/guides/audit/test_guide_audit.py                                                           11      5      0      0    55%   5-6, 9, 12, 16
backend/components/metiers/threed/tests_centralises/guides/best_practices/__init__.py                                                          16      6      2      0    56%   13, 17-19, 24, 29
backend/components/metiers/threed/tests_centralises/guides/best_practices/test_guide_bonnes_pratiques.py                                        2      1      0      0    50%   3
backend/components/metiers/threed/tests_centralises/guides/functional/__init__.py                                                              16      6      2      0    56%   13, 17-19, 24, 29
backend/components/metiers/threed/tests_centralises/guides/functional/test_guide_fonctionnel.py                                                 7      5      0      0    29%   4, 7-10
backend/components/metiers/threed/tests_centralises/guides/integration/__init__.py                                                             16      6      2      0    56%   13, 17-19, 24, 29
backend/components/metiers/threed/tests_centralises/guides/integration/test_guide_integration.py                                                7      5      0      0    29%   3, 6-9
backend/components/metiers/threed/tests_centralises/guides/rgpd/__init__.py                                                                    16      6      2      0    56%   13, 17-19, 24, 29
backend/components/metiers/threed/tests_centralises/guides/rgpd/test_guide_rgpd.py                                                             11      5      0      0    55%   5-6, 9, 12, 16
backend/components/metiers/threed/tests_centralises/guides/samples/__init__.py                                                                 16      6      2      0    56%   13, 17-19, 24, 29
backend/components/metiers/threed/tests_centralises/guides/samples/test_guide_sample.py                                                         7      5      0      0    29%   3, 6-9
backend/components/metiers/threed/tests_centralises/guides/security/__init__.py                                                                16      6      2      0    56%   13, 17-19, 24, 29
backend/components/metiers/threed/tests_centralises/guides/security/test_guide_securite.py                                                     11      5      0      0    55%   5-6, 9, 12, 16
backend/components/metiers/threed/tests_centralises/guides/technical/__init__.py                                                               16      6      2      0    56%   13, 17-19, 24, 29
backend/components/metiers/threed/tests_centralises/guides/technical/test_guide_technique.py                                                   11      5      0      0    55%   5-6, 9, 12, 16
backend/components/metiers/threed/tests_centralises/integration/__init__.py                                                                    16      6      2      0    56%   13, 17-19, 24, 29
backend/components/metiers/threed/tests_centralises/integration/api/__init__.py                                                                16      6      2      0    56%   13, 17-19, 24, 29
backend/components/metiers/threed/tests_centralises/integration/api/test_api_integration.py                                                    53     38      2      1    29%   11->13, 17, 21-26, 30-35, 39-46, 51-56, 61-67, 80-83
backend/components/metiers/threed/tests_centralises/integration/external_connectors/__init__.py                                                16      6      2      0    56%   13, 17-19, 24, 29
backend/components/metiers/threed/tests_centralises/integration/external_connectors/test_external_connectors_integration.py                    48     31      2      1    36%   10->12, 16, 20-22, 26-30, 34-38, 44-46, 50-54, 58-62, 72-75
backend/components/metiers/threed/tests_centralises/integration/monitoring/__init__.py                                                         16      6      2      0    56%   13, 17-19, 24, 29
backend/components/metiers/threed/tests_centralises/integration/monitoring/test_monitoring_integration.py                                      48     31      4      1    35%   10->12, 16-19, 23-26, 32-34, 38-42, 46-51, 55-58, 68-71, 76
backend/components/metiers/threed/tests_centralises/integration/pipelines/__init__.py                                                          16      6      2      0    56%   13, 17-19, 24, 29
backend/components/metiers/threed/tests_centralises/integration/pipelines/test_integration_pipelines.py                                        37     26      0      0    30%   13, 17-20, 24-27, 39-41, 45-50, 54-57, 69-72
backend/components/metiers/threed/tests_centralises/integration/plugins/__init__.py                                                            16      6      2      0    56%   13, 17-19, 24, 29
backend/components/metiers/threed/tests_centralises/integration/plugins/test_plugins_integration.py                                            39     28      0      0    28%   13, 17-20, 24-27, 39-41, 45-50, 54-59, 71-74
backend/components/metiers/threed/tests_centralises/integration/samples/__init__.py                                                            16      6      2      0    56%   13, 17-19, 24, 29
backend/components/metiers/threed/tests_centralises/integration/samples/test_sample_integration.py                                             13      7      0      0    46%   13, 17-19, 26-28
backend/components/metiers/threed/tests_centralises/legacy/__init__.py                                                                         16      6      2      0    56%   13, 17-19, 24, 29
backend/components/metiers/threed/tests_centralises/legacy/audit/__init__.py                                                                   16      6      2      0    56%   13, 17-19, 24, 29
backend/components/metiers/threed/tests_centralises/legacy/audit/guides/__init__.py                                                            16      6      2      0    56%   13, 17-19, 24, 29
backend/components/metiers/threed/tests_centralises/legacy/audit/guides/exemples/__init__.py                                                   16      6      2      0    56%   13, 17-19, 24, 29
backend/components/metiers/threed/tests_centralises/legacy/audit/guides/exemples/test_guide_exemple.py                                          4      2      0      0    50%   9, 14
backend/components/metiers/threed/tests_centralises/legacy/audit/guides/technique/__init__.py                                                  16      6      2      0    56%   13, 17-19, 24, 29
backend/components/metiers/threed/tests_centralises/legacy/audit/guides/technique/bonnes_pratiques/__init__.py                                 16      6      2      0    56%   13, 17-19, 24, 29
backend/components/metiers/threed/tests_centralises/legacy/audit/guides/technique/bonnes_pratiques/test_audit_bonnes_pratiques.py               4      2      0      0    50%   9, 14
backend/components/metiers/threed/tests_centralises/legacy/audit/guides/technique/checklists/__init__.py                                       16      6      2      0    56%   13, 17-19, 24, 29
backend/components/metiers/threed/tests_centralises/legacy/audit/guides/technique/checklists/test_audit_checklist_professionnelle.py            4      2      0      0    50%   9, 14
backend/components/metiers/threed/tests_centralises/legacy/audit/guides/technique/guides/__init__.py                                           16      6      2      0    56%   13, 17-19, 24, 29
backend/components/metiers/threed/tests_centralises/legacy/audit/guides/technique/guides/test_audit_guide.py                                    4      2      0      0    50%   9, 14
backend/components/metiers/threed/tests_centralises/legacy/audit/models/__init__.py                                                            16      6      2      0    56%   13, 17-19, 24, 29
backend/components/metiers/threed/tests_centralises/legacy/audit/models/test_models.py                                                         27     22      0      0    19%   9, 14, 18-26, 30-35, 39-49
backend/components/metiers/threed/tests_centralises/legacy/audit/scripts/__init__.py                                                           16      6      2      0    56%   13, 17-19, 24, 29
backend/components/metiers/threed/tests_centralises/legacy/audit/scripts/analyse/__init__.py                                                   16      6      2      0    56%   13, 17-19, 24, 29
backend/components/metiers/threed/tests_centralises/legacy/audit/scripts/analyse/test_analyse_data.py                                          36     28      0      0    22%   13, 18, 22-33, 37-43, 48-55, 59-64
backend/components/metiers/threed/tests_centralises/legacy/audit/scripts/export/__init__.py                                                    16      6      2      0    56%   13, 17-19, 24, 29
backend/components/metiers/threed/tests_centralises/legacy/audit/scripts/export/test_export_data.py                                            49     38      0      0    22%   17, 22, 30-45, 50-61, 66-70, 75-79
backend/components/metiers/threed/tests_centralises/legacy/audit/scripts/report/__init__.py                                                    16      6      2      0    56%   13, 17-19, 24, 29
backend/components/metiers/threed/tests_centralises/legacy/audit/scripts/report/test_report_generator.py                                       29     21      4      0    24%   17, 22, 29-38, 43-54
backend/components/metiers/threed/tests_centralises/legacy/audit/services/__init__.py                                                          16      6      2      0    56%   13, 17-19, 24, 29
backend/components/metiers/threed/tests_centralises/legacy/audit/services/test_api_service.py                                                  29     24      0      0    17%   9, 14, 18-26, 30-38, 42-46
backend/components/metiers/threed/tests_centralises/legacy/documentation/__init__.py                                                           16      6      2      0    56%   13, 17-19, 24, 29
backend/components/metiers/threed/tests_centralises/legacy/documentation/checklists/__init__.py                                                16      6      2      0    56%   13, 17-19, 24, 29
backend/components/metiers/threed/tests_centralises/legacy/documentation/checklists/test_checklist_generator.py                                 2      1      0      0    50%   7
backend/components/metiers/threed/tests_centralises/legacy/documentation/guides/__init__.py                                                    16      6      2      0    56%   13, 17-19, 24, 29
backend/components/metiers/threed/tests_centralises/legacy/documentation/guides/fonctionnelle/__init__.py                                      16      6      2      0    56%   13, 17-19, 24, 29
backend/components/metiers/threed/tests_centralises/legacy/documentation/guides/fonctionnelle/test_guide_fonctionnel_exemple.py                 9      7      0      0    22%   7, 11-19
backend/components/metiers/threed/tests_centralises/legacy/documentation/guides/technique/__init__.py                                          16      6      2      0    56%   13, 17-19, 24, 29
backend/components/metiers/threed/tests_centralises/legacy/documentation/guides/technique/api/__init__.py                                      16      6      2      0    56%   13, 17-19, 24, 29
backend/components/metiers/threed/tests_centralises/legacy/documentation/guides/technique/api/test_guide_api.py                                 2      1      0      0    50%   7
backend/components/metiers/threed/tests_centralises/legacy/documentation/guides/technique/architecture/__init__.py                             16      6      2      0    56%   13, 17-19, 24, 29
backend/components/metiers/threed/tests_centralises/legacy/documentation/guides/technique/architecture/test_guide_architecture_exemple.py       2      1      0      0    50%   7
backend/components/metiers/threed/tests_centralises/legacy/documentation/guides/technique/deploiement/__init__.py                              16      6      2      0    56%   13, 17-19, 24, 29
backend/components/metiers/threed/tests_centralises/legacy/documentation/guides/technique/deploiement/test_guide_deploiement.py                 2      1      0      0    50%   7
backend/components/metiers/threed/tests_centralises/legacy/documentation/guides/technique/maintenance/__init__.py                              16      6      2      0    56%   13, 17-19, 24, 29
backend/components/metiers/threed/tests_centralises/legacy/documentation/guides/technique/maintenance/test_guide_maintenance.py                 2      1      0      0    50%   7
backend/components/metiers/threed/tests_centralises/legacy/documentation/guides/technique/securite/__init__.py                                 16      6      2      0    56%   13, 17-19, 24, 29
backend/components/metiers/threed/tests_centralises/legacy/documentation/guides/technique/securite/test_guide_securite.py                       2      1      0      0    50%   7
backend/components/metiers/threed/tests_centralises/legacy/documentation/models/__init__.py                                                    16      6      2      0    56%   13, 17-19, 24, 29
backend/components/metiers/threed/tests_centralises/legacy/documentation/models/exemples/__init__.py                                           16      6      2      0    56%   13, 17-19, 24, 29
backend/components/metiers/threed/tests_centralises/legacy/documentation/models/exemples/test_model_exemple.py                                  2      1      0      0    50%   7
backend/components/metiers/threed/tests_centralises/legacy/documentation/models/technique/__init__.py                                          16      6      2      0    56%   13, 17-19, 24, 29
backend/components/metiers/threed/tests_centralises/legacy/documentation/models/technique/test_model_technique.py                               2      1      0      0    50%   7
backend/components/metiers/threed/tests_centralises/legacy/migration/__init__.py                                                               16      6      2      0    56%   13, 17-19, 24, 29
backend/components/metiers/threed/tests_centralises/legacy/migration/guides/__init__.py                                                        16      6      2      0    56%   13, 17-19, 24, 29
backend/components/metiers/threed/tests_centralises/legacy/migration/guides/test_guide_migration.py                                             2      1      0      0    50%   7
backend/components/metiers/threed/tests_centralises/legacy/migration/models/__init__.py                                                        16      6      2      0    56%   13, 17-19, 24, 29
backend/components/metiers/threed/tests_centralises/legacy/migration/models/test_model_migration.py                                            23     19      0      0    17%   7, 11-18, 22-26, 30-37
backend/components/metiers/threed/tests_centralises/legacy/migration/scripts/__init__.py                                                       16      6      2      0    56%   13, 17-19, 24, 29
backend/components/metiers/threed/tests_centralises/legacy/migration/scripts/test_script_migration.py                                           2      1      0      0    50%   7
backend/components/metiers/threed/tests_centralises/legacy/samples/__init__.py                                                                 16      6      2      0    56%   13, 17-19, 24, 29
backend/components/metiers/threed/tests_centralises/legacy/samples/access/__init__.py                                                          16      6      2      0    56%   13, 17-19, 24, 29
backend/components/metiers/threed/tests_centralises/legacy/samples/access/test_access_sample.py                                                 5      2      0      0    60%   9, 13
backend/components/metiers/threed/tests_centralises/legacy/samples/compliance/__init__.py                                                      16      6      2      0    56%   13, 17-19, 24, 29
backend/components/metiers/threed/tests_centralises/legacy/samples/compliance/test_compliance_sample.py                                         5      2      0      0    60%   11, 15
backend/components/metiers/threed/tests_centralises/legacy/samples/helpers/__init__.py                                                         16      6      2      0    56%   13, 17-19, 24, 29
backend/components/metiers/threed/tests_centralises/legacy/samples/helpers/test_helper_sample.py                                                3      1      0      0    67%   9
backend/components/metiers/threed/tests_centralises/legacy/samples/monitoring/__init__.py                                                      16      6      2      0    56%   13, 17-19, 24, 29
backend/components/metiers/threed/tests_centralises/legacy/samples/monitoring/test_monitoring_sample.py                                         5      2      0      0    60%   11, 15
backend/components/metiers/threed/tests_centralises/legacy/samples/policy/__init__.py                                                          16      6      2      0    56%   13, 17-19, 24, 29
backend/components/metiers/threed/tests_centralises/legacy/samples/policy/test_policy_sample.py                                                 5      2      0      0    60%   9, 13
backend/components/metiers/threed/tests_centralises/legacy/samples/rbac/__init__.py                                                            16      6      2      0    56%   13, 17-19, 24, 29
backend/components/metiers/threed/tests_centralises/legacy/samples/rbac/test_rbac_sample.py                                                    13      7      0      0    46%   9, 13, 17-18, 22-23, 27
backend/components/metiers/threed/tests_centralises/legacy/samples/rgpd/__init__.py                                                            16      6      2      0    56%   13, 17-19, 24, 29
backend/components/metiers/threed/tests_centralises/legacy/samples/rgpd/test_rgpd_sample.py                                                    20     15      0      0    25%   9-12, 16-19, 23-26, 30-34
backend/components/metiers/threed/tests_centralises/legacy/samples/scripts/__init__.py                                                         16      6      2      0    56%   13, 17-19, 24, 29
backend/components/metiers/threed/tests_centralises/legacy/samples/scripts/test_script_sample.py                                                3      1      0      0    67%   9
backend/components/metiers/threed/tests_centralises/legacy/samples/validators/__init__.py                                                      16      6      2      0    56%   13, 17-19, 24, 29
backend/components/metiers/threed/tests_centralises/legacy/samples/validators/test_validator_sample.py                                          5      2      0      0    60%   9, 13
backend/components/metiers/threed/tests_centralises/migrations/__init__.py                                                                     16      6      2      0    56%   13, 17-19, 24, 29
backend/components/metiers/threed/tests_centralises/migrations/guides/__init__.py                                                              16      6      2      0    56%   13, 17-19, 24, 29
backend/components/metiers/threed/tests_centralises/migrations/guides/checklists/__init__.py                                                   16      6      2      0    56%   13, 17-19, 24, 29
backend/components/metiers/threed/tests_centralises/migrations/guides/checklists/post_migration/__init__.py                                    16      6      2      0    56%   13, 17-19, 24, 29
backend/components/metiers/threed/tests_centralises/migrations/guides/checklists/post_migration/test_post_migration_checklist.py               14      9      0      0    36%   11-13, 17-19, 23-27
backend/components/metiers/threed/tests_centralises/migrations/guides/checklists/pre_migration/__init__.py                                     16      6      2      0    56%   13, 17-19, 24, 29
backend/components/metiers/threed/tests_centralises/migrations/guides/checklists/pre_migration/test_pre_migration_checklist.py                 14      9      0      0    36%   11-13, 17-19, 23-27
backend/components/metiers/threed/tests_centralises/migrations/guides/procedures/__init__.py                                                   16      6      2      0    56%   13, 17-19, 24, 29
backend/components/metiers/threed/tests_centralises/migrations/guides/procedures/rollback/__init__.py                                          16      6      2      0    56%   13, 17-19, 24, 29
backend/components/metiers/threed/tests_centralises/migrations/guides/procedures/rollback/test_rollback_procedure.py                           13      9      0      0    31%   10-12, 16-18, 22-26
backend/components/metiers/threed/tests_centralises/migrations/guides/procedures/standard/__init__.py                                          16      6      2      0    56%   13, 17-19, 24, 29
backend/components/metiers/threed/tests_centralises/migrations/guides/procedures/standard/test_standard_procedure.py                           13      9      0      0    31%   10-12, 16-18, 22-26
backend/components/metiers/threed/tests_centralises/migrations/guides/templates/__init__.py                                                    16      6      2      0    56%   13, 17-19, 24, 29
backend/components/metiers/threed/tests_centralises/migrations/guides/templates/data_migration/__init__.py                                     16      6      2      0    56%   13, 17-19, 24, 29
backend/components/metiers/threed/tests_centralises/migrations/guides/templates/data_migration/test_data_migration_template.py                  4      2      0      0    50%   8, 12
backend/components/metiers/threed/tests_centralises/migrations/guides/templates/documentation/__init__.py                                      16      6      2      0    56%   13, 17-19, 24, 29
backend/components/metiers/threed/tests_centralises/migrations/guides/templates/documentation/test_documentation_template.py                   20     15      0      0    25%   10, 14-19, 24-26, 31-36
backend/components/metiers/threed/tests_centralises/migrations/models/__init__.py                                                              16      6      2      0    56%   13, 17-19, 24, 29
backend/components/metiers/threed/tests_centralises/migrations/models/mapping/__init__.py                                                      16      6      2      0    56%   13, 17-19, 24, 29
backend/components/metiers/threed/tests_centralises/migrations/models/mapping/test_mapping_model.py                                            18     14      0      0    22%   11-19, 24-33
backend/components/metiers/threed/tests_centralises/migrations/models/schema/__init__.py                                                       16      6      2      0    56%   13, 17-19, 24, 29
backend/components/metiers/threed/tests_centralises/migrations/models/schema/test_schema_model.py                                              17     13      0      0    24%   11-19, 24-32
backend/components/metiers/threed/tests_centralises/migrations/samples/__init__.py                                                             16      6      2      0    56%   13, 17-19, 24, 29
backend/components/metiers/threed/tests_centralises/migrations/samples/test_samples_advanced.py                                                11      5      0      0    55%   5-6, 9, 12, 16
backend/components/metiers/threed/tests_centralises/migrations/scripts/__init__.py                                                             16      6      2      0    56%   13, 17-19, 24, 29
backend/components/metiers/threed/tests_centralises/migrations/scripts/data/__init__.py                                                        16      6      2      0    56%   13, 17-19, 24, 29
backend/components/metiers/threed/tests_centralises/migrations/scripts/data/test_data_migration.py                                             15      7      0      0    53%   8, 12, 17, 21, 26-27, 32
backend/components/metiers/threed/tests_centralises/migrations/scripts/rollback/__init__.py                                                    16      6      2      0    56%   13, 17-19, 24, 29
backend/components/metiers/threed/tests_centralises/migrations/scripts/rollback/test_rollback_script.py                                        11      5      0      0    55%   7, 10, 14, 18-19
backend/components/metiers/threed/tests_centralises/plugins/__init__.py                                                                        16      6      2      0    56%   13, 17-19, 24, 29
backend/components/metiers/threed/tests_centralises/plugins/config/__init__.py                                                                 16      6      2      0    56%   13, 17-19, 24, 29
backend/components/metiers/threed/tests_centralises/plugins/config/test_config.py                                                              39     32      4      0    16%   8, 12-16, 20-25, 29-35, 39-49, 53-58, 62-65
backend/components/metiers/threed/tests_centralises/plugins/docs/__init__.py                                                                   16      6      2      0    56%   13, 17-19, 24, 29
backend/components/metiers/threed/tests_centralises/plugins/docs/test_docs.py                                                                  31     24      2      0    21%   8, 12-14, 18-20, 24-27, 31-41, 45-50, 54-57
backend/components/metiers/threed/tests_centralises/plugins/examples/__init__.py                                                               16      6      2      0    56%   13, 17-19, 24, 29
backend/components/metiers/threed/tests_centralises/plugins/examples/test_examples.py                                                          31     24      2      0    21%   8, 12-14, 18-20, 24-27, 31-41, 45-50, 54-57
backend/components/metiers/threed/tests_centralises/plugins/helpers/__init__.py                                                                16      6      2      0    56%   13, 17-19, 24, 29
backend/components/metiers/threed/tests_centralises/plugins/helpers/test_helpers.py                                                            31     24      2      0    21%   8, 12-14, 18-21, 25-29, 33-43, 47-53, 57-61
backend/components/metiers/threed/tests_centralises/plugins/samples/__init__.py                                                                16      6      2      0    56%   13, 17-19, 24, 29
backend/components/metiers/threed/tests_centralises/plugins/samples/test_samples.py                                                            31     24      2      0    21%   8, 15-17, 21-23, 27-30, 34-44, 48-53, 57-60
backend/components/metiers/threed/tests_centralises/plugins/structure/__init__.py                                                              16      6      2      0    56%   13, 17-19, 24, 29
backend/components/metiers/threed/tests_centralises/plugins/structure/test_structure.py                                                        58     47      6      0    17%   8, 12-16, 20-25, 29-35, 39-49, 53-56, 60-62, 66-68, 72-75, 79-89, 93-96
backend/components/metiers/threed/tests_centralises/rgpd/__init__.py                                                                           16      6      2      0    56%   13, 17-19, 24, 29
backend/components/metiers/threed/tests_centralises/rgpd/core/__init__.py                                                                      16      6      2      0    56%   13, 17-19, 24, 29
backend/components/metiers/threed/tests_centralises/rgpd/core/test_rgpd_core.py                                                                34     26      2      0    22%   6-10, 13, 16-21, 24-25, 28-30, 33-38, 41-43
backend/components/metiers/threed/tests_centralises/rgpd/helpers/__init__.py                                                                   16      6      2      0    56%   13, 17-19, 24, 29
backend/components/metiers/threed/tests_centralises/rgpd/helpers/test_rgpd_helper.py                                                           34     26      2      0    22%   5-9, 14, 17-22, 25-26, 29-31, 34-39, 42-44
backend/components/metiers/threed/tests_centralises/rgpd/samples/__init__.py                                                                   16      6      2      0    56%   13, 17-19, 24, 29
backend/components/metiers/threed/tests_centralises/rgpd/samples/test_sample_rgpd.py                                                           20     12      2      0    36%   13, 16-20, 25-27, 32-35
backend/components/metiers/threed/tests_centralises/samples/__init__.py                                                                        16      6      2      0    56%   13, 17-19, 24, 29
backend/components/metiers/threed/tests_centralises/samples/access/__init__.py                                                                 16      6      2      0    56%   13, 17-19, 24, 29
backend/components/metiers/threed/tests_centralises/samples/access/test_access.py                                                               4      2      0      0    50%   7, 12
backend/components/metiers/threed/tests_centralises/samples/audit/__init__.py                                                                  16      6      2      0    56%   13, 17-19, 24, 29
backend/components/metiers/threed/tests_centralises/samples/audit/test_audit.py                                                                 2      1      0      0    50%   6
backend/components/metiers/threed/tests_centralises/samples/compliance/__init__.py                                                             16      6      2      0    56%   13, 17-19, 24, 29
backend/components/metiers/threed/tests_centralises/samples/compliance/test_compliance.py                                                       2      1      0      0    50%   6
backend/components/metiers/threed/tests_centralises/samples/helpers/__init__.py                                                                16      6      2      0    56%   13, 17-19, 24, 29
backend/components/metiers/threed/tests_centralises/samples/helpers/logger/__init__.py                                                         16      6      2      0    56%   13, 17-19, 24, 29
backend/components/metiers/threed/tests_centralises/samples/helpers/logger/test_logger.py                                                       2      1      0      0    50%   6
backend/components/metiers/threed/tests_centralises/samples/helpers/utils/__init__.py                                                          16      6      2      0    56%   13, 17-19, 24, 29
backend/components/metiers/threed/tests_centralises/samples/helpers/utils/test_utils.py                                                         2      1      0      0    50%   6
backend/components/metiers/threed/tests_centralises/samples/monitoring/__init__.py                                                             16      6      2      0    56%   13, 17-19, 24, 29
backend/components/metiers/threed/tests_centralises/samples/monitoring/alerts/__init__.py                                                      16      6      2      0    56%   13, 17-19, 24, 29
backend/components/metiers/threed/tests_centralises/samples/monitoring/alerts/test_alerts.py                                                    2      1      0      0    50%   6
backend/components/metiers/threed/tests_centralises/samples/monitoring/grafana/__init__.py                                                     16      6      2      0    56%   13, 17-19, 24, 29
backend/components/metiers/threed/tests_centralises/samples/monitoring/grafana/test_grafana.py                                                  2      1      0      0    50%   6
backend/components/metiers/threed/tests_centralises/samples/monitoring/prometheus/__init__.py                                                  16      6      2      0    56%   13, 17-19, 24, 29
backend/components/metiers/threed/tests_centralises/samples/monitoring/prometheus/test_prometheus.py                                            2      1      0      0    50%   6
backend/components/metiers/threed/tests_centralises/samples/policy/__init__.py                                                                 16      6      2      0    56%   13, 17-19, 24, 29
backend/components/metiers/threed/tests_centralises/samples/policy/test_policy.py                                                               2      1      0      0    50%   7
backend/components/metiers/threed/tests_centralises/samples/rbac/__init__.py                                                                   16      6      2      0    56%   13, 17-19, 24, 29
backend/components/metiers/threed/tests_centralises/samples/rbac/permissions/__init__.py                                                       16      6      2      0    56%   13, 17-19, 24, 29
backend/components/metiers/threed/tests_centralises/samples/rbac/permissions/test_permissions.py                                                2      1      0      0    50%   6
backend/components/metiers/threed/tests_centralises/samples/rbac/roles/__init__.py                                                             16      6      2      0    56%   13, 17-19, 24, 29
backend/components/metiers/threed/tests_centralises/samples/rbac/roles/test_roles.py                                                            2      1      0      0    50%   6
[...]
backend/components/metiers/threed/tests_centralises/utils/metrics/helpers/test_metrics_helper.py                                                4      2      0      0    50%   3, 8
backend/components/metiers/threed/tests_centralises/utils/plugins/__init__.py                                                                  16      6      2      0    56%   13, 17-19, 24, 29
backend/components/metiers/threed/tests_centralises/utils/plugins/core/__init__.py                                                             16      6      2      0    56%   13, 17-19, 24, 29
backend/components/metiers/threed/tests_centralises/utils/plugins/core/test_plugins_core_advanced.py                                            4      2      0      0    50%   4, 9
backend/components/metiers/threed/tests_centralises/utils/plugins/fallback/__init__.py                                                         16      6      2      0    56%   13, 17-19, 24, 29
backend/components/metiers/threed/tests_centralises/utils/plugins/fallback/test_fallback.py                                                     4      2      0      0    50%   4, 9
backend/components/metiers/threed/tests_centralises/utils/plugins/helpers/__init__.py                                                          16      6      2      0    56%   13, 17-19, 24, 29
backend/components/metiers/threed/tests_centralises/utils/plugins/helpers/test_plugins_helpers_advanced.py                                      4      2      0      0    50%   3, 8
backend/components/metiers/threed/tests_centralises/utils/rbac/__init__.py                                                                     16      6      2      0    56%   13, 17-19, 24, 29
backend/components/metiers/threed/tests_centralises/utils/rbac/core/__init__.py                                                                16      6      2      0    56%   13, 17-19, 24, 29
backend/components/metiers/threed/tests_centralises/utils/rbac/core/test_rbac_utils.py                                                         30     24      0      0    20%   9-15, 18-22, 25-30, 33-38
backend/components/metiers/threed/tests_centralises/utils/rbac/helpers/__init__.py                                                             16      6      2      0    56%   13, 17-19, 24, 29
backend/components/metiers/threed/tests_centralises/utils/rbac/helpers/test_rbac_helpers_advanced.py                                            4      2      0      0    50%   3, 8
backend/components/metiers/threed/tests_centralises/utils/validators/__init__.py                                                               16      6      2      0    56%   13, 17-19, 24, 29
backend/components/metiers/threed/tests_centralises/utils/validators/core/__init__.py                                                          16      6      2      0    56%   13, 17-19, 24, 29
backend/components/metiers/threed/tests_centralises/utils/validators/core/test_validators_core_advanced.py                                     22     14      0      0    36%   7-8, 11-13, 16-18, 21-22, 25-26, 29-30
backend/components/metiers/threed/tests_centralises/utils/validators/fallback/__init__.py                                                      16      6      2      0    56%   13, 17-19, 24, 29
backend/components/metiers/threed/tests_centralises/utils/validators/fallback/test_validators_fallback_advanced.py                             14     11      0      0    21%   3-5, 8-10, 14-20
backend/components/metiers/threed/tests_centralises/utils/validators/helpers/__init__.py                                                       16      6      2      0    56%   13, 17-19, 24, 29
backend/components/metiers/threed/tests_centralises/utils/validators/helpers/test_validators_helpers_advanced.py                               18     13      0      0    28%   6-7, 10-11, 14-22
backend/components/metiers/threed/tests_centralises/utils/views/__init__.py                                                                    16      6      2      0    56%   13, 17-19, 24, 29
backend/components/metiers/threed/tests_centralises/utils/views/admin/__init__.py                                                              16      6      2      0    56%   13, 17-19, 24, 29
backend/components/metiers/threed/tests_centralises/utils/views/admin/test_admin_utils.py                                                      28     19      0      0    32%   11-13, 16-20, 23-27, 32-36, 40
backend/components/metiers/threed/tests_centralises/utils/views/api/__init__.py                                                                16      6      2      0    56%   13, 17-19, 24, 29
backend/components/metiers/threed/tests_centralises/utils/views/api/test_api_utils.py                                                          24     16      0      0    33%   9-11, 16, 20-24, 28-30, 34-37
backend/components/metiers/threed/tests_centralises/utils/views/conformity/__init__.py                                                         16      6      2      0    56%   13, 17-19, 24, 29
backend/components/metiers/threed/tests_centralises/utils/views/conformity/test_conformity_utils.py                                            25     19      0      0    24%   11, 15-18, 22-25, 29-34, 38-43
backend/components/metiers/threed/tests_centralises/utils/views/partials/__init__.py                                                           16      6      2      0    56%   13, 17-19, 24, 29
backend/components/metiers/threed/tests_centralises/utils/views/partials/test_partials_utils.py                                                14     10      0      0    29%   8, 12-15, 19-23
backend/components/metiers/threed/tests_centralises/utils/views/public/__init__.py                                                             16      6      2      0    56%   13, 17-19, 24, 29
backend/components/metiers/threed/tests_centralises/utils/views/public/test_public_utils.py                                                    15     10      0      0    33%   8, 12-14, 18-19, 23-26
backend/components/metiers/threed/tests_centralises/utils/views/templates/__init__.py                                                          16      6      2      0    56%   13, 17-19, 24, 29
backend/components/metiers/threed/tests_centralises/utils/views/templates/test_templates_utils.py                                              16     11      0      0    31%   7, 11-14, 18-21, 25-27
backend/components/metiers/threed/tests_centralises/utils/views/threed/__init__.py                                                             16      6      2      0    56%   13, 17-19, 24, 29
backend/components/metiers/threed/tests_centralises/utils/views/threed/test_threed_utils.py                                                    17     12      0      0    29%   8, 12-15, 19-21, 25-28
backend/components/metiers/threed/tests_centralises/views/__init__.py                                                                          16      6      2      0    56%   13, 17-19, 24, 29
backend/components/metiers/threed/tests_centralises/views/core/__init__.py                                                                     16      6      2      0    56%   13, 17-19, 24, 29
backend/components/metiers/threed/tests_centralises/views/core/test_core.py                                                                     9      6      0      0    33%   7, 11-13, 17-20
backend/components/metiers/threed/tests_centralises/views/helpers/__init__.py                                                                  16      6      2      0    56%   13, 17-19, 24, 29
backend/components/metiers/threed/tests_centralises/views/helpers/test_helpers.py                                                              14     10      0      0    29%   7, 11-14, 18-21, 25-28
backend/components/metiers/threed/tests_centralises/views/router/__init__.py                                                                   16      6      2      0    56%   13, 17-19, 24, 29
backend/components/metiers/threed/tests_centralises/views/router/test_router.py                                                                55     48      0      0    13%   5, 9-11, 15-24, 28-37, 41-51, 55-64, 68-76
backend/components/metiers/threed/utils/__init__.py                                                                                            16      6      2      0    56%   13, 17-19, 24, 29
backend/components/metiers/threed/utils/ai/__init__.py                                                                                         16      6      2      0    56%   13, 17-19, 24, 29
backend/components/metiers/threed/utils/ai/core/__init__.py                                                                                    16      6      2      0    56%   13, 17-19, 24, 29
backend/components/metiers/threed/utils/ai/fallback/__init__.py                                                                                16      6      2      0    56%   13, 17-19, 24, 29
backend/components/metiers/threed/utils/ai/helpers/__init__.py                                                                                 16      6      2      0    56%   13, 17-19, 24, 29
backend/components/metiers/threed/utils/audit/__init__.py                                                                                      16      6      2      0    56%   13, 17-19, 24, 29
backend/components/metiers/threed/utils/audit/core/__init__.py                                                                                 16      6      2      0    56%   13, 17-19, 24, 29
backend/components/metiers/threed/utils/audit/fallback/__init__.py                                                                             16      6      2      0    56%   13, 17-19, 24, 29
backend/components/metiers/threed/utils/audit/helpers/__init__.py                                                                              16      6      2      0    56%   13, 17-19, 24, 29
backend/components/metiers/threed/utils/core/__init__.py                                                                                       16      6      2      0    56%   13, 17-19, 24, 29
backend/components/metiers/threed/utils/exporter/__init__.py                                                                                   16      6      2      0    56%   13, 17-19, 24, 29
backend/components/metiers/threed/utils/exporter/core/__init__.py                                                                              16      6      2      0    56%   13, 17-19, 24, 29
backend/components/metiers/threed/utils/exporter/fallback/__init__.py                                                                          16      6      2      0    56%   13, 17-19, 24, 29
backend/components/metiers/threed/utils/exporter/helpers/__init__.py                                                                           16      6      2      0    56%   13, 17-19, 24, 29
backend/components/metiers/threed/utils/fallback/__init__.py                                                                                   16      6      2      0    56%   13, 17-19, 24, 29
backend/components/metiers/threed/utils/helpers/__init__.py                                                                                    16      6      2      0    56%   13, 17-19, 24, 29
backend/components/metiers/threed/utils/helpers/core/__init__.py                                                                               16      6      2      0    56%   13, 17-19, 24, 29
backend/components/metiers/threed/utils/helpers/core/utils_helper.py                                                                            8      3      0      0    62%   10, 14, 18
backend/components/metiers/threed/utils/helpers/fallback/__init__.py                                                                           16      6      2      0    56%   13, 17-19, 24, 29
backend/components/metiers/threed/utils/helpers/fallback/fallback.py                                                                            5      4      0      0    20%   9-12
backend/components/metiers/threed/utils/helpers/helpers/__init__.py                                                                            16      6      2      0    56%   13, 17-19, 24, 29
backend/components/metiers/threed/utils/helpers/helpers/generic_helper.py                                                                       4      3      2      0    17%   9-11
backend/components/metiers/threed/utils/helpers/impl/__init__.py                                                                               16      6      2      0    56%   13, 17-19, 24, 29
backend/components/metiers/threed/utils/helpers/impl/advanced_impl_helper.py                                                                    5      4      0      0    20%   8-11
backend/components/metiers/threed/utils/helpers/mocks/__init__.py                                                                              16      6      2      0    56%   13, 17-19, 24, 29
backend/components/metiers/threed/utils/helpers/mocks/mock_helper.py                                                                            3      2      0      0    33%   7-8
backend/components/metiers/threed/utils/i18n/__init__.py                                                                                       16      6      2      0    56%   13, 17-19, 24, 29
backend/components/metiers/threed/utils/i18n/core/__init__.py                                                                                  16      6      2      0    56%   13, 17-19, 24, 29
backend/components/metiers/threed/utils/i18n/fallback/__init__.py                                                                              16      6      2      0    56%   13, 17-19, 24, 29
backend/components/metiers/threed/utils/i18n/helpers/__init__.py                                                                               16      6      2      0    56%   13, 17-19, 24, 29
backend/components/metiers/threed/utils/logger/__init__.py                                                                                     16      6      2      0    56%   13, 17-19, 24, 29
backend/components/metiers/threed/utils/logger/fallback/__init__.py                                                                            16      6      2      0    56%   13, 17-19, 24, 29
backend/components/metiers/threed/utils/logger/fallback/fallback.py                                                                             6      3      0      0    50%   12-17
backend/components/metiers/threed/utils/rbac/__init__.py                                                                                       16      6      2      0    56%   13, 17-19, 24, 29
backend/components/metiers/threed/utils/rbac/core/__init__.py                                                                                  16      6      2      0    56%   13, 17-19, 24, 29
backend/components/metiers/threed/utils/rbac/core/rbac_utils.py                                                                                 9      4      0      0    56%   10, 14, 18, 27
backend/components/metiers/threed/utils/validators/__init__.py                                                                                 16      6      2      0    56%   13, 17-19, 24, 29
backend/components/metiers/threed/utils/validators/core/__init__.py                                                                            16      6      2      0    56%   13, 17-19, 24, 29
backend/components/metiers/threed/utils/validators/core/validators.py                                                                           6      5      4      0    10%   12-16
backend/components/metiers/threed/utils/validators/helpers/__init__.py                                                                         16      6      2      0    56%   13, 17-19, 24, 29
backend/components/metiers/threed/utils/validators/helpers/validators_helper.py                                                                 5      3      2      0    29%   11-13
backend/components/metiers/threed/utils/views/__init__.py                                                                                      16      6      2      0    56%   15, 22-24, 32, 38
backend/components/metiers/threed/utils/views/admin/__init__.py                                                                                16      6      2      0    56%   15, 22-24, 32, 38
backend/components/metiers/threed/utils/views/admin/admin_views.py                                                                             13      3      2      0    67%   24-28
backend/components/metiers/threed/utils/views/api/__init__.py                                                                                  16      6      2      0    56%   15, 22-24, 32, 38
backend/components/metiers/threed/utils/views/api/api_views.py                                                                                 11      1      0      0    91%   24
backend/components/metiers/threed/utils/views/conformity/__init__.py                                                                           16      6      2      0    56%   15, 22-24, 32, 38
backend/components/metiers/threed/utils/views/conformity/conformity_views.py                                                                    9      7      4      0    15%   10-16, 21-23
backend/components/metiers/threed/utils/views/partials/__init__.py                                                                             16      6      2      0    56%   15, 22-24, 32, 38
backend/components/metiers/threed/utils/views/partials/partials_views.py                                                                        2      1      0      0    50%   9
backend/components/metiers/threed/utils/views/public/__init__.py                                                                               16      6      2      0    56%   15, 22-24, 32, 38
backend/components/metiers/threed/utils/views/public/public_views.py                                                                            2      1      0      0    50%   6
backend/components/metiers/threed/utils/views/templates/__init__.py                                                                            16      6      2      0    56%   15, 22-24, 32, 38
backend/components/metiers/threed/utils/views/templates/templates_views.py                                                                     12      7      4      0    31%   19-25
backend/components/metiers/threed/utils/views/threed/__init__.py                                                                               16      6      2      0    56%   15, 22-24, 32, 38
backend/components/metiers/threed/utils/views/threed/threed_views.py                                                                            2      1      0      0    50%   6
gen_doc_metiers.py                                                                                                                             69     69     20      0     0%   16-225
gen_readme_metiers.py                                                                                                                          71     71     22      0     0%   16-188
---------------------------------------------------------------------------------------------------------------------------------------------------------------------------------------
TOTAL                                                                                                                                       10699   4896   1108      6    49%

2 files skipped due to complete coverage.
=========================== short test summary info ============================
ERROR backend/components/metiers/threed/tests_centralises/api/samples/audit/test_sample_audit.py
!!!!!!!!!!!!!!!!!!!! Interrupted: 1 error during collection !!!!!!!!!!!!!!!!!!!!
=============================== 1 error in 4.96s ===============================
