{"/workspaces/Dihya/src/components/metiers/assurance/index.js": {"path":"/workspaces/Dihya/src/components/metiers/assurance/index.js","statementMap":{"0":{"start":{"line":7,"column":2},"end":{"line":11,"column":4}}},"fnMap":{"0":{"name":"AssuranceForm","decl":{"start":{"line":6,"column":9},"end":{"line":6,"column":22}},"loc":{"start":{"line":6,"column":40},"end":{"line":12,"column":1}},"line":6}},"branchMap":{"0":{"loc":{"start":{"line":6,"column":25},"end":{"line":6,"column":36}},"type":"default-arg","locations":[{"start":{"line":6,"column":32},"end":{"line":6,"column":36}}],"line":6},"1":{"loc":{"start":{"line":8,"column":22},"end":{"line":8,"column":63}},"type":"cond-expr","locations":[{"start":{"line":8,"column":38},"end":{"line":8,"column":49}},{"start":{"line":8,"column":52},"end":{"line":8,"column":63}}],"line":8}},"s":{"0":0},"f":{"0":0},"b":{"0":[0],"1":[0,0]},"_coverageSchema":"1a1c01bbd47fc00a2c39e90264f33305004495a9","hash":"7a9db833d28f6c5ee865cb9113097471e268afd0"}
,"/workspaces/Dihya/src/components/metiers/automobile/index.js": {"path":"/workspaces/Dihya/src/components/metiers/automobile/index.js","statementMap":{"0":{"start":{"line":14,"column":2},"end":{"line":18,"column":4}}},"fnMap":{"0":{"name":"AutomobileForm","decl":{"start":{"line":12,"column":16},"end":{"line":12,"column":30}},"loc":{"start":{"line":12,"column":48},"end":{"line":19,"column":1}},"line":12}},"branchMap":{"0":{"loc":{"start":{"line":12,"column":33},"end":{"line":12,"column":44}},"type":"default-arg","locations":[{"start":{"line":12,"column":40},"end":{"line":12,"column":44}}],"line":12},"1":{"loc":{"start":{"line":15,"column":22},"end":{"line":15,"column":65}},"type":"cond-expr","locations":[{"start":{"line":15,"column":38},"end":{"line":15,"column":50}},{"start":{"line":15,"column":53},"end":{"line":15,"column":65}}],"line":15}},"s":{"0":0},"f":{"0":0},"b":{"0":[0],"1":[0,0]},"_coverageSchema":"1a1c01bbd47fc00a2c39e90264f33305004495a9","hash":"e2ff12448fef2db0ac656ddfb3d5892df1a00001"}
,"/workspaces/Dihya/src/components/metiers/banque_finance/index.js": {"path":"/workspaces/Dihya/src/components/metiers/banque_finance/index.js","statementMap":{"0":{"start":{"line":8,"column":2},"end":{"line":12,"column":4}}},"fnMap":{"0":{"name":"BanqueFinanceForm","decl":{"start":{"line":6,"column":16},"end":{"line":6,"column":33}},"loc":{"start":{"line":6,"column":51},"end":{"line":13,"column":1}},"line":6}},"branchMap":{"0":{"loc":{"start":{"line":6,"column":36},"end":{"line":6,"column":47}},"type":"default-arg","locations":[{"start":{"line":6,"column":43},"end":{"line":6,"column":47}}],"line":6},"1":{"loc":{"start":{"line":9,"column":22},"end":{"line":9,"column":78}},"type":"cond-expr","locations":[{"start":{"line":9,"column":38},"end":{"line":9,"column":56}},{"start":{"line":9,"column":59},"end":{"line":9,"column":78}}],"line":9}},"s":{"0":0},"f":{"0":0},"b":{"0":[0],"1":[0,0]},"_coverageSchema":"1a1c01bbd47fc00a2c39e90264f33305004495a9","hash":"2cf835953ff189ffa5a2a4e1747e5ab590cca5c0"}
,"/workspaces/Dihya/src/components/metiers/beaute/index.js": {"path":"/workspaces/Dihya/src/components/metiers/beaute/index.js","statementMap":{"0":{"start":{"line":8,"column":2},"end":{"line":12,"column":4}}},"fnMap":{"0":{"name":"BeauteForm","decl":{"start":{"line":6,"column":16},"end":{"line":6,"column":26}},"loc":{"start":{"line":6,"column":44},"end":{"line":13,"column":1}},"line":6}},"branchMap":{"0":{"loc":{"start":{"line":6,"column":29},"end":{"line":6,"column":40}},"type":"default-arg","locations":[{"start":{"line":6,"column":36},"end":{"line":6,"column":40}}],"line":6},"1":{"loc":{"start":{"line":9,"column":22},"end":{"line":9,"column":57}},"type":"cond-expr","locations":[{"start":{"line":9,"column":38},"end":{"line":9,"column":46}},{"start":{"line":9,"column":49},"end":{"line":9,"column":57}}],"line":9}},"s":{"0":0},"f":{"0":0},"b":{"0":[0],"1":[0,0]},"_coverageSchema":"1a1c01bbd47fc00a2c39e90264f33305004495a9","hash":"02a91036d5e23972358e6383b3c272a658eeeab1"}
,"/workspaces/Dihya/src/components/metiers/blockchain/index.js": {"path":"/workspaces/Dihya/src/components/metiers/blockchain/index.js","statementMap":{"0":{"start":{"line":8,"column":2},"end":{"line":12,"column":4}}},"fnMap":{"0":{"name":"BlockchainForm","decl":{"start":{"line":6,"column":16},"end":{"line":6,"column":30}},"loc":{"start":{"line":6,"column":48},"end":{"line":13,"column":1}},"line":6}},"branchMap":{"0":{"loc":{"start":{"line":6,"column":33},"end":{"line":6,"column":44}},"type":"default-arg","locations":[{"start":{"line":6,"column":40},"end":{"line":6,"column":44}}],"line":6},"1":{"loc":{"start":{"line":9,"column":22},"end":{"line":9,"column":65}},"type":"cond-expr","locations":[{"start":{"line":9,"column":38},"end":{"line":9,"column":50}},{"start":{"line":9,"column":53},"end":{"line":9,"column":65}}],"line":9}},"s":{"0":0},"f":{"0":0},"b":{"0":[0],"1":[0,0]},"_coverageSchema":"1a1c01bbd47fc00a2c39e90264f33305004495a9","hash":"0782e342e714508f354d6e08bef4da00673f7697"}
,"/workspaces/Dihya/src/components/metiers/btp/index.js": {"path":"/workspaces/Dihya/src/components/metiers/btp/index.js","statementMap":{"0":{"start":{"line":8,"column":2},"end":{"line":12,"column":4}}},"fnMap":{"0":{"name":"BtpForm","decl":{"start":{"line":6,"column":16},"end":{"line":6,"column":23}},"loc":{"start":{"line":6,"column":41},"end":{"line":13,"column":1}},"line":6}},"branchMap":{"0":{"loc":{"start":{"line":6,"column":26},"end":{"line":6,"column":37}},"type":"default-arg","locations":[{"start":{"line":6,"column":33},"end":{"line":6,"column":37}}],"line":6},"1":{"loc":{"start":{"line":9,"column":22},"end":{"line":9,"column":75}},"type":"cond-expr","locations":[{"start":{"line":9,"column":38},"end":{"line":9,"column":43}},{"start":{"line":9,"column":46},"end":{"line":9,"column":75}}],"line":9}},"s":{"0":0},"f":{"0":0},"b":{"0":[0],"1":[0,0]},"_coverageSchema":"1a1c01bbd47fc00a2c39e90264f33305004495a9","hash":"d76968ab446494426667c2a42fb220ebbd0e089c"}
,"/workspaces/Dihya/src/components/metiers/construction/index.js": {"path":"/workspaces/Dihya/src/components/metiers/construction/index.js","statementMap":{"0":{"start":{"line":8,"column":2},"end":{"line":12,"column":4}}},"fnMap":{"0":{"name":"ConstructionForm","decl":{"start":{"line":6,"column":16},"end":{"line":6,"column":32}},"loc":{"start":{"line":6,"column":50},"end":{"line":13,"column":1}},"line":6}},"branchMap":{"0":{"loc":{"start":{"line":6,"column":35},"end":{"line":6,"column":46}},"type":"default-arg","locations":[{"start":{"line":6,"column":42},"end":{"line":6,"column":46}}],"line":6},"1":{"loc":{"start":{"line":9,"column":22},"end":{"line":9,"column":69}},"type":"cond-expr","locations":[{"start":{"line":9,"column":38},"end":{"line":9,"column":52}},{"start":{"line":9,"column":55},"end":{"line":9,"column":69}}],"line":9}},"s":{"0":0},"f":{"0":0},"b":{"0":[0],"1":[0,0]},"_coverageSchema":"1a1c01bbd47fc00a2c39e90264f33305004495a9","hash":"25da4018458a10d9fd39e640a877311e2dd46119"}
,"/workspaces/Dihya/src/components/metiers/crypto/index.js": {"path":"/workspaces/Dihya/src/components/metiers/crypto/index.js","statementMap":{"0":{"start":{"line":8,"column":2},"end":{"line":12,"column":4}}},"fnMap":{"0":{"name":"CryptoForm","decl":{"start":{"line":6,"column":16},"end":{"line":6,"column":26}},"loc":{"start":{"line":6,"column":44},"end":{"line":13,"column":1}},"line":6}},"branchMap":{"0":{"loc":{"start":{"line":6,"column":29},"end":{"line":6,"column":40}},"type":"default-arg","locations":[{"start":{"line":6,"column":36},"end":{"line":6,"column":40}}],"line":6},"1":{"loc":{"start":{"line":9,"column":22},"end":{"line":9,"column":57}},"type":"cond-expr","locations":[{"start":{"line":9,"column":38},"end":{"line":9,"column":46}},{"start":{"line":9,"column":49},"end":{"line":9,"column":57}}],"line":9}},"s":{"0":0},"f":{"0":0},"b":{"0":[0],"1":[0,0]},"_coverageSchema":"1a1c01bbd47fc00a2c39e90264f33305004495a9","hash":"928af2ca1c29b066c20851d1a568290e8bdaa1c1"}
,"/workspaces/Dihya/src/components/metiers/culture/index.js": {"path":"/workspaces/Dihya/src/components/metiers/culture/index.js","statementMap":{"0":{"start":{"line":8,"column":2},"end":{"line":12,"column":4}}},"fnMap":{"0":{"name":"CultureForm","decl":{"start":{"line":6,"column":16},"end":{"line":6,"column":27}},"loc":{"start":{"line":6,"column":45},"end":{"line":13,"column":1}},"line":6}},"branchMap":{"0":{"loc":{"start":{"line":6,"column":30},"end":{"line":6,"column":41}},"type":"default-arg","locations":[{"start":{"line":6,"column":37},"end":{"line":6,"column":41}}],"line":6},"1":{"loc":{"start":{"line":9,"column":22},"end":{"line":9,"column":59}},"type":"cond-expr","locations":[{"start":{"line":9,"column":38},"end":{"line":9,"column":47}},{"start":{"line":9,"column":50},"end":{"line":9,"column":59}}],"line":9}},"s":{"0":0},"f":{"0":0},"b":{"0":[0],"1":[0,0]},"_coverageSchema":"1a1c01bbd47fc00a2c39e90264f33305004495a9","hash":"759b4c8039fa77c9608fb698863cf877de690277"}
,"/workspaces/Dihya/src/components/metiers/ecommerce/index.js": {"path":"/workspaces/Dihya/src/components/metiers/ecommerce/index.js","statementMap":{"0":{"start":{"line":8,"column":2},"end":{"line":12,"column":4}}},"fnMap":{"0":{"name":"EcommerceForm","decl":{"start":{"line":6,"column":16},"end":{"line":6,"column":29}},"loc":{"start":{"line":6,"column":47},"end":{"line":13,"column":1}},"line":6}},"branchMap":{"0":{"loc":{"start":{"line":6,"column":32},"end":{"line":6,"column":43}},"type":"default-arg","locations":[{"start":{"line":6,"column":39},"end":{"line":6,"column":43}}],"line":6},"1":{"loc":{"start":{"line":9,"column":22},"end":{"line":9,"column":65}},"type":"cond-expr","locations":[{"start":{"line":9,"column":38},"end":{"line":9,"column":50}},{"start":{"line":9,"column":53},"end":{"line":9,"column":65}}],"line":9}},"s":{"0":0},"f":{"0":0},"b":{"0":[0],"1":[0,0]},"_coverageSchema":"1a1c01bbd47fc00a2c39e90264f33305004495a9","hash":"52d3a3eb9742a8cc31e93099e490666f451e7b13"}
,"/workspaces/Dihya/src/components/metiers/education/index.js": {"path":"/workspaces/Dihya/src/components/metiers/education/index.js","statementMap":{"0":{"start":{"line":8,"column":2},"end":{"line":12,"column":4}}},"fnMap":{"0":{"name":"EducationForm","decl":{"start":{"line":6,"column":16},"end":{"line":6,"column":29}},"loc":{"start":{"line":6,"column":47},"end":{"line":13,"column":1}},"line":6}},"branchMap":{"0":{"loc":{"start":{"line":6,"column":32},"end":{"line":6,"column":43}},"type":"default-arg","locations":[{"start":{"line":6,"column":39},"end":{"line":6,"column":43}}],"line":6},"1":{"loc":{"start":{"line":9,"column":22},"end":{"line":9,"column":63}},"type":"cond-expr","locations":[{"start":{"line":9,"column":38},"end":{"line":9,"column":49}},{"start":{"line":9,"column":52},"end":{"line":9,"column":63}}],"line":9}},"s":{"0":0},"f":{"0":0},"b":{"0":[0],"1":[0,0]},"_coverageSchema":"1a1c01bbd47fc00a2c39e90264f33305004495a9","hash":"aadfff528ac7e278abb76a94a4d85b72aae8f350"}
,"/workspaces/Dihya/src/components/metiers/energie/index.js": {"path":"/workspaces/Dihya/src/components/metiers/energie/index.js","statementMap":{"0":{"start":{"line":8,"column":2},"end":{"line":12,"column":4}}},"fnMap":{"0":{"name":"EnergieForm","decl":{"start":{"line":6,"column":16},"end":{"line":6,"column":27}},"loc":{"start":{"line":6,"column":45},"end":{"line":13,"column":1}},"line":6}},"branchMap":{"0":{"loc":{"start":{"line":6,"column":30},"end":{"line":6,"column":41}},"type":"default-arg","locations":[{"start":{"line":6,"column":37},"end":{"line":6,"column":41}}],"line":6},"1":{"loc":{"start":{"line":9,"column":22},"end":{"line":9,"column":58}},"type":"cond-expr","locations":[{"start":{"line":9,"column":38},"end":{"line":9,"column":47}},{"start":{"line":9,"column":50},"end":{"line":9,"column":58}}],"line":9}},"s":{"0":0},"f":{"0":0},"b":{"0":[0],"1":[0,0]},"_coverageSchema":"1a1c01bbd47fc00a2c39e90264f33305004495a9","hash":"967dfaf840e646b9450f941dd0380c8392b2f19e"}
,"/workspaces/Dihya/src/components/metiers/environnement/index.js": {"path":"/workspaces/Dihya/src/components/metiers/environnement/index.js","statementMap":{"0":{"start":{"line":18,"column":15},"end":{"line":18,"column":31}},"1":{"start":{"line":21,"column":0},"end":{"line":21,"column":24}},"2":{"start":{"line":22,"column":0},"end":{"line":22,"column":21}},"3":{"start":{"line":23,"column":0},"end":{"line":23,"column":27}},"4":{"start":{"line":24,"column":0},"end":{"line":24,"column":21}},"5":{"start":{"line":27,"column":0},"end":{"line":27,"column":49}},"6":{"start":{"line":34,"column":0},"end":{"line":37,"column":3}},"7":{"start":{"line":35,"column":15},"end":{"line":35,"column":36}},"8":{"start":{"line":36,"column":2},"end":{"line":36,"column":37}},"9":{"start":{"line":44,"column":0},"end":{"line":47,"column":3}},"10":{"start":{"line":45,"column":16},"end":{"line":45,"column":56}},"11":{"start":{"line":46,"column":2},"end":{"line":46,"column":34}},"12":{"start":{"line":54,"column":0},"end":{"line":57,"column":3}},"13":{"start":{"line":55,"column":16},"end":{"line":55,"column":71}},"14":{"start":{"line":56,"column":2},"end":{"line":56,"column":22}},"15":{"start":{"line":64,"column":0},"end":{"line":67,"column":3}},"16":{"start":{"line":65,"column":2},"end":{"line":65,"column":48}},"17":{"start":{"line":66,"column":2},"end":{"line":66,"column":25}},"18":{"start":{"line":74,"column":0},"end":{"line":77,"column":3}},"19":{"start":{"line":75,"column":18},"end":{"line":75,"column":59}},"20":{"start":{"line":76,"column":2},"end":{"line":76,"column":24}},"21":{"start":{"line":80,"column":0},"end":{"line":80,"column":54}}},"fnMap":{"0":{"name":"(anonymous_0)","decl":{"start":{"line":34,"column":20},"end":{"line":34,"column":21}},"loc":{"start":{"line":34,"column":40},"end":{"line":37,"column":1}},"line":34},"1":{"name":"(anonymous_1)","decl":{"start":{"line":44,"column":40},"end":{"line":44,"column":41}},"loc":{"start":{"line":44,"column":60},"end":{"line":47,"column":1}},"line":44},"2":{"name":"(anonymous_2)","decl":{"start":{"line":54,"column":43},"end":{"line":54,"column":44}},"loc":{"start":{"line":54,"column":63},"end":{"line":57,"column":1}},"line":54},"3":{"name":"(anonymous_3)","decl":{"start":{"line":64,"column":58},"end":{"line":64,"column":59}},"loc":{"start":{"line":64,"column":78},"end":{"line":67,"column":1}},"line":64},"4":{"name":"(anonymous_4)","decl":{"start":{"line":74,"column":33},"end":{"line":74,"column":34}},"loc":{"start":{"line":74,"column":53},"end":{"line":77,"column":1}},"line":74}},"branchMap":{},"s":{"0":0,"1":0,"2":0,"3":0,"4":0,"5":0,"6":0,"7":0,"8":0,"9":0,"10":0,"11":0,"12":0,"13":0,"14":0,"15":0,"16":0,"17":0,"18":0,"19":0,"20":0,"21":0},"f":{"0":0,"1":0,"2":0,"3":0,"4":0},"b":{}}
,"/workspaces/Dihya/src/components/metiers/gamer/index.js": {"path":"/workspaces/Dihya/src/components/metiers/gamer/index.js","statementMap":{"0":{"start":{"line":18,"column":15},"end":{"line":18,"column":31}},"1":{"start":{"line":21,"column":0},"end":{"line":21,"column":24}},"2":{"start":{"line":22,"column":0},"end":{"line":22,"column":21}},"3":{"start":{"line":23,"column":0},"end":{"line":23,"column":27}},"4":{"start":{"line":24,"column":0},"end":{"line":24,"column":21}},"5":{"start":{"line":27,"column":0},"end":{"line":27,"column":47}},"6":{"start":{"line":34,"column":0},"end":{"line":37,"column":3}},"7":{"start":{"line":35,"column":22},"end":{"line":35,"column":47}},"8":{"start":{"line":36,"column":2},"end":{"line":36,"column":44}},"9":{"start":{"line":44,"column":0},"end":{"line":47,"column":3}},"10":{"start":{"line":45,"column":21},"end":{"line":45,"column":63}},"11":{"start":{"line":46,"column":2},"end":{"line":46,"column":39}},"12":{"start":{"line":54,"column":0},"end":{"line":57,"column":3}},"13":{"start":{"line":55,"column":21},"end":{"line":55,"column":78}},"14":{"start":{"line":56,"column":2},"end":{"line":56,"column":27}},"15":{"start":{"line":64,"column":0},"end":{"line":67,"column":3}},"16":{"start":{"line":65,"column":2},"end":{"line":65,"column":50}},"17":{"start":{"line":66,"column":2},"end":{"line":66,"column":25}},"18":{"start":{"line":74,"column":0},"end":{"line":77,"column":3}},"19":{"start":{"line":75,"column":16},"end":{"line":75,"column":55}},"20":{"start":{"line":76,"column":2},"end":{"line":76,"column":22}},"21":{"start":{"line":80,"column":0},"end":{"line":80,"column":46}}},"fnMap":{"0":{"name":"(anonymous_0)","decl":{"start":{"line":34,"column":27},"end":{"line":34,"column":28}},"loc":{"start":{"line":34,"column":47},"end":{"line":37,"column":1}},"line":34},"1":{"name":"(anonymous_1)","decl":{"start":{"line":44,"column":43},"end":{"line":44,"column":44}},"loc":{"start":{"line":44,"column":63},"end":{"line":47,"column":1}},"line":44},"2":{"name":"(anonymous_2)","decl":{"start":{"line":54,"column":46},"end":{"line":54,"column":47}},"loc":{"start":{"line":54,"column":66},"end":{"line":57,"column":1}},"line":54},"3":{"name":"(anonymous_3)","decl":{"start":{"line":64,"column":61},"end":{"line":64,"column":62}},"loc":{"start":{"line":64,"column":81},"end":{"line":67,"column":1}},"line":64},"4":{"name":"(anonymous_4)","decl":{"start":{"line":74,"column":43},"end":{"line":74,"column":44}},"loc":{"start":{"line":74,"column":63},"end":{"line":77,"column":1}},"line":74}},"branchMap":{},"s":{"0":0,"1":0,"2":0,"3":0,"4":0,"5":0,"6":0,"7":0,"8":0,"9":0,"10":0,"11":0,"12":0,"13":0,"14":0,"15":0,"16":0,"17":0,"18":0,"19":0,"20":0,"21":0},"f":{"0":0,"1":0,"2":0,"3":0,"4":0},"b":{}}
,"/workspaces/Dihya/src/components/metiers/health/index.js": {"path":"/workspaces/Dihya/src/components/metiers/health/index.js","statementMap":{"0":{"start":{"line":18,"column":15},"end":{"line":18,"column":31}},"1":{"start":{"line":21,"column":0},"end":{"line":21,"column":24}},"2":{"start":{"line":22,"column":0},"end":{"line":22,"column":21}},"3":{"start":{"line":23,"column":0},"end":{"line":23,"column":27}},"4":{"start":{"line":24,"column":0},"end":{"line":24,"column":21}},"5":{"start":{"line":27,"column":0},"end":{"line":27,"column":58}},"6":{"start":{"line":34,"column":0},"end":{"line":37,"column":3}},"7":{"start":{"line":35,"column":23},"end":{"line":35,"column":49}},"8":{"start":{"line":36,"column":2},"end":{"line":36,"column":45}},"9":{"start":{"line":44,"column":0},"end":{"line":47,"column":3}},"10":{"start":{"line":45,"column":22},"end":{"line":45,"column":65}},"11":{"start":{"line":46,"column":2},"end":{"line":46,"column":40}},"12":{"start":{"line":54,"column":0},"end":{"line":57,"column":3}},"13":{"start":{"line":55,"column":22},"end":{"line":55,"column":80}},"14":{"start":{"line":56,"column":2},"end":{"line":56,"column":28}},"15":{"start":{"line":64,"column":0},"end":{"line":67,"column":3}},"16":{"start":{"line":65,"column":2},"end":{"line":65,"column":51}},"17":{"start":{"line":66,"column":2},"end":{"line":66,"column":25}},"18":{"start":{"line":74,"column":0},"end":{"line":77,"column":3}},"19":{"start":{"line":75,"column":14},"end":{"line":75,"column":52}},"20":{"start":{"line":76,"column":2},"end":{"line":76,"column":20}},"21":{"start":{"line":80,"column":0},"end":{"line":80,"column":47}}},"fnMap":{"0":{"name":"(anonymous_0)","decl":{"start":{"line":34,"column":28},"end":{"line":34,"column":29}},"loc":{"start":{"line":34,"column":48},"end":{"line":37,"column":1}},"line":34},"1":{"name":"(anonymous_1)","decl":{"start":{"line":44,"column":45},"end":{"line":44,"column":46}},"loc":{"start":{"line":44,"column":65},"end":{"line":47,"column":1}},"line":44},"2":{"name":"(anonymous_2)","decl":{"start":{"line":54,"column":48},"end":{"line":54,"column":49}},"loc":{"start":{"line":54,"column":68},"end":{"line":57,"column":1}},"line":54},"3":{"name":"(anonymous_3)","decl":{"start":{"line":64,"column":73},"end":{"line":64,"column":74}},"loc":{"start":{"line":64,"column":93},"end":{"line":67,"column":1}},"line":64},"4":{"name":"(anonymous_4)","decl":{"start":{"line":74,"column":36},"end":{"line":74,"column":37}},"loc":{"start":{"line":74,"column":56},"end":{"line":77,"column":1}},"line":74}},"branchMap":{},"s":{"0":0,"1":0,"2":0,"3":0,"4":0,"5":0,"6":0,"7":0,"8":0,"9":0,"10":0,"11":0,"12":0,"13":0,"14":0,"15":0,"16":0,"17":0,"18":0,"19":0,"20":0,"21":0},"f":{"0":0,"1":0,"2":0,"3":0,"4":0},"b":{}}
,"/workspaces/Dihya/src/components/metiers/hotellerie/index.js": {"path":"/workspaces/Dihya/src/components/metiers/hotellerie/index.js","statementMap":{"0":{"start":{"line":8,"column":2},"end":{"line":12,"column":4}}},"fnMap":{"0":{"name":"HotellerieForm","decl":{"start":{"line":6,"column":16},"end":{"line":6,"column":30}},"loc":{"start":{"line":6,"column":48},"end":{"line":13,"column":1}},"line":6}},"branchMap":{"0":{"loc":{"start":{"line":6,"column":33},"end":{"line":6,"column":44}},"type":"default-arg","locations":[{"start":{"line":6,"column":40},"end":{"line":6,"column":44}}],"line":6},"1":{"loc":{"start":{"line":9,"column":22},"end":{"line":9,"column":66}},"type":"cond-expr","locations":[{"start":{"line":9,"column":38},"end":{"line":9,"column":50}},{"start":{"line":9,"column":53},"end":{"line":9,"column":66}}],"line":9}},"s":{"0":0},"f":{"0":0},"b":{"0":[0],"1":[0,0]},"_coverageSchema":"1a1c01bbd47fc00a2c39e90264f33305004495a9","hash":"5e255219fa08df789bf9d7471daaa2f3f6389b7e"}
,"/workspaces/Dihya/src/components/metiers/industrie/index.js": {"path":"/workspaces/Dihya/src/components/metiers/industrie/index.js","statementMap":{"0":{"start":{"line":18,"column":15},"end":{"line":18,"column":31}},"1":{"start":{"line":21,"column":0},"end":{"line":21,"column":24}},"2":{"start":{"line":22,"column":0},"end":{"line":22,"column":21}},"3":{"start":{"line":23,"column":0},"end":{"line":23,"column":27}},"4":{"start":{"line":24,"column":0},"end":{"line":24,"column":21}},"5":{"start":{"line":27,"column":0},"end":{"line":27,"column":49}},"6":{"start":{"line":34,"column":0},"end":{"line":37,"column":3}},"7":{"start":{"line":35,"column":20},"end":{"line":35,"column":43}},"8":{"start":{"line":36,"column":2},"end":{"line":36,"column":42}},"9":{"start":{"line":44,"column":0},"end":{"line":47,"column":3}},"10":{"start":{"line":45,"column":18},"end":{"line":45,"column":57}},"11":{"start":{"line":46,"column":2},"end":{"line":46,"column":36}},"12":{"start":{"line":54,"column":0},"end":{"line":57,"column":3}},"13":{"start":{"line":55,"column":18},"end":{"line":55,"column":72}},"14":{"start":{"line":56,"column":2},"end":{"line":56,"column":24}},"15":{"start":{"line":64,"column":0},"end":{"line":67,"column":3}},"16":{"start":{"line":65,"column":2},"end":{"line":65,"column":47}},"17":{"start":{"line":66,"column":2},"end":{"line":66,"column":25}},"18":{"start":{"line":74,"column":0},"end":{"line":77,"column":3}},"19":{"start":{"line":75,"column":23},"end":{"line":75,"column":66}},"20":{"start":{"line":76,"column":2},"end":{"line":76,"column":29}},"21":{"start":{"line":80,"column":0},"end":{"line":80,"column":50}}},"fnMap":{"0":{"name":"(anonymous_0)","decl":{"start":{"line":34,"column":25},"end":{"line":34,"column":26}},"loc":{"start":{"line":34,"column":45},"end":{"line":37,"column":1}},"line":34},"1":{"name":"(anonymous_1)","decl":{"start":{"line":44,"column":44},"end":{"line":44,"column":45}},"loc":{"start":{"line":44,"column":64},"end":{"line":47,"column":1}},"line":44},"2":{"name":"(anonymous_2)","decl":{"start":{"line":54,"column":47},"end":{"line":54,"column":48}},"loc":{"start":{"line":54,"column":67},"end":{"line":57,"column":1}},"line":54},"3":{"name":"(anonymous_3)","decl":{"start":{"line":64,"column":61},"end":{"line":64,"column":62}},"loc":{"start":{"line":64,"column":81},"end":{"line":67,"column":1}},"line":64},"4":{"name":"(anonymous_4)","decl":{"start":{"line":74,"column":38},"end":{"line":74,"column":39}},"loc":{"start":{"line":74,"column":58},"end":{"line":77,"column":1}},"line":74}},"branchMap":{},"s":{"0":0,"1":0,"2":0,"3":0,"4":0,"5":0,"6":0,"7":0,"8":0,"9":0,"10":0,"11":0,"12":0,"13":0,"14":0,"15":0,"16":0,"17":0,"18":0,"19":0,"20":0,"21":0},"f":{"0":0,"1":0,"2":0,"3":0,"4":0},"b":{}}
,"/workspaces/Dihya/src/components/metiers/intelligence_artificielle/index.js": {"path":"/workspaces/Dihya/src/components/metiers/intelligence_artificielle/index.js","statementMap":{"0":{"start":{"line":18,"column":15},"end":{"line":18,"column":31}},"1":{"start":{"line":21,"column":0},"end":{"line":21,"column":24}},"2":{"start":{"line":22,"column":0},"end":{"line":22,"column":21}},"3":{"start":{"line":23,"column":0},"end":{"line":23,"column":27}},"4":{"start":{"line":24,"column":0},"end":{"line":24,"column":21}},"5":{"start":{"line":27,"column":0},"end":{"line":27,"column":63}},"6":{"start":{"line":34,"column":0},"end":{"line":37,"column":3}},"7":{"start":{"line":35,"column":17},"end":{"line":35,"column":37}},"8":{"start":{"line":36,"column":2},"end":{"line":36,"column":39}},"9":{"start":{"line":44,"column":0},"end":{"line":47,"column":3}},"10":{"start":{"line":45,"column":16},"end":{"line":45,"column":53}},"11":{"start":{"line":46,"column":2},"end":{"line":46,"column":34}},"12":{"start":{"line":54,"column":0},"end":{"line":57,"column":3}},"13":{"start":{"line":55,"column":16},"end":{"line":55,"column":68}},"14":{"start":{"line":56,"column":2},"end":{"line":56,"column":22}},"15":{"start":{"line":64,"column":0},"end":{"line":67,"column":3}},"16":{"start":{"line":65,"column":2},"end":{"line":65,"column":45}},"17":{"start":{"line":66,"column":2},"end":{"line":66,"column":25}},"18":{"start":{"line":74,"column":0},"end":{"line":77,"column":3}},"19":{"start":{"line":75,"column":21},"end":{"line":75,"column":60}},"20":{"start":{"line":76,"column":2},"end":{"line":76,"column":27}},"21":{"start":{"line":80,"column":0},"end":{"line":80,"column":66}}},"fnMap":{"0":{"name":"(anonymous_0)","decl":{"start":{"line":34,"column":22},"end":{"line":34,"column":23}},"loc":{"start":{"line":34,"column":42},"end":{"line":37,"column":1}},"line":34},"1":{"name":"(anonymous_1)","decl":{"start":{"line":44,"column":35},"end":{"line":44,"column":36}},"loc":{"start":{"line":44,"column":55},"end":{"line":47,"column":1}},"line":44},"2":{"name":"(anonymous_2)","decl":{"start":{"line":54,"column":38},"end":{"line":54,"column":39}},"loc":{"start":{"line":54,"column":58},"end":{"line":57,"column":1}},"line":54},"3":{"name":"(anonymous_3)","decl":{"start":{"line":64,"column":64},"end":{"line":64,"column":65}},"loc":{"start":{"line":64,"column":84},"end":{"line":67,"column":1}},"line":64},"4":{"name":"(anonymous_4)","decl":{"start":{"line":74,"column":33},"end":{"line":74,"column":34}},"loc":{"start":{"line":74,"column":53},"end":{"line":77,"column":1}},"line":74}},"branchMap":{},"s":{"0":0,"1":0,"2":0,"3":0,"4":0,"5":0,"6":0,"7":0,"8":0,"9":0,"10":0,"11":0,"12":0,"13":0,"14":0,"15":0,"16":0,"17":0,"18":0,"19":0,"20":0,"21":0},"f":{"0":0,"1":0,"2":0,"3":0,"4":0},"b":{}}
,"/workspaces/Dihya/src/components/metiers/medias/index.js": {"path":"/workspaces/Dihya/src/components/metiers/medias/index.js","statementMap":{"0":{"start":{"line":14,"column":4},"end":{"line":14,"column":21}},"1":{"start":{"line":15,"column":4},"end":{"line":15,"column":21}},"2":{"start":{"line":28,"column":4},"end":{"line":28,"column":54}},"3":{"start":{"line":37,"column":4},"end":{"line":37,"column":27}},"4":{"start":{"line":46,"column":4},"end":{"line":46,"column":14}}},"fnMap":{"0":{"name":"(anonymous_0)","decl":{"start":{"line":13,"column":2},"end":{"line":13,"column":3}},"loc":{"start":{"line":13,"column":51},"end":{"line":17,"column":3}},"line":13},"1":{"name":"(anonymous_1)","decl":{"start":{"line":25,"column":2},"end":{"line":25,"column":3}},"loc":{"start":{"line":25,"column":32},"end":{"line":29,"column":3}},"line":25},"2":{"name":"(anonymous_2)","decl":{"start":{"line":35,"column":2},"end":{"line":35,"column":3}},"loc":{"start":{"line":35,"column":21},"end":{"line":38,"column":3}},"line":35},"3":{"name":"(anonymous_3)","decl":{"start":{"line":44,"column":2},"end":{"line":44,"column":3}},"loc":{"start":{"line":44,"column":21},"end":{"line":47,"column":3}},"line":44}},"branchMap":{"0":{"loc":{"start":{"line":13,"column":14},"end":{"line":13,"column":49}},"type":"default-arg","locations":[{"start":{"line":13,"column":47},"end":{"line":13,"column":49}}],"line":13},"1":{"loc":{"start":{"line":13,"column":16},"end":{"line":13,"column":27}},"type":"default-arg","locations":[{"start":{"line":13,"column":23},"end":{"line":13,"column":27}}],"line":13},"2":{"loc":{"start":{"line":13,"column":29},"end":{"line":13,"column":42}},"type":"default-arg","locations":[{"start":{"line":13,"column":36},"end":{"line":13,"column":42}}],"line":13},"3":{"loc":{"start":{"line":25,"column":21},"end":{"line":25,"column":30}},"type":"default-arg","locations":[{"start":{"line":25,"column":28},"end":{"line":25,"column":30}}],"line":25}},"s":{"0":0,"1":0,"2":0,"3":0,"4":0},"f":{"0":0,"1":0,"2":0,"3":0},"b":{"0":[0],"1":[0],"2":[0],"3":[0]}}
,"/workspaces/Dihya/src/components/metiers/mobile/index.js": {"path":"/workspaces/Dihya/src/components/metiers/mobile/index.js","statementMap":{"0":{"start":{"line":14,"column":4},"end":{"line":14,"column":21}},"1":{"start":{"line":15,"column":4},"end":{"line":15,"column":21}},"2":{"start":{"line":26,"column":4},"end":{"line":26,"column":61}},"3":{"start":{"line":35,"column":4},"end":{"line":35,"column":14}}},"fnMap":{"0":{"name":"(anonymous_0)","decl":{"start":{"line":13,"column":2},"end":{"line":13,"column":3}},"loc":{"start":{"line":13,"column":51},"end":{"line":17,"column":3}},"line":13},"1":{"name":"(anonymous_1)","decl":{"start":{"line":24,"column":2},"end":{"line":24,"column":3}},"loc":{"start":{"line":24,"column":31},"end":{"line":27,"column":3}},"line":24},"2":{"name":"(anonymous_2)","decl":{"start":{"line":33,"column":2},"end":{"line":33,"column":3}},"loc":{"start":{"line":33,"column":21},"end":{"line":36,"column":3}},"line":33}},"branchMap":{"0":{"loc":{"start":{"line":13,"column":14},"end":{"line":13,"column":49}},"type":"default-arg","locations":[{"start":{"line":13,"column":47},"end":{"line":13,"column":49}}],"line":13},"1":{"loc":{"start":{"line":13,"column":16},"end":{"line":13,"column":27}},"type":"default-arg","locations":[{"start":{"line":13,"column":23},"end":{"line":13,"column":27}}],"line":13},"2":{"loc":{"start":{"line":13,"column":29},"end":{"line":13,"column":42}},"type":"default-arg","locations":[{"start":{"line":13,"column":36},"end":{"line":13,"column":42}}],"line":13},"3":{"loc":{"start":{"line":24,"column":18},"end":{"line":24,"column":29}},"type":"default-arg","locations":[{"start":{"line":24,"column":27},"end":{"line":24,"column":29}}],"line":24}},"s":{"0":0,"1":0,"2":0,"3":0},"f":{"0":0,"1":0,"2":0},"b":{"0":[0],"1":[0],"2":[0],"3":[0]}}
,"/workspaces/Dihya/src/components/metiers/mode/index.js": {"path":"/workspaces/Dihya/src/components/metiers/mode/index.js","statementMap":{"0":{"start":{"line":14,"column":4},"end":{"line":14,"column":21}},"1":{"start":{"line":15,"column":4},"end":{"line":15,"column":21}},"2":{"start":{"line":26,"column":4},"end":{"line":26,"column":56}},"3":{"start":{"line":35,"column":4},"end":{"line":35,"column":14}}},"fnMap":{"0":{"name":"(anonymous_0)","decl":{"start":{"line":13,"column":2},"end":{"line":13,"column":3}},"loc":{"start":{"line":13,"column":51},"end":{"line":17,"column":3}},"line":13},"1":{"name":"(anonymous_1)","decl":{"start":{"line":24,"column":2},"end":{"line":24,"column":3}},"loc":{"start":{"line":24,"column":39},"end":{"line":27,"column":3}},"line":24},"2":{"name":"(anonymous_2)","decl":{"start":{"line":33,"column":2},"end":{"line":33,"column":3}},"loc":{"start":{"line":33,"column":21},"end":{"line":36,"column":3}},"line":33}},"branchMap":{"0":{"loc":{"start":{"line":13,"column":14},"end":{"line":13,"column":49}},"type":"default-arg","locations":[{"start":{"line":13,"column":47},"end":{"line":13,"column":49}}],"line":13},"1":{"loc":{"start":{"line":13,"column":16},"end":{"line":13,"column":27}},"type":"default-arg","locations":[{"start":{"line":13,"column":23},"end":{"line":13,"column":27}}],"line":13},"2":{"loc":{"start":{"line":13,"column":29},"end":{"line":13,"column":42}},"type":"default-arg","locations":[{"start":{"line":13,"column":36},"end":{"line":13,"column":42}}],"line":13},"3":{"loc":{"start":{"line":24,"column":22},"end":{"line":24,"column":37}},"type":"default-arg","locations":[{"start":{"line":24,"column":35},"end":{"line":24,"column":37}}],"line":24}},"s":{"0":0,"1":0,"2":0,"3":0},"f":{"0":0,"1":0,"2":0},"b":{"0":[0],"1":[0],"2":[0],"3":[0]}}
,"/workspaces/Dihya/src/components/metiers/preview/index.js": {"path":"/workspaces/Dihya/src/components/metiers/preview/index.js","statementMap":{"0":{"start":{"line":14,"column":4},"end":{"line":14,"column":21}},"1":{"start":{"line":15,"column":4},"end":{"line":15,"column":21}},"2":{"start":{"line":26,"column":4},"end":{"line":26,"column":58}},"3":{"start":{"line":35,"column":4},"end":{"line":35,"column":14}}},"fnMap":{"0":{"name":"(anonymous_0)","decl":{"start":{"line":13,"column":2},"end":{"line":13,"column":3}},"loc":{"start":{"line":13,"column":51},"end":{"line":17,"column":3}},"line":13},"1":{"name":"(anonymous_1)","decl":{"start":{"line":24,"column":2},"end":{"line":24,"column":3}},"loc":{"start":{"line":24,"column":30},"end":{"line":27,"column":3}},"line":24},"2":{"name":"(anonymous_2)","decl":{"start":{"line":33,"column":2},"end":{"line":33,"column":3}},"loc":{"start":{"line":33,"column":21},"end":{"line":36,"column":3}},"line":33}},"branchMap":{"0":{"loc":{"start":{"line":13,"column":14},"end":{"line":13,"column":49}},"type":"default-arg","locations":[{"start":{"line":13,"column":47},"end":{"line":13,"column":49}}],"line":13},"1":{"loc":{"start":{"line":13,"column":16},"end":{"line":13,"column":27}},"type":"default-arg","locations":[{"start":{"line":13,"column":23},"end":{"line":13,"column":27}}],"line":13},"2":{"loc":{"start":{"line":13,"column":29},"end":{"line":13,"column":42}},"type":"default-arg","locations":[{"start":{"line":13,"column":36},"end":{"line":13,"column":42}}],"line":13},"3":{"loc":{"start":{"line":24,"column":17},"end":{"line":24,"column":28}},"type":"default-arg","locations":[{"start":{"line":24,"column":26},"end":{"line":24,"column":28}}],"line":24}},"s":{"0":0,"1":0,"2":0,"3":0},"f":{"0":0,"1":0,"2":0},"b":{"0":[0],"1":[0],"2":[0],"3":[0]}}
,"/workspaces/Dihya/src/components/metiers/publicite/index.js": {"path":"/workspaces/Dihya/src/components/metiers/publicite/index.js","statementMap":{"0":{"start":{"line":14,"column":4},"end":{"line":14,"column":21}},"1":{"start":{"line":15,"column":4},"end":{"line":15,"column":21}},"2":{"start":{"line":26,"column":4},"end":{"line":26,"column":54}},"3":{"start":{"line":35,"column":4},"end":{"line":35,"column":14}}},"fnMap":{"0":{"name":"(anonymous_0)","decl":{"start":{"line":13,"column":2},"end":{"line":13,"column":3}},"loc":{"start":{"line":13,"column":51},"end":{"line":17,"column":3}},"line":13},"1":{"name":"(anonymous_1)","decl":{"start":{"line":24,"column":2},"end":{"line":24,"column":3}},"loc":{"start":{"line":24,"column":38},"end":{"line":27,"column":3}},"line":24},"2":{"name":"(anonymous_2)","decl":{"start":{"line":33,"column":2},"end":{"line":33,"column":3}},"loc":{"start":{"line":33,"column":21},"end":{"line":36,"column":3}},"line":33}},"branchMap":{"0":{"loc":{"start":{"line":13,"column":14},"end":{"line":13,"column":49}},"type":"default-arg","locations":[{"start":{"line":13,"column":47},"end":{"line":13,"column":49}}],"line":13},"1":{"loc":{"start":{"line":13,"column":16},"end":{"line":13,"column":27}},"type":"default-arg","locations":[{"start":{"line":13,"column":23},"end":{"line":13,"column":27}}],"line":13},"2":{"loc":{"start":{"line":13,"column":29},"end":{"line":13,"column":42}},"type":"default-arg","locations":[{"start":{"line":13,"column":36},"end":{"line":13,"column":42}}],"line":13},"3":{"loc":{"start":{"line":24,"column":23},"end":{"line":24,"column":36}},"type":"default-arg","locations":[{"start":{"line":24,"column":34},"end":{"line":24,"column":36}}],"line":24}},"s":{"0":0,"1":0,"2":0,"3":0},"f":{"0":0,"1":0,"2":0},"b":{"0":[0],"1":[0],"2":[0],"3":[0]}}
,"/workspaces/Dihya/src/components/metiers/recherche/index.js": {"path":"/workspaces/Dihya/src/components/metiers/recherche/index.js","statementMap":{"0":{"start":{"line":14,"column":4},"end":{"line":14,"column":21}},"1":{"start":{"line":15,"column":4},"end":{"line":15,"column":21}},"2":{"start":{"line":26,"column":4},"end":{"line":26,"column":42}},"3":{"start":{"line":35,"column":4},"end":{"line":35,"column":14}}},"fnMap":{"0":{"name":"(anonymous_0)","decl":{"start":{"line":13,"column":2},"end":{"line":13,"column":3}},"loc":{"start":{"line":13,"column":51},"end":{"line":17,"column":3}},"line":13},"1":{"name":"(anonymous_1)","decl":{"start":{"line":24,"column":2},"end":{"line":24,"column":3}},"loc":{"start":{"line":24,"column":28},"end":{"line":27,"column":3}},"line":24},"2":{"name":"(anonymous_2)","decl":{"start":{"line":33,"column":2},"end":{"line":33,"column":3}},"loc":{"start":{"line":33,"column":21},"end":{"line":36,"column":3}},"line":33}},"branchMap":{"0":{"loc":{"start":{"line":13,"column":14},"end":{"line":13,"column":49}},"type":"default-arg","locations":[{"start":{"line":13,"column":47},"end":{"line":13,"column":49}}],"line":13},"1":{"loc":{"start":{"line":13,"column":16},"end":{"line":13,"column":27}},"type":"default-arg","locations":[{"start":{"line":13,"column":23},"end":{"line":13,"column":27}}],"line":13},"2":{"loc":{"start":{"line":13,"column":29},"end":{"line":13,"column":42}},"type":"default-arg","locations":[{"start":{"line":13,"column":36},"end":{"line":13,"column":42}}],"line":13},"3":{"loc":{"start":{"line":24,"column":15},"end":{"line":24,"column":26}},"type":"default-arg","locations":[{"start":{"line":24,"column":24},"end":{"line":24,"column":26}}],"line":24}},"s":{"0":0,"1":0,"2":0,"3":0},"f":{"0":0,"1":0,"2":0},"b":{"0":[0],"1":[0],"2":[0],"3":[0]}}
,"/workspaces/Dihya/src/components/metiers/ressources_humaines/index.js": {"path":"/workspaces/Dihya/src/components/metiers/ressources_humaines/index.js","statementMap":{"0":{"start":{"line":14,"column":4},"end":{"line":14,"column":21}},"1":{"start":{"line":15,"column":4},"end":{"line":15,"column":21}},"2":{"start":{"line":26,"column":4},"end":{"line":26,"column":52}},"3":{"start":{"line":35,"column":4},"end":{"line":35,"column":14}}},"fnMap":{"0":{"name":"(anonymous_0)","decl":{"start":{"line":13,"column":2},"end":{"line":13,"column":3}},"loc":{"start":{"line":13,"column":51},"end":{"line":17,"column":3}},"line":13},"1":{"name":"(anonymous_1)","decl":{"start":{"line":24,"column":2},"end":{"line":24,"column":3}},"loc":{"start":{"line":24,"column":33},"end":{"line":27,"column":3}},"line":24},"2":{"name":"(anonymous_2)","decl":{"start":{"line":33,"column":2},"end":{"line":33,"column":3}},"loc":{"start":{"line":33,"column":21},"end":{"line":36,"column":3}},"line":33}},"branchMap":{"0":{"loc":{"start":{"line":13,"column":14},"end":{"line":13,"column":49}},"type":"default-arg","locations":[{"start":{"line":13,"column":47},"end":{"line":13,"column":49}}],"line":13},"1":{"loc":{"start":{"line":13,"column":16},"end":{"line":13,"column":27}},"type":"default-arg","locations":[{"start":{"line":13,"column":23},"end":{"line":13,"column":27}}],"line":13},"2":{"loc":{"start":{"line":13,"column":29},"end":{"line":13,"column":42}},"type":"default-arg","locations":[{"start":{"line":13,"column":36},"end":{"line":13,"column":42}}],"line":13},"3":{"loc":{"start":{"line":24,"column":19},"end":{"line":24,"column":31}},"type":"default-arg","locations":[{"start":{"line":24,"column":29},"end":{"line":24,"column":31}}],"line":24}},"s":{"0":0,"1":0,"2":0,"3":0},"f":{"0":0,"1":0,"2":0},"b":{"0":[0],"1":[0],"2":[0],"3":[0]}}
,"/workspaces/Dihya/src/components/metiers/restauration/index.js": {"path":"/workspaces/Dihya/src/components/metiers/restauration/index.js","statementMap":{"0":{"start":{"line":14,"column":4},"end":{"line":14,"column":21}},"1":{"start":{"line":15,"column":4},"end":{"line":15,"column":21}},"2":{"start":{"line":26,"column":4},"end":{"line":26,"column":51}},"3":{"start":{"line":35,"column":4},"end":{"line":35,"column":14}}},"fnMap":{"0":{"name":"(anonymous_0)","decl":{"start":{"line":13,"column":2},"end":{"line":13,"column":3}},"loc":{"start":{"line":13,"column":51},"end":{"line":17,"column":3}},"line":13},"1":{"name":"(anonymous_1)","decl":{"start":{"line":24,"column":2},"end":{"line":24,"column":3}},"loc":{"start":{"line":24,"column":27},"end":{"line":27,"column":3}},"line":24},"2":{"name":"(anonymous_2)","decl":{"start":{"line":33,"column":2},"end":{"line":33,"column":3}},"loc":{"start":{"line":33,"column":21},"end":{"line":36,"column":3}},"line":33}},"branchMap":{"0":{"loc":{"start":{"line":13,"column":14},"end":{"line":13,"column":49}},"type":"default-arg","locations":[{"start":{"line":13,"column":47},"end":{"line":13,"column":49}}],"line":13},"1":{"loc":{"start":{"line":13,"column":16},"end":{"line":13,"column":27}},"type":"default-arg","locations":[{"start":{"line":13,"column":23},"end":{"line":13,"column":27}}],"line":13},"2":{"loc":{"start":{"line":13,"column":29},"end":{"line":13,"column":42}},"type":"default-arg","locations":[{"start":{"line":13,"column":36},"end":{"line":13,"column":42}}],"line":13},"3":{"loc":{"start":{"line":24,"column":16},"end":{"line":24,"column":25}},"type":"default-arg","locations":[{"start":{"line":24,"column":23},"end":{"line":24,"column":25}}],"line":24}},"s":{"0":0,"1":0,"2":0,"3":0},"f":{"0":0,"1":0,"2":0},"b":{"0":[0],"1":[0],"2":[0],"3":[0]}}
,"/workspaces/Dihya/src/components/metiers/sante/index.js": {"path":"/workspaces/Dihya/src/components/metiers/sante/index.js","statementMap":{"0":{"start":{"line":14,"column":4},"end":{"line":14,"column":21}},"1":{"start":{"line":15,"column":4},"end":{"line":15,"column":21}},"2":{"start":{"line":26,"column":4},"end":{"line":26,"column":55}},"3":{"start":{"line":35,"column":4},"end":{"line":35,"column":14}}},"fnMap":{"0":{"name":"(anonymous_0)","decl":{"start":{"line":13,"column":2},"end":{"line":13,"column":3}},"loc":{"start":{"line":13,"column":51},"end":{"line":17,"column":3}},"line":13},"1":{"name":"(anonymous_1)","decl":{"start":{"line":24,"column":2},"end":{"line":24,"column":3}},"loc":{"start":{"line":24,"column":33},"end":{"line":27,"column":3}},"line":24},"2":{"name":"(anonymous_2)","decl":{"start":{"line":33,"column":2},"end":{"line":33,"column":3}},"loc":{"start":{"line":33,"column":21},"end":{"line":36,"column":3}},"line":33}},"branchMap":{"0":{"loc":{"start":{"line":13,"column":14},"end":{"line":13,"column":49}},"type":"default-arg","locations":[{"start":{"line":13,"column":47},"end":{"line":13,"column":49}}],"line":13},"1":{"loc":{"start":{"line":13,"column":16},"end":{"line":13,"column":27}},"type":"default-arg","locations":[{"start":{"line":13,"column":23},"end":{"line":13,"column":27}}],"line":13},"2":{"loc":{"start":{"line":13,"column":29},"end":{"line":13,"column":42}},"type":"default-arg","locations":[{"start":{"line":13,"column":36},"end":{"line":13,"column":42}}],"line":13},"3":{"loc":{"start":{"line":24,"column":19},"end":{"line":24,"column":31}},"type":"default-arg","locations":[{"start":{"line":24,"column":29},"end":{"line":24,"column":31}}],"line":24}},"s":{"0":0,"1":0,"2":0,"3":0},"f":{"0":0,"1":0,"2":0},"b":{"0":[0],"1":[0],"2":[0],"3":[0]}}
,"/workspaces/Dihya/src/components/metiers/science/index.js": {"path":"/workspaces/Dihya/src/components/metiers/science/index.js","statementMap":{"0":{"start":{"line":14,"column":4},"end":{"line":14,"column":21}},"1":{"start":{"line":15,"column":4},"end":{"line":15,"column":21}},"2":{"start":{"line":26,"column":4},"end":{"line":26,"column":53}},"3":{"start":{"line":35,"column":4},"end":{"line":35,"column":14}}},"fnMap":{"0":{"name":"(anonymous_0)","decl":{"start":{"line":13,"column":2},"end":{"line":13,"column":3}},"loc":{"start":{"line":13,"column":51},"end":{"line":17,"column":3}},"line":13},"1":{"name":"(anonymous_1)","decl":{"start":{"line":24,"column":2},"end":{"line":24,"column":3}},"loc":{"start":{"line":24,"column":33},"end":{"line":27,"column":3}},"line":24},"2":{"name":"(anonymous_2)","decl":{"start":{"line":33,"column":2},"end":{"line":33,"column":3}},"loc":{"start":{"line":33,"column":21},"end":{"line":36,"column":3}},"line":33}},"branchMap":{"0":{"loc":{"start":{"line":13,"column":14},"end":{"line":13,"column":49}},"type":"default-arg","locations":[{"start":{"line":13,"column":47},"end":{"line":13,"column":49}}],"line":13},"1":{"loc":{"start":{"line":13,"column":16},"end":{"line":13,"column":27}},"type":"default-arg","locations":[{"start":{"line":13,"column":23},"end":{"line":13,"column":27}}],"line":13},"2":{"loc":{"start":{"line":13,"column":29},"end":{"line":13,"column":42}},"type":"default-arg","locations":[{"start":{"line":13,"column":36},"end":{"line":13,"column":42}}],"line":13},"3":{"loc":{"start":{"line":24,"column":19},"end":{"line":24,"column":31}},"type":"default-arg","locations":[{"start":{"line":24,"column":29},"end":{"line":24,"column":31}}],"line":24}},"s":{"0":0,"1":0,"2":0,"3":0},"f":{"0":0,"1":0,"2":0},"b":{"0":[0],"1":[0],"2":[0],"3":[0]}}
,"/workspaces/Dihya/src/components/metiers/securite/index.js": {"path":"/workspaces/Dihya/src/components/metiers/securite/index.js","statementMap":{"0":{"start":{"line":12,"column":2},"end":{"line":26,"column":4}},"1":{"start":{"line":14,"column":4},"end":{"line":14,"column":70}},"2":{"start":{"line":15,"column":4},"end":{"line":15,"column":81}},"3":{"start":{"line":16,"column":4},"end":{"line":16,"column":80}},"4":{"start":{"line":18,"column":18},"end":{"line":18,"column":61}},"5":{"start":{"line":19,"column":4},"end":{"line":19,"column":71}},"6":{"start":{"line":19,"column":16},"end":{"line":19,"column":71}},"7":{"start":{"line":22,"column":4},"end":{"line":22,"column":92}},"8":{"start":{"line":22,"column":33},"end":{"line":22,"column":92}},"9":{"start":{"line":25,"column":4},"end":{"line":25,"column":11}}},"fnMap":{"0":{"name":"SecurityMiddleware","decl":{"start":{"line":11,"column":16},"end":{"line":11,"column":34}},"loc":{"start":{"line":11,"column":62},"end":{"line":27,"column":1}},"line":11},"1":{"name":"(anonymous_1)","decl":{"start":{"line":12,"column":9},"end":{"line":12,"column":10}},"loc":{"start":{"line":12,"column":35},"end":{"line":26,"column":3}},"line":12}},"branchMap":{"0":{"loc":{"start":{"line":11,"column":35},"end":{"line":11,"column":60}},"type":"default-arg","locations":[{"start":{"line":11,"column":58},"end":{"line":11,"column":60}}],"line":11},"1":{"loc":{"start":{"line":11,"column":37},"end":{"line":11,"column":53}},"type":"default-arg","locations":[{"start":{"line":11,"column":45},"end":{"line":11,"column":53}}],"line":11},"2":{"loc":{"start":{"line":19,"column":4},"end":{"line":19,"column":71}},"type":"if","locations":[{"start":{"line":19,"column":4},"end":{"line":19,"column":71}},{"start":{},"end":{}}],"line":19},"3":{"loc":{"start":{"line":22,"column":4},"end":{"line":22,"column":92}},"type":"if","locations":[{"start":{"line":22,"column":4},"end":{"line":22,"column":92}},{"start":{},"end":{}}],"line":22}},"s":{"0":0,"1":0,"2":0,"3":0,"4":0,"5":0,"6":0,"7":0,"8":0,"9":0},"f":{"0":0,"1":0},"b":{"0":[0],"1":[0],"2":[0,0],"3":[0,0]}}
,"/workspaces/Dihya/src/components/metiers/seo/index.js": {"path":"/workspaces/Dihya/src/components/metiers/seo/index.js","statementMap":{"0":{"start":{"line":9,"column":23},"end":{"line":9,"column":106}},"1":{"start":{"line":21,"column":2},"end":{"line":21,"column":78}},"2":{"start":{"line":21,"column":38},"end":{"line":21,"column":78}},"3":{"start":{"line":22,"column":18},"end":{"line":22,"column":94}},"4":{"start":{"line":22,"column":34},"end":{"line":22,"column":84}},"5":{"start":{"line":23,"column":2},"end":{"line":23,"column":77}},"6":{"start":{"line":33,"column":2},"end":{"line":33,"column":78}},"7":{"start":{"line":33,"column":38},"end":{"line":33,"column":78}},"8":{"start":{"line":34,"column":2},"end":{"line":34,"column":67}},"9":{"start":{"line":44,"column":2},"end":{"line":44,"column":78}},"10":{"start":{"line":44,"column":38},"end":{"line":44,"column":78}},"11":{"start":{"line":45,"column":2},"end":{"line":45,"column":55}},"12":{"start":{"line":48,"column":0},"end":{"line":48,"column":66}}},"fnMap":{"0":{"name":"generateSitemap","decl":{"start":{"line":19,"column":9},"end":{"line":19,"column":24}},"loc":{"start":{"line":19,"column":44},"end":{"line":24,"column":1}},"line":19},"1":{"name":"(anonymous_1)","decl":{"start":{"line":22,"column":27},"end":{"line":22,"column":28}},"loc":{"start":{"line":22,"column":34},"end":{"line":22,"column":84}},"line":22},"2":{"name":"generateRobots","decl":{"start":{"line":31,"column":9},"end":{"line":31,"column":23}},"loc":{"start":{"line":31,"column":37},"end":{"line":35,"column":1}},"line":31},"3":{"name":"logSEOEvent","decl":{"start":{"line":42,"column":9},"end":{"line":42,"column":20}},"loc":{"start":{"line":42,"column":41},"end":{"line":46,"column":1}},"line":42}},"branchMap":{"0":{"loc":{"start":{"line":19,"column":31},"end":{"line":19,"column":42}},"type":"default-arg","locations":[{"start":{"line":19,"column":38},"end":{"line":19,"column":42}}],"line":19},"1":{"loc":{"start":{"line":21,"column":2},"end":{"line":21,"column":78}},"type":"if","locations":[{"start":{"line":21,"column":2},"end":{"line":21,"column":78}},{"start":{},"end":{}}],"line":21},"2":{"loc":{"start":{"line":31,"column":24},"end":{"line":31,"column":35}},"type":"default-arg","locations":[{"start":{"line":31,"column":31},"end":{"line":31,"column":35}}],"line":31},"3":{"loc":{"start":{"line":33,"column":2},"end":{"line":33,"column":78}},"type":"if","locations":[{"start":{"line":33,"column":2},"end":{"line":33,"column":78}},{"start":{},"end":{}}],"line":33},"4":{"loc":{"start":{"line":42,"column":28},"end":{"line":42,"column":39}},"type":"default-arg","locations":[{"start":{"line":42,"column":35},"end":{"line":42,"column":39}}],"line":42},"5":{"loc":{"start":{"line":44,"column":2},"end":{"line":44,"column":78}},"type":"if","locations":[{"start":{"line":44,"column":2},"end":{"line":44,"column":78}},{"start":{},"end":{}}],"line":44}},"s":{"0":0,"1":0,"2":0,"3":0,"4":0,"5":0,"6":0,"7":0,"8":0,"9":0,"10":0,"11":0,"12":0},"f":{"0":0,"1":0,"2":0,"3":0},"b":{"0":[0],"1":[0,0],"2":[0],"3":[0,0],"4":[0],"5":[0,0]}}
,"/workspaces/Dihya/src/components/metiers/services_personne/index.js": {"path":"/workspaces/Dihya/src/components/metiers/services_personne/index.js","statementMap":{"0":{"start":{"line":9,"column":23},"end":{"line":9,"column":106}},"1":{"start":{"line":10,"column":14},"end":{"line":10,"column":40}},"2":{"start":{"line":20,"column":2},"end":{"line":20,"column":66}},"3":{"start":{"line":20,"column":29},"end":{"line":20,"column":66}},"4":{"start":{"line":21,"column":2},"end":{"line":21,"column":78}},"5":{"start":{"line":21,"column":38},"end":{"line":21,"column":78}},"6":{"start":{"line":23,"column":2},"end":{"line":23,"column":49}},"7":{"start":{"line":33,"column":2},"end":{"line":33,"column":66}},"8":{"start":{"line":33,"column":29},"end":{"line":33,"column":66}},"9":{"start":{"line":34,"column":2},"end":{"line":34,"column":78}},"10":{"start":{"line":34,"column":38},"end":{"line":34,"column":78}},"11":{"start":{"line":36,"column":2},"end":{"line":36,"column":53}},"12":{"start":{"line":47,"column":2},"end":{"line":47,"column":66}},"13":{"start":{"line":47,"column":29},"end":{"line":47,"column":66}},"14":{"start":{"line":48,"column":2},"end":{"line":48,"column":78}},"15":{"start":{"line":48,"column":38},"end":{"line":48,"column":78}},"16":{"start":{"line":50,"column":2},"end":{"line":50,"column":48}},"17":{"start":{"line":53,"column":0},"end":{"line":53,"column":61}}},"fnMap":{"0":{"name":"createService","decl":{"start":{"line":19,"column":9},"end":{"line":19,"column":22}},"loc":{"start":{"line":19,"column":57},"end":{"line":24,"column":1}},"line":19},"1":{"name":"listServices","decl":{"start":{"line":32,"column":9},"end":{"line":32,"column":21}},"loc":{"start":{"line":32,"column":50},"end":{"line":37,"column":1}},"line":32},"2":{"name":"getService","decl":{"start":{"line":46,"column":9},"end":{"line":46,"column":19}},"loc":{"start":{"line":46,"column":52},"end":{"line":51,"column":1}},"line":46}},"branchMap":{"0":{"loc":{"start":{"line":19,"column":29},"end":{"line":19,"column":42}},"type":"default-arg","locations":[{"start":{"line":19,"column":36},"end":{"line":19,"column":42}}],"line":19},"1":{"loc":{"start":{"line":19,"column":44},"end":{"line":19,"column":55}},"type":"default-arg","locations":[{"start":{"line":19,"column":51},"end":{"line":19,"column":55}}],"line":19},"2":{"loc":{"start":{"line":20,"column":2},"end":{"line":20,"column":66}},"type":"if","locations":[{"start":{"line":20,"column":2},"end":{"line":20,"column":66}},{"start":{},"end":{}}],"line":20},"3":{"loc":{"start":{"line":21,"column":2},"end":{"line":21,"column":78}},"type":"if","locations":[{"start":{"line":21,"column":2},"end":{"line":21,"column":78}},{"start":{},"end":{}}],"line":21},"4":{"loc":{"start":{"line":32,"column":22},"end":{"line":32,"column":35}},"type":"default-arg","locations":[{"start":{"line":32,"column":29},"end":{"line":32,"column":35}}],"line":32},"5":{"loc":{"start":{"line":32,"column":37},"end":{"line":32,"column":48}},"type":"default-arg","locations":[{"start":{"line":32,"column":44},"end":{"line":32,"column":48}}],"line":32},"6":{"loc":{"start":{"line":33,"column":2},"end":{"line":33,"column":66}},"type":"if","locations":[{"start":{"line":33,"column":2},"end":{"line":33,"column":66}},{"start":{},"end":{}}],"line":33},"7":{"loc":{"start":{"line":34,"column":2},"end":{"line":34,"column":78}},"type":"if","locations":[{"start":{"line":34,"column":2},"end":{"line":34,"column":78}},{"start":{},"end":{}}],"line":34},"8":{"loc":{"start":{"line":46,"column":24},"end":{"line":46,"column":37}},"type":"default-arg","locations":[{"start":{"line":46,"column":31},"end":{"line":46,"column":37}}],"line":46},"9":{"loc":{"start":{"line":46,"column":39},"end":{"line":46,"column":50}},"type":"default-arg","locations":[{"start":{"line":46,"column":46},"end":{"line":46,"column":50}}],"line":46},"10":{"loc":{"start":{"line":47,"column":2},"end":{"line":47,"column":66}},"type":"if","locations":[{"start":{"line":47,"column":2},"end":{"line":47,"column":66}},{"start":{},"end":{}}],"line":47},"11":{"loc":{"start":{"line":48,"column":2},"end":{"line":48,"column":78}},"type":"if","locations":[{"start":{"line":48,"column":2},"end":{"line":48,"column":78}},{"start":{},"end":{}}],"line":48}},"s":{"0":0,"1":0,"2":0,"3":0,"4":0,"5":0,"6":0,"7":0,"8":0,"9":0,"10":0,"11":0,"12":0,"13":0,"14":0,"15":0,"16":0,"17":0},"f":{"0":0,"1":0,"2":0},"b":{"0":[0],"1":[0],"2":[0,0],"3":[0,0],"4":[0],"5":[0],"6":[0,0],"7":[0,0],"8":[0],"9":[0],"10":[0,0],"11":[0,0]}}
,"/workspaces/Dihya/src/components/metiers/social/index.js": {"path":"/workspaces/Dihya/src/components/metiers/social/index.js","statementMap":{"0":{"start":{"line":9,"column":23},"end":{"line":9,"column":106}},"1":{"start":{"line":10,"column":14},"end":{"line":10,"column":40}},"2":{"start":{"line":20,"column":2},"end":{"line":20,"column":66}},"3":{"start":{"line":20,"column":29},"end":{"line":20,"column":66}},"4":{"start":{"line":21,"column":2},"end":{"line":21,"column":78}},"5":{"start":{"line":21,"column":38},"end":{"line":21,"column":78}},"6":{"start":{"line":23,"column":2},"end":{"line":23,"column":49}},"7":{"start":{"line":33,"column":2},"end":{"line":33,"column":66}},"8":{"start":{"line":33,"column":29},"end":{"line":33,"column":66}},"9":{"start":{"line":34,"column":2},"end":{"line":34,"column":78}},"10":{"start":{"line":34,"column":38},"end":{"line":34,"column":78}},"11":{"start":{"line":36,"column":2},"end":{"line":36,"column":55}},"12":{"start":{"line":46,"column":2},"end":{"line":46,"column":78}},"13":{"start":{"line":46,"column":38},"end":{"line":46,"column":78}},"14":{"start":{"line":48,"column":18},"end":{"line":48,"column":54}},"15":{"start":{"line":49,"column":2},"end":{"line":49,"column":39}},"16":{"start":{"line":52,"column":0},"end":{"line":52,"column":64}}},"fnMap":{"0":{"name":"postMessage","decl":{"start":{"line":19,"column":9},"end":{"line":19,"column":20}},"loc":{"start":{"line":19,"column":55},"end":{"line":24,"column":1}},"line":19},"1":{"name":"listMessages","decl":{"start":{"line":32,"column":9},"end":{"line":32,"column":21}},"loc":{"start":{"line":32,"column":50},"end":{"line":37,"column":1}},"line":32},"2":{"name":"moderateContent","decl":{"start":{"line":45,"column":9},"end":{"line":45,"column":24}},"loc":{"start":{"line":45,"column":47},"end":{"line":50,"column":1}},"line":45}},"branchMap":{"0":{"loc":{"start":{"line":19,"column":27},"end":{"line":19,"column":40}},"type":"default-arg","locations":[{"start":{"line":19,"column":34},"end":{"line":19,"column":40}}],"line":19},"1":{"loc":{"start":{"line":19,"column":42},"end":{"line":19,"column":53}},"type":"default-arg","locations":[{"start":{"line":19,"column":49},"end":{"line":19,"column":53}}],"line":19},"2":{"loc":{"start":{"line":20,"column":2},"end":{"line":20,"column":66}},"type":"if","locations":[{"start":{"line":20,"column":2},"end":{"line":20,"column":66}},{"start":{},"end":{}}],"line":20},"3":{"loc":{"start":{"line":21,"column":2},"end":{"line":21,"column":78}},"type":"if","locations":[{"start":{"line":21,"column":2},"end":{"line":21,"column":78}},{"start":{},"end":{}}],"line":21},"4":{"loc":{"start":{"line":32,"column":22},"end":{"line":32,"column":35}},"type":"default-arg","locations":[{"start":{"line":32,"column":29},"end":{"line":32,"column":35}}],"line":32},"5":{"loc":{"start":{"line":32,"column":37},"end":{"line":32,"column":48}},"type":"default-arg","locations":[{"start":{"line":32,"column":44},"end":{"line":32,"column":48}}],"line":32},"6":{"loc":{"start":{"line":33,"column":2},"end":{"line":33,"column":66}},"type":"if","locations":[{"start":{"line":33,"column":2},"end":{"line":33,"column":66}},{"start":{},"end":{}}],"line":33},"7":{"loc":{"start":{"line":34,"column":2},"end":{"line":34,"column":78}},"type":"if","locations":[{"start":{"line":34,"column":2},"end":{"line":34,"column":78}},{"start":{},"end":{}}],"line":34},"8":{"loc":{"start":{"line":45,"column":34},"end":{"line":45,"column":45}},"type":"default-arg","locations":[{"start":{"line":45,"column":41},"end":{"line":45,"column":45}}],"line":45},"9":{"loc":{"start":{"line":46,"column":2},"end":{"line":46,"column":78}},"type":"if","locations":[{"start":{"line":46,"column":2},"end":{"line":46,"column":78}},{"start":{},"end":{}}],"line":46}},"s":{"0":0,"1":0,"2":0,"3":0,"4":0,"5":0,"6":0,"7":0,"8":0,"9":0,"10":0,"11":0,"12":0,"13":0,"14":0,"15":0,"16":0},"f":{"0":0,"1":0,"2":0},"b":{"0":[0],"1":[0],"2":[0,0],"3":[0,0],"4":[0],"5":[0],"6":[0,0],"7":[0,0],"8":[0],"9":[0,0]}}
,"/workspaces/Dihya/src/components/metiers/sport/index.js": {"path":"/workspaces/Dihya/src/components/metiers/sport/index.js","statementMap":{"0":{"start":{"line":9,"column":23},"end":{"line":9,"column":106}},"1":{"start":{"line":10,"column":14},"end":{"line":10,"column":40}},"2":{"start":{"line":20,"column":2},"end":{"line":20,"column":66}},"3":{"start":{"line":20,"column":29},"end":{"line":20,"column":66}},"4":{"start":{"line":21,"column":2},"end":{"line":21,"column":78}},"5":{"start":{"line":21,"column":38},"end":{"line":21,"column":78}},"6":{"start":{"line":23,"column":2},"end":{"line":23,"column":49}},"7":{"start":{"line":33,"column":2},"end":{"line":33,"column":66}},"8":{"start":{"line":33,"column":29},"end":{"line":33,"column":66}},"9":{"start":{"line":34,"column":2},"end":{"line":34,"column":78}},"10":{"start":{"line":34,"column":38},"end":{"line":34,"column":78}},"11":{"start":{"line":36,"column":2},"end":{"line":36,"column":50}},"12":{"start":{"line":46,"column":2},"end":{"line":46,"column":78}},"13":{"start":{"line":46,"column":38},"end":{"line":46,"column":78}},"14":{"start":{"line":48,"column":2},"end":{"line":48,"column":38}},"15":{"start":{"line":51,"column":0},"end":{"line":51,"column":55}}},"fnMap":{"0":{"name":"createEvent","decl":{"start":{"line":19,"column":9},"end":{"line":19,"column":20}},"loc":{"start":{"line":19,"column":55},"end":{"line":24,"column":1}},"line":19},"1":{"name":"listEvents","decl":{"start":{"line":32,"column":9},"end":{"line":32,"column":19}},"loc":{"start":{"line":32,"column":48},"end":{"line":37,"column":1}},"line":32},"2":{"name":"getScore","decl":{"start":{"line":45,"column":9},"end":{"line":45,"column":17}},"loc":{"start":{"line":45,"column":40},"end":{"line":49,"column":1}},"line":45}},"branchMap":{"0":{"loc":{"start":{"line":19,"column":27},"end":{"line":19,"column":40}},"type":"default-arg","locations":[{"start":{"line":19,"column":34},"end":{"line":19,"column":40}}],"line":19},"1":{"loc":{"start":{"line":19,"column":42},"end":{"line":19,"column":53}},"type":"default-arg","locations":[{"start":{"line":19,"column":49},"end":{"line":19,"column":53}}],"line":19},"2":{"loc":{"start":{"line":20,"column":2},"end":{"line":20,"column":66}},"type":"if","locations":[{"start":{"line":20,"column":2},"end":{"line":20,"column":66}},{"start":{},"end":{}}],"line":20},"3":{"loc":{"start":{"line":21,"column":2},"end":{"line":21,"column":78}},"type":"if","locations":[{"start":{"line":21,"column":2},"end":{"line":21,"column":78}},{"start":{},"end":{}}],"line":21},"4":{"loc":{"start":{"line":32,"column":20},"end":{"line":32,"column":33}},"type":"default-arg","locations":[{"start":{"line":32,"column":27},"end":{"line":32,"column":33}}],"line":32},"5":{"loc":{"start":{"line":32,"column":35},"end":{"line":32,"column":46}},"type":"default-arg","locations":[{"start":{"line":32,"column":42},"end":{"line":32,"column":46}}],"line":32},"6":{"loc":{"start":{"line":33,"column":2},"end":{"line":33,"column":66}},"type":"if","locations":[{"start":{"line":33,"column":2},"end":{"line":33,"column":66}},{"start":{},"end":{}}],"line":33},"7":{"loc":{"start":{"line":34,"column":2},"end":{"line":34,"column":78}},"type":"if","locations":[{"start":{"line":34,"column":2},"end":{"line":34,"column":78}},{"start":{},"end":{}}],"line":34},"8":{"loc":{"start":{"line":45,"column":27},"end":{"line":45,"column":38}},"type":"default-arg","locations":[{"start":{"line":45,"column":34},"end":{"line":45,"column":38}}],"line":45},"9":{"loc":{"start":{"line":46,"column":2},"end":{"line":46,"column":78}},"type":"if","locations":[{"start":{"line":46,"column":2},"end":{"line":46,"column":78}},{"start":{},"end":{}}],"line":46}},"s":{"0":0,"1":0,"2":0,"3":0,"4":0,"5":0,"6":0,"7":0,"8":0,"9":0,"10":0,"11":0,"12":0,"13":0,"14":0,"15":0},"f":{"0":0,"1":0,"2":0},"b":{"0":[0],"1":[0],"2":[0,0],"3":[0,0],"4":[0],"5":[0],"6":[0,0],"7":[0,0],"8":[0],"9":[0,0]}}
,"/workspaces/Dihya/src/components/metiers/tourisme/index.js": {"path":"/workspaces/Dihya/src/components/metiers/tourisme/index.js","statementMap":{"0":{"start":{"line":9,"column":23},"end":{"line":9,"column":106}},"1":{"start":{"line":10,"column":14},"end":{"line":10,"column":40}},"2":{"start":{"line":20,"column":2},"end":{"line":20,"column":66}},"3":{"start":{"line":20,"column":29},"end":{"line":20,"column":66}},"4":{"start":{"line":21,"column":2},"end":{"line":21,"column":78}},"5":{"start":{"line":21,"column":38},"end":{"line":21,"column":78}},"6":{"start":{"line":23,"column":2},"end":{"line":23,"column":49}},"7":{"start":{"line":33,"column":2},"end":{"line":33,"column":66}},"8":{"start":{"line":33,"column":29},"end":{"line":33,"column":66}},"9":{"start":{"line":34,"column":2},"end":{"line":34,"column":78}},"10":{"start":{"line":34,"column":38},"end":{"line":34,"column":78}},"11":{"start":{"line":36,"column":2},"end":{"line":36,"column":58}},"12":{"start":{"line":46,"column":2},"end":{"line":46,"column":78}},"13":{"start":{"line":46,"column":38},"end":{"line":46,"column":78}},"14":{"start":{"line":48,"column":2},"end":{"line":48,"column":59}},"15":{"start":{"line":51,"column":0},"end":{"line":51,"column":59}}},"fnMap":{"0":{"name":"createPlace","decl":{"start":{"line":19,"column":9},"end":{"line":19,"column":20}},"loc":{"start":{"line":19,"column":55},"end":{"line":24,"column":1}},"line":19},"1":{"name":"listPlaces","decl":{"start":{"line":32,"column":9},"end":{"line":32,"column":19}},"loc":{"start":{"line":32,"column":48},"end":{"line":37,"column":1}},"line":32},"2":{"name":"getItinerary","decl":{"start":{"line":45,"column":9},"end":{"line":45,"column":21}},"loc":{"start":{"line":45,"column":43},"end":{"line":49,"column":1}},"line":45}},"branchMap":{"0":{"loc":{"start":{"line":19,"column":27},"end":{"line":19,"column":40}},"type":"default-arg","locations":[{"start":{"line":19,"column":34},"end":{"line":19,"column":40}}],"line":19},"1":{"loc":{"start":{"line":19,"column":42},"end":{"line":19,"column":53}},"type":"default-arg","locations":[{"start":{"line":19,"column":49},"end":{"line":19,"column":53}}],"line":19},"2":{"loc":{"start":{"line":20,"column":2},"end":{"line":20,"column":66}},"type":"if","locations":[{"start":{"line":20,"column":2},"end":{"line":20,"column":66}},{"start":{},"end":{}}],"line":20},"3":{"loc":{"start":{"line":21,"column":2},"end":{"line":21,"column":78}},"type":"if","locations":[{"start":{"line":21,"column":2},"end":{"line":21,"column":78}},{"start":{},"end":{}}],"line":21},"4":{"loc":{"start":{"line":32,"column":20},"end":{"line":32,"column":33}},"type":"default-arg","locations":[{"start":{"line":32,"column":27},"end":{"line":32,"column":33}}],"line":32},"5":{"loc":{"start":{"line":32,"column":35},"end":{"line":32,"column":46}},"type":"default-arg","locations":[{"start":{"line":32,"column":42},"end":{"line":32,"column":46}}],"line":32},"6":{"loc":{"start":{"line":33,"column":2},"end":{"line":33,"column":66}},"type":"if","locations":[{"start":{"line":33,"column":2},"end":{"line":33,"column":66}},{"start":{},"end":{}}],"line":33},"7":{"loc":{"start":{"line":34,"column":2},"end":{"line":34,"column":78}},"type":"if","locations":[{"start":{"line":34,"column":2},"end":{"line":34,"column":78}},{"start":{},"end":{}}],"line":34},"8":{"loc":{"start":{"line":45,"column":30},"end":{"line":45,"column":41}},"type":"default-arg","locations":[{"start":{"line":45,"column":37},"end":{"line":45,"column":41}}],"line":45},"9":{"loc":{"start":{"line":46,"column":2},"end":{"line":46,"column":78}},"type":"if","locations":[{"start":{"line":46,"column":2},"end":{"line":46,"column":78}},{"start":{},"end":{}}],"line":46}},"s":{"0":0,"1":0,"2":0,"3":0,"4":0,"5":0,"6":0,"7":0,"8":0,"9":0,"10":0,"11":0,"12":0,"13":0,"14":0,"15":0},"f":{"0":0,"1":0,"2":0},"b":{"0":[0],"1":[0],"2":[0,0],"3":[0,0],"4":[0],"5":[0],"6":[0,0],"7":[0,0],"8":[0],"9":[0,0]}}
,"/workspaces/Dihya/src/components/metiers/transport/index.js": {"path":"/workspaces/Dihya/src/components/metiers/transport/index.js","statementMap":{"0":{"start":{"line":9,"column":23},"end":{"line":9,"column":106}},"1":{"start":{"line":10,"column":14},"end":{"line":10,"column":40}},"2":{"start":{"line":20,"column":2},"end":{"line":20,"column":66}},"3":{"start":{"line":20,"column":29},"end":{"line":20,"column":66}},"4":{"start":{"line":21,"column":2},"end":{"line":21,"column":78}},"5":{"start":{"line":21,"column":38},"end":{"line":21,"column":78}},"6":{"start":{"line":23,"column":2},"end":{"line":23,"column":49}},"7":{"start":{"line":33,"column":2},"end":{"line":33,"column":66}},"8":{"start":{"line":33,"column":29},"end":{"line":33,"column":66}},"9":{"start":{"line":34,"column":2},"end":{"line":34,"column":78}},"10":{"start":{"line":34,"column":38},"end":{"line":34,"column":78}},"11":{"start":{"line":36,"column":2},"end":{"line":36,"column":53}},"12":{"start":{"line":46,"column":2},"end":{"line":46,"column":78}},"13":{"start":{"line":46,"column":38},"end":{"line":46,"column":78}},"14":{"start":{"line":48,"column":2},"end":{"line":48,"column":51}},"15":{"start":{"line":51,"column":0},"end":{"line":51,"column":56}}},"fnMap":{"0":{"name":"createTrip","decl":{"start":{"line":19,"column":9},"end":{"line":19,"column":19}},"loc":{"start":{"line":19,"column":54},"end":{"line":24,"column":1}},"line":19},"1":{"name":"listTrips","decl":{"start":{"line":32,"column":9},"end":{"line":32,"column":18}},"loc":{"start":{"line":32,"column":47},"end":{"line":37,"column":1}},"line":32},"2":{"name":"getSchedule","decl":{"start":{"line":45,"column":9},"end":{"line":45,"column":20}},"loc":{"start":{"line":45,"column":42},"end":{"line":49,"column":1}},"line":45}},"branchMap":{"0":{"loc":{"start":{"line":19,"column":26},"end":{"line":19,"column":39}},"type":"default-arg","locations":[{"start":{"line":19,"column":33},"end":{"line":19,"column":39}}],"line":19},"1":{"loc":{"start":{"line":19,"column":41},"end":{"line":19,"column":52}},"type":"default-arg","locations":[{"start":{"line":19,"column":48},"end":{"line":19,"column":52}}],"line":19},"2":{"loc":{"start":{"line":20,"column":2},"end":{"line":20,"column":66}},"type":"if","locations":[{"start":{"line":20,"column":2},"end":{"line":20,"column":66}},{"start":{},"end":{}}],"line":20},"3":{"loc":{"start":{"line":21,"column":2},"end":{"line":21,"column":78}},"type":"if","locations":[{"start":{"line":21,"column":2},"end":{"line":21,"column":78}},{"start":{},"end":{}}],"line":21},"4":{"loc":{"start":{"line":32,"column":19},"end":{"line":32,"column":32}},"type":"default-arg","locations":[{"start":{"line":32,"column":26},"end":{"line":32,"column":32}}],"line":32},"5":{"loc":{"start":{"line":32,"column":34},"end":{"line":32,"column":45}},"type":"default-arg","locations":[{"start":{"line":32,"column":41},"end":{"line":32,"column":45}}],"line":32},"6":{"loc":{"start":{"line":33,"column":2},"end":{"line":33,"column":66}},"type":"if","locations":[{"start":{"line":33,"column":2},"end":{"line":33,"column":66}},{"start":{},"end":{}}],"line":33},"7":{"loc":{"start":{"line":34,"column":2},"end":{"line":34,"column":78}},"type":"if","locations":[{"start":{"line":34,"column":2},"end":{"line":34,"column":78}},{"start":{},"end":{}}],"line":34},"8":{"loc":{"start":{"line":45,"column":29},"end":{"line":45,"column":40}},"type":"default-arg","locations":[{"start":{"line":45,"column":36},"end":{"line":45,"column":40}}],"line":45},"9":{"loc":{"start":{"line":46,"column":2},"end":{"line":46,"column":78}},"type":"if","locations":[{"start":{"line":46,"column":2},"end":{"line":46,"column":78}},{"start":{},"end":{}}],"line":46}},"s":{"0":0,"1":0,"2":0,"3":0,"4":0,"5":0,"6":0,"7":0,"8":0,"9":0,"10":0,"11":0,"12":0,"13":0,"14":0,"15":0},"f":{"0":0,"1":0,"2":0},"b":{"0":[0],"1":[0],"2":[0,0],"3":[0,0],"4":[0],"5":[0],"6":[0,0],"7":[0,0],"8":[0],"9":[0,0]}}
,"/workspaces/Dihya/src/components/metiers/utils/utils.js": {"path":"/workspaces/Dihya/src/components/metiers/utils/utils.js","statementMap":{"0":{"start":{"line":17,"column":2},"end":{"line":19,"column":3}},"1":{"start":{"line":18,"column":4},"end":{"line":18,"column":73}},"2":{"start":{"line":18,"column":60},"end":{"line":18,"column":73}},"3":{"start":{"line":20,"column":2},"end":{"line":20,"column":14}},"4":{"start":{"line":28,"column":2},"end":{"line":28,"column":58}},"5":{"start":{"line":37,"column":21},"end":{"line":37,"column":32}},"6":{"start":{"line":38,"column":2},"end":{"line":40,"column":3}},"7":{"start":{"line":39,"column":4},"end":{"line":39,"column":69}},"8":{"start":{"line":39,"column":45},"end":{"line":39,"column":69}},"9":{"start":{"line":41,"column":2},"end":{"line":41,"column":20}},"10":{"start":{"line":44,"column":0},"end":{"line":44,"column":57}}},"fnMap":{"0":{"name":"validateData","decl":{"start":{"line":15,"column":9},"end":{"line":15,"column":21}},"loc":{"start":{"line":15,"column":36},"end":{"line":21,"column":1}},"line":15},"1":{"name":"generateId","decl":{"start":{"line":27,"column":9},"end":{"line":27,"column":19}},"loc":{"start":{"line":27,"column":22},"end":{"line":29,"column":1}},"line":27},"2":{"name":"anonymize","decl":{"start":{"line":36,"column":9},"end":{"line":36,"column":18}},"loc":{"start":{"line":36,"column":25},"end":{"line":42,"column":1}},"line":36}},"branchMap":{"0":{"loc":{"start":{"line":18,"column":4},"end":{"line":18,"column":73}},"type":"if","locations":[{"start":{"line":18,"column":4},"end":{"line":18,"column":73}},{"start":{},"end":{}}],"line":18},"1":{"loc":{"start":{"line":18,"column":8},"end":{"line":18,"column":58}},"type":"binary-expr","locations":[{"start":{"line":18,"column":8},"end":{"line":18,"column":22}},{"start":{"line":18,"column":26},"end":{"line":18,"column":58}}],"line":18},"2":{"loc":{"start":{"line":39,"column":4},"end":{"line":39,"column":69}},"type":"if","locations":[{"start":{"line":39,"column":4},"end":{"line":39,"column":69}},{"start":{},"end":{}}],"line":39}},"s":{"0":0,"1":0,"2":0,"3":0,"4":0,"5":0,"6":0,"7":0,"8":0,"9":0,"10":0},"f":{"0":0,"1":0,"2":0},"b":{"0":[0,0],"1":[0,0],"2":[0,0]}}
,"/workspaces/Dihya/src/components/metiers/validators/index.js": {"path":"/workspaces/Dihya/src/components/metiers/validators/index.js","statementMap":{"0":{"start":{"line":15,"column":2},"end":{"line":15,"column":52}},"1":{"start":{"line":24,"column":2},"end":{"line":24,"column":80}},"2":{"start":{"line":27,"column":0},"end":{"line":27,"column":52}}},"fnMap":{"0":{"name":"isValidEmail","decl":{"start":{"line":14,"column":9},"end":{"line":14,"column":21}},"loc":{"start":{"line":14,"column":29},"end":{"line":16,"column":1}},"line":14},"1":{"name":"isStrongPassword","decl":{"start":{"line":23,"column":9},"end":{"line":23,"column":25}},"loc":{"start":{"line":23,"column":36},"end":{"line":25,"column":1}},"line":23}},"branchMap":{},"s":{"0":0,"1":0,"2":0},"f":{"0":0,"1":0},"b":{}}
,"/workspaces/Dihya/src/components/metiers/voice/index.js": {"path":"/workspaces/Dihya/src/components/metiers/voice/index.js","statementMap":{"0":{"start":{"line":9,"column":23},"end":{"line":9,"column":106}},"1":{"start":{"line":18,"column":2},"end":{"line":18,"column":78}},"2":{"start":{"line":18,"column":38},"end":{"line":18,"column":78}},"3":{"start":{"line":20,"column":2},"end":{"line":20,"column":35}},"4":{"start":{"line":30,"column":2},"end":{"line":30,"column":78}},"5":{"start":{"line":30,"column":38},"end":{"line":30,"column":78}},"6":{"start":{"line":32,"column":2},"end":{"line":32,"column":60}},"7":{"start":{"line":42,"column":2},"end":{"line":42,"column":78}},"8":{"start":{"line":42,"column":38},"end":{"line":42,"column":78}},"9":{"start":{"line":44,"column":2},"end":{"line":44,"column":35}},"10":{"start":{"line":47,"column":0},"end":{"line":47,"column":70}}},"fnMap":{"0":{"name":"recognizeVoice","decl":{"start":{"line":17,"column":9},"end":{"line":17,"column":23}},"loc":{"start":{"line":17,"column":44},"end":{"line":21,"column":1}},"line":17},"1":{"name":"synthesizeVoice","decl":{"start":{"line":29,"column":9},"end":{"line":29,"column":24}},"loc":{"start":{"line":29,"column":44},"end":{"line":33,"column":1}},"line":29},"2":{"name":"transcribeAudio","decl":{"start":{"line":41,"column":9},"end":{"line":41,"column":24}},"loc":{"start":{"line":41,"column":45},"end":{"line":45,"column":1}},"line":41}},"branchMap":{"0":{"loc":{"start":{"line":17,"column":31},"end":{"line":17,"column":42}},"type":"default-arg","locations":[{"start":{"line":17,"column":38},"end":{"line":17,"column":42}}],"line":17},"1":{"loc":{"start":{"line":18,"column":2},"end":{"line":18,"column":78}},"type":"if","locations":[{"start":{"line":18,"column":2},"end":{"line":18,"column":78}},{"start":{},"end":{}}],"line":18},"2":{"loc":{"start":{"line":29,"column":31},"end":{"line":29,"column":42}},"type":"default-arg","locations":[{"start":{"line":29,"column":38},"end":{"line":29,"column":42}}],"line":29},"3":{"loc":{"start":{"line":30,"column":2},"end":{"line":30,"column":78}},"type":"if","locations":[{"start":{"line":30,"column":2},"end":{"line":30,"column":78}},{"start":{},"end":{}}],"line":30},"4":{"loc":{"start":{"line":41,"column":32},"end":{"line":41,"column":43}},"type":"default-arg","locations":[{"start":{"line":41,"column":39},"end":{"line":41,"column":43}}],"line":41},"5":{"loc":{"start":{"line":42,"column":2},"end":{"line":42,"column":78}},"type":"if","locations":[{"start":{"line":42,"column":2},"end":{"line":42,"column":78}},{"start":{},"end":{}}],"line":42}},"s":{"0":0,"1":0,"2":0,"3":0,"4":0,"5":0,"6":0,"7":0,"8":0,"9":0,"10":0},"f":{"0":0,"1":0,"2":0},"b":{"0":[0],"1":[0,0],"2":[0],"3":[0,0],"4":[0],"5":[0,0]}}
,"/workspaces/Dihya/src/components/metiers/voyage/index.js": {"path":"/workspaces/Dihya/src/components/metiers/voyage/index.js","statementMap":{"0":{"start":{"line":9,"column":23},"end":{"line":9,"column":106}},"1":{"start":{"line":10,"column":14},"end":{"line":10,"column":40}},"2":{"start":{"line":20,"column":2},"end":{"line":20,"column":66}},"3":{"start":{"line":20,"column":29},"end":{"line":20,"column":66}},"4":{"start":{"line":21,"column":2},"end":{"line":21,"column":78}},"5":{"start":{"line":21,"column":38},"end":{"line":21,"column":78}},"6":{"start":{"line":23,"column":2},"end":{"line":23,"column":49}},"7":{"start":{"line":33,"column":2},"end":{"line":33,"column":66}},"8":{"start":{"line":33,"column":29},"end":{"line":33,"column":66}},"9":{"start":{"line":34,"column":2},"end":{"line":34,"column":78}},"10":{"start":{"line":34,"column":38},"end":{"line":34,"column":78}},"11":{"start":{"line":36,"column":2},"end":{"line":36,"column":55}},"12":{"start":{"line":46,"column":2},"end":{"line":46,"column":78}},"13":{"start":{"line":46,"column":38},"end":{"line":46,"column":78}},"14":{"start":{"line":48,"column":2},"end":{"line":48,"column":56}},"15":{"start":{"line":51,"column":0},"end":{"line":51,"column":55}}},"fnMap":{"0":{"name":"bookTrip","decl":{"start":{"line":19,"column":9},"end":{"line":19,"column":17}},"loc":{"start":{"line":19,"column":52},"end":{"line":24,"column":1}},"line":19},"1":{"name":"listTrips","decl":{"start":{"line":32,"column":9},"end":{"line":32,"column":18}},"loc":{"start":{"line":32,"column":47},"end":{"line":37,"column":1}},"line":32},"2":{"name":"getItinerary","decl":{"start":{"line":45,"column":9},"end":{"line":45,"column":21}},"loc":{"start":{"line":45,"column":43},"end":{"line":49,"column":1}},"line":45}},"branchMap":{"0":{"loc":{"start":{"line":19,"column":24},"end":{"line":19,"column":37}},"type":"default-arg","locations":[{"start":{"line":19,"column":31},"end":{"line":19,"column":37}}],"line":19},"1":{"loc":{"start":{"line":19,"column":39},"end":{"line":19,"column":50}},"type":"default-arg","locations":[{"start":{"line":19,"column":46},"end":{"line":19,"column":50}}],"line":19},"2":{"loc":{"start":{"line":20,"column":2},"end":{"line":20,"column":66}},"type":"if","locations":[{"start":{"line":20,"column":2},"end":{"line":20,"column":66}},{"start":{},"end":{}}],"line":20},"3":{"loc":{"start":{"line":21,"column":2},"end":{"line":21,"column":78}},"type":"if","locations":[{"start":{"line":21,"column":2},"end":{"line":21,"column":78}},{"start":{},"end":{}}],"line":21},"4":{"loc":{"start":{"line":32,"column":19},"end":{"line":32,"column":32}},"type":"default-arg","locations":[{"start":{"line":32,"column":26},"end":{"line":32,"column":32}}],"line":32},"5":{"loc":{"start":{"line":32,"column":34},"end":{"line":32,"column":45}},"type":"default-arg","locations":[{"start":{"line":32,"column":41},"end":{"line":32,"column":45}}],"line":32},"6":{"loc":{"start":{"line":33,"column":2},"end":{"line":33,"column":66}},"type":"if","locations":[{"start":{"line":33,"column":2},"end":{"line":33,"column":66}},{"start":{},"end":{}}],"line":33},"7":{"loc":{"start":{"line":34,"column":2},"end":{"line":34,"column":78}},"type":"if","locations":[{"start":{"line":34,"column":2},"end":{"line":34,"column":78}},{"start":{},"end":{}}],"line":34},"8":{"loc":{"start":{"line":45,"column":30},"end":{"line":45,"column":41}},"type":"default-arg","locations":[{"start":{"line":45,"column":37},"end":{"line":45,"column":41}}],"line":45},"9":{"loc":{"start":{"line":46,"column":2},"end":{"line":46,"column":78}},"type":"if","locations":[{"start":{"line":46,"column":2},"end":{"line":46,"column":78}},{"start":{},"end":{}}],"line":46}},"s":{"0":0,"1":0,"2":0,"3":0,"4":0,"5":0,"6":0,"7":0,"8":0,"9":0,"10":0,"11":0,"12":0,"13":0,"14":0,"15":0},"f":{"0":0,"1":0,"2":0},"b":{"0
[...]
,"/workspaces/Dihya/src/generation/templates/services_personne/test_services_personne.js": {"path":"/workspaces/Dihya/src/generation/templates/services_personne/test_services_personne.js","statementMap":{"0":{"start":{"line":4,"column":16},"end":{"line":4,"column":36}},"1":{"start":{"line":5,"column":12},"end":{"line":5,"column":38}},"2":{"start":{"line":7,"column":0},"end":{"line":22,"column":3}},"3":{"start":{"line":8,"column":2},"end":{"line":21,"column":5}},"4":{"start":{"line":9,"column":16},"end":{"line":18,"column":8}},"5":{"start":{"line":19,"column":4},"end":{"line":19,"column":37}},"6":{"start":{"line":20,"column":4},"end":{"line":20,"column":43}}},"fnMap":{"0":{"name":"(anonymous_0)","decl":{"start":{"line":7,"column":34},"end":{"line":7,"column":35}},"loc":{"start":{"line":7,"column":40},"end":{"line":22,"column":1}},"line":7},"1":{"name":"(anonymous_1)","decl":{"start":{"line":8,"column":64},"end":{"line":8,"column":65}},"loc":{"start":{"line":8,"column":76},"end":{"line":21,"column":3}},"line":8}},"branchMap":{},"s":{"0":0,"1":0,"2":0,"3":0,"4":0,"5":0,"6":0},"f":{"0":0,"1":0},"b":{}}
,"/workspaces/Dihya/src/generation/templates/social/test_social.js": {"path":"/workspaces/Dihya/src/generation/templates/social/test_social.js","statementMap":{"0":{"start":{"line":4,"column":16},"end":{"line":4,"column":36}},"1":{"start":{"line":5,"column":12},"end":{"line":5,"column":38}},"2":{"start":{"line":7,"column":0},"end":{"line":22,"column":3}},"3":{"start":{"line":8,"column":2},"end":{"line":21,"column":5}},"4":{"start":{"line":9,"column":16},"end":{"line":18,"column":8}},"5":{"start":{"line":19,"column":4},"end":{"line":19,"column":37}},"6":{"start":{"line":20,"column":4},"end":{"line":20,"column":42}}},"fnMap":{"0":{"name":"(anonymous_0)","decl":{"start":{"line":7,"column":23},"end":{"line":7,"column":24}},"loc":{"start":{"line":7,"column":29},"end":{"line":22,"column":1}},"line":7},"1":{"name":"(anonymous_1)","decl":{"start":{"line":8,"column":63},"end":{"line":8,"column":64}},"loc":{"start":{"line":8,"column":75},"end":{"line":21,"column":3}},"line":8}},"branchMap":{},"s":{"0":0,"1":0,"2":0,"3":0,"4":0,"5":0,"6":0},"f":{"0":0,"1":0},"b":{}}
,"/workspaces/Dihya/src/generation/templates/sport/template.js": {"path":"/workspaces/Dihya/src/generation/templates/sport/template.js","statementMap":{"0":{"start":{"line":4,"column":16},"end":{"line":4,"column":34}},"1":{"start":{"line":5,"column":80},"end":{"line":5,"column":99}},"2":{"start":{"line":6,"column":33},"end":{"line":6,"column":64}},"3":{"start":{"line":7,"column":28},"end":{"line":7,"column":58}},"4":{"start":{"line":8,"column":15},"end":{"line":8,"column":31}},"5":{"start":{"line":11,"column":2},"end":{"line":11,"column":47}},"6":{"start":{"line":12,"column":2},"end":{"line":12,"column":9}},"7":{"start":{"line":15,"column":0},"end":{"line":22,"column":3}},"8":{"start":{"line":16,"column":2},"end":{"line":16,"column":31}},"9":{"start":{"line":17,"column":17},"end":{"line":17,"column":38}},"10":{"start":{"line":18,"column":15},"end":{"line":18,"column":34}},"11":{"start":{"line":19,"column":17},"end":{"line":19,"column":62}},"12":{"start":{"line":20,"column":2},"end":{"line":20,"column":48}},"13":{"start":{"line":21,"column":2},"end":{"line":21,"column":49}},"14":{"start":{"line":24,"column":0},"end":{"line":24,"column":24}}},"fnMap":{"0":{"name":"getLocale","decl":{"start":{"line":10,"column":9},"end":{"line":10,"column":18}},"loc":{"start":{"line":10,"column":35},"end":{"line":13,"column":1}},"line":10},"1":{"name":"(anonymous_1)","decl":{"start":{"line":15,"column":75},"end":{"line":15,"column":76}},"loc":{"start":{"line":15,"column":89},"end":{"line":22,"column":1}},"line":15}},"branchMap":{"0":{"loc":{"start":{"line":11,"column":15},"end":{"line":11,"column":46}},"type":"binary-expr","locations":[{"start":{"line":11,"column":15},"end":{"line":11,"column":38}},{"start":{"line":11,"column":42},"end":{"line":11,"column":46}}],"line":11}},"s":{"0":0,"1":0,"2":0,"3":0,"4":0,"5":0,"6":0,"7":0,"8":0,"9":0,"10":0,"11":0,"12":0,"13":0,"14":0},"f":{"0":0,"1":0},"b":{"0":[0,0]}}
,"/workspaces/Dihya/src/generation/templates/sport/test_sport.js": {"path":"/workspaces/Dihya/src/generation/templates/sport/test_sport.js","statementMap":{"0":{"start":{"line":4,"column":16},"end":{"line":4,"column":36}},"1":{"start":{"line":5,"column":12},"end":{"line":5,"column":38}},"2":{"start":{"line":7,"column":0},"end":{"line":22,"column":3}},"3":{"start":{"line":8,"column":2},"end":{"line":21,"column":5}},"4":{"start":{"line":9,"column":16},"end":{"line":18,"column":8}},"5":{"start":{"line":19,"column":4},"end":{"line":19,"column":37}},"6":{"start":{"line":20,"column":4},"end":{"line":20,"column":41}}},"fnMap":{"0":{"name":"(anonymous_0)","decl":{"start":{"line":7,"column":22},"end":{"line":7,"column":23}},"loc":{"start":{"line":7,"column":28},"end":{"line":22,"column":1}},"line":7},"1":{"name":"(anonymous_1)","decl":{"start":{"line":8,"column":61},"end":{"line":8,"column":62}},"loc":{"start":{"line":8,"column":73},"end":{"line":21,"column":3}},"line":8}},"branchMap":{},"s":{"0":0,"1":0,"2":0,"3":0,"4":0,"5":0,"6":0},"f":{"0":0,"1":0},"b":{}}
,"/workspaces/Dihya/src/generation/templates/tourisme/template.js": {"path":"/workspaces/Dihya/src/generation/templates/tourisme/template.js","statementMap":{"0":{"start":{"line":4,"column":16},"end":{"line":4,"column":34}},"1":{"start":{"line":5,"column":86},"end":{"line":5,"column":105}},"2":{"start":{"line":6,"column":33},"end":{"line":6,"column":64}},"3":{"start":{"line":7,"column":31},"end":{"line":7,"column":61}},"4":{"start":{"line":8,"column":15},"end":{"line":8,"column":31}},"5":{"start":{"line":11,"column":2},"end":{"line":11,"column":47}},"6":{"start":{"line":12,"column":2},"end":{"line":12,"column":9}},"7":{"start":{"line":15,"column":0},"end":{"line":22,"column":3}},"8":{"start":{"line":16,"column":2},"end":{"line":16,"column":34}},"9":{"start":{"line":17,"column":17},"end":{"line":17,"column":38}},"10":{"start":{"line":18,"column":15},"end":{"line":18,"column":34}},"11":{"start":{"line":19,"column":17},"end":{"line":19,"column":65}},"12":{"start":{"line":20,"column":2},"end":{"line":20,"column":51}},"13":{"start":{"line":21,"column":2},"end":{"line":21,"column":52}},"14":{"start":{"line":24,"column":0},"end":{"line":24,"column":24}}},"fnMap":{"0":{"name":"getLocale","decl":{"start":{"line":10,"column":9},"end":{"line":10,"column":18}},"loc":{"start":{"line":10,"column":35},"end":{"line":13,"column":1}},"line":10},"1":{"name":"(anonymous_1)","decl":{"start":{"line":15,"column":75},"end":{"line":15,"column":76}},"loc":{"start":{"line":15,"column":89},"end":{"line":22,"column":1}},"line":15}},"branchMap":{"0":{"loc":{"start":{"line":11,"column":15},"end":{"line":11,"column":46}},"type":"binary-expr","locations":[{"start":{"line":11,"column":15},"end":{"line":11,"column":38}},{"start":{"line":11,"column":42},"end":{"line":11,"column":46}}],"line":11}},"s":{"0":0,"1":0,"2":0,"3":0,"4":0,"5":0,"6":0,"7":0,"8":0,"9":0,"10":0,"11":0,"12":0,"13":0,"14":0},"f":{"0":0,"1":0},"b":{"0":[0,0]}}
,"/workspaces/Dihya/src/generation/templates/tourisme/test_tourisme.js": {"path":"/workspaces/Dihya/src/generation/templates/tourisme/test_tourisme.js","statementMap":{"0":{"start":{"line":4,"column":16},"end":{"line":4,"column":36}},"1":{"start":{"line":5,"column":12},"end":{"line":5,"column":38}},"2":{"start":{"line":7,"column":0},"end":{"line":22,"column":3}},"3":{"start":{"line":8,"column":2},"end":{"line":21,"column":5}},"4":{"start":{"line":9,"column":16},"end":{"line":18,"column":8}},"5":{"start":{"line":19,"column":4},"end":{"line":19,"column":37}},"6":{"start":{"line":20,"column":4},"end":{"line":20,"column":44}}},"fnMap":{"0":{"name":"(anonymous_0)","decl":{"start":{"line":7,"column":25},"end":{"line":7,"column":26}},"loc":{"start":{"line":7,"column":31},"end":{"line":22,"column":1}},"line":7},"1":{"name":"(anonymous_1)","decl":{"start":{"line":8,"column":64},"end":{"line":8,"column":65}},"loc":{"start":{"line":8,"column":76},"end":{"line":21,"column":3}},"line":8}},"branchMap":{},"s":{"0":0,"1":0,"2":0,"3":0,"4":0,"5":0,"6":0},"f":{"0":0,"1":0},"b":{}}
,"/workspaces/Dihya/src/generation/templates/transport/template.js": {"path":"/workspaces/Dihya/src/generation/templates/transport/template.js","statementMap":{"0":{"start":{"line":4,"column":16},"end":{"line":4,"column":34}},"1":{"start":{"line":5,"column":88},"end":{"line":5,"column":107}},"2":{"start":{"line":6,"column":33},"end":{"line":6,"column":64}},"3":{"start":{"line":7,"column":32},"end":{"line":7,"column":62}},"4":{"start":{"line":8,"column":15},"end":{"line":8,"column":31}},"5":{"start":{"line":11,"column":2},"end":{"line":11,"column":47}},"6":{"start":{"line":12,"column":2},"end":{"line":12,"column":9}},"7":{"start":{"line":15,"column":0},"end":{"line":22,"column":3}},"8":{"start":{"line":16,"column":2},"end":{"line":16,"column":35}},"9":{"start":{"line":17,"column":17},"end":{"line":17,"column":38}},"10":{"start":{"line":18,"column":15},"end":{"line":18,"column":34}},"11":{"start":{"line":19,"column":17},"end":{"line":19,"column":66}},"12":{"start":{"line":20,"column":2},"end":{"line":20,"column":52}},"13":{"start":{"line":21,"column":2},"end":{"line":21,"column":53}},"14":{"start":{"line":24,"column":0},"end":{"line":24,"column":24}}},"fnMap":{"0":{"name":"getLocale","decl":{"start":{"line":10,"column":9},"end":{"line":10,"column":18}},"loc":{"start":{"line":10,"column":35},"end":{"line":13,"column":1}},"line":10},"1":{"name":"(anonymous_1)","decl":{"start":{"line":15,"column":75},"end":{"line":15,"column":76}},"loc":{"start":{"line":15,"column":89},"end":{"line":22,"column":1}},"line":15}},"branchMap":{"0":{"loc":{"start":{"line":11,"column":15},"end":{"line":11,"column":46}},"type":"binary-expr","locations":[{"start":{"line":11,"column":15},"end":{"line":11,"column":38}},{"start":{"line":11,"column":42},"end":{"line":11,"column":46}}],"line":11}},"s":{"0":0,"1":0,"2":0,"3":0,"4":0,"5":0,"6":0,"7":0,"8":0,"9":0,"10":0,"11":0,"12":0,"13":0,"14":0},"f":{"0":0,"1":0},"b":{"0":[0,0]}}
,"/workspaces/Dihya/src/generation/templates/transport/test_transport.js": {"path":"/workspaces/Dihya/src/generation/templates/transport/test_transport.js","statementMap":{"0":{"start":{"line":4,"column":16},"end":{"line":4,"column":36}},"1":{"start":{"line":5,"column":12},"end":{"line":5,"column":38}},"2":{"start":{"line":7,"column":0},"end":{"line":22,"column":3}},"3":{"start":{"line":8,"column":2},"end":{"line":21,"column":5}},"4":{"start":{"line":9,"column":16},"end":{"line":18,"column":8}},"5":{"start":{"line":19,"column":4},"end":{"line":19,"column":37}},"6":{"start":{"line":20,"column":4},"end":{"line":20,"column":45}}},"fnMap":{"0":{"name":"(anonymous_0)","decl":{"start":{"line":7,"column":26},"end":{"line":7,"column":27}},"loc":{"start":{"line":7,"column":32},"end":{"line":22,"column":1}},"line":7},"1":{"name":"(anonymous_1)","decl":{"start":{"line":8,"column":63},"end":{"line":8,"column":64}},"loc":{"start":{"line":8,"column":75},"end":{"line":21,"column":3}},"line":8}},"branchMap":{},"s":{"0":0,"1":0,"2":0,"3":0,"4":0,"5":0,"6":0},"f":{"0":0,"1":0},"b":{}}
,"/workspaces/Dihya/src/generation/templates/utils/template.js": {"path":"/workspaces/Dihya/src/generation/templates/utils/template.js","statementMap":{"0":{"start":{"line":3,"column":0},"end":{"line":10,"column":2}},"1":{"start":{"line":8,"column":4},"end":{"line":8,"column":16}}},"fnMap":{"0":{"name":"(anonymous_0)","decl":{"start":{"line":6,"column":11},"end":{"line":6,"column":12}},"loc":{"start":{"line":6,"column":24},"end":{"line":9,"column":3}},"line":6}},"branchMap":{},"s":{"0":0,"1":0},"f":{"0":0},"b":{}}
,"/workspaces/Dihya/src/generation/templates/utils/test_utils.js": {"path":"/workspaces/Dihya/src/generation/templates/utils/test_utils.js","statementMap":{"0":{"start":{"line":3,"column":0},"end":{"line":15,"column":3}},"1":{"start":{"line":4,"column":2},"end":{"line":7,"column":5}},"2":{"start":{"line":5,"column":17},"end":{"line":5,"column":38}},"3":{"start":{"line":6,"column":4},"end":{"line":6,"column":53}},"4":{"start":{"line":10,"column":18},"end":{"line":10,"column":36}},"5":{"start":{"line":12,"column":2},"end":{"line":14,"column":5}},"6":{"start":{"line":13,"column":4},"end":{"line":13,"column":30}}},"fnMap":{"0":{"name":"(anonymous_0)","decl":{"start":{"line":3,"column":31},"end":{"line":3,"column":32}},"loc":{"start":{"line":3,"column":37},"end":{"line":15,"column":1}},"line":3},"1":{"name":"(anonymous_1)","decl":{"start":{"line":4,"column":54},"end":{"line":4,"column":55}},"loc":{"start":{"line":4,"column":60},"end":{"line":7,"column":3}},"line":4},"2":{"name":"(anonymous_2)","decl":{"start":{"line":12,"column":42},"end":{"line":12,"column":43}},"loc":{"start":{"line":12,"column":48},"end":{"line":14,"column":3}},"line":12}},"branchMap":{},"s":{"0":0,"1":0,"2":0,"3":0,"4":0,"5":0,"6":0},"f":{"0":0,"1":0,"2":0},"b":{}}
,"/workspaces/Dihya/src/generation/templates/utils/utils.js": {"path":"/workspaces/Dihya/src/generation/templates/utils/utils.js","statementMap":{"0":{"start":{"line":8,"column":2},"end":{"line":8,"column":15}},"1":{"start":{"line":11,"column":0},"end":{"line":11,"column":25}}},"fnMap":{"0":{"name":"sum","decl":{"start":{"line":7,"column":9},"end":{"line":7,"column":12}},"loc":{"start":{"line":7,"column":19},"end":{"line":9,"column":1}},"line":7}},"branchMap":{},"s":{"0":0,"1":0},"f":{"0":0},"b":{}}
,"/workspaces/Dihya/src/generation/templates/validators/template.js": {"path":"/workspaces/Dihya/src/generation/templates/validators/template.js","statementMap":{"0":{"start":{"line":9,"column":2},"end":{"line":9,"column":55}},"1":{"start":{"line":12,"column":0},"end":{"line":12,"column":35}}},"fnMap":{"0":{"name":"validateInput","decl":{"start":{"line":8,"column":9},"end":{"line":8,"column":22}},"loc":{"start":{"line":8,"column":30},"end":{"line":10,"column":1}},"line":8}},"branchMap":{"0":{"loc":{"start":{"line":9,"column":9},"end":{"line":9,"column":54}},"type":"binary-expr","locations":[{"start":{"line":9,"column":9},"end":{"line":9,"column":34}},{"start":{"line":9,"column":38},"end":{"line":9,"column":54}}],"line":9}},"s":{"0":0,"1":0},"f":{"0":0},"b":{"0":[0,0]}}
,"/workspaces/Dihya/src/generation/templates/validators/test_validators.js": {"path":"/workspaces/Dihya/src/generation/templates/validators/test_validators.js","statementMap":{"0":{"start":{"line":2,"column":26},"end":{"line":2,"column":47}},"1":{"start":{"line":4,"column":0},"end":{"line":6,"column":3}},"2":{"start":{"line":5,"column":2},"end":{"line":5,"column":43}},"3":{"start":{"line":8,"column":0},"end":{"line":10,"column":3}},"4":{"start":{"line":9,"column":2},"end":{"line":9,"column":40}}},"fnMap":{"0":{"name":"(anonymous_0)","decl":{"start":{"line":4,"column":59},"end":{"line":4,"column":60}},"loc":{"start":{"line":4,"column":65},"end":{"line":6,"column":1}},"line":4},"1":{"name":"(anonymous_1)","decl":{"start":{"line":8,"column":62},"end":{"line":8,"column":63}},"loc":{"start":{"line":8,"column":68},"end":{"line":10,"column":1}},"line":8}},"branchMap":{},"s":{"0":0,"1":0,"2":0,"3":0,"4":0},"f":{"0":0,"1":0},"b":{}}
,"/workspaces/Dihya/src/generation/templates/validators/utils.js": {"path":"/workspaces/Dihya/src/generation/templates/validators/utils.js","statementMap":{"0":{"start":{"line":7,"column":2},"end":{"line":7,"column":55}},"1":{"start":{"line":10,"column":0},"end":{"line":10,"column":35}}},"fnMap":{"0":{"name":"validateInput","decl":{"start":{"line":6,"column":9},"end":{"line":6,"column":22}},"loc":{"start":{"line":6,"column":30},"end":{"line":8,"column":1}},"line":6}},"branchMap":{"0":{"loc":{"start":{"line":7,"column":9},"end":{"line":7,"column":54}},"type":"binary-expr","locations":[{"start":{"line":7,"column":9},"end":{"line":7,"column":34}},{"start":{"line":7,"column":38},"end":{"line":7,"column":54}}],"line":7}},"s":{"0":0,"1":0},"f":{"0":0},"b":{"0":[0,0]}}
,"/workspaces/Dihya/src/utils/utils.js": {"path":"/workspaces/Dihya/src/utils/utils.js","statementMap":{"0":{"start":{"line":4,"column":27},"end":{"line":4,"column":39}},"1":{"start":{"line":5,"column":23},"end":{"line":5,"column":35}},"2":{"start":{"line":6,"column":32},"end":{"line":6,"column":44}},"3":{"start":{"line":7,"column":26},"end":{"line":7,"column":38}},"4":{"start":{"line":8,"column":24},"end":{"line":8,"column":36}},"5":{"start":{"line":9,"column":21},"end":{"line":9,"column":33}},"6":{"start":{"line":10,"column":23},"end":{"line":10,"column":35}},"7":{"start":{"line":11,"column":29},"end":{"line":11,"column":41}},"8":{"start":{"line":12,"column":29},"end":{"line":12,"column":41}},"9":{"start":{"line":13,"column":25},"end":{"line":13,"column":37}},"10":{"start":{"line":14,"column":22},"end":{"line":14,"column":34}},"11":{"start":{"line":16,"column":0},"end":{"line":28,"column":2}}},"fnMap":{"0":{"name":"checkSecurity","decl":{"start":{"line":4,"column":9},"end":{"line":4,"column":22}},"loc":{"start":{"line":4,"column":25},"end":{"line":4,"column":41}},"line":4},"1":{"name":"checkGDPR","decl":{"start":{"line":5,"column":9},"end":{"line":5,"column":18}},"loc":{"start":{"line":5,"column":21},"end":{"line":5,"column":37}},"line":5},"2":{"name":"checkAccessibility","decl":{"start":{"line":6,"column":9},"end":{"line":6,"column":27}},"loc":{"start":{"line":6,"column":30},"end":{"line":6,"column":46}},"line":6},"3":{"name":"checkPlugins","decl":{"start":{"line":7,"column":9},"end":{"line":7,"column":21}},"loc":{"start":{"line":7,"column":24},"end":{"line":7,"column":40}},"line":7},"4":{"name":"checkAudit","decl":{"start":{"line":8,"column":9},"end":{"line":8,"column":19}},"loc":{"start":{"line":8,"column":22},"end":{"line":8,"column":38}},"line":8},"5":{"name":"checkCI","decl":{"start":{"line":9,"column":9},"end":{"line":9,"column":16}},"loc":{"start":{"line":9,"column":19},"end":{"line":9,"column":35}},"line":9},"6":{"name":"checkI18n","decl":{"start":{"line":10,"column":9},"end":{"line":10,"column":18}},"loc":{"start":{"line":10,"column":21},"end":{"line":10,"column":37}},"line":10},"7":{"name":"checkFallbackAI","decl":{"start":{"line":11,"column":9},"end":{"line":11,"column":24}},"loc":{"start":{"line":11,"column":27},"end":{"line":11,"column":43}},"line":11},"8":{"name":"checkMonitoring","decl":{"start":{"line":12,"column":9},"end":{"line":12,"column":24}},"loc":{"start":{"line":12,"column":27},"end":{"line":12,"column":43}},"line":12},"9":{"name":"checkBackup","decl":{"start":{"line":13,"column":9},"end":{"line":13,"column":20}},"loc":{"start":{"line":13,"column":23},"end":{"line":13,"column":39}},"line":13},"10":{"name":"checkSEO","decl":{"start":{"line":14,"column":9},"end":{"line":14,"column":17}},"loc":{"start":{"line":14,"column":20},"end":{"line":14,"column":36}},"line":14}},"branchMap":{},"s":{"0":4,"1":3,"2":4,"3":3,"4":3,"5":4,"6":2,"7":2,"8":4,"9":3,"10":1,"11":4},"f":{"0":4,"1":3,"2":4,"3":3,"4":3,"5":4,"6":2,"7":2,"8":4,"9":3,"10":1},"b":{},"_coverageSchema":"1a1c01bbd47fc00a2c39e90264f33305004495a9","hash":"aafb9d00178e0d84bf7874951590f0cad395c1c1"}
}
