TN:
SF:backend/components/metiers/voice/index.js
FN:8,auditAccess
FN:16,checkAccess
FN:23,(anonymous_2)
FN:29,(anonymous_3)
FNF:4
FNH:0
FNDA:0,auditAccess
FNDA:0,checkAccess
FNDA:0,(anonymous_2)
FNDA:0,(anonymous_3)
DA:6,0
DA:9,0
DA:10,0
DA:11,0
DA:13,0
DA:17,0
DA:18,0
DA:19,0
DA:24,0
DA:30,0
DA:31,0
DA:32,0
DA:37,0
LF:13
LH:0
BRDA:9,0,0,0
BRDA:9,0,1,0
BRDA:9,1,0,0
BRDA:9,1,1,0
BRDA:9,1,2,0
BRDA:17,2,0,0
BRDA:17,2,1,0
BRDA:17,3,0,0
BRDA:17,3,1,0
BRDA:19,4,0,0
BRDA:19,4,1,0
BRDA:31,5,0,0
BRDA:31,5,1,0
BRDA:31,6,0,0
BRDA:31,6,1,0
BRF:15
BRH:0
end_of_record
TN:
SF:backend/components/metiers/voice/api/index.js
FN:8,auditAccess
FN:16,checkAccess
FN:23,(anonymous_2)
FN:29,(anonymous_3)
FNF:4
FNH:0
FNDA:0,auditAccess
FNDA:0,checkAccess
FNDA:0,(anonymous_2)
FNDA:0,(anonymous_3)
DA:6,0
DA:9,0
DA:10,0
DA:11,0
DA:13,0
DA:17,0
DA:18,0
DA:19,0
DA:24,0
DA:30,0
DA:31,0
DA:32,0
DA:37,0
LF:13
LH:0
BRDA:9,0,0,0
BRDA:9,0,1,0
BRDA:9,1,0,0
BRDA:9,1,1,0
BRDA:9,1,2,0
BRDA:17,2,0,0
BRDA:17,2,1,0
BRDA:17,3,0,0
BRDA:17,3,1,0
BRDA:19,4,0,0
BRDA:19,4,1,0
BRDA:31,5,0,0
BRDA:31,5,1,0
BRDA:31,6,0,0
BRDA:31,6,1,0
BRF:15
BRH:0
end_of_record
TN:
SF:backend/components/metiers/voice/api/accessibility/accessibility.js
FN:2,checkAccessibility
FNF:1
FNH:1
FNDA:2,checkAccessibility
DA:4,2
DA:6,2
DA:8,1
DA:10,3
LF:4
LH:4
BRDA:4,0,0,0
BRDA:4,0,1,2
BRDA:4,1,0,2
BRDA:4,1,1,2
BRDA:6,2,0,1
BRDA:6,2,1,1
BRDA:6,3,0,2
BRDA:6,3,1,1
BRF:8
BRH:7
end_of_record
TN:
SF:backend/components/metiers/voice/api/audit/audit.js
FN:2,auditEntity
FNF:1
FNH:0
FNDA:0,auditEntity
DA:4,0
DA:7,0
DA:9,2
LF:3
LH:1
BRDA:4,0,0,0
BRDA:4,0,1,0
BRDA:4,1,0,0
BRDA:4,1,1,0
BRF:4
BRH:0
end_of_record
TN:
SF:backend/components/metiers/voice/api/controllers/voice_controller.js
FNF:0
FNH:0
LF:0
LH:0
BRF:0
BRH:0
end_of_record
TN:
SF:backend/components/metiers/voice/api/core/api.js
FN:17,(anonymous_0)
FN:33,(anonymous_1)
FN:46,(anonymous_2)
FN:59,(anonymous_3)
FNF:4
FNH:0
FNDA:0,(anonymous_0)
FNDA:0,(anonymous_1)
FNDA:0,(anonymous_2)
FNDA:0,(anonymous_3)
DA:2,0
DA:3,0
DA:4,0
DA:5,0
DA:6,0
DA:7,0
DA:8,0
DA:9,0
DA:12,0
DA:13,0
DA:14,0
DA:17,0
DA:18,0
DA:19,0
DA:20,0
DA:21,0
DA:22,0
DA:23,0
DA:24,0
DA:25,0
DA:26,0
DA:28,0
DA:33,0
DA:34,0
DA:35,0
DA:36,0
DA:37,0
DA:38,0
DA:39,0
DA:41,0
DA:46,0
DA:47,0
DA:48,0
DA:49,0
DA:50,0
DA:51,0
DA:52,0
DA:54,0
DA:59,0
DA:60,0
DA:61,0
DA:62,0
DA:63,0
DA:64,0
DA:65,0
DA:67,0
DA:74,0
LF:47
LH:0
BRDA:21,0,0,0
BRDA:21,0,1,0
BRF:2
BRH:0
end_of_record
TN:
SF:backend/components/metiers/voice/api/db/db.js
FN:3,(anonymous_0)
FN:4,(anonymous_1)
FN:5,(anonymous_2)
FN:6,(anonymous_3)
FNF:4
FNH:0
FNDA:0,(anonymous_0)
FNDA:0,(anonymous_1)
FNDA:0,(anonymous_2)
FNDA:0,(anonymous_3)
DA:2,2
DA:3,0
DA:4,0
DA:5,0
DA:6,0
DA:9,2
LF:6
LH:2
BRF:0
BRH:0
end_of_record
TN:
SF:backend/components/metiers/voice/api/hooks/hooks.js
FN:7,beforeAction
FN:12,afterAction
FNF:2
FNH:0
FNDA:0,beforeAction
FNDA:0,afterAction
DA:3,2
DA:5,2
DA:16,2
LF:3
LH:3
BRF:0
BRH:0
end_of_record
TN:
SF:backend/components/metiers/voice/api/middlewares/middlewares.js
FN:2,auditRequest
FN:7,rgpdMiddleware
FN:12,accessibilityMiddleware
FNF:3
FNH:0
FNDA:0,auditRequest
FNDA:0,rgpdMiddleware
FNDA:0,accessibilityMiddleware
DA:5,0
DA:10,0
DA:15,0
DA:17,0
LF:4
LH:0
BRF:0
BRH:0
end_of_record
TN:
SF:backend/components/metiers/voice/api/rgpd/rgpd.js
FN:2,rgpdSanitize
FNF:1
FNH:0
FNDA:0,rgpdSanitize
DA:5,0
DA:7,2
LF:2
LH:1
BRF:0
BRH:0
end_of_record
TN:
SF:backend/components/metiers/voice/api/samples/index.js
FN:8,auditAccess
FN:16,checkAccess
FN:23,(anonymous_2)
FN:29,(anonymous_3)
FNF:4
FNH:0
FNDA:0,auditAccess
FNDA:0,checkAccess
FNDA:0,(anonymous_2)
FNDA:0,(anonymous_3)
DA:6,0
DA:9,0
DA:10,0
DA:11,0
DA:13,0
DA:17,0
DA:18,0
DA:19,0
DA:24,0
DA:30,0
DA:31,0
DA:32,0
DA:37,0
LF:13
LH:0
BRDA:9,0,0,0
BRDA:9,0,1,0
BRDA:9,1,0,0
BRDA:9,1,1,0
BRDA:9,1,2,0
BRDA:17,2,0,0
BRDA:17,2,1,0
BRDA:17,3,0,0
BRDA:17,3,1,0
BRDA:19,4,0,0
BRDA:19,4,1,0
BRDA:31,5,0,0
BRDA:31,5,1,0
BRDA:31,6,0,0
BRDA:31,6,1,0
BRF:15
BRH:0
end_of_record
TN:
SF:backend/components/metiers/voice/api/samples/accessibility/sample_accessibility.js
FN:3,sampleAccessibilityCheck
FNF:1
FNH:0
FNDA:0,sampleAccessibilityCheck
DA:5,0
DA:6,0
DA:8,0
DA:11,0
LF:4
LH:0
BRDA:5,0,0,0
BRDA:5,0,1,0
BRDA:5,1,0,0
BRDA:5,1,1,0
BRDA:8,2,0,0
BRDA:8,2,1,0
BRF:6
BRH:0
end_of_record
TN:
SF:backend/components/metiers/voice/api/samples/audit/sample_audit.js
FN:3,sampleAuditLogAction
FNF:1
FNH:0
FNDA:0,sampleAuditLogAction
DA:5,0
DA:14,0
LF:2
LH:0
BRF:0
BRH:0
end_of_record
TN:
SF:backend/components/metiers/voice/api/samples/controllers/sample_controllers.js
FN:3,sampleControllerUltra
FNF:1
FNH:0
FNDA:0,sampleControllerUltra
DA:5,0
DA:7,0
DA:10,0
LF:3
LH:0
BRF:0
BRH:0
end_of_record
TN:
SF:backend/components/metiers/voice/api/samples/core/sample_core.js
FN:3,sampleCoreLogic
FNF:1
FNH:0
FNDA:0,sampleCoreLogic
DA:6,0
DA:9,0
LF:2
LH:0
BRF:0
BRH:0
end_of_record
TN:
SF:backend/components/metiers/voice/api/samples/db/sample_db.js
FN:3,sampleDbUltra
FNF:1
FNH:0
FNDA:0,sampleDbUltra
DA:6,0
DA:9,0
LF:2
LH:0
BRF:0
BRH:0
end_of_record
TN:
SF:backend/components/metiers/voice/api/samples/hooks/sample_hooks.js
FN:3,sampleHookUltra
FNF:1
FNH:0
FNDA:0,sampleHookUltra
DA:6,0
DA:9,0
LF:2
LH:0
BRF:0
BRH:0
end_of_record
TN:
SF:backend/components/metiers/voice/api/samples/middlewares/sample_middlewares.js
FN:3,sampleMiddlewareUltra
FNF:1
FNH:0
FNDA:0,sampleMiddlewareUltra
DA:6,0
DA:9,0
LF:2
LH:0
BRF:0
BRH:0
end_of_record
TN:
SF:backend/components/metiers/voice/api/samples/rgpd/sample_rgpd.js
FN:3,sampleRgpdSanitize
FNF:1
FNH:0
FNDA:0,sampleRgpdSanitize
DA:6,0
DA:9,0
LF:2
LH:0
BRF:0
BRH:0
end_of_record
TN:
SF:backend/components/metiers/voice/api/samples/validators/sample_validators.js
FN:3,sampleValidatorUltra
FNF:1
FNH:0
FNDA:0,sampleValidatorUltra
DA:6,0
DA:9,0
LF:2
LH:0
BRF:0
BRH:0
end_of_record
TN:
SF:backend/components/metiers/voice/api/validators/validators.js
FN:2,validatevoiceEntity
FNF:1
FNH:0
FNDA:0,validatevoiceEntity
DA:3,0
DA:4,0
DA:7,0
DA:9,2
LF:4
LH:1
BRDA:3,0,0,0
BRDA:3,0,1,0
BRDA:3,1,0,0
BRDA:3,1,1,0
BRDA:4,2,0,0
BRDA:4,2,1,0
BRDA:4,3,0,0
BRDA:4,3,1,0
BRF:8
BRH:0
end_of_record
TN:
SF:backend/components/metiers/voice/fixtures/index.js
FN:8,auditAccess
FN:16,checkAccess
FN:23,(anonymous_2)
FN:29,(anonymous_3)
FNF:4
FNH:0
FNDA:0,auditAccess
FNDA:0,checkAccess
FNDA:0,(anonymous_2)
FNDA:0,(anonymous_3)
DA:6,0
DA:9,0
DA:10,0
DA:11,0
DA:13,0
DA:17,0
DA:18,0
DA:19,0
DA:24,0
DA:30,0
DA:31,0
DA:32,0
DA:37,0
LF:13
LH:0
BRDA:9,0,0,0
BRDA:9,0,1,0
BRDA:9,1,0,0
BRDA:9,1,1,0
BRDA:9,1,2,0
BRDA:17,2,0,0
BRDA:17,2,1,0
BRDA:17,3,0,0
BRDA:17,3,1,0
BRDA:19,4,0,0
BRDA:19,4,1,0
BRDA:31,5,0,0
BRDA:31,5,1,0
BRDA:31,6,0,0
BRDA:31,6,1,0
BRF:15
BRH:0
end_of_record
TN:
SF:backend/components/metiers/voice/fixtures/core/index.js
FN:8,auditAccess
FN:16,checkAccess
FN:23,(anonymous_2)
FN:29,(anonymous_3)
FNF:4
FNH:0
FNDA:0,auditAccess
FNDA:0,checkAccess
FNDA:0,(anonymous_2)
FNDA:0,(anonymous_3)
DA:6,0
DA:9,0
DA:10,0
DA:11,0
DA:13,0
DA:17,0
DA:18,0
DA:19,0
DA:24,0
DA:30,0
DA:31,0
DA:32,0
DA:37,0
LF:13
LH:0
BRDA:9,0,0,0
BRDA:9,0,1,0
BRDA:9,1,0,0
BRDA:9,1,1,0
BRDA:9,1,2,0
BRDA:17,2,0,0
BRDA:17,2,1,0
BRDA:17,3,0,0
BRDA:17,3,1,0
BRDA:19,4,0,0
BRDA:19,4,1,0
BRDA:31,5,0,0
BRDA:31,5,1,0
BRDA:31,6,0,0
BRDA:31,6,1,0
BRF:15
BRH:0
end_of_record
TN:
SF:backend/components/metiers/voice/fixtures/core/models/fixtures.js
FNF:0
FNH:0
DA:3,0
LF:1
LH:0
BRF:0
BRH:0
end_of_record
TN:
SF:backend/components/metiers/voice/fixtures/core/validators/fixtures_validator.js
FN:4,(anonymous_0)
FN:7,(anonymous_1)
FNF:2
FNH:0
FNDA:0,(anonymous_0)
FNDA:0,(anonymous_1)
DA:3,0
DA:5,0
DA:8,0
LF:3
LH:0
BRDA:5,0,0,0
BRDA:5,0,1,0
BRDA:5,0,2,0
BRDA:5,0,3,0
BRDA:8,1,0,0
BRDA:8,1,1,0
BRDA:8,1,2,0
BRF:7
BRH:0
end_of_record
TN:
SF:backend/components/metiers/voice/fixtures/generators/fixtures.generator.js
FN:6,(anonymous_0)
FN:14,(anonymous_1)
FNF:2
FNH:2
FNDA:2,(anonymous_0)
FNDA:2,(anonymous_1)
DA:5,1
DA:6,2
DA:14,2
LF:3
LH:3
BRDA:6,0,0,1
BRDA:6,1,0,1
BRDA:6,2,0,1
BRDA:14,3,0,1
BRF:4
BRH:4
end_of_record
TN:
SF:backend/components/metiers/voice/fixtures/helpers/index.js
FN:8,auditAccess
FN:16,checkAccess
FN:23,(anonymous_2)
FN:29,(anonymous_3)
FNF:4
FNH:0
FNDA:0,auditAccess
FNDA:0,checkAccess
FNDA:0,(anonymous_2)
FNDA:0,(anonymous_3)
DA:6,0
DA:9,0
DA:10,0
DA:11,0
DA:13,0
DA:17,0
DA:18,0
DA:19,0
DA:24,0
DA:30,0
DA:31,0
DA:32,0
DA:37,0
LF:13
LH:0
BRDA:9,0,0,0
BRDA:9,0,1,0
BRDA:9,1,0,0
BRDA:9,1,1,0
BRDA:9,1,2,0
BRDA:17,2,0,0
BRDA:17,2,1,0
BRDA:17,3,0,0
BRDA:17,3,1,0
BRDA:19,4,0,0
BRDA:19,4,1,0
BRDA:31,5,0,0
BRDA:31,5,1,0
BRDA:31,6,0,0
BRDA:31,6,1,0
BRF:15
BRH:0
end_of_record
TN:
SF:backend/components/metiers/voice/fixtures/helpers/accessibility/helper_accessibility.js
FN:2,isAccessible
FNF:1
FNH:1
FNDA:2,isAccessible
DA:3,2
DA:5,1
LF:2
LH:2
BRF:0
BRH:0
end_of_record
TN:
SF:backend/components/metiers/voice/fixtures/helpers/audit/helper_audit.js
FN:2,logAuditEvent
FNF:1
FNH:1
FNDA:1,logAuditEvent
DA:3,1
DA:4,1
DA:7,1
LF:3
LH:3
BRDA:3,0,0,1
BRDA:3,0,1,0
BRF:2
BRH:1
end_of_record
TN:
SF:backend/components/metiers/voice/fixtures/helpers/core/helper_core.js
FN:2,coreBusinessLogic
FNF:1
FNH:1
FNDA:1,coreBusinessLogic
DA:4,1
DA:6,1
LF:2
LH:2
BRF:0
BRH:0
end_of_record
TN:
SF:backend/components/metiers/voice/fixtures/helpers/formatters/helper_formatters.js
FN:2,formatDate
FNF:1
FNH:1
FNDA:1,formatDate
DA:3,1
DA:5,1
LF:2
LH:2
BRF:0
BRH:0
end_of_record
TN:
SF:backend/components/metiers/voice/fixtures/helpers/rgpd/helper_rgpd.js
FN:2,anonymizeData
FN:3,(anonymous_1)
FNF:2
FNH:2
FNDA:1,anonymizeData
FNDA:2,(anonymous_1)
DA:3,2
DA:5,1
LF:2
LH:2
BRF:0
BRH:0
end_of_record
TN:
SF:backend/components/metiers/voice/fixtures/helpers/security/helper_security.js
FN:3,hashPassword
FNF:1
FNH:1
FNDA:2,hashPassword
DA:2,1
DA:4,2
DA:6,1
LF:3
LH:3
BRF:0
BRH:0
end_of_record
TN:
SF:backend/components/metiers/voice/fixtures/helpers/transformers/helper_transformers.js
FN:2,toUppercase
FNF:1
FNH:1
FNDA:1,toUppercase
DA:3,1
DA:5,1
LF:2
LH:2
BRF:0
BRH:0
end_of_record
TN:
SF:backend/components/metiers/voice/fixtures/helpers/validators/helper_validators.js
FN:9,isPositiveInteger
FN:18,isValidEmail
FN:28,hasRequiredKeys
FN:29,(anonymous_3)
FN:37,isNonEmptyString
FN:46,isArrayOfPositiveIntegers
FNF:6
FNH:1
FNDA:0,isPositiveInteger
FNDA:2,isValidEmail
FNDA:0,hasRequiredKeys
FNDA:0,(anonymous_3)
FNDA:0,isNonEmptyString
FNDA:0,isArrayOfPositiveIntegers
DA:10,0
DA:19,2
DA:29,0
DA:38,0
DA:47,0
DA:50,1
LF:6
LH:2
BRDA:10,0,0,0
BRDA:10,0,1,0
BRDA:38,1,0,0
BRDA:38,1,1,0
BRDA:47,2,0,0
BRDA:47,2,1,0
BRF:6
BRH:0
end_of_record
TN:
SF:backend/components/metiers/voice/fixtures/mocks/fixtures.mock.js
FN:5,(anonymous_0)
FN:10,(anonymous_1)
FNF:2
FNH:0
FNDA:0,(anonymous_0)
FNDA:0,(anonymous_1)
DA:4,0
DA:5,0
DA:11,0
DA:12,0
DA:13,0
DA:14,0
LF:6
LH:0
BRDA:5,0,0,0
BRF:1
BRH:0
end_of_record
TN:
SF:backend/components/metiers/voice/fixtures/samples/sample_fixture.js
FNF:0
FNH:0
DA:2,1
LF:1
LH:1
BRF:0
BRH:0
end_of_record
TN:
SF:backend/components/metiers/voice/fixtures/services/services_environnement.js
FN:4,(anonymous_0)
FNF:1
FNH:1
FNDA:2,(anonymous_0)
DA:3,1
DA:4,2
LF:2
LH:2
BRDA:5,0,0,2
BRDA:5,0,1,1
BRF:2
BRH:2
end_of_record
TN:
SF:backend/components/metiers/voice/guides/index.js
FN:8,auditAccess
FN:16,checkAccess
FN:23,(anonymous_2)
FN:29,(anonymous_3)
FNF:4
FNH:0
FNDA:0,auditAccess
FNDA:0,checkAccess
FNDA:0,(anonymous_2)
FNDA:0,(anonymous_3)
DA:6,0
DA:9,0
DA:10,0
DA:11,0
DA:13,0
DA:17,0
DA:18,0
DA:19,0
DA:24,0
DA:30,0
DA:31,0
DA:32,0
DA:37,0
LF:13
LH:0
BRDA:9,0,0,0
BRDA:9,0,1,0
BRDA:9,1,0,0
BRDA:9,1,1,0
BRDA:9,1,2,0
BRDA:17,2,0,0
BRDA:17,2,1,0
BRDA:17,3,0,0
BRDA:17,3,1,0
BRDA:19,4,0,0
BRDA:19,4,1,0
BRDA:31,5,0,0
BRDA:31,5,1,0
BRDA:31,6,0,0
BRDA:31,6,1,0
BRF:15
BRH:0
end_of_record
TN:
SF:backend/components/metiers/voice/guides/accessibility/guide_accessibilite.js
FN:6,printGuide
FNF:1
FNH:0
FNDA:0,printGuide
DA:1,0
DA:7,0
DA:9,0
LF:3
LH:0
BRF:0
BRH:0
end_of_record
TN:
SF:backend/components/metiers/voice/guides/audit/guide_audit.js
FN:6,printGuide
FNF:1
FNH:0
FNDA:0,printGuide
DA:1,0
DA:7,0
DA:9,0
LF:3
LH:0
BRF:0
BRH:0
end_of_record
TN:
SF:backend/components/metiers/voice/guides/best_practices/guide_bonnes_pratiques.js
FN:7,printGuide
FNF:1
FNH:0
FNDA:0,printGuide
DA:1,0
DA:8,0
DA:10,0
LF:3
LH:0
BRF:0
BRH:0
end_of_record
TN:
SF:backend/components/metiers/voice/guides/functional/guide_fonctionnel.js
FN:6,printGuide
FNF:1
FNH:0
FNDA:0,printGuide
DA:1,0
DA:7,0
DA:9,0
LF:3
LH:0
BRF:0
BRH:0
end_of_record
TN:
SF:backend/components/metiers/voice/guides/integration/guide_integration.js
FN:6,printGuide
FNF:1
FNH:0
FNDA:0,printGuide
DA:1,0
DA:7,0
DA:9,0
LF:3
LH:0
BRF:0
BRH:0
end_of_record
TN:
SF:backend/components/metiers/voice/guides/rgpd/guide_rgpd.js
FN:6,printGuide
FNF:1
FNH:0
FNDA:0,printGuide
DA:1,0
DA:7,0
DA:9,0
LF:3
LH:0
BRF:0
BRH:0
end_of_record
TN:
SF:backend/components/metiers/voice/guides/samples/guide_sample.js
FN:7,printGuide
FNF:1
FNH:0
FNDA:0,printGuide
DA:1,0
DA:8,0
DA:10,0
LF:3
LH:0
BRF:0
BRH:0
end_of_record
TN:
SF:backend/components/metiers/voice/guides/security/guide_securite.js
FN:7,printGuide
FNF:1
FNH:0
FNDA:0,printGuide
DA:1,0
DA:8,0
DA:10,0
LF:3
LH:0
BRF:0
BRH:0
end_of_record
TN:
SF:backend/components/metiers/voice/guides/technical/guide_technique.js
FN:8,printGuide
FNF:1
FNH:0
FNDA:0,printGuide
DA:1,0
DA:9,0
DA:11,0
LF:3
LH:0
BRF:0
BRH:0
end_of_record
TN:
SF:backend/components/metiers/voice/integration/index.js
FN:8,auditAccess
FN:16,checkAccess
FN:23,(anonymous_2)
FN:29,(anonymous_3)
FNF:4
FNH:0
FNDA:0,auditAccess
FNDA:0,checkAccess
FNDA:0,(anonymous_2)
FNDA:0,(anonymous_3)
DA:6,0
DA:9,0
DA:10,0
DA:11,0
DA:13,0
DA:17,0
DA:18,0
DA:19,0
DA:24,0
DA:30,0
DA:31,0
DA:32,0
DA:37,0
LF:13
LH:0
BRDA:9,0,0,0
BRDA:9,0,1,0
BRDA:9,1,0,0
BRDA:9,1,1,0
BRDA:9,1,2,0
BRDA:17,2,0,0
BRDA:17,2,1,0
BRDA:17,3,0,0
BRDA:17,3,1,0
BRDA:19,4,0,0
BRDA:19,4,1,0
BRDA:31,5,0,0
BRDA:31,5,1,0
BRDA:31,6,0,0
BRDA:31,6,1,0
BRF:15
BRH:0
end_of_record
TN:
SF:backend/components/metiers/voice/integration/api/integration_api.js
FN:9,callExternalApi
FN:14,orchestrateApi
FN:20,adaptApiRequest
FNF:3
FNH:0
FNDA:0,callExternalApi
FNDA:0,orchestrateApi
FNDA:0,adaptApiRequest
DA:7,0
DA:10,0
DA:11,0
DA:17,0
DA:23,0
DA:26,0
LF:6
LH:0
BRDA:9,0,0,0
BRF:1
BRH:0
end_of_record
TN:
SF:backend/components/metiers/voice/integration/external_connectors/integration_external.js
FN:6,connectToERP
FN:12,connectToCRM
FNF:2
FNH:2
FNDA:5,connectToERP
FNDA:2,connectToCRM
DA:9,5
DA:15,2
DA:18,1
LF:3
LH:3
BRF:0
BRH:0
end_of_record
TN:
SF:backend/components/metiers/voice/integration/monitoring/integration_monitoring.js
FN:6,monitorSystem
FN:12,sendAlert
FNF:2
FNH:2
FNDA:7,monitorSystem
FNDA:9,sendAlert
DA:9,7
DA:15,9
DA:18,1
LF:3
LH:3
BRDA:12,0,0,2
BRF:1
BRH:1
end_of_record
TN:
SF:backend/components/metiers/voice/integration/pipelines/integration_pipelines.js
FN:7,runPipeline
FN:13,syncData
FNF:2
FNH:2
FNDA:5,runPipeline
FNDA:5,syncData
DA:10,5
DA:16,5
DA:19,1
LF:3
LH:3
BRF:0
BRH:0
end_of_record
TN:
SF:backend/components/metiers/voice/integration/plugins/integration_plugins.js
FN:6,registerPlugin
FN:12,executePlugin
FNF:2
FNH:2
FNDA:5,registerPlugin
FNDA:5,executePlugin
DA:9,5
DA:15,5
DA:18,1
LF:3
LH:3
BRF:0
BRH:0
end_of_record
TN:
SF:backend/components/metiers/voice/integration/samples/integration_sample_js.js
FN:6,runSample
FNF:1
FNH:1
FNDA:5,runSample
DA:7,5
DA:9,1
LF:2
LH:2
BRF:0
BRH:0
end_of_record
TN:
SF:backend/components/metiers/voice/migrations/index.js
FN:8,auditAccess
FN:16,checkAccess
FN:23,(anonymous_2)
FN:29,(anonymous_3)
FNF:4
FNH:0
FNDA:0,auditAccess
FNDA:0,checkAccess
FNDA:0,(anonymous_2)
FNDA:0,(anonymous_3)
DA:6,0
DA:9,0
DA:10,0
DA:11,0
DA:13,0
DA:17,0
DA:18,0
DA:19,0
DA:24,0
DA:30,0
DA:31,0
DA:32,0
DA:37,0
LF:13
LH:0
BRDA:9,0,0,0
BRDA:9,0,1,0
BRDA:9,1,0,0
BRDA:9,1,1,0
BRDA:9,1,2,0
BRDA:17,2,0,0
BRDA:17,2,1,0
BRDA:17,3,0,0
BRDA:17,3,1,0
BRDA:19,4,0,0
BRDA:19,4,1,0
BRDA:31,5,0,0
BRDA:31,5,1,0
BRDA:31,6,0,0
BRDA:31,6,1,0
BRF:15
BRH:0
end_of_record
TN:
SF:backend/components/metiers/voice/migrations/guides/index.js
FN:8,auditAccess
FN:16,checkAccess
FN:23,(anonymous_2)
FN:29,(anonymous_3)
FNF:4
FNH:0
FNDA:0,auditAccess
FNDA:0,checkAccess
FNDA:0,(anonymous_2)
FNDA:0,(anonymous_3)
DA:6,0
DA:9,0
DA:10,0
DA:11,0
DA:13,0
DA:17,0
DA:18,0
DA:19,0
DA:24,0
DA:30,0
DA:31,0
DA:32,0
DA:37,0
LF:13
LH:0
BRDA:9,0,0,0
BRDA:9,0,1,0
BRDA:9,1,0,0
BRDA:9,1,1,0
BRDA:9,1,2,0
BRDA:17,2,0,0
BRDA:17,2,1,0
BRDA:17,3,0,0
BRDA:17,3,1,0
BRDA:19,4,0,0
BRDA:19,4,1,0
BRDA:31,5,0,0
BRDA:31,5,1,0
BRDA:31,6,0,0
BRDA:31,6,1,0
BRF:15
BRH:0
end_of_record
TN:
SF:backend/components/metiers/voice/migrations/guides/checklists/index.js
FN:8,auditAccess
FN:16,checkAccess
FN:23,(anonymous_2)
FN:29,(anonymous_3)
FNF:4
FNH:0
FNDA:0,auditAccess
FNDA:0,checkAccess
FNDA:0,(anonymous_2)
FNDA:0,(anonymous_3)
DA:6,0
DA:9,0
DA:10,0
DA:11,0
DA:13,0
DA:17,0
DA:18,0
DA:19,0
DA:24,0
DA:30,0
DA:31,0
DA:32,0
DA:37,0
LF:13
LH:0
BRDA:9,0,0,0
BRDA:9,0,1,0
BRDA:9,1,0,0
BRDA:9,1,1,0
BRDA:9,1,2,0
BRDA:17,2,0,0
BRDA:17,2,1,0
BRDA:17,3,0,0
BRDA:17,3,1,0
BRDA:19,4,0,0
BRDA:19,4,1,0
BRDA:31,5,0,0
BRDA:31,5,1,0
BRDA:31,6,0,0
BRDA:31,6,1,0
BRF:15
BRH:0
end_of_record
TN:
SF:backend/components/metiers/voice/migrations/guides/checklists/post_migration/post_migration_checklist.js
FN:4,validateIntegrity
FN:10,checkRollback
FN:16,postMigrationSummary
FNF:3
FNH:0
FNDA:0,validateIntegrity
FNDA:0,checkRollback
FNDA:0,postMigrationSummary
DA:7,0
DA:13,0
DA:18,0
DA:24,0
LF:4
LH:0
BRF:0
BRH:0
end_of_record
TN:
SF:backend/components/metiers/voice/migrations/guides/checklists/pre_migration/pre_migration_checklist.js
FN:4,validateBackup
FN:10,checkCompliance
FN:16,preMigrationSummary
FNF:3
FNH:0
FNDA:0,validateBackup
FNDA:0,checkCompliance
FNDA:0,preMigrationSummary
DA:7,0
DA:13,0
DA:18,0
DA:24,0
LF:4
LH:0
BRF:0
BRH:0
end_of_record
TN:
SF:backend/components/metiers/voice/migrations/guides/procedures/index.js
FN:8,auditAccess
FN:16,checkAccess
FN:23,(anonymous_2)
FN:29,(anonymous_3)
FNF:4
FNH:0
FNDA:0,auditAccess
FNDA:0,checkAccess
FNDA:0,(anonymous_2)
FNDA:0,(anonymous_3)
DA:6,0
DA:9,0
DA:10,0
DA:11,0
DA:13,0
DA:17,0
DA:18,0
DA:19,0
DA:24,0
DA:30,0
DA:31,0
DA:32,0
DA:37,0
LF:13
LH:0
BRDA:9,0,0,0
BRDA:9,0,1,0
BRDA:9,1,0,0
BRDA:9,1,1,0
BRDA:9,1,2,0
BRDA:17,2,0,0
BRDA:17,2,1,0
BRDA:17,3,0,0
BRDA:17,3,1,0
BRDA:19,4,0,0
BRDA:19,4,1,0
BRDA:31,5,0,0
BRDA:31,5,1,0
BRDA:31,6,0,0
BRDA:31,6,1,0
BRF:15
BRH:0
end_of_record
TN:
SF:backend/components/metiers/voice/migrations/guides/procedures/rollback/rollback_procedure.js
FN:4,prepareRollback
FN:10,executeRollback
FN:16,rollbackSummary
FNF:3
FNH:0
FNDA:0,prepareRollback
FNDA:0,executeRollback
FNDA:0,rollbackSummary
DA:7,0
DA:13,0
DA:18,0
DA:24,0
LF:4
LH:0
BRF:0
BRH:0
end_of_record
TN:
SF:backend/components/metiers/voice/migrations/guides/procedures/standard/standard_procedure.js
FN:4,prepareMigration
FN:10,executeMigration
FN:16,migrationSummary
FNF:3
FNH:0
FNDA:0,prepareMigration
FNDA:0,executeMigration
FNDA:0,migrationSummary
DA:7,0
DA:13,0
DA:18,0
DA:24,0
LF:4
LH:0
BRF:0
BRH:0
end_of_record
TN:
SF:backend/components/metiers/voice/migrations/guides/templates/index.js
FN:8,auditAccess
FN:16,checkAccess
FN:23,(anonymous_2)
FN:29,(anonymous_3)
FNF:4
FNH:0
FNDA:0,auditAccess
FNDA:0,checkAccess
FNDA:0,(anonymous_2)
FNDA:0,(anonymous_3)
DA:6,0
DA:9,0
DA:10,0
DA:11,0
DA:13,0
DA:17,0
DA:18,0
DA:19,0
DA:24,0
DA:30,0
DA:31,0
DA:32,0
DA:37,0
LF:13
LH:0
BRDA:9,0,0,0
BRDA:9,0,1,0
BRDA:9,1,0,0
BRDA:9,1,1,0
BRDA:9,1,2,0
BRDA:17,2,0,0
BRDA:17,2,1,0
BRDA:17,3,0,0
BRDA:17,3,1,0
BRDA:19,4,0,0
BRDA:19,4,1,0
BRDA:31,5,0,0
BRDA:31,5,1,0
BRDA:31,6,0,0
BRDA:31,6,1,0
BRF:15
BRH:0
end_of_record
TN:
SF:backend/components/metiers/voice/migrations/guides/templates/data_migration/data_migration_template.js
FN:4,mapData
FN:10,validateData
FN:16,transformData
FNF:3
FNH:0
FNDA:0,mapData
FNDA:0,validateData
FNDA:0,transformData
DA:7,0
DA:13,0
DA:18,0
DA:19,0
DA:20,0
DA:22,0
DA:26,0
LF:7
LH:0
BRDA:19,0,0,0
BRDA:19,0,1,0
BRF:2
BRH:0
end_of_record
TN:
SF:backend/components/metiers/voice/migrations/guides/templates/documentation/documentation_template.js
FN:4,generateMigrationDoc
FNF:1
FNH:0
FNDA:0,generateMigrationDoc
DA:7,0
DA:10,0
LF:2
LH:0
BRF:0
BRH:0
end_of_record
TN:
SF:backend/components/metiers/voice/migrations/models/index.js
FN:8,auditAccess
FN:16,checkAccess
FN:23,(anonymous_2)
FN:29,(anonymous_3)
FNF:4
FNH:0
FNDA:0,auditAccess
FNDA:0,checkAccess
FNDA:0,(anonymous_2)
FNDA:0,(anonymous_3)
DA:6,0
DA:9,0
DA:10,0
DA:11,0
DA:13,0
DA:17,0
DA:18,0
DA:19,0
DA:24,0
DA:30,0
DA:31,0
DA:32,0
DA:37,0
LF:13
LH:0
BRDA:9,0,0,0
BRDA:9,0,1,0
BRDA:9,1,0,0
BRDA:9,1,1,0
BRDA:9,1,2,0
BRDA:17,2,0,0
BRDA:17,2,1,0
BRDA:17,3,0,0
BRDA:17,3,1,0
BRDA:19,4,0,0
BRDA:19,4,1,0
BRDA:31,5,0,0
BRDA:31,5,1,0
BRDA:31,6,0,0
BRDA:31,6,1,0
BRF:15
BRH:0
end_of_record
TN:
SF:backend/components/metiers/voice/migrations/models/mapping/mapping_model.js
FN:4,getMappingVersion
FN:10,mapFields
FNF:2
FNH:0
FNDA:0,getMappingVersion
FNDA:0,mapFields
DA:7,0
DA:13,0
DA:16,0
LF:3
LH:0
BRF:0
BRH:0
end_of_record
TN:
SF:backend/components/metiers/voice/migrations/models/schema/schema_model.js
FN:4,getSchemaVersion
FN:10,validateSchema
FNF:2
FNH:0
FNDA:0,getSchemaVersion
FNDA:0,validateSchema
DA:7,0
DA:13,0
DA:16,0
LF:3
LH:0
BRF:0
BRH:0
end_of_record
TN:
SF:backend/components/metiers/voice/migrations/samples/sample_migration.js
FN:4,runSampleMigration
FNF:1
FNH:0
FNDA:0,runSampleMigration
DA:7,0
DA:10,0
LF:2
LH:0
BRF:0
BRH:0
end_of_record
TN:
SF:backend/components/metiers/voice/migrations/scripts/index.js
FN:8,auditAccess
FN:16,checkAccess
FN:23,(anonymous_2)
FN:29,(anonymous_3)
FNF:4
FNH:0
FNDA:0,auditAccess
FNDA:0,checkAccess
FNDA:0,(anonymous_2)
FNDA:0,(anonymous_3)
DA:6,0
DA:9,0
DA:10,0
DA:11,0
DA:13,0
DA:17,0
DA:18,0
DA:19,0
DA:24,0
DA:30,0
DA:31,0
DA:32,0
DA:37,0
LF:13
LH:0
BRDA:9,0,0,0
BRDA:9,0,1,0
BRDA:9,1,0,0
BRDA:9,1,1,0
BRDA:9,1,2,0
BRDA:17,2,0,0
BRDA:17,2,1,0
BRDA:17,3,0,0
BRDA:17,3,1,0
BRDA:19,4,0,0
BRDA:19,4,1,0
BRDA:31,5,0,0
BRDA:31,5,1,0
BRDA:31,6,0,0
BRDA:31,6,1,0
BRF:15
BRH:0
end_of_record
TN:
SF:backend/components/metiers/voice/migrations/scripts/data/data_migration_script.js
FN:4,runDataMigration
FNF:1
FNH:0
FNDA:0,runDataMigration
DA:7,0
DA:10,0
LF:2
LH:0
BRF:0
BRH:0
end_of_record
TN:
SF:backend/components/metiers/voice/migrations/scripts/rollback/rollback_script.js
FN:4,runRollback
FNF:1
FNH:0
FNDA:0,runRollback
DA:7,0
DA:10,0
LF:2
LH:0
BRF:0
BRH:0
end_of_record
TN:
SF:backend/components/metiers/voice/plugins/index.js
FN:8,auditAccess
FN:16,checkAccess
FN:23,(anonymous_2)
FN:29,(anonymous_3)
FNF:4
FNH:0
FNDA:0,auditAccess
FNDA:0,checkAccess
FNDA:0,(anonymous_2)
FNDA:0,(anonymous_3)
DA:6,0
DA:9,0
DA:10,0
DA:11,0
DA:13,0
DA:17,0
DA:18,0
DA:19,0
DA:24,0
DA:30,0
DA:31,0
DA:32,0
DA:37,0
LF:13
LH:0
BRDA:9,0,0,0
BRDA:9,0,1,0
BRDA:9,1,0,0
BRDA:9,1,1,0
BRDA:9,1,2,0
BRDA:17,2,0,0
BRDA:17,2,1,0
BRDA:17,3,0,0
BRDA:17,3,1,0
BRDA:19,4,0,0
BRDA:19,4,1,0
BRDA:31,5,0,0
BRDA:31,5,1,0
BRDA:31,6,0,0
BRDA:31,6,1,0
BRF:15
BRH:0
end_of_record
TN:
SF:backend/components/metiers/voice/plugins/config/ultra_advanced_config.js
FN:6,(anonymous_0)
FN:10,(anonymous_1)
FN:14,(anonymous_2)
FN:17,(anonymous_3)
FNF:4
FNH:4
FNDA:4,(anonymous_0)
FNDA:1,(anonymous_1)
FNDA:103,(anonymous_2)
FNDA:103,(anonymous_3)
DA:7,4
DA:11,1
DA:15,103
DA:18,103
DA:22,1
LF:5
LH:5
BRF:0
BRH:0
end_of_record
TN:
SF:backend/components/metiers/voice/plugins/docs/ultra_advanced_docs.js
FN:5,generatePluginDocs
FNF:1
FNH:1
FNDA:12,generatePluginDocs
DA:7,12
DA:10,1
LF:2
LH:2
BRF:0
BRH:0
end_of_record
TN:
SF:backend/components/metiers/voice/plugins/examples/example_usage_professionnel.js
FN:5,exempleUtilisationPlugin
FNF:1
FNH:1
FNDA:12,exempleUtilisationPlugin
DA:7,12
DA:10,1
LF:2
LH:2
BRF:0
BRH:0
end_of_record
TN:
SF:backend/components/metiers/voice/plugins/helpers/ultra_advanced_helpers.js
FN:5,advancedHelperFunction
FNF:1
FNH:1
FNDA:12,advancedHelperFunction
DA:7,12
DA:10,1
LF:2
LH:2
BRF:0
BRH:0
end_of_record
TN:
SF:backend/components/metiers/voice/plugins/samples/plugins_samples.js
FN:5,exemplePluginSample
FNF:1
FNH:1
FNDA:12,exemplePluginSample
DA:7,12
DA:10,1
LF:2
LH:2
BRF:0
BRH:0
end_of_record
TN:
SF:backend/components/metiers/voice/plugins/structure/ultra_advanced_structure.js
FN:4,(anonymous_0)
FN:10,(anonymous_1)
FN:15,(anonymous_2)
FN:21,(anonymous_3)
FN:26,(anonymous_4)
FN:31,(anonymous_5)
FN:35,(anonymous_6)
FN:36,(anonymous_7)
FN:40,orchestratePluginStructure
FNF:9
FNH:5
FNDA:4,(anonymous_0)
FNDA:1,(anonymous_1)
FNDA:103,(anonymous_2)
FNDA:103,(anonymous_3)
FNDA:0,(anonymous_4)
FNDA:0,(anonymous_5)
FNDA:0,(anonymous_6)
FNDA:0,(anonymous_7)
FNDA:12,orchestratePluginStructure
DA:5,4
DA:6,4
DA:7,4
DA:11,1
DA:16,103
DA:17,103
DA:18,103
DA:22,103
DA:27,0
DA:28,0
DA:32,0
DA:36,0
DA:42,12
DA:45,1
LF:14
LH:10
BRDA:4,0,0,4
BRDA:35,1,0,0
BRF:2
BRH:1
end_of_record
TN:
SF:backend/components/metiers/voice/rgpd/index.js
FN:8,auditAccess
FN:16,checkAccess
FN:23,(anonymous_2)
FN:29,(anonymous_3)
FNF:4
FNH:0
FNDA:0,auditAccess
FNDA:0,checkAccess
FNDA:0,(anonymous_2)
FNDA:0,(anonymous_3)
DA:6,0
DA:9,0
DA:10,0
DA:11,0
DA:13,0
DA:17,0
DA:18,0
DA:19,0
DA:24,0
DA:30,0
DA:31,0
DA:32,0
DA:37,0
LF:13
LH:0
BRDA:9,0,0,0
BRDA:9,0,1,0
BRDA:9,1,0,0
BRDA:9,1,1,0
BRDA:9,1,2,0
BRDA:17,2,0,0
BRDA:17,2,1,0
BRDA:17,3,0,0
BRDA:17,3,1,0
BRDA:19,4,0,0
BRDA:19,4,1,0
BRDA:31,5,0,0
BRDA:31,5,1,0
BRDA:31,6,0,0
BRDA:31,6,1,0
BRF:15
BRH:0
end_of_record
TN:
SF:backend/components/metiers/voice/rgpd/core/rgpd_core.js
FN:5,anonymizeData
FNF:1
FNH:1
FNDA:7,anonymizeData
DA:6,7
DA:7,4
DA:10,1
LF:3
LH:3
BRDA:6,0,0,3
BRDA:6,0,1,4
BRDA:6,1,0,7
BRDA:6,1,1,5
BRF:4
BRH:4
end_of_record
TN:
SF:backend/components/metiers/voice/rgpd/helpers/rgpd_helper.js
FN:5,maskPII
FNF:1
FNH:1
FNDA:7,maskPII
DA:6,7
DA:7,3
DA:9,4
DA:12,1
LF:4
LH:4
BRDA:6,0,0,3
BRDA:6,0,1,4
BRDA:6,1,0,7
BRDA:6,1,1,5
BRF:4
BRH:4
end_of_record
TN:
SF:backend/components/metiers/voice/rgpd/samples/sample_rgpd.js
FNF:0
FNH:0
DA:2,0
DA:9,0
LF:2
LH:0
BRF:0
BRH:0
end_of_record
TN:
SF:backend/components/metiers/voice/samples/index.js
FN:8,auditAccess
FN:16,checkAccess
FN:23,(anonymous_2)
FN:29,(anonymous_3)
FNF:4
FNH:0
FNDA:0,auditAccess
FNDA:0,checkAccess
FNDA:0,(anonymous_2)
FNDA:0,(anonymous_3)
DA:6,0
DA:9,0
DA:10,0
DA:11,0
DA:13,0
DA:17,0
DA:18,0
DA:19,0
DA:24,0
DA:30,0
DA:31,0
DA:32,0
DA:37,0
LF:13
LH:0
BRDA:9,0,0,0
BRDA:9,0,1,0
BRDA:9,1,0,0
BRDA:9,1,1,0
BRDA:9,1,2,0
BRDA:17,2,0,0
BRDA:17,2,1,0
BRDA:17,3,0,0
BRDA:17,3,1,0
BRDA:19,4,0,0
BRDA:19,4,1,0
BRDA:31,5,0,0
BRDA:31,5,1,0
BRDA:31,6,0,0
BRDA:31,6,1,0
BRF:15
BRH:0
end_of_record
TN:
SF:backend/components/metiers/voice/samples/access/sample_access.js
FN:2,checkAccess
FNF:1
FNH:1
FNDA:6,checkAccess
DA:2,1
DA:3,6
DA:4,4
DA:5,3
LF:4
LH:4
BRDA:3,0,0,2
BRDA:3,0,1,4
BRDA:3,1,0,6
BRDA:3,1,1,5
BRDA:4,2,0,1
BRDA:4,2,1,3
BRDA:4,3,0,4
BRDA:4,3,1,3
BRF:8
BRH:8
end_of_record
TN:
SF:backend/components/metiers/voice/samples/audit/sample_audit.js
FN:4,auditLog
FNF:1
FNH:1
FNDA:4,auditLog
DA:5,4
DA:9,1
LF:2
LH:2
BRF:0
BRH:0
end_of_record
TN:
SF:backend/components/metiers/voice/samples/compliance/sample_compliance.js
FN:3,checkCompliance
FNF:1
FNH:1
FNDA:5,checkCompliance
DA:3,1
DA:5,5
DA:6,4
LF:3
LH:3
BRDA:5,0,0,1
BRDA:5,0,1,4
BRF:2
BRH:2
end_of_record
TN:
SF:backend/components/metiers/voice/samples/helpers/index.js
FN:8,auditAccess
FN:16,checkAccess
FN:23,(anonymous_2)
FN:29,(anonymous_3)
FNF:4
FNH:0
FNDA:0,auditAccess
FNDA:0,checkAccess
FNDA:0,(anonymous_2)
FNDA:0,(anonymous_3)
DA:6,0
DA:9,0
DA:10,0
DA:11,0
DA:13,0
DA:17,0
DA:18,0
DA:19,0
DA:24,0
DA:30,0
DA:31,0
DA:32,0
DA:37,0
LF:13
LH:0
BRDA:9,0,0,0
BRDA:9,0,1,0
BRDA:9,1,0,0
BRDA:9,1,1,0
BRDA:9,1,2,0
BRDA:17,2,0,0
BRDA:17,2,1,0
BRDA:17,3,0,0
BRDA:17,3,1,0
BRDA:19,4,0,0
BRDA:19,4,1,0
BRDA:31,5,0,0
BRDA:31,5,1,0
BRDA:31,6,0,0
BRDA:31,6,1,0
BRF:15
BRH:0
end_of_record
TN:
SF:backend/components/metiers/voice/samples/helpers/logger/sample_logger.js
FN:4,log
FNF:1
FNH:1
FNDA:6,log
DA:4,1
DA:5,6
LF:2
LH:2
BRF:0
BRH:0
end_of_record
TN:
SF:backend/components/metiers/voice/samples/helpers/utils/sample_utils.js
FN:4,(anonymous_0)
FN:8,(anonymous_1)
FNF:2
FNH:2
FNDA:5,(anonymous_0)
FNDA:6,(anonymous_1)
DA:3,1
DA:5,5
DA:6,4
DA:9,6
DA:10,4
DA:11,3
DA:12,0
LF:7
LH:6
BRDA:5,0,0,1
BRDA:5,0,1,4
BRDA:5,1,0,5
BRDA:5,1,1,4
BRDA:9,2,0,2
BRDA:9,2,1,4
BRDA:9,3,0,6
BRDA:9,3,1,5
BRDA:10,4,0,1
BRDA:10,4,1,3
BRDA:11,5,0,3
BRDA:11,5,1,0
BRF:12
BRH:11
end_of_record
TN:
SF:backend/components/metiers/voice/samples/monitoring/index.js
FN:8,auditAccess
FN:16,checkAccess
FN:23,(anonymous_2)
FN:29,(anonymous_3)
FNF:4
FNH:0
FNDA:0,auditAccess
FNDA:0,checkAccess
FNDA:0,(anonymous_2)
FNDA:0,(anonymous_3)
DA:6,0
DA:9,0
DA:10,0
DA:11,0
DA:13,0
DA:17,0
DA:18,0
DA:19,0
DA:24,0
DA:30,0
DA:31,0
DA:32,0
DA:37,0
LF:13
LH:0
BRDA:9,0,0,0
BRDA:9,0,1,0
BRDA:9,1,0,0
BRDA:9,1,1,0
BRDA:9,1,2,0
BRDA:17,2,0,0
BRDA:17,2,1,0
BRDA:17,3,0,0
BRDA:17,3,1,0
BRDA:19,4,0,0
BRDA:19,4,1,0
BRDA:31,5,0,0
BRDA:31,5,1,0
BRDA:31,6,0,0
BRDA:31,6,1,0
BRF:15
BRH:0
end_of_record
TN:
SF:backend/components/metiers/voice/samples/monitoring/alerts/sample_alerts.js
FN:4,sendAlert
FNF:1
FNH:1
FNDA:4,sendAlert
DA:4,1
DA:5,4
LF:2
LH:2
BRF:0
BRH:0
end_of_record
TN:
SF:backend/components/metiers/voice/samples/monitoring/grafana/sample_grafana.js
FN:3,grafanaDashboard
FNF:1
FNH:0
FNDA:0,grafanaDashboard
DA:3,0
DA:5,0
LF:2
LH:0
BRF:0
BRH:0
end_of_record
TN:
SF:backend/components/metiers/voice/samples/monitoring/prometheus/sample_prometheus.js
FN:3,prometheusMetrics
FNF:1
FNH:0
FNDA:0,prometheusMetrics
DA:3,0
DA:5,0
LF:2
LH:0
BRF:0
BRH:0
end_of_record
TN:
SF:backend/components/metiers/voice/samples/policy/sample_policy.js
FN:3,enforcePolicy
FNF:1
FNH:1
FNDA:6,enforcePolicy
DA:3,1
DA:5,6
LF:2
LH:2
BRF:0
BRH:0
end_of_record
TN:
SF:backend/components/metiers/voice/samples/rbac/index.js
FN:8,auditAccess
FN:16,checkAccess
FN:23,(anonymous_2)
FN:29,(anonymous_3)
FNF:4
FNH:0
FNDA:0,auditAccess
FNDA:0,checkAccess
FNDA:0,(anonymous_2)
FNDA:0,(anonymous_3)
DA:6,0
DA:9,0
DA:10,0
DA:11,0
DA:13,0
DA:17,0
DA:18,0
DA:19,0
DA:24,0
DA:30,0
DA:31,0
DA:32,0
DA:37,0
LF:13
LH:0
BRDA:9,0,0,0
BRDA:9,0,1,0
BRDA:9,1,0,0
BRDA:9,1,1,0
BRDA:9,1,2,0
BRDA:17,2,0,0
BRDA:17,2,1,0
BRDA:17,3,0,0
BRDA:17,3,1,0
BRDA:19,4,0,0
BRDA:19,4,1,0
BRDA:31,5,0,0
BRDA:31,5,1,0
BRDA:31,6,0,0
BRDA:31,6,1,0
BRF:15
BRH:0
end_of_record
TN:
SF:backend/components/metiers/voice/samples/rbac/engine/sample_engine.js
FN:3,rbacEngine
FNF:1
FNH:1
FNDA:6,rbacEngine
DA:3,1
DA:5,6
LF:2
LH:2
BRDA:5,0,0,6
BRDA:5,0,1,2
BRF:2
BRH:2
end_of_record
TN:
SF:backend/components/metiers/voice/samples/rbac/permissions/sample_permissions.js
FN:3,hasPermission
FNF:1
FNH:1
FNDA:6,hasPermission
DA:3,1
DA:4,6
DA:5,2
DA:7,4
LF:4
LH:4
BRDA:4,0,0,2
BRDA:4,0,1,4
BRDA:4,1,0,6
BRDA:4,1,1,5
BRF:4
BRH:4
end_of_record
TN:
SF:backend/components/metiers/voice/samples/rbac/roles/sample_roles.js
FN:3,hasRole
FNF:1
FNH:1
FNDA:6,hasRole
DA:3,1
DA:4,6
LF:2
LH:2
BRF:0
BRH:0
end_of_record
TN:
SF:backend/components/metiers/voice/samples/rgpd/sample_rgpd.js
FN:3,checkRGPD
FNF:1
FNH:1
FNDA:5,checkRGPD
DA:3,1
DA:5,5
DA:6,4
LF:3
LH:3
BRDA:5,0,0,1
BRDA:5,0,1,4
BRF:2
BRH:2
end_of_record
TN:
SF:backend/components/metiers/voice/samples/scripts/index.js
FN:8,auditAccess
FN:16,checkAccess
FN:23,(anonymous_2)
FN:29,(anonymous_3)
FNF:4
FNH:0
FNDA:0,auditAccess
FNDA:0,checkAccess
FNDA:0,(anonymous_2)
FNDA:0,(anonymous_3)
DA:6,0
DA:9,0
DA:10,0
DA:11,0
DA:13,0
DA:17,0
DA:18,0
DA:19,0
DA:24,0
DA:30,0
DA:31,0
DA:32,0
DA:37,0
LF:13
LH:0
BRDA:9,0,0,0
BRDA:9,0,1,0
BRDA:9,1,0,0
BRDA:9,1,1,0
BRDA:9,1,2,0
BRDA:17,2,0,0
BRDA:17,2,1,0
BRDA:17,3,0,0
BRDA:17,3,1,0
BRDA:19,4,0,0
BRDA:19,4,1,0
BRDA:31,5,0,0
BRDA:31,5,1,0
BRDA:31,6,0,0
BRDA:31,6,1,0
BRF:15
BRH:0
end_of_record
TN:
SF:backend/components/metiers/voice/samples/scripts/audit/sample_audit.js
FN:4,runAudit
FNF:1
FNH:0
FNDA:0,runAudit
DA:4,0
DA:5,0
LF:2
LH:0
BRF:0
BRH:0
end_of_record
TN:
SF:backend/components/metiers/voice/samples/scripts/backup/sample_backup.js
FN:4,backup
FNF:1
FNH:0
FNDA:0,backup
DA:4,0
DA:5,0
LF:2
LH:0
BRF:0
BRH:0
end_of_record
TN:
SF:backend/components/metiers/voice/samples/scripts/compliance/sample_compliance.js
FN:4,complianceCheck
FNF:1
FNH:0
FNDA:0,complianceCheck
DA:4,0
DA:5,0
LF:2
LH:0
BRF:0
BRH:0
end_of_record
TN:
SF:backend/components/metiers/voice/samples/scripts/restore/sample_restore.js
FN:4,restore
FNF:1
FNH:0
FNDA:0,restore
DA:4,0
DA:5,0
LF:2
LH:0
BRF:0
BRH:0
end_of_record
TN:
SF:backend/components/metiers/voice/samples/validators/index.js
FN:8,auditAccess
FN:16,checkAccess
FN:23,(anonymous_2)
FN:29,(anonymous_3)
FNF:4
FNH:0
FNDA:0,auditAccess
FNDA:0,checkAccess
FNDA:0,(anonymous_2)
FNDA:0,(anonymous_3)
DA:6,0
DA:9,0
DA:10,0
DA:11,0
DA:13,0
DA:17,0
DA:18,0
DA:19,0
DA:24,0
DA:30,0
DA:31,0
DA:32,0
DA:37,0
LF:13
LH:0
BRDA:9,0,0,0
BRDA:9,0,1,0
BRDA:9,1,0,0
BRDA:9,1,1,0
BRDA:9,1,2,0
BRDA:17,2,0,0
BRDA:17,2,1,0
BRDA:17,3,0,0
BRDA:17,3,1,0
BRDA:19,4,0,0
BRDA:19,4,1,0
BRDA:31,5,0,0
BRDA:31,5,1,0
BRDA:31,6,0,0
BRDA:31,6,1,0
BRF:15
BRH:0
end_of_record
TN:
SF:backend/components/metiers/voice/samples/validators/input/sample_input.js
FN:3,validateInput
FNF:1
FNH:1
FNDA:3,validateInput
DA:3,1
DA:4,3
LF:2
LH:2
BRDA:4,0,0,3
BRDA:4,0,1,2
BRF:2
BRH:2
end_of_record
TN:
SF:backend/components/metiers/voice/samples/validators/rgpd/sample_rgpd.js
FN:3,validateRGPD
FNF:1
FNH:1
FNDA:3,validateRGPD
DA:3,1
DA:4,3
LF:2
LH:2
BRF:0
BRH:0
end_of_record
TN:
SF:backend/components/metiers/voice/security/index.js
FN:8,auditAccess
FN:16,checkAccess
FN:23,(anonymous_2)
FN:29,(anonymous_3)
FNF:4
FNH:0
FNDA:0,auditAccess
FNDA:0,checkAccess
FNDA:0,(anonymous_2)
FNDA:0,(anonymous_3)
DA:6,37
DA:9,0
DA:10,0
DA:11,0
DA:13,0
DA:17,0
DA:18,0
DA:19,0
DA:24,0
DA:30,0
DA:31,0
DA:32,0
DA:37,37
LF:13
LH:2
BRDA:9,0,0,0
BRDA:9,0,1,0
BRDA:9,1,0,0
BRDA:9,1,1,0
BRDA:9,1,2,0
BRDA:17,2,0,0
BRDA:17,2,1,0
BRDA:17,3,0,0
BRDA:17,3,1,0
BRDA:19,4,0,0
BRDA:19,4,1,0
BRDA:31,5,0,0
BRDA:31,5,1,0
BRDA:31,6,0,0
BRDA:31,6,1,0
BRF:15
BRH:0
end_of_record
TN:
SF:backend/components/metiers/voice/security/audit/index.js
FN:8,auditAccess
FN:16,checkAccess
FN:23,(anonymous_2)
FN:29,(anonymous_3)
FNF:4
FNH:0
FNDA:0,auditAccess
FNDA:0,checkAccess
FNDA:0,(anonymous_2)
FNDA:0,(anonymous_3)
DA:6,0
DA:9,0
DA:10,0
DA:11,0
DA:13,0
DA:17,0
DA:18,0
DA:19,0
DA:24,0
DA:30,0
DA:31,0
DA:32,0
DA:37,0
LF:13
LH:0
BRDA:9,0,0,0
BRDA:9,0,1,0
BRDA:9,1,0,0
BRDA:9,1,1,0
BRDA:9,1,2,0
BRDA:17,2,0,0
BRDA:17,2,1,0
BRDA:17,3,0,0
BRDA:17,3,1,0
BRDA:19,4,0,0
BRDA:19,4,1,0
BRDA:31,5,0,0
BRDA:31,5,1,0
BRDA:31,6,0,0
BRDA:31,6,1,0
BRF:15
BRH:0
end_of_record
TN:
SF:backend/components/metiers/voice/security/audit/log_examples/audit_log_example.js
FN:3,getAuditLogExample
FNF:1
FNH:1
FNDA:2,getAuditLogExample
DA:4,2
DA:13,1
LF:2
LH:2
BRF:0
BRH:0
end_of_record
TN:
SF:backend/components/metiers/voice/security/audit/policies/audit_policy.js
FN:3,getAuditPolicy
FNF:1
FNH:1
FNDA:2,getAuditPolicy
DA:4,2
DA:7,1
LF:2
LH:2
BRF:0
BRH:0
end_of_record
TN:
SF:backend/components/metiers/voice/security/audit/report_templates/audit_report_template.js
FN:3,generateAuditReport
FNF:1
FNH:1
FNDA:2,generateAuditReport
DA:4,2
DA:7,1
LF:2
LH:2
BRF:0
BRH:0
end_of_record
TN:
SF:backend/components/metiers/voice/security/compliance/index.js
FN:8,auditAccess
FN:16,checkAccess
FN:23,(anonymous_2)
FN:29,(anonymous_3)
FNF:4
FNH:0
FNDA:0,auditAccess
FNDA:0,checkAccess
FNDA:0,(anonymous_2)
FNDA:0,(anonymous_3)
DA:6,0
DA:9,0
DA:10,0
DA:11,0
DA:13,0
DA:17,0
DA:18,0
DA:19,0
DA:24,0
DA:30,0
DA:31,0
DA:32,0
DA:37,0
LF:13
LH:0
BRDA:9,0,0,0
BRDA:9,0,1,0
BRDA:9,1,0,0
BRDA:9,1,1,0
BRDA:9,1,2,0
BRDA:17,2,0,0
BRDA:17,2,1,0
BRDA:17,3,0,0
BRDA:17,3,1,0
BRDA:19,4,0,0
BRDA:19,4,1,0
BRDA:31,5,0,0
BRDA:31,5,1,0
BRDA:31,6,0,0
BRDA:31,6,1,0
BRF:15
BRH:0
end_of_record
TN:
SF:backend/components/metiers/voice/security/compliance/anonymisation/anonymisation_script.js
FN:4,anonymiseData
FNF:1
FNH:1
FNDA:3,anonymiseData
DA:6,3
DA:9,1
LF:2
LH:2
BRF:0
BRH:0
end_of_record
TN:
SF:backend/components/metiers/voice/security/compliance/checklists/rgpd_checklist.js
FN:3,getRGPDChecklist
FNF:1
FNH:1
FNDA:3,getRGPDChecklist
DA:4,3
DA:15,1
LF:2
LH:2
BRF:0
BRH:0
end_of_record
TN:
SF:backend/components/metiers/voice/security/compliance/policies/security_policy_fr.js
FN:3,getSecurityPolicy
FNF:1
FNH:1
FNDA:3,getSecurityPolicy
DA:4,3
DA:7,1
LF:2
LH:2
BRF:0
BRH:0
end_of_record
TN:
SF:backend/components/metiers/voice/security/compliance/purge/purge_data_script.js
FN:4,purgeSensitiveData
FNF:1
FNH:1
FNDA:3,purgeSensitiveData
DA:6,3
DA:9,1
LF:2
LH:2
BRF:0
BRH:0
end_of_record
TN:
SF:backend/components/metiers/voice/security/core/index.js
FN:8,auditAccess
FN:16,checkAccess
FN:23,(anonymous_2)
FN:29,(anonymous_3)
FNF:4
FNH:0
FNDA:0,auditAccess
FNDA:0,checkAccess
FNDA:0,(anonymous_2)
FNDA:0,(anonymous_3)
DA:6,0
DA:9,0
DA:10,0
DA:11,0
DA:13,0
DA:17,0
DA:18,0
DA:19,0
DA:24,0
DA:30,0
DA:31,0
DA:32,0
DA:37,0
LF:13
LH:0
BRDA:9,0,0,0
BRDA:9,0,1,0
BRDA:9,1,0,0
BRDA:9,1,1,0
BRDA:9,1,2,0
BRDA:17,2,0,0
BRDA:17,2,1,0
BRDA:17,3,0,0
BRDA:17,3,1,0
BRDA:19,4,0,0
BRDA:19,4,1,0
BRDA:31,5,0,0
BRDA:31,5,1,0
BRDA:31,6,0,0
BRDA:31,6,1,0
BRF:15
BRH:0
end_of_record
TN:
SF:backend/components/metiers/voice/security/core/access_control/access_control.js
FN:5,checkAccess
FNF:1
FNH:1
FNDA:7,checkAccess
DA:3,1
DA:6,7
DA:9,1
LF:3
LH:3
BRF:0
BRH:0
end_of_record
TN:
SF:backend/components/metiers/voice/security/core/crypto/crypto.js
FN:7,encryptData
FN:14,decryptData
FNF:2
FNH:2
FNDA:2,encryptData
FNDA:3,decryptData
DA:3,1
DA:4,1
DA:5,1
DA:8,2
DA:9,2
DA:10,2
DA:11,2
DA:15,3
DA:16,3
DA:17,3
DA:18,2
DA:21,1
LF:12
LH:12
BRF:0
BRH:0
end_of_record
TN:
SF:backend/components/metiers/voice/security/core/policy/policy.js
FN:3,enforcePolicy
FNF:1
FNH:1
FNDA:14,enforcePolicy
DA:5,14
DA:8,10
DA:9,8
DA:10,6
DA:13,2
LF:5
LH:5
BRDA:5,0,0,4
BRDA:5,0,1,10
BRDA:8,1,0,2
BRDA:8,1,1,8
BRDA:9,2,0,2
BRDA:9,2,1,6
BRDA:9,3,0,8
BRDA:9,3,1,6
BRF:8
BRH:8
end_of_record
TN:
SF:backend/components/metiers/voice/security/docs/index.js
FN:8,auditAccess
FN:16,checkAccess
FN:23,(anonymous_2)
FN:29,(anonymous_3)
FNF:4
FNH:0
FNDA:0,auditAccess
FNDA:0,checkAccess
FNDA:0,(anonymous_2)
FNDA:0,(anonymous_3)
DA:6,0
DA:9,0
DA:10,0
DA:11,0
DA:13,0
DA:17,0
DA:18,0
DA:19,0
DA:24,0
DA:30,0
DA:31,0
DA:32,0
DA:37,0
LF:13
LH:0
BRDA:9,0,0,0
BRDA:9,0,1,0
BRDA:9,1,0,0
BRDA:9,1,1,0
BRDA:9,1,2,0
BRDA:17,2,0,0
BRDA:17,2,1,0
BRDA:17,3,0,0
BRDA:17,3,1,0
BRDA:19,4,0,0
BRDA:19,4,1,0
BRDA:31,5,0,0
BRDA:31,5,1,0
BRDA:31,6,0,0
BRDA:31,6,1,0
BRF:15
BRH:0
end_of_record
TN:
SF:backend/components/metiers/voice/security/docs/guides/index.js
FN:8,auditAccess
FN:16,checkAccess
FN:23,(anonymous_2)
FN:29,(anonymous_3)
FNF:4
FNH:0
FNDA:0,auditAccess
FNDA:0,checkAccess
FNDA:0,(anonymous_2)
FNDA:0,(anonymous_3)
DA:6,0
DA:9,0
DA:10,0
DA:11,0
DA:13,0
DA:17,0
DA:18,0
DA:19,0
DA:24,0
DA:30,0
DA:31,0
DA:32,0
DA:37,0
LF:13
LH:0
BRDA:9,0,0,0
BRDA:9,0,1,0
BRDA:9,1,0,0
BRDA:9,1,1,0
BRDA:9,1,2,0
BRDA:17,2,0,0
BRDA:17,2,1,0
BRDA:17,3,0,0
BRDA:17,3,1,0
BRDA:19,4,0,0
BRDA:19,4,1,0
BRDA:31,5,0,0
BRDA:31,5,1,0
BRDA:31,6,0,0
BRDA:31,6,1,0
BRF:15
BRH:0
end_of_record
TN:
SF:backend/components/metiers/voice/security/docs/guides/api/api.js
FN:3,(anonymous_0)
FNF:1
FNH:0
FNDA:0,(anonymous_0)
DA:2,0
DA:3,0
LF:2
LH:0
BRF:0
BRH:0
end_of_record
TN:
SF:backend/components/metiers/voice/security/docs/guides/audit/audit.js
FN:3,(anonymous_0)
FNF:1
FNH:0
FNDA:0,(anonymous_0)
DA:2,0
DA:3,0
LF:2
LH:0
BRF:0
BRH:0
end_of_record
TN:
SF:backend/components/metiers/voice/security/docs/guides/compliance/compliance.js
FN:3,(anonymous_0)
FNF:1
FNH:0
FNDA:0,(anonymous_0)
DA:2,0
DA:3,0
LF:2
LH:0
BRF:0
BRH:0
end_of_record
TN:
SF:backend/components/metiers/voice/security/docs/guides/faq/faq.js
FN:3,(anonymous_0)
FNF:1
FNH:0
FNDA:0,(anonymous_0)
DA:2,0
DA:3,0
LF:2
LH:0
BRF:0
BRH:0
end_of_record
TN:
SF:backend/components/metiers/voice/security/docs/guides/monitoring/monitoring.js
FN:3,(anonymous_0)
FNF:1
FNH:0
FNDA:0,(anonymous_0)
DA:2,0
DA:3,0
LF:2
LH:0
BRF:0
BRH:0
end_of_record
TN:
SF:backend/components/metiers/voice/security/docs/guides/onboarding/onboarding.js
FN:3,(anonymous_0)
FNF:1
FNH:0
FNDA:0,(anonymous_0)
DA:2,0
DA:3,0
LF:2
LH:0
BRF:0
BRH:0
end_of_record
TN:
SF:backend/components/metiers/voice/security/docs/guides/rbac/rbac.js
FN:3,(anonymous_0)
FNF:1
FNH:0
FNDA:0,(anonymous_0)
DA:2,0
DA:3,0
LF:2
LH:0
BRF:0
BRH:0
end_of_record
TN:
SF:backend/components/metiers/voice/security/docs/guides/samples/index.js
FN:8,auditAccess
FN:16,checkAccess
FN:23,(anonymous_2)
FN:29,(anonymous_3)
FNF:4
FNH:0
FNDA:0,auditAccess
FNDA:0,checkAccess
FNDA:0,(anonymous_2)
FNDA:0,(anonymous_3)
DA:6,0
DA:9,0
DA:10,0
DA:11,0
DA:13,0
DA:17,0
DA:18,0
DA:19,0
DA:24,0
DA:30,0
DA:31,0
DA:32,0
DA:37,0
LF:13
LH:0
BRDA:9,0,0,0
BRDA:9,0,1,0
BRDA:9,1,0,0
BRDA:9,1,1,0
BRDA:9,1,2,0
BRDA:17,2,0,0
BRDA:17,2,1,0
BRDA:17,3,0,0
BRDA:17,3,1,0
BRDA:19,4,0,0
BRDA:19,4,1,0
BRDA:31,5,0,0
BRDA:31,5,1,0
BRDA:31,6,0,0
BRDA:31,6,1,0
BRF:15
BRH:0
end_of_record
TN:
SF:backend/components/metiers/voice/security/docs/guides/samples/api/api_samples.js
FN:2,sampleApiRequest
FNF:1
FNH:0
FNDA:0,sampleApiRequest
DA:3,0
DA:10,0
LF:2
LH:0
BRF:0
BRH:0
end_of_record
TN:
SF:backend/components/metiers/voice/security/docs/guides/samples/audit/audit_samples.js
FN:2,sampleAuditLog
FN:5,sampleAuditReport
FNF:2
FNH:0
FNDA:0,sampleAuditLog
FNDA:0,sampleAuditReport
DA:3,0
DA:6,0
DA:8,0
LF:3
LH:0
BRF:0
BRH:0
end_of_record
TN:
SF:backend/components/metiers/voice/security/docs/guides/samples/compliance/compliance_samples.js
FN:2,sampleChecklist
FN:5,sampleComplianceScript
FNF:2
FNH:0
FNDA:0,sampleChecklist
FNDA:0,sampleComplianceScript
DA:3,0
DA:6,0
DA:8,0
LF:3
LH:0
BRF:0
BRH:0
end_of_record
TN:
SF:backend/components/metiers/voice/security/docs/guides/samples/faq/faq_samples.js
FN:2,sampleFaqEntry
FNF:1
FNH:0
FNDA:0,sampleFaqEntry
DA:3,0
DA:5,0
LF:2
LH:0
BRF:0
BRH:0
end_of_record
TN:
SF:backend/components/metiers/voice/security/docs/guides/samples/monitoring/monitoring_samples.js
FN:2,sampleDashboard
FN:5,sampleAlert
FNF:2
FNH:0
FNDA:0,sampleDashboard
FNDA:0,sampleAlert
DA:3,0
DA:6,0
DA:8,0
LF:3
LH:0
BRF:0
BRH:0
end_of_record
TN:
SF:backend/components/metiers/voice/security/docs/guides/samples/onboarding/onboarding_samples.js
FN:2,sampleOnboardingChecklist
FNF:1
FNH:0
FNDA:0,sampleOnboardingChecklist
DA:3,0
DA:5,0
LF:2
LH:0
BRF:0
BRH:0
end_of_record
TN:
SF:backend/components/metiers/voice/security/docs/guides/samples/rbac/rbac_samples.js
FN:2,sampleRoleModel
FNF:1
FNH:0
FNDA:0,sampleRoleModel
DA:3,0
DA:5,0
LF:2
LH:0
BRF:0
BRH:0
end_of_record
TN:
SF:backend/components/metiers/voice/security/docs/integration/index.js
FN:8,auditAccess
FN:16,checkAccess
FN:23,(anonymous_2)
FN:29,(anonymous_3)
FNF:4
FNH:0
FNDA:0,auditAccess
FNDA:0,checkAccess
FNDA:0,(anonymous_2)
FNDA:0,(anonymous_3)
DA:6,0
DA:9,0
DA:10,0
DA:11,0
DA:13,0
DA:17,0
DA:18,0
DA:19,0
DA:24,0
DA:30,0
DA:31,0
DA:32,0
DA:37,0
LF:13
LH:0
BRDA:9,0,0,0
BRDA:9,0,1,0
BRDA:9,1,0,0
BRDA:9,1,1,0
BRDA:9,1,2,0
BRDA:17,2,0,0
BRDA:17,2,1,0
BRDA:17,3,0,0
BRDA:17,3,1,0
BRDA:19,4,0,0
BRDA:19,4,1,0
BRDA:31,5,0,0
BRDA:31,5,1,0
BRDA:31,6,0,0
BRDA:31,6,1,0
BRF:15
BRH:0
end_of_record
TN:
SF:backend/components/metiers/voice/security/docs/integration/nodejs/index.js
FN:8,auditAccess
FN:16,checkAccess
FN:23,(anonymous_2)
FN:29,(anonymous_3)
FNF:4
FNH:0
FNDA:0,auditAccess
FNDA:0,checkAccess
FNDA:0,(anonymous_2)
FNDA:0,(anonymous_3)
DA:6,0
DA:9,0
DA:10,0
DA:11,0
DA:13,0
DA:17,0
DA:18,0
DA:19,0
DA:24,0
DA:30,0
DA:31,0
DA:32,0
DA:37,0
LF:13
LH:0
BRDA:9,0,0,0
BRDA:9,0,1,0
BRDA:9,1,0,0
BRDA:9,1,1,0
BRDA:9,1,2,0
BRDA:17,2,0,0
BRDA:17,2,1,0
BRDA:17,3,0,0
BRDA:17,3,1,0
BRDA:19,4,0,0
BRDA:19,4,1,0
BRDA:31,5,0,0
BRDA:31,5,1,0
BRDA:31,6,0,0
BRDA:31,6,1,0
BRF:15
BRH:0
end_of_record
TN:
SF:backend/components/metiers/voice/security/docs/integration/nodejs/api/api_helper.js
FN:2,secureApiRequest
FNF:1
FNH:0
FNDA:0,secureApiRequest
DA:5,0
DA:7,0
LF:2
LH:0
BRF:0
BRH:0
end_of_record
TN:
SF:backend/components/metiers/voice/security/docs/integration/nodejs/audit/audit_helper.js
FN:3,logAuditEvent
FNF:1
FNH:0
FNDA:0,logAuditEvent
DA:5,0
DA:7,0
LF:2
LH:0
BRF:0
BRH:0
end_of_record
TN:
SF:backend/components/metiers/voice/security/docs/integration/nodejs/compliance/compliance_helper.js
FN:2,checkCompliance
FNF:1
FNH:0
FNDA:0,checkCompliance
DA:4,0
DA:6,0
LF:2
LH:0
BRF:0
BRH:0
end_of_record
TN:
SF:backend/components/metiers/voice/security/docs/integration/nodejs/monitoring/monitoring_helper.js
FN:3,sendAlert
FNF:1
FNH:0
FNDA:0,sendAlert
DA:5,0
DA:7,0
LF:2
LH:0
BRF:0
BRH:0
end_of_record
TN:
SF:backend/components/metiers/voice/security/docs/integration/nodejs/onboarding/onboarding_helper.js
FN:2,onboardingChecklist
FNF:1
FNH:0
FNDA:0,onboardingChecklist
DA:3,0
DA:10,0
LF:2
LH:0
BRF:0
BRH:0
end_of_record
TN:
SF:backend/components/metiers/voice/security/docs/integration/nodejs/rbac/rbac_helper.js
FN:2,checkRole
FNF:1
FNH:0
FNDA:0,checkRole
DA:3,0
DA:5,0
LF:2
LH:0
BRDA:3,0,0,0
BRDA:3,0,1,0
BRF:2
BRH:0
end_of_record
TN:
SF:backend/components/metiers/voice/security/docs/integration/nodejs/samples/index.js
FN:8,auditAccess
FN:16,checkAccess
FN:23,(anonymous_2)
FN:29,(anonymous_3)
FNF:4
FNH:0
FNDA:0,auditAccess
FNDA:0,checkAccess
FNDA:0,(anonymous_2)
FNDA:0,(anonymous_3)
DA:6,0
DA:9,0
DA:10,0
DA:11,0
DA:13,0
DA:17,0
DA:18,0
DA:19,0
DA:24,0
DA:30,0
DA:31,0
DA:32,0
DA:37,0
LF:13
LH:0
BRDA:9,0,0,0
BRDA:9,0,1,0
BRDA:9,1,0,0
BRDA:9,1,1,0
BRDA:9,1,2,0
BRDA:17,2,0,0
BRDA:17,2,1,0
BRDA:17,3,0,0
BRDA:17,3,1,0
BRDA:19,4,0,0
BRDA:19,4,1,0
BRDA:31,5,0,0
BRDA:31,5,1,0
BRDA:31,6,0,0
BRDA:31,6,1,0
BRF:15
BRH:0
end_of_record
TN:
SF:backend/components/metiers/voice/security/docs/integration/nodejs/samples/api/sample_api_nodejs.js
FN:6,runApiSample
FNF:1
FNH:0
FNDA:0,runApiSample
DA:7,0
DA:8,0
DA:12,0
DA:13,0
LF:4
LH:0
BRDA:12,0,0,0
BRDA:12,0,1,0
BRF:2
BRH:0
end_of_record
TN:
SF:backend/components/metiers/voice/security/docs/integration/nodejs/samples/audit/sample_audit_nodejs.js
FN:5,runAuditSample
FNF:1
FNH:0
FNDA:0,runAuditSample
DA:6,0
DA:7,0
DA:10,0
DA:11,0
LF:4
LH:0
BRDA:10,0,0,0
BRDA:10,0,1,0
BRF:2
BRH:0
end_of_record
TN:
SF:backend/components/metiers/voice/security/docs/integration/nodejs/samples/compliance/sample_compliance_nodejs.js
FN:6,runComplianceSample
FNF:1
FNH:0
FNDA:0,runComplianceSample
DA:7,0
DA:8,0
DA:11,0
DA:12,0
LF:4
LH:0
BRDA:11,0,0,0
BRDA:11,0,1,0
BRF:2
BRH:0
end_of_record
TN:
SF:backend/components/metiers/voice/security/docs/integration/nodejs/samples/monitoring/sample_monitoring_nodejs.js
FN:5,runMonitoringSample
FNF:1
FNH:0
FNDA:0,runMonitoringSample
DA:6,0
DA:7,0
DA:10,0
DA:11,0
LF:4
LH:0
BRDA:10,0,0,0
BRDA:10,0,1,0
BRF:2
BRH:0
end_of_record
TN:
SF:backend/components/metiers/voice/security/docs/integration/nodejs/samples/onboarding/sample_onboarding_nodejs.js
FN:6,runOnboardingSample
FNF:1
FNH:0
FNDA:0,runOnboardingSample
DA:7,0
DA:8,0
DA:11,0
DA:12,0
LF:4
LH:0
BRDA:11,0,0,0
BRDA:11,0,1,0
BRF:2
BRH:0
end_of_record
TN:
SF:backend/components/metiers/voice/security/docs/integration/nodejs/samples/rbac/sample_rbac_nodejs.js
FN:5,runRbacSample
FNF:1
FNH:0
FNDA:0,runRbacSample
DA:6,0
DA:7,0
DA:10,0
DA:11,0
LF:4
LH:0
BRDA:10,0,0,0
BRDA:10,0,1,0
BRF:2
BRH:0
end_of_record
TN:
SF:backend/components/metiers/voice/security/docs/integration/python/index.js
FN:8,auditAccess
FN:16,checkAccess
FN:23,(anonymous_2)
FN:29,(anonymous_3)
FNF:4
FNH:0
FNDA:0,auditAccess
FNDA:0,checkAccess
FNDA:0,(anonymous_2)
FNDA:0,(anonymous_3)
DA:6,0
DA:9,0
DA:10,0
DA:11,0
DA:13,0
DA:17,0
DA:18,0
DA:19,0
DA:24,0
DA:30,0
DA:31,0
DA:32,0
DA:37,0
LF:13
LH:0
BRDA:9,0,0,0
BRDA:9,0,1,0
BRDA:9,1,0,0
BRDA:9,1,1,0
BRDA:9,1,2,0
BRDA:17,2,0,0
BRDA:17,2,1,0
BRDA:17,3,0,0
BRDA:17,3,1,0
BRDA:19,4,0,0
BRDA:19,4,1,0
BRDA:31,5,0,0
BRDA:31,5,1,0
BRDA:31,6,0,0
BRDA:31,6,1,0
BRF:15
BRH:0
end_of_record
TN:
SF:backend/components/metiers/voice/security/docs/integration/python/api/api_helper.js
FN:2,apiHello
FNF:1
FNH:0
FNDA:0,apiHello
DA:3,0
LF:1
LH:0
BRF:0
BRH:0
end_of_record
TN:
SF:backend/components/metiers/voice/security/docs/integration/python/audit/audit_helper.js
FN:2,auditHello
FNF:1
FNH:0
FNDA:0,auditHello
DA:3,0
LF:1
LH:0
BRF:0
BRH:0
end_of_record
TN:
SF:backend/components/metiers/voice/security/docs/integration/python/compliance/compliance_helper.js
FN:2,complianceHello
FNF:1
FNH:0
FNDA:0,complianceHello
DA:3,0
LF:1
LH:0
BRF:0
BRH:0
end_of_record
TN:
SF:backend/components/metiers/voice/security/docs/integration/python/monitoring/monitoring_helper.js
FN:2,monitoringHello
FNF:1
FNH:0
FNDA:0,monitoringHello
DA:3,0
LF:1
LH:0
BRF:0
BRH:0
end_of_record
TN:
SF:backend/components/metiers/voice/security/docs/integration/python/onboarding/onboarding_helper.js
FN:2,onboardingHello
FNF:1
FNH:0
FNDA:0,onboardingHello
DA:3,0
LF:1
LH:0
BRF:0
BRH:0
end_of_record
TN:
SF:backend/components/metiers/voice/security/docs/integration/python/rbac/rbac_helper.js
FN:2,rbacHello
FNF:1
FNH:0
FNDA:0,rbacHello
DA:3,0
LF:1
LH:0
BRF:0
BRH:0
end_of_record
TN:
SF:backend/components/metiers/voice/security/docs/integration/python/samples/index.js
FN:8,auditAccess
FN:16,checkAccess
FN:23,(anonymous_2)
FN:29,(anonymous_3)
FNF:4
FNH:0
FNDA:0,auditAccess
FNDA:0,checkAccess
FNDA:0,(anonymous_2)
FNDA:0,(anonymous_3)
DA:6,0
DA:9,0
DA:10,0
DA:11,0
DA:13,0
DA:17,0
DA:18,0
DA:19,0
DA:24,0
DA:30,0
DA:31,0
DA:32,0
DA:37,0
LF:13
LH:0
BRDA:9,0,0,0
BRDA:9,0,1,0
BRDA:9,1,0,0
BRDA:9,1,1,0
BRDA:9,1,2,0
BRDA:17,2,0,0
BRDA:17,2,1,0
BRDA:17,3,0,0
BRDA:17,3,1,0
BRDA:19,4,0,0
BRDA:19,4,1,0
BRDA:31,5,0,0
BRDA:31,5,1,0
BRDA:31,6,0,0
BRDA:31,6,1,0
BRF:15
BRH:0
end_of_record
TN:
SF:backend/components/metiers/voice/security/docs/integration/python/samples/api/sample_api_js.js
FN:5,runApiSample
FNF:1
FNH:0
FNDA:0,runApiSample
DA:6,0
DA:7,0
DA:10,0
DA:11,0
LF:4
LH:0
BRDA:10,0,0,0
BRDA:10,0,1,0
BRF:2
BRH:0
end_of_record
TN:
SF:backend/components/metiers/voice/security/docs/integration/python/samples/audit/sample_audit_js.js
FN:5,runAuditSample
FNF:1
FNH:0
FNDA:0,runAuditSample
DA:6,0
DA:7,0
DA:10,0
DA:11,0
LF:4
LH:0
BRDA:10,0,0,0
BRDA:10,0,1,0
BRF:2
BRH:0
end_of_record
TN:
SF:backend/components/metiers/voice/security/docs/integration/python/samples/compliance/sample_compliance_js.js
FN:5,runComplianceSample
FNF:1
FNH:0
FNDA:0,runComplianceSample
DA:6,0
DA:7,0
DA:10,0
DA:11,0
LF:4
LH:0
BRDA:10,0,0,0
BRDA:10,0,1,0
BRF:2
BRH:0
end_of_record
TN:
SF:backend/components/metiers/voice/security/docs/integration/python/samples/monitoring/sample_monitoring_js.js
FN:5,runMonitoringSample
FNF:1
FNH:0
FNDA:0,runMonitoringSample
DA:6,0
DA:7,0
DA:10,0
DA:11,0
LF:4
LH:0
BRDA:10,0,0,0
BRDA:10,0,1,0
BRF:2
BRH:0
end_of_record
TN:
SF:backend/components/metiers/voice/security/docs/integration/python/samples/onboarding/sample_onboarding_js.js
FN:5,runOnboardingSample
FNF:1
FNH:0
FNDA:0,runOnboardingSample
DA:6,0
DA:7,0
DA:10,0
DA:11,0
LF:4
LH:0
BRDA:10,0,0,0
BRDA:10,0,1,0
BRF:2
BRH:0
end_of_record
TN:
SF:backend/components/metiers/voice/security/docs/integration/python/samples/rbac/sample_rbac_js.js
FN:5,runRbacSample
FNF:1
FNH:0
FNDA:0,runRbacSample
DA:6,0
DA:7,0
DA:10,0
DA:11,0
LF:4
LH:0
BRDA:10,0,0,0
BRDA:10,0,1,0
BRF:2
BRH:0
end_of_record
TN:
SF:backend/components/metiers/voice/security/docs/integration/samples/index.js
FN:8,auditAccess
FN:16,checkAccess
FN:23,(anonymous_2)
FN:29,(anonymous_3)
FNF:4
FNH:0
FNDA:0,auditAccess
FNDA:0,checkAccess
FNDA:0,(anonymous_2)
FNDA:0,(anonymous_3)
DA:6,0
DA:9,0
DA:10,0
DA:11,0
DA:13,0
DA:17,0
DA:18,0
DA:19,0
DA:24,0
DA:30,0
DA:31,0
DA:32,0
DA:37,0
LF:13
LH:0
BRDA:9,0,0,0
BRDA:9,0,1,0
BRDA:9,1,0,0
BRDA:9,1,1,0
BRDA:9,1,2,0
BRDA:17,2,0,0
BRDA:17,2,1,0
BRDA:17,3,0,0
BRDA:17,3,1,0
BRDA:19,4,0,0
BRDA:19,4,1,0
BRDA:31,5,0,0
BRDA:31,5,1,0
BRDA:31,6,0,0
BRDA:31,6,1,0
BRF:15
BRH:0
end_of_record
TN:
SF:backend/components/metiers/voice/security/docs/integration/samples/nodejs/index.js
FN:8,auditAccess
FN:16,checkAccess
FN:23,(anonymous_2)
FN:29,(anonymous_3)
FNF:4
FNH:0
FNDA:0,auditAccess
FNDA:0,checkAccess
FNDA:0,(anonymous_2)
FNDA:0,(anonymous_3)
DA:6,0
DA:9,0
DA:10,0
DA:11,0
DA:13,0
DA:17,0
DA:18,0
DA:19,0
DA:24,0
DA:30,0
DA:31,0
DA:32,0
DA:37,0
LF:13
LH:0
BRDA:9,0,0,0
BRDA:9,0,1,0
BRDA:9,1,0,0
BRDA:9,1,1,0
BRDA:9,1,2,0
BRDA:17,2,0,0
BRDA:17,2,1,0
BRDA:17,3,0,0
BRDA:17,3,1,0
BRDA:19,4,0,0
BRDA:19,4,1,0
BRDA:31,5,0,0
BRDA:31,5,1,0
BRDA:31,6,0,0
BRDA:31,6,1,0
BRF:15
BRH:0
end_of_record
TN:
SF:backend/components/metiers/voice/security/docs/integration/samples/nodejs/api/sample_api_nodejs.js
FN:8,runApiSample
FNF:1
FNH:0
FNDA:0,runApiSample
DA:9,0
DA:10,0
LF:2
LH:0
BRF:0
BRH:0
end_of_record
TN:
SF:backend/components/metiers/voice/security/docs/integration/samples/nodejs/audit/sample_audit_nodejs.js
FN:8,runAuditSample
FNF:1
FNH:0
FNDA:0,runAuditSample
DA:9,0
DA:10,0
LF:2
LH:0
BRF:0
BRH:0
end_of_record
TN:
SF:backend/components/metiers/voice/security/docs/integration/samples/python/index.js
FN:8,auditAccess
FN:16,checkAccess
FN:23,(anonymous_2)
FN:29,(anonymous_3)
FNF:4
FNH:0
FNDA:0,auditAccess
FNDA:0,checkAccess
FNDA:0,(anonymous_2)
FNDA:0,(anonymous_3)
DA:6,0
DA:9,0
DA:10,0
DA:11,0
DA:13,0
DA:17,0
DA:18,0
DA:19,0
DA:24,0
DA:30,0
DA:31,0
DA:32,0
DA:37,0
LF:13
LH:0
BRDA:9,0,0,0
BRDA:9,0,1,0
BRDA:9,1,0,0
BRDA:9,1,1,0
BRDA:9,1,2,0
BRDA:17,2,0,0
BRDA:17,2,1,0
BRDA:17,3,0,0
BRDA:17,3,1,0
BRDA:19,4,0,0
BRDA:19,4,1,0
BRDA:31,5,0,0
BRDA:31,5,1,0
BRDA:31,6,0,0
BRDA:31,6,1,0
BRF:15
BRH:0
end_of_record
TN:
SF:backend/components/metiers/voice/security/docs/integration/samples/python/api/sample_api_js.js
FN:3,runApiSample
FNF:1
FNH:0
FNDA:0,runApiSample
DA:4,0
DA:6,0
LF:2
LH:0
BRF:0
BRH:0
end_of_record
TN:
SF:backend/components/metiers/voice/security/docs/integration/samples/python/audit/sample_audit_js.js
FN:3,runAuditSample
FNF:1
FNH:0
FNDA:0,runAuditSample
DA:4,0
LF:1
LH:0
BRF:0
BRH:0
end_of_record
TN:
SF:backend/components/metiers/voice/security/docs/policies/index.js
FN:8,auditAccess
FN:16,checkAccess
FN:23,(anonymous_2)
FN:29,(anonymous_3)
FNF:4
FNH:0
FNDA:0,auditAccess
FNDA:0,checkAccess
FNDA:0,(anonymous_2)
FNDA:0,(anonymous_3)
DA:6,0
DA:9,0
DA:10,0
DA:11,0
DA:13,0
DA:17,0
DA:18,0
DA:19,0
DA:24,0
DA:30,0
DA:31,0
DA:32,0
DA:37,0
LF:13
LH:0
BRDA:9,0,0,0
BRDA:9,0,1,0
BRDA:9,1,0,0
BRDA:9,1,1,0
BRDA:9,1,2,0
BRDA:17,2,0,0
BRDA:17,2,1,0
BRDA:17,3,0,0
BRDA:17,3,1,0
BRDA:19,4,0,0
BRDA:19,4,1,0
BRDA:31,5,0,0
BRDA:31,5,1,0
BRDA:31,6,0,0
BRDA:31,6,1,0
BRF:15
BRH:0
end_of_record
TN:
SF:backend/components/metiers/voice/security/docs/policies/access/policies.js
FN:3,getAccessPolicy
FN:8,setAccessPolicy
FNF:2
FNH:0
FNDA:0,getAccessPolicy
FNDA:0,setAccessPolicy
DA:5,0
DA:10,0
DA:13,0
LF:3
LH:0
BRF:0
BRH:0
end_of_record
TN:
SF:backend/components/metiers/voice/security/docs/policies/audit/policies.js
FN:18,main
FNF:1
FNH:0
FNDA:0,main
DA:9,0
DA:19,0
DA:20,0
DA:22,0
DA:24,0
DA:25,0
DA:28,0
LF:7
LH:0
BRF:0
BRH:0
end_of_record
TN:
SF:backend/components/metiers/voice/security/docs/policies/rgpd/policies.js
FN:18,main
FNF:1
FNH:0
FNDA:0,main
DA:9,0
DA:19,0
DA:20,0
DA:22,0
DA:24,0
DA:25,0
DA:28,0
LF:7
LH:0
BRF:0
BRH:0
end_of_record
TN:
SF:backend/components/metiers/voice/security/docs/policies/samples/index.js
FN:8,auditAccess
FN:16,checkAccess
FN:23,(anonymous_2)
FN:29,(anonymous_3)
FNF:4
FNH:0
FNDA:0,auditAccess
FNDA:0,checkAccess
FNDA:0,(anonymous_2)
FNDA:0,(anonymous_3)
DA:6,0
DA:9,0
DA:10,0
DA:11,0
DA:13,0
DA:17,0
DA:18,0
DA:19,0
DA:24,0
DA:30,0
DA:31,0
DA:32,0
DA:37,0
LF:13
LH:0
BRDA:9,0,0,0
BRDA:9,0,1,0
BRDA:9,1,0,0
BRDA:9,1,1,0
BRDA:9,1,2,0
BRDA:17,2,0,0
BRDA:17,2,1,0
BRDA:17,3,0,0
BRDA:17,3,1,0
BRDA:19,4,0,0
BRDA:19,4,1,0
BRDA:31,5,0,0
BRDA:31,5,1,0
BRDA:31,6,0,0
BRDA:31,6,1,0
BRF:15
BRH:0
end_of_record
TN:
SF:backend/components/metiers/voice/security/docs/policies/samples/access/sample_access_js.js
FN:2,demoAccessPolicy
FNF:1
FNH:0
FNDA:0,demoAccessPolicy
DA:3,0
LF:1
LH:0
BRF:0
BRH:0
end_of_record
TN:
SF:backend/components/metiers/voice/security/docs/policies/samples/audit/sample_audit_js.js
FN:2,demoAuditPolicy
FNF:1
FNH:0
FNDA:0,demoAuditPolicy
DA:3,0
LF:1
LH:0
BRF:0
BRH:0
end_of_record
TN:
SF:backend/components/metiers/voice/security/docs/policies/samples/rgpd/sample_rgpd_js.js
FN:2,demoRgpdPolicy
FNF:1
FNH:0
FNDA:0,demoRgpdPolicy
DA:3,0
LF:1
LH:0
BRF:0
BRH:0
end_of_record
TN:
SF:backend/components/metiers/voice/security/helpers/index.js
FN:8,auditAccess
FN:16,checkAccess
FN:23,(anonymous_2)
FN:29,(anonymous_3)
FNF:4
FNH:0
FNDA:0,auditAccess
FNDA:0,checkAccess
FNDA:0,(anonymous_2)
FNDA:0,(anonymous_3)
DA:6,0
DA:9,0
DA:10,0
DA:11,0
DA:13,0
DA:17,0
DA:18,0
DA:19,0
DA:24,0
DA:30,0
DA:31,0
DA:32,0
DA:37,0
LF:13
LH:0
BRDA:9,0,0,0
BRDA:9,0,1,0
BRDA:9,1,0,0
BRDA:9,1,1,0
BRDA:9,1,2,0
BRDA:17,2,0,0
BRDA:17,2,1,0
BRDA:17,3,0,0
BRDA:17,3,1,0
BRDA:19,4,0,0
BRDA:19,4,1,0
BRDA:31,5,0,0
BRDA:31,5,1,0
BRDA:31,6,0,0
BRDA:31,6,1,0
BRF:15
BRH:0
end_of_record
TN:
SF:backend/components/metiers/voice/security/helpers/logger/logger.js
FN:5,secureLog
FN:13,basicFunction
FN:19,(anonymous_2)
FN:23,(anonymous_3)
FN:27,(anonymous_4)
FNF:5
FNH:1
FNDA:3,secureLog
FNDA:0,basicFunction
FNDA:0,(anonymous_2)
FNDA:0,(anonymous_3)
FNDA:0,(anonymous_4)
DA:3,1
DA:6,3
DA:7,3
DA:8,3
DA:9,3
DA:14,0
DA:20,0
DA:24,0
DA:28,0
DA:33,1
LF:10
LH:6
BRDA:5,0,0,2
BRDA:19,1,0,0
BRF:2
BRH:1
end_of_record
TN:
SF:backend/components/metiers/voice/security/helpers/utils/utils.js
FN:3,maskSensitive
FNF:1
FNH:1
FNDA:7,maskSensitive
DA:4,7
DA:5,4
DA:6,1
DA:9,1
LF:4
LH:4
BRDA:4,0,0,3
BRDA:4,0,1,4
BRDA:5,1,0,3
BRDA:5,1,1,1
BRF:4
BRH:4
end_of_record
TN:
SF:backend/components/metiers/voice/security/monitoring/index.js
FN:8,auditAccess
FN:16,checkAccess
FN:23,(anonymous_2)
FN:29,(anonymous_3)
FNF:4
FNH:0
FNDA:0,auditAccess
FNDA:0,checkAccess
FNDA:0,(anonymous_2)
FNDA:0,(anonymous_3)
DA:6,0
DA:9,0
DA:10,0
DA:11,0
DA:13,0
DA:17,0
DA:18,0
DA:19,0
DA:24,0
DA:30,0
DA:31,0
DA:32,0
DA:37,0
LF:13
LH:0
BRDA:9,0,0,0
BRDA:9,0,1,0
BRDA:9,1,0,0
BRDA:9,1,1,0
BRDA:9,1,2,0
BRDA:17,2,0,0
BRDA:17,2,1,0
BRDA:17,3,0,0
BRDA:17,3,1,0
BRDA:19,4,0,0
BRDA:19,4,1,0
BRDA:31,5,0,0
BRDA:31,5,1,0
BRDA:31,6,0,0
BRDA:31,6,1,0
BRF:15
BRH:0
end_of_record
TN:
SF:backend/components/metiers/voice/security/monitoring/alerts/alerts.js
FN:4,sendSecurityAlert
FNF:1
FNH:1
FNDA:2,sendSecurityAlert
DA:5,2
DA:8,1
LF:2
LH:2
BRF:0
BRH:0
end_of_record
TN:
SF:backend/components/metiers/voice/security/monitoring/grafana/grafana.js
FN:4,grafanaLog
FN:8,setupGrafanaDashboard
FNF:2
FNH:2
FNDA:1,grafanaLog
FNDA:1,setupGrafanaDashboard
DA:5,1
DA:9,1
DA:12,1
LF:3
LH:3
BRF:0
BRH:0
end_of_record
TN:
SF:backend/components/metiers/voice/security/monitoring/prometheus/prometheus.js
FN:4,prometheusLog
FN:8,exportMetrics
FNF:2
FNH:2
FNDA:2,prometheusLog
FNDA:1,exportMetrics
DA:5,2
DA:9,1
DA:10,1
DA:13,1
LF:4
LH:4
BRF:0
BRH:0
end_of_record
TN:
SF:backend/components/metiers/voice/security/policy/index.js
FN:8,auditAccess
FN:16,checkAccess
FN:23,(anonymous_2)
FN:29,(anonymous_3)
FNF:4
FNH:0
FNDA:0,auditAccess
FNDA:0,checkAccess
FNDA:0,(anonymous_2)
FNDA:0,(anonymous_3)
DA:6,0
DA:9,0
DA:10,0
DA:11,0
DA:13,0
DA:17,0
DA:18,0
DA:19,0
DA:24,0
DA:30,0
DA:31,0
DA:32,0
DA:37,0
LF:13
LH:0
BRDA:9,0,0,0
BRDA:9,0,1,0
BRDA:9,1,0,0
BRDA:9,1,1,0
BRDA:9,1,2,0
BRDA:17,2,0,0
BRDA:17,2,1,0
BRDA:17,3,0,0
BRDA:17,3,1,0
BRDA:19,4,0,0
BRDA:19,4,1,0
BRDA:31,5,0,0
BRDA:31,5,1,0
BRDA:31,6,0,0
BRDA:31,6,1,0
BRF:15
BRH:0
end_of_record
TN:
SF:backend/components/metiers/voice/security/policy/model/policy_model.js
FN:3,getPolicyModel
FNF:1
FNH:1
FNDA:3,getPolicyModel
DA:4,3
DA:16,1
LF:2
LH:2
BRF:0
BRH:0
end_of_record
TN:
SF:backend/components/metiers/voice/security/policy/utils/policy_utils.js
FN:4,(anonymous_0)
FNF:1
FNH:1
FNDA:3,(anonymous_0)
DA:3,1
DA:5,3
DA:9,1
LF:3
LH:3
BRF:0
BRH:0
end_of_record
TN:
SF:backend/components/metiers/voice/security/rbac/index.js
FN:8,auditAccess
FN:16,checkAccess
FN:23,(anonymous_2)
FN:29,(anonymous_3)
FNF:4
FNH:0
FNDA:0,auditAccess
FNDA:0,checkAccess
FNDA:0,(anonymous_2)
FNDA:0,(anonymous_3)
DA:6,0
DA:9,0
DA:10,0
DA:11,0
DA:13,0
DA:17,0
DA:18,0
DA:19,0
DA:24,0
DA:30,0
DA:31,0
DA:32,0
DA:37,0
LF:13
LH:0
BRDA:9,0,0,0
BRDA:9,0,1,0
BRDA:9,1,0,0
BRDA:9,1,1,0
BRDA:9,1,2,0
BRDA:17,2,0,0
BRDA:17,2,1,0
BRDA:17,3,0,0
BRDA:17,3,1,0
BRDA:19,4,0,0
BRDA:19,4,1,0
BRDA:31,5,0,0
BRDA:31,5,1,0
BRDA:31,6,0,0
BRDA:31,6,1,0
BRF:15
BRH:0
end_of_record
TN:
SF:backend/components/metiers/voice/security/rbac/engine/rbac_engine.js
FN:3,checkPermission
FNF:1
FNH:1
FNDA:13,checkPermission
DA:4,13
DA:5,10
DA:6,9
DA:7,7
DA:8,6
DA:11,1
LF:6
LH:6
BRDA:4,0,0,3
BRDA:4,0,1,10
BRDA:5,1,0,1
BRDA:5,1,1,9
BRDA:5,2,0,10
BRDA:5,2,1,2
BRDA:6,3,0,2
BRDA:6,3,1,7
BRDA:6,4,0,9
BRDA:6,4,1,3
BRDA:7,5,0,1
BRDA:7,5,1,6
BRDA:7,6,0,7
BRDA:7,6,1,3
BRF:14
BRH:14
end_of_record
TN:
SF:backend/components/metiers/voice/security/rbac/permissions/permissions.js
FNF:0
FNH:0
DA:3,0
DA:10,0
LF:2
LH:0
BRF:0
BRH:0
end_of_record
TN:
SF:backend/components/metiers/voice/security/rbac/roles/roles.js
FNF:0
FNH:0
DA:3,0
DA:10,0
LF:2
LH:0
BRF:0
BRH:0
end_of_record
TN:
SF:backend/components/metiers/voice/security/samples/index.js
FN:8,auditAccess
FN:16,checkAccess
FN:23,(anonymous_2)
FN:29,(anonymous_3)
FNF:4
FNH:0
FNDA:0,auditAccess
FNDA:0,checkAccess
FNDA:0,(anonymous_2)
FNDA:0,(anonymous_3)
DA:6,0
DA:9,0
DA:10,0
DA:11,0
DA:13,0
DA:17,0
DA:18,0
DA:19,0
DA:24,0
DA:30,0
DA:31,0
DA:32,0
DA:37,0
LF:13
LH:0
BRDA:9,0,0,0
BRDA:9,0,1,0
BRDA:9,1,0,0
BRDA:9,1,1,0
BRDA:9,1,2,0
BRDA:17,2,0,0
BRDA:17,2,1,0
BRDA:17,3,0,0
BRDA:17,3,1,0
BRDA:19,4,0,0
BRDA:19,4,1,0
BRDA:31,5,0,0
BRDA:31,5,1,0
BRDA:31,6,0,0
BRDA:31,6,1,0
BRF:15
BRH:0
end_of_record
TN:
SF:backend/components/metiers/voice/security/samples/access/sample_access.js
FN:2,authenticateUser
FNF:1
FNH:1
FNDA:9,authenticateUser
DA:4,9
DA:7,1
LF:2
LH:2
BRDA:4,0,0,9
BRDA:4,0,1,4
BRF:2
BRH:2
end_of_record
TN:
SF:backend/components/metiers/voice/security/samples/audit/sample_audit.js
FN:2,generateAuditReport
FNF:1
FNH:1
FNDA:6,generateAuditReport
DA:4,6
DA:7,1
LF:2
LH:2
BRF:0
BRH:0
end_of_record
TN:
SF:backend/components/metiers/voice/security/samples/compliance/sample_compliance.js
FN:2,checkCompliance
FNF:1
FNH:1
FNDA:6,checkCompliance
DA:4,6
DA:7,1
LF:2
LH:2
BRF:0
BRH:0
end_of_record
TN:
SF:backend/components/metiers/voice/security/samples/helpers/index.js
FN:8,auditAccess
FN:16,checkAccess
FN:23,(anonymous_2)
FN:29,(anonymous_3)
FNF:4
FNH:0
FNDA:0,auditAccess
FNDA:0,checkAccess
FNDA:0,(anonymous_2)
FNDA:0,(anonymous_3)
DA:6,0
DA:9,0
DA:10,0
DA:11,0
DA:13,0
DA:17,0
DA:18,0
DA:19,0
DA:24,0
DA:30,0
DA:31,0
DA:32,0
DA:37,0
LF:13
LH:0
BRDA:9,0,0,0
BRDA:9,0,1,0
BRDA:9,1,0,0
BRDA:9,1,1,0
BRDA:9,1,2,0
BRDA:17,2,0,0
BRDA:17,2,1,0
BRDA:17,3,0,0
BRDA:17,3,1,0
BRDA:19,4,0,0
BRDA:19,4,1,0
BRDA:31,5,0,0
BRDA:31,5,1,0
BRDA:31,6,0,0
BRDA:31,6,1,0
BRF:15
BRH:0
end_of_record
TN:
SF:backend/components/metiers/voice/security/samples/helpers/logger/sample_logger.js
FNF:0
FNH:0
DA:2,0
DA:3,0
LF:2
LH:0
BRF:0
BRH:0
end_of_record
TN:
SF:backend/components/metiers/voice/security/samples/helpers/utils/sample_utils.js
FNF:0
FNH:0
DA:3,0
DA:4,0
LF:2
LH:0
BRF:0
BRH:0
end_of_record
TN:
SF:backend/components/metiers/voice/security/samples/monitoring/index.js
FN:8,auditAccess
FN:16,checkAccess
FN:23,(anonymous_2)
FN:29,(anonymous_3)
FNF:4
FNH:0
FNDA:0,auditAccess
FNDA:0,checkAccess
FNDA:0,(anonymous_2)
FNDA:0,(anonymous_3)
DA:6,0
DA:9,0
DA:10,0
DA:11,0
DA:13,0
DA:17,0
DA:18,0
DA:19,0
DA:24,0
DA:30,0
DA:31,0
DA:32,0
DA:37,0
LF:13
LH:0
BRDA:9,0,0,0
BRDA:9,0,1,0
BRDA:9,1,0,0
BRDA:9,1,1,0
BRDA:9,1,2,0
BRDA:17,2,0,0
BRDA:17,2,1,0
BRDA:17,3,0,0
BRDA:17,3,1,0
BRDA:19,4,0,0
BRDA:19,4,1,0
BRDA:31,5,0,0
BRDA:31,5,1,0
BRDA:31,6,0,0
BRDA:31,6,1,0
BRF:15
BRH:0
end_of_record
TN:
SF:backend/components/metiers/voice/security/samples/monitoring/alerts/sample_alerts.js
FN:2,sendAlert
FNF:1
FNH:0
FNDA:0,sendAlert
DA:4,0
DA:7,0
LF:2
LH:0
BRF:0
BRH:0
end_of_record
TN:
SF:backend/components/metiers/voice/security/samples/monitoring/grafana/sample_grafana.js
FN:2,createDashboard
FNF:1
FNH:0
FNDA:0,createDashboard
DA:4,0
DA:7,0
LF:2
LH:0
BRF:0
BRH:0
end_of_record
TN:
SF:backend/components/metiers/voice/security/samples/monitoring/prometheus/sample_prometheus.js
FN:2,exportMetrics
FNF:1
FNH:0
FNDA:0,exportMetrics
DA:4,0
DA:7,0
LF:2
LH:0
BRF:0
BRH:0
end_of_record
TN:
SF:backend/components/metiers/voice/security/samples/policy/sample_policy.js
FN:2,applyPolicy
FNF:1
FNH:1
FNDA:7,applyPolicy
DA:4,7
DA:5,1
DA:7,6
DA:10,1
LF:4
LH:4
BRDA:4,0,0,1
BRDA:4,0,1,6
BRDA:4,1,0,7
BRDA:4,1,1,6
BRF:4
BRH:4
end_of_record
TN:
SF:backend/components/metiers/voice/security/samples/rbac/index.js
FN:8,auditAccess
FN:16,checkAccess
FN:23,(anonymous_2)
FN:29,(anonymous_3)
FNF:4
FNH:0
FNDA:0,auditAccess
FNDA:0,checkAccess
FNDA:0,(anonymous_2)
FNDA:0,(anonymous_3)
DA:6,0
DA:9,0
DA:10,0
DA:11,0
DA:13,0
DA:17,0
DA:18,0
DA:19,0
DA:24,0
DA:30,0
DA:31,0
DA:32,0
DA:37,0
LF:13
LH:0
BRDA:9,0,0,0
BRDA:9,0,1,0
BRDA:9,1,0,0
BRDA:9,1,1,0
BRDA:9,1,2,0
BRDA:17,2,0,0
BRDA:17,2,1,0
BRDA:17,3,0,0
BRDA:17,3,1,0
BRDA:19,4,0,0
BRDA:19,4,1,0
BRDA:31,5,0,0
BRDA:31,5,1,0
BRDA:31,6,0,0
BRDA:31,6,1,0
BRF:15
BRH:0
end_of_record
TN:
SF:backend/components/metiers/voice/security/samples/rbac/engine/sample_engine.js
FN:2,checkAccess
FNF:1
FNH:0
FNDA:0,checkAccess
DA:4,0
DA:7,0
LF:2
LH:0
BRF:0
BRH:0
end_of_record
TN:
SF:backend/components/metiers/voice/security/samples/rbac/permissions/sample_permissions.js
FN:2,grantPermission
FNF:1
FNH:0
FNDA:0,grantPermission
DA:4,0
DA:7,0
LF:2
LH:0
BRF:0
BRH:0
end_of_record
TN:
SF:backend/components/metiers/voice/security/samples/rbac/roles/sample_roles.js
FN:2,addRole
FNF:1
FNH:0
FNDA:0,addRole
DA:4,0
DA:7,0
LF:2
LH:0
BRF:0
BRH:0
end_of_record
TN:
SF:backend/components/metiers/voice/security/samples/rgpd/sample_rgpd.js
FN:2,checkConsent
FNF:1
FNH:1
FNDA:9,checkConsent
DA:4,9
DA:7,1
LF:2
LH:2
BRF:0
BRH:0
end_of_record
TN:
SF:backend/components/metiers/voice/security/samples/scripts/index.js
FN:8,auditAccess
FN:16,checkAccess
FN:23,(anonymous_2)
FN:29,(anonymous_3)
FNF:4
FNH:0
FNDA:0,auditAccess
FNDA:0,checkAccess
FNDA:0,(anonymous_2)
FNDA:0,(anonymous_3)
DA:6,0
DA:9,0
DA:10,0
DA:11,0
DA:13,0
DA:17,0
DA:18,0
DA:19,0
DA:24,0
DA:30,0
DA:31,0
DA:32,0
DA:37,0
LF:13
LH:0
BRDA:9,0,0,0
BRDA:9,0,1,0
BRDA:9,1,0,0
BRDA:9,1,1,0
BRDA:9,1,2,0
BRDA:17,2,0,0
BRDA:17,2,1,0
BRDA:17,3,0,0
BRDA:17,3,1,0
BRDA:19,4,0,0
BRDA:19,4,1,0
BRDA:31,5,0,0
BRDA:31,5,1,0
BRDA:31,6,0,0
BRDA:31,6,1,0
BRF:15
BRH:0
end_of_record
TN:
SF:backend/components/metiers/voice/security/samples/scripts/audit/sample_audit.js
FN:2,runAudit
FNF:1
FNH:0
FNDA:0,runAudit
DA:4,0
DA:7,0
LF:2
LH:0
BRF:0
BRH:0
end_of_record
TN:
SF:backend/components/metiers/voice/security/samples/scripts/backup/sample_backup.js
FN:2,runBackup
FNF:1
FNH:1
FNDA:8,runBackup
DA:4,8
DA:7,1
LF:2
LH:2
BRF:0
BRH:0
end_of_record
TN:
SF:backend/components/metiers/voice/security/samples/scripts/compliance/sample_compliance.js
FN:2,runComplianceCheck
FNF:1
FNH:0
FNDA:0,runComplianceCheck
DA:4,0
DA:7,0
LF:2
LH:0
BRF:0
BRH:0
end_of_record
TN:
SF:backend/components/metiers/voice/security/samples/scripts/restore/sample_restore.js
FN:2,runRestore
FNF:1
FNH:0
FNDA:0,runRestore
DA:4,0
DA:7,0
LF:2
LH:0
BRF:0
BRH:0
end_of_record
TN:
SF:backend/components/metiers/voice/security/samples/validators/index.js
FN:8,auditAccess
FN:16,checkAccess
FN:23,(anonymous_2)
FN:29,(anonymous_3)
FNF:4
FNH:0
FNDA:0,auditAccess
FNDA:0,checkAccess
FNDA:0,(anonymous_2)
FNDA:0,(anonymous_3)
DA:6,0
DA:9,0
DA:10,0
DA:11,0
DA:13,0
DA:17,0
DA:18,0
DA:19,0
DA:24,0
DA:30,0
DA:31,0
DA:32,0
DA:37,0
LF:13
LH:0
BRDA:9,0,0,0
BRDA:9,0,1,0
BRDA:9,1,0,0
BRDA:9,1,1,0
BRDA:9,1,2,0
BRDA:17,2,0,0
BRDA:17,2,1,0
BRDA:17,3,0,0
BRDA:17,3,1,0
BRDA:19,4,0,0
BRDA:19,4,1,0
BRDA:31,5,0,0
BRDA:31,5,1,0
BRDA:31,6,0,0
BRDA:31,6,1,0
BRF:15
BRH:0
end_of_record
TN:
SF:backend/components/metiers/voice/security/samples/validators/input/sample_input.js
FN:2,validateInput
FNF:1
FNH:0
FNDA:0,validateInput
DA:4,0
DA:7,0
LF:2
LH:0
BRDA:4,0,0,0
BRDA:4,0,1,0
BRF:2
BRH:0
end_of_record
TN:
SF:backend/components/metiers/voice/security/samples/validators/rgpd/sample_rgpd.js
FN:2,checkRgpd
FNF:1
FNH:1
FNDA:9,checkRgpd
DA:4,9
DA:7,1
LF:2
LH:2
BRF:0
BRH:0
end_of_record
TN:
SF:backend/components/metiers/voice/security/scripts/index.js
FN:8,auditAccess
FN:16,checkAccess
FN:23,(anonymous_2)
FN:29,(anonymous_3)
FNF:4
FNH:0
FNDA:0,auditAccess
FNDA:0,checkAccess
FNDA:0,(anonymous_2)
FNDA:0,(anonymous_3)
DA:6,0
DA:9,0
DA:10,0
DA:11,0
DA:13,0
DA:17,0
DA:18,0
DA:19,0
DA:24,0
DA:30,0
DA:31,0
DA:32,0
DA:37,0
LF:13
LH:0
BRDA:9,0,0,0
BRDA:9,0,1,0
BRDA:9,1,0,0
BRDA:9,1,1,0
BRDA:9,1,2,0
BRDA:17,2,0,0
BRDA:17,2,1,0
BRDA:17,3,0,0
BRDA:17,3,1,0
BRDA:19,4,0,0
BRDA:19,4,1,0
BRDA:31,5,0,0
BRDA:31,5,1,0
BRDA:31,6,0,0
BRDA:31,6,1,0
BRF:15
BRH:0
end_of_record
TN:
SF:backend/components/metiers/voice/security/scripts/audit/audit_security.js
FN:4,auditSecurity
FNF:1
FNH:0
FNDA:0,auditSecurity
DA:5,0
DA:8,0
LF:2
LH:0
BRF:0
BRH:0
end_of_record
TN:
SF:backend/components/metiers/voice/security/scripts/backup/backup_security.js
FN:4,backupSecurity
FNF:1
FNH:0
FNDA:0,backupSecurity
DA:5,0
DA:8,0
LF:2
LH:0
BRF:0
BRH:0
end_of_record
TN:
SF:backend/components/metiers/voice/security/scripts/compliance/compliance_check.js
FN:4,complianceCheck
FNF:1
FNH:0
FNDA:0,complianceCheck
DA:5,0
DA:8,0
LF:2
LH:0
BRF:0
BRH:0
end_of_record
TN:
SF:backend/components/metiers/voice/security/scripts/restore/restore_security.js
FN:4,restoreSecurity
FNF:1
FNH:0
FNDA:0,restoreSecurity
DA:5,0
DA:8,0
LF:2
LH:0
BRF:0
BRH:0
end_of_record
TN:
SF:backend/components/metiers/voice/security/validators/index.js
FN:8,auditAccess
FN:16,checkAccess
FN:23,(anonymous_2)
FN:29,(anonymous_3)
FNF:4
FNH:0
FNDA:0,auditAccess
FNDA:0,checkAccess
FNDA:0,(anonymous_2)
FNDA:0,(anonymous_3)
DA:6,0
DA:9,0
DA:10,0
DA:11,0
DA:13,0
DA:17,0
DA:18,0
DA:19,0
DA:24,0
DA:30,0
DA:31,0
DA:32,0
DA:37,0
LF:13
LH:0
BRDA:9,0,0,0
BRDA:9,0,1,0
BRDA:9,1,0,0
BRDA:9,1,1,0
BRDA:9,1,2,0
BRDA:17,2,0,0
BRDA:17,2,1,0
BRDA:17,3,0,0
BRDA:17,3,1,0
BRDA:19,4,0,0
BRDA:19,4,1,0
BRDA:31,5,0,0
BRDA:31,5,1,0
BRDA:31,6,0,0
BRDA:31,6,1,0
BRF:15
BRH:0
end_of_record
TN:
SF:backend/components/metiers/voice/security/validators/input/input_validator.js
FN:3,validateInput
FNF:1
FNH:1
FNDA:10,validateInput
DA:4,10
DA:5,7
DA:6,4
DA:9,1
LF:4
LH:4
BRDA:4,0,0,3
BRDA:4,0,1,7
BRDA:4,1,0,10
BRDA:4,1,1,8
BRDA:5,2,0,2
BRDA:5,2,1,4
BRDA:5,3,0,7
BRDA:5,3,1,5
BRF:8
BRH:8
end_of_record
TN:
SF:backend/components/metiers/voice/security/validators/rgpd/rgpd_validator.js
FN:3,validateRGPD
FNF:1
FNH:1
FNDA:9,validateRGPD
DA:4,9
DA:5,5
DA:8,1
LF:3
LH:3
BRDA:4,0,0,1
BRDA:4,0,1,5
BRDA:4,1,0,9
BRDA:4,1,1,3
BRF:4
BRH:4
end_of_record
TN:
SF:backend/components/metiers/voice/services/index.js
FN:8,auditAccess
FN:16,checkAccess
FN:23,(anonymous_2)
FN:29,(anonymous_3)
FNF:4
FNH:0
FNDA:0,auditAccess
FNDA:0,checkAccess
FNDA:0,(anonymous_2)
FNDA:0,(anonymous_3)
DA:6,0
DA:9,0
DA:10,0
DA:11,0
DA:13,0
DA:17,0
DA:18,0
DA:19,0
DA:24,0
DA:30,0
DA:31,0
DA:32,0
DA:37,0
LF:13
LH:0
BRDA:9,0,0,0
BRDA:9,0,1,0
BRDA:9,1,0,0
BRDA:9,1,1,0
BRDA:9,1,2,0
BRDA:17,2,0,0
BRDA:17,2,1,0
BRDA:17,3,0,0
BRDA:17,3,1,0
BRDA:19,4,0,0
BRDA:19,4,1,0
BRDA:31,5,0,0
BRDA:31,5,1,0
BRDA:31,6,0,0
BRDA:31,6,1,0
BRF:15
BRH:0
end_of_record
TN:
SF:backend/components/metiers/voice/services/core/index.js
FN:8,auditAccess
FN:16,checkAccess
FN:23,(anonymous_2)
FN:29,(anonymous_3)
FNF:4
FNH:0
FNDA:0,auditAccess
FNDA:0,checkAccess
FNDA:0,(anonymous_2)
FNDA:0,(anonymous_3)
DA:6,0
DA:9,0
DA:10,0
DA:11,0
DA:13,0
DA:17,0
DA:18,0
DA:19,0
DA:24,0
DA:30,0
DA:31,0
DA:32,0
DA:37,0
LF:13
LH:0
BRDA:9,0,0,0
BRDA:9,0,1,0
BRDA:9,1,0,0
BRDA:9,1,1,0
BRDA:9,1,2,0
BRDA:17,2,0,0
BRDA:17,2,1,0
BRDA:17,3,0,0
BRDA:17,3,1,0
BRDA:19,4,0,0
BRDA:19,4,1,0
BRDA:31,5,0,0
BRDA:31,5,1,0
BRDA:31,6,0,0
BRDA:31,6,1,0
BRF:15
BRH:0
end_of_record
TN:
SF:backend/components/metiers/voice/services/core/api/api_service.js
FN:6,(anonymous_0)
FN:16,(anonymous_1)
FN:30,(anonymous_2)
FN:37,(anonymous_3)
FN:43,handle
FN:51,testAuditTrail
FNF:6
FNH:0
FNDA:0,(anonymous_0)
FNDA:0,(anonymous_1)
FNDA:0,(anonymous_2)
FNDA:0,(anonymous_3)
FNDA:0,handle
FNDA:0,testAuditTrail
DA:7,0
DA:8,0
DA:17,0
DA:18,0
DA:19,0
DA:21,0
DA:23,0
DA:31,0
DA:38,0
DA:44,0
DA:45,0
DA:47,0
DA:52,0
DA:53,0
DA:54,0
DA:55,0
DA:58,0
LF:17
LH:0
BRDA:6,0,0,0
BRDA:17,1,0,0
BRDA:17,1,1,0
BRDA:17,2,0,0
BRDA:17,2,1,0
BRDA:44,3,0,0
BRDA:44,3,1,0
BRF:7
BRH:0
end_of_record
TN:
SF:backend/components/metiers/voice/services/core/controllers/services_controller.js
FN:8,(anonymous_0)
FN:17,(anonymous_1)
FN:29,(anonymous_2)
FN:43,(anonymous_3)
FN:50,(anonymous_4)
FNF:5
FNH:5
FNDA:3,(anonymous_0)
FNDA:3,(anonymous_1)
FNDA:2,(anonymous_2)
FNDA:5,(anonymous_3)
FNDA:3,(anonymous_4)
DA:3,1
DA:5,1
DA:9,3
DA:10,3
DA:18,3
DA:19,3
DA:20,3
DA:30,2
DA:31,1
DA:32,1
DA:34,1
DA:35,1
DA:36,1
DA:44,5
DA:51,3
DA:55,1
LF:16
LH:16
BRDA:8,0,0,2
BRDA:30,1,0,1
BRDA:30,1,1,1
BRDA:30,2,0,2
BRDA:30,2,1,1
BRF:5
BRH:5
end_of_record
TN:
SF:backend/components/metiers/voice/services/core/helpers/services_helper.js
FN:3,(anonymous_0)
FN:12,(anonymous_1)
FN:24,(anonymous_2)
FN:38,(anonymous_3)
FN:45,(anonymous_4)
FN:51,getServiceStatus
FN:55,simulateHeavyLoad
FN:59,auditService
FN:63,simulateExtremeLoad
FN:67,checkAccess
FNF:10
FNH:10
FNDA:3,(anonymous_0)
FNDA:3,(anonymous_1)
FNDA:2,(anonymous_2)
FNDA:5,(anonymous_3)
FNDA:3,(anonymous_4)
FNDA:2,getServiceStatus
FNDA:1,simulateHeavyLoad
FNDA:1,auditService
FNDA:1,simulateExtremeLoad
FNDA:8,checkAccess
DA:4,3
DA:5,3
DA:13,3
DA:14,3
DA:15,3
DA:25,2
DA:26,1
DA:27,1
DA:29,1
DA:30,1
DA:31,1
DA:39,5
DA:46,3
DA:52,2
DA:56,1
DA:60,1
DA:64,1
DA:68,8
DA:69,5
DA:70,3
DA:71,2
DA:72,2
DA:75,3
LF:23
LH:23
BRDA:3,0,0,2
BRDA:25,1,0,1
BRDA:25,1,1,1
BRDA:25,2,0,2
BRDA:25,2,1,1
BRDA:68,3,0,3
BRDA:68,3,1,5
BRDA:68,4,0,8
BRDA:68,4,1,6
BRDA:69,5,0,2
BRDA:69,5,1,3
BRDA:70,6,0,1
BRDA:70,6,1,2
BRDA:70,7,0,3
BRDA:70,7,1,2
BRDA:71,8,0,0
BRDA:71,8,1,2
BRDA:71,9,0,2
BRDA:71,9,1,1
BRF:19
BRH:18
end_of_record
TN:
SF:backend/components/metiers/voice/services/core/impl/service_voice.js
FN:12,(anonymous_0)
FN:23,(anonymous_1)
FN:32,(anonymous_2)
FN:41,(anonymous_3)
FN:51,(anonymous_4)
FN:57,(anonymous_5)
FN:64,(anonymous_6)
FN:78,(anonymous_7)
FN:82,(anonymous_8)
FN:89,(anonymous_9)
FN:90,(anonymous_10)
FN:91,(anonymous_11)
FN:92,(anonymous_12)
FNF:13
FNH:5
FNDA:0,(anonymous_0)
FNDA:0,(anonymous_1)
FNDA:0,(anonymous_2)
FNDA:0,(anonymous_3)
FNDA:6,(anonymous_4)
FNDA:4,(anonymous_5)
FNDA:3,(anonymous_6)
FNDA:1,(anonymous_7)
FNDA:7,(anonymous_8)
FNDA:0,(anonymous_9)
FNDA:0,(anonymous_10)
FNDA:0,(anonymous_11)
FNDA:0,(anonymous_12)
DA:4,2
DA:5,2
DA:6,2
DA:7,2
DA:8,2
DA:9,2
DA:11,2
DA:13,0
DA:14,0
DA:15,0
DA:16,0
DA:17,0
DA:18,0
DA:19,0
DA:20,0
DA:24,0
DA:25,0
DA:26,0
DA:27,0
DA:28,0
DA:29,0
DA:33,0
DA:34,0
DA:35,0
DA:36,0
DA:37,0
DA:38,0
DA:42,0
DA:43,0
DA:44,0
DA:45,0
DA:46,0
DA:52,6
DA:53,6
DA:54,6
DA:58,4
DA:59,4
DA:60,4
DA:61,4
DA:65,3
DA:67,3
DA:68,3
DA:69,1
DA:70,1
DA:71,1
DA:72,1
DA:74,2
DA:75,2
DA:79,1
DA:83,7
DA:84,7
DA:89,0
DA:90,0
DA:91,0
DA:92,0
DA:95,2
LF:56
LH:27
BRDA:15,0,0,0
BRDA:15,0,1,0
BRDA:51,1,0,0
BRDA:65,2,0,0
BRDA:65,2,1,3
BRDA:68,3,0,1
BRDA:68,3,1,2
BRDA:83,4,0,7
BRDA:83,4,1,0
BRF:9
BRH:4
end_of_record
TN:
SF:backend/components/metiers/voice/services/fallback/fallback_service.js
FN:2,fallbackService
FNF:1
FNH:1
FNDA:8,fallbackService
DA:3,8
DA:4,6
DA:6,1
LF:3
LH:3
BRDA:3,0,0,2
BRDA:3,0,1,6
BRF:2
BRH:2
end_of_record
TN:
SF:backend/components/metiers/voice/services/helpers/services_helper.js
FN:4,(anonymous_0)
FN:5,(anonymous_1)
FN:6,(anonymous_2)
FN:10,(anonymous_3)
FN:14,(anonymous_4)
FNF:5
FNH:0
FNDA:0,(anonymous_0)
FNDA:0,(anonymous_1)
FNDA:0,(anonymous_2)
FNDA:0,(anonymous_3)
FNDA:0,(anonymous_4)
DA:3,0
DA:4,0
DA:5,0
DA:6,0
DA:10,0
DA:14,0
LF:6
LH:0
BRDA:14,0,0,0
BRDA:14,0,1,0
BRDA:14,1,0,0
BRDA:14,1,1,0
BRF:4
BRH:0
end_of_record
TN:
SF:backend/components/metiers/voice/services/samples/sample_service.js
FN:4,helloSample
FN:8,validateSample
FNF:2
FNH:2
FNDA:2,helloSample
FNDA:4,validateSample
DA:5,2
DA:9,4
DA:10,2
DA:12,2
DA:15,1
LF:5
LH:5
BRDA:9,0,0,2
BRDA:9,0,1,2
BRDA:9,1,0,4
BRDA:9,1,1,4
BRF:4
BRH:4
end_of_record
TN:
SF:backend/components/metiers/voice/templates/index.js
FN:8,auditAccess
FN:16,checkAccess
FN:23,(anonymous_2)
FN:29,(anonymous_3)
FNF:4
FNH:0
FNDA:0,auditAccess
FNDA:0,checkAccess
FNDA:0,(anonymous_2)
FNDA:0,(anonymous_3)
DA:6,0
DA:9,0
DA:10,0
DA:11,0
DA:13,0
DA:17,0
DA:18,0
DA:19,0
DA:24,0
DA:30,0
DA:31,0
DA:32,0
DA:37,0
LF:13
LH:0
BRDA:9,0,0,0
BRDA:9,0,1,0
BRDA:9,1,0,0
BRDA:9,1,1,0
BRDA:9,1,2,0
BRDA:17,2,0,0
BRDA:17,2,1,0
BRDA:17,3,0,0
BRDA:17,3,1,0
BRDA:19,4,0,0
BRDA:19,4,1,0
BRDA:31,5,0,0
BRDA:31,5,1,0
BRDA:31,6,0,0
BRDA:31,6,1,0
BRF:15
BRH:0
end_of_record
TN:
SF:backend/components/metiers/voice/templates/helpers/index.js
FN:8,auditAccess
FN:16,checkAccess
FN:23,(anonymous_2)
FN:29,(anonymous_3)
FNF:4
FNH:0
FNDA:0,auditAccess
FNDA:0,checkAccess
FNDA:0,(anonymous_2)
FNDA:0,(anonymous_3)
DA:6,0
DA:9,0
DA:10,0
DA:11,0
DA:13,0
DA:17,0
DA:18,0
DA:19,0
DA:24,0
DA:30,0
DA:31,0
DA:32,0
DA:37,0
LF:13
LH:0
BRDA:9,0,0,0
BRDA:9,0,1,0
BRDA:9,1,0,0
BRDA:9,1,1,0
BRDA:9,1,2,0
BRDA:17,2,0,0
BRDA:17,2,1,0
BRDA:17,3,0,0
BRDA:17,3,1,0
BRDA:19,4,0,0
BRDA:19,4,1,0
BRDA:31,5,0,0
BRDA:31,5,1,0
BRDA:31,6,0,0
BRDA:31,6,1,0
BRF:15
BRH:0
end_of_record
TN:
SF:backend/components/metiers/voice/templates/helpers/core/templates_helper.js
FN:11,renderTemplate
FN:36,(anonymous_1)
FN:47,hasRequiredVariables
FN:48,(anonymous_3)
FN:56,extractVariables
FN:58,(anonymous_5)
FN:66,cleanTemplate
FN:70,isValidTemplate
FN:74,mockTemplateContext
FN:79,(anonymous_9)
FN:83,(anonymous_10)
FN:88,(anonymous_11)
FN:93,(anonymous_12)
FNF:13
FNH:8
FNDA:1,renderTemplate
FNDA:1,(anonymous_1)
FNDA:0,hasRequiredVariables
FNDA:0,(anonymous_3)
FNDA:0,extractVariables
FNDA:0,(anonymous_5)
FNDA:0,cleanTemplate
FNDA:5,isValidTemplate
FNDA:1,mockTemplateContext
FNDA:3,(anonymous_9)
FNDA:2,(anonymous_10)
FNDA:3,(anonymous_11)
FNDA:2,(anonymous_12)
DA:4,1
DA:5,1
DA:12,1
DA:14,1
DA:15,0
DA:18,1
DA:19,1
DA:20,0
DA:23,1
DA:24,1
DA:25,1
DA:26,1
DA:27,1
DA:28,1
DA:29,1
DA:30,1
DA:36,1
DA:37,1
DA:48,0
DA:57,0
DA:58,0
DA:67,0
DA:71,5
DA:75,1
DA:80,3
DA:81,3
DA:84,2
DA:85,2
DA:86,2
DA:89,3
DA:90,1
DA:91,1
DA:94,2
DA:98,1
LF:34
LH:28
BRDA:12,0,0,1
BRDA:12,0,1,0
BRDA:14,1,0,0
BRDA:14,1,1,1
BRDA:19,2,0,0
BRDA:19,2,1,1
BRDA:24,3,0,1
BRDA:24,3,1,0
BRDA:26,4,0,1
BRDA:26,4,1,0
BRDA:29,5,0,1
BRDA:29,5,1,0
BRDA:37,6,0,1
BRDA:37,6,1,0
BRDA:57,7,0,0
BRDA:57,7,1,0
BRDA:89,8,0,2
BRDA:89,8,1,1
BRF:18
BRH:9
end_of_record
TN:
SF:backend/components/metiers/voice/templates/helpers/impl/impl_helper.js
FN:7,processTemplateImpl
FNF:1
FNH:0
FNDA:0,processTemplateImpl
DA:5,0
DA:8,0
DA:10,0
DA:11,0
DA:13,0
DA:16,0
LF:6
LH:0
BRDA:10,0,0,0
BRDA:10,0,1,0
BRDA:10,1,0,0
BRDA:10,1,1,0
BRDA:10,1,2,0
BRF:5
BRH:0
end_of_record
TN:
SF:backend/components/metiers/voice/templates/helpers/mocks/templates_mock.js
FNF:0
FNH:0
DA:4,0
LF:1
LH:0
BRF:0
BRH:0
end_of_record
TN:
SF:backend/components/metiers/voice/templates/helpers/utils/templates_utils.js
FN:7,generateTemplateId
FN:13,cleanTemplateContent
FN:20,checkAccessibility
FN:24,auditTemplate
FNF:4
FNH:0
FNDA:0,generateTemplateId
FNDA:0,cleanTemplateContent
FNDA:0,checkAccessibility
FNDA:0,auditTemplate
DA:5,0
DA:8,0
DA:9,0
DA:10,0
DA:14,0
DA:15,0
DA:16,0
DA:17,0
DA:21,0
DA:25,0
DA:33,0
LF:11
LH:0
BRDA:7,0,0,0
BRDA:14,1,0,0
BRDA:14,1,1,0
BRDA:21,2,0,0
BRDA:21,2,1,0
BRDA:26,3,0,0
BRDA:26,3,1,0
BRDA:27,4,0,0
BRDA:27,4,1,0
BRDA:28,5,0,0
BRDA:28,5,1,0
BRF:11
BRH:0
end_of_record
TN:
SF:backend/components/metiers/voice/utils/index.js
FN:8,auditAccess
FN:16,checkAccess
FN:23,(anonymous_2)
FN:29,(anonymous_3)
FNF:4
FNH:0
FNDA:0,auditAccess
FNDA:0,checkAccess
FNDA:0,(anonymous_2)
FNDA:0,(anonymous_3)
DA:6,0
DA:9,0
DA:10,0
DA:11,0
DA:13,0
DA:17,0
DA:18,0
DA:19,0
DA:24,0
DA:30,0
DA:31,0
DA:32,0
DA:37,0
LF:13
LH:0
BRDA:9,0,0,0
BRDA:9,0,1,0
BRDA:9,1,0,0
BRDA:9,1,1,0
BRDA:9,1,2,0
BRDA:17,2,0,0
BRDA:17,2,1,0
BRDA:17,3,0,0
BRDA:17,3,1,0
BRDA:19,4,0,0
BRDA:19,4,1,0
BRDA:31,5,0,0
BRDA:31,5,1,0
BRDA:31,6,0,0
BRDA:31,6,1,0
BRF:15
BRH:0
end_of_record
TN:
SF:backend/components/metiers/voice/utils/ai/index.js
FN:8,auditAccess
FN:16,checkAccess
FN:23,(anonymous_2)
FN:29,(anonymous_3)
FNF:4
FNH:0
FNDA:0,auditAccess
FNDA:0,checkAccess
FNDA:0,(anonymous_2)
FNDA:0,(anonymous_3)
DA:6,0
DA:9,0
DA:10,0
DA:11,0
DA:13,0
DA:17,0
DA:18,0
DA:19,0
DA:24,0
DA:30,0
DA:31,0
DA:32,0
DA:37,0
LF:13
LH:0
BRDA:9,0,0,0
BRDA:9,0,1,0
BRDA:9,1,0,0
BRDA:9,1,1,0
BRDA:9,1,2,0
BRDA:17,2,0,0
BRDA:17,2,1,0
BRDA:17,3,0,0
BRDA:17,3,1,0
BRDA:19,4,0,0
BRDA:19,4,1,0
BRDA:31,5,0,0
BRDA:31,5,1,0
BRDA:31,6,0,0
BRDA:31,6,1,0
BRF:15
BRH:0
end_of_record
TN:
SF:backend/components/metiers/voice/utils/ai/core/ai_core.js
FN:9,predictAI
FNF:1
FNH:1
FNDA:6,predictAI
DA:10,6
DA:11,4
DA:14,1
LF:3
LH:3
BRDA:10,0,0,2
BRDA:10,0,1,4
BRF:2
BRH:2
end_of_record
TN:
SF:backend/components/metiers/voice/utils/ai/fallback/ai_fallback.js
FN:3,(anonymous_0)
FNF:1
FNH:1
FNDA:7,(anonymous_0)
DA:2,1
DA:5,7
DA:6,5
LF:3
LH:3
BRDA:3,0,0,0
BRDA:5,1,0,2
BRDA:5,1,1,5
BRF:3
BRH:2
end_of_record
TN:
SF:backend/components/metiers/voice/utils/ai/helpers/ai_helper.js
FN:9,normalizeText
FNF:1
FNH:1
FNDA:7,normalizeText
DA:10,7
DA:11,4
DA:18,1
LF:3
LH:3
BRDA:10,0,0,3
BRDA:10,0,1,4
BRF:2
BRH:2
end_of_record
TN:
SF:backend/components/metiers/voice/utils/audit/index.js
FN:8,auditAccess
FN:16,checkAccess
FN:23,(anonymous_2)
FN:29,(anonymous_3)
FNF:4
FNH:0
FNDA:0,auditAccess
FNDA:0,checkAccess
FNDA:0,(anonymous_2)
FNDA:0,(anonymous_3)
DA:6,0
DA:9,0
DA:10,0
DA:11,0
DA:13,0
DA:17,0
DA:18,0
DA:19,0
DA:24,0
DA:30,0
DA:31,0
DA:32,0
DA:37,0
LF:13
LH:0
BRDA:9,0,0,0
BRDA:9,0,1,0
BRDA:9,1,0,0
BRDA:9,1,1,0
BRDA:9,1,2,0
BRDA:17,2,0,0
BRDA:17,2,1,0
BRDA:17,3,0,0
BRDA:17,3,1,0
BRDA:19,4,0,0
BRDA:19,4,1,0
BRDA:31,5,0,0
BRDA:31,5,1,0
BRDA:31,6,0,0
BRDA:31,6,1,0
BRF:15
BRH:0
end_of_record
TN:
SF:backend/components/metiers/voice/utils/audit/core/audit.js
FN:3,(anonymous_0)
FNF:1
FNH:1
FNDA:4,(anonymous_0)
DA:2,1
DA:5,4
DA:6,4
DA:7,4
DA:8,4
LF:5
LH:5
BRDA:5,0,0,2
BRDA:5,0,1,2
BRDA:6,1,0,2
BRDA:6,1,1,2
BRDA:7,2,0,2
BRDA:7,2,1,2
BRF:6
BRH:6
end_of_record
TN:
SF:backend/components/metiers/voice/utils/audit/fallback/fallback.js
FN:11,auditFallback
FNF:1
FNH:1
FNDA:6,auditFallback
DA:10,1
DA:12,6
DA:17,6
DA:18,6
DA:21,1
LF:5
LH:5
BRDA:11,0,0,3
BRF:1
BRH:1
end_of_record
TN:
SF:backend/components/metiers/voice/utils/audit/helpers/audit_helper.js
FN:10,generateAuditLog
FNF:1
FNH:1
FNDA:4,generateAuditLog
DA:11,4
DA:18,1
LF:2
LH:2
BRDA:10,0,0,2
BRF:1
BRH:1
end_of_record
TN:
SF:backend/components/metiers/voice/utils/core/core_helper.js
FN:7,processCore
FNF:1
FNH:0
FNDA:0,processCore
DA:5,0
DA:8,0
DA:10,0
DA:11,0
DA:13,0
DA:16,0
LF:6
LH:0
BRDA:10,0,0,0
BRDA:10,0,1,0
BRDA:10,1,0,0
BRDA:10,1,1,0
BRDA:10,1,2,0
BRF:5
BRH:0
end_of_record
TN:
SF:backend/components/metiers/voice/utils/exporter/index.js
FN:8,auditAccess
FN:16,checkAccess
FN:23,(anonymous_2)
FN:29,(anonymous_3)
FNF:4
FNH:0
FNDA:0,auditAccess
FNDA:0,checkAccess
FNDA:0,(anonymous_2)
FNDA:0,(anonymous_3)
DA:6,0
DA:9,0
DA:10,0
DA:11,0
DA:13,0
DA:17,0
DA:18,0
DA:19,0
DA:24,0
DA:30,0
DA:31,0
DA:32,0
DA:37,0
LF:13
LH:0
BRDA:9,0,0,0
BRDA:9,0,1,0
BRDA:9,1,0,0
BRDA:9,1,1,0
BRDA:9,1,2,0
BRDA:17,2,0,0
BRDA:17,2,1,0
BRDA:17,3,0,0
BRDA:17,3,1,0
BRDA:19,4,0,0
BRDA:19,4,1,0
BRDA:31,5,0,0
BRDA:31,5,1,0
BRDA:31,6,0,0
BRDA:31,6,1,0
BRF:15
BRH:0
end_of_record
TN:
SF:backend/components/metiers/voice/utils/exporter/core/exporter.js
FN:5,(anonymous_0)
FN:9,(anonymous_1)
FN:12,(anonymous_2)
FN:12,(anonymous_3)
FN:16,(anonymous_4)
FN:19,(anonymous_5)
FNF:6
FNH:6
FNDA:3,(anonymous_0)
FNDA:3,(anonymous_1)
FNDA:3,(anonymous_2)
FNDA:9,(anonymous_3)
FNDA:2,(anonymous_4)
FNDA:2,(anonymous_5)
DA:2,1
DA:4,1
DA:6,3
DA:7,3
DA:10,3
DA:11,2
DA:12,9
DA:13,2
DA:14,2
DA:18,2
DA:19,2
LF:11
LH:11
BRDA:10,0,0,1
BRDA:10,0,1,2
BRDA:10,1,0,3
BRDA:10,1,1,3
BRDA:18,2,0,1
BRDA:18,2,1,1
BRF:6
BRH:6
end_of_record
TN:
SF:backend/components/metiers/voice/utils/exporter/fallback/fallback.js
FN:10,exportFallback
FNF:1
FNH:1
FNDA:6,exportFallback
DA:9,1
DA:11,6
DA:15,6
DA:16,6
DA:19,1
LF:5
LH:5
BRF:0
BRH:0
end_of_record
TN:
SF:backend/components/metiers/voice/utils/exporter/helpers/exporter_helper.js
FN:9,formatExportJSON
FNF:1
FNH:1
FNDA:8,formatExportJSON
DA:10,8
DA:13,1
LF:2
LH:2
BRF:0
BRH:0
end_of_record
TN:
SF:backend/components/metiers/voice/utils/fallback/fallback.js
FN:9,fallbackEvent
FNF:1
FNH:0
FNDA:0,fallbackEvent
DA:6,0
DA:7,0
DA:10,0
DA:15,0
DA:16,0
DA:17,0
DA:20,0
LF:7
LH:0
BRDA:9,0,0,0
BRF:1
BRH:0
end_of_record
TN:
SF:backend/components/metiers/voice/utils/helpers/index.js
FN:8,auditAccess
FN:16,checkAccess
FN:23,(anonymous_2)
FN:29,(anonymous_3)
FNF:4
FNH:0
FNDA:0,auditAccess
FNDA:0,checkAccess
FNDA:0,(anonymous_2)
FNDA:0,(anonymous_3)
DA:6,0
DA:9,0
DA:10,0
DA:11,0
DA:13,0
DA:17,0
DA:18,0
DA:19,0
DA:24,0
DA:30,0
DA:31,0
DA:32,0
DA:37,0
LF:13
LH:0
BRDA:9,0,0,0
BRDA:9,0,1,0
BRDA:9,1,0,0
BRDA:9,1,1,0
BRDA:9,1,2,0
BRDA:17,2,0,0
BRDA:17,2,1,0
BRDA:17,3,0,0
BRDA:17,3,1,0
BRDA:19,4,0,0
BRDA:19,4,1,0
BRDA:31,5,0,0
BRDA:31,5,1,0
BRDA:31,6,0,0
BRDA:31,6,1,0
BRF:15
BRH:0
end_of_record
TN:
SF:backend/components/metiers/voice/utils/helpers/core/utils_helper.js
FN:4,(anonymous_0)
FN:5,(anonymous_1)
FN:6,(anonymous_2)
FNF:3
FNH:3
FNDA:2,(anonymous_0)
FNDA:4,(anonymous_1)
FNDA:2,(anonymous_2)
DA:3,1
DA:4,2
DA:5,4
DA:6,2
LF:4
LH:4
BRDA:5,0,0,4
BRDA:5,0,1,3
BRDA:5,0,2,2
BRF:3
BRH:3
end_of_record
TN:
SF:backend/components/metiers/voice/utils/helpers/fallback/fallback.js
FN:10,fallbackHelper
FNF:1
FNH:1
FNDA:4,fallbackHelper
DA:11,4
DA:12,4
DA:14,1
DA:18,1
LF:4
LH:4
BRF:0
BRH:0
end_of_record
TN:
SF:backend/components/metiers/voice/utils/helpers/helpers/generic_helper.js
FN:9,capitalizeFirst
FNF:1
FNH:0
FNDA:0,capitalizeFirst
DA:10,0
DA:11,0
DA:14,0
LF:3
LH:0
BRDA:10,0,0,0
BRDA:10,0,1,0
BRF:2
BRH:0
end_of_record
TN:
SF:backend/components/metiers/voice/utils/helpers/impl/advanced_impl_helper.js
FN:7,validateAndAudit
FNF:1
FNH:1
FNDA:6,validateAndAudit
DA:9,6
DA:10,6
DA:12,6
DA:18,2
LF:4
LH:4
BRDA:9,0,0,6
BRDA:9,0,1,6
BRDA:9,0,2,6
BRDA:10,1,0,4
BRDA:10,1,1,2
BRF:5
BRH:5
end_of_record
TN:
SF:backend/components/metiers/voice/utils/helpers/mocks/mock_helper.js
FN:6,mockValidationData
FNF:1
FNH:1
FNDA:3,mockValidationData
DA:7,3
DA:15,1
LF:2
LH:2
BRF:0
BRH:0
end_of_record
TN:
SF:backend/components/metiers/voice/utils/i18n/index.js
FN:8,auditAccess
FN:16,checkAccess
FN:23,(anonymous_2)
FN:29,(anonymous_3)
FNF:4
FNH:0
FNDA:0,auditAccess
FNDA:0,checkAccess
FNDA:0,(anonymous_2)
FNDA:0,(anonymous_3)
DA:6,0
DA:9,0
DA:10,0
DA:11,0
DA:13,0
DA:17,0
DA:18,0
DA:19,0
DA:24,0
DA:30,0
DA:31,0
DA:32,0
DA:37,0
LF:13
LH:0
BRDA:9,0,0,0
BRDA:9,0,1,0
BRDA:9,1,0,0
BRDA:9,1,1,0
BRDA:9,1,2,0
BRDA:17,2,0,0
BRDA:17,2,1,0
BRDA:17,3,0,0
BRDA:17,3,1,0
BRDA:19,4,0,0
BRDA:19,4,1,0
BRDA:31,5,0,0
BRDA:31,5,1,0
BRDA:31,6,0,0
BRDA:31,6,1,0
BRF:15
BRH:0
end_of_record
TN:
SF:backend/components/metiers/voice/utils/i18n/core/i18n.js
FN:2,translate
FNF:1
FNH:0
FNDA:0,translate
DA:2,0
DA:3,0
DA:8,0
LF:3
LH:0
BRDA:2,0,0,0
BRDA:8,1,0,0
BRDA:8,1,1,0
BRF:3
BRH:0
end_of_record
TN:
SF:backend/components/metiers/voice/utils/i18n/fallback/fallback.js
FN:11,i18nFallback
FNF:1
FNH:0
FNDA:0,i18nFallback
DA:12,0
DA:15,0
LF:2
LH:0
BRDA:11,0,0,0
BRDA:12,1,0,0
BRDA:12,1,1,0
BRF:3
BRH:0
end_of_record
TN:
SF:backend/components/metiers/voice/utils/i18n/helpers/i18n_helper.js
FN:9,humanizeKey
FN:11,(anonymous_1)
FNF:2
FNH:0
FNDA:0,humanizeKey
FNDA:0,(anonymous_1)
DA:10,0
DA:11,0
DA:14,0
LF:3
LH:0
BRDA:10,0,0,0
BRDA:10,0,1,0
BRF:2
BRH:0
end_of_record
TN:
SF:backend/components/metiers/voice/utils/js/index.js
FN:8,auditAccess
FN:16,checkAccess
FN:23,(anonymous_2)
FN:29,(anonymous_3)
FNF:4
FNH:0
FNDA:0,auditAccess
FNDA:0,checkAccess
FNDA:0,(anonymous_2)
FNDA:0,(anonymous_3)
DA:6,0
DA:9,0
DA:10,0
DA:11,0
DA:13,0
DA:17,0
DA:18,0
DA:19,0
DA:24,0
DA:30,0
DA:31,0
DA:32,0
DA:37,0
LF:13
LH:0
BRDA:9,0,0,0
BRDA:9,0,1,0
BRDA:9,1,0,0
BRDA:9,1,1,0
BRDA:9,1,2,0
BRDA:17,2,0,0
BRDA:17,2,1,0
BRDA:17,3,0,0
BRDA:17,3,1,0
BRDA:19,4,0,0
BRDA:19,4,1,0
BRDA:31,5,0,0
BRDA:31,5,1,0
BRDA:31,6,0,0
BRDA:31,6,1,0
BRF:15
BRH:0
end_of_record
TN:
SF:backend/components/metiers/voice/utils/js/core/js_core.js
FN:9,isPlainObject
FNF:1
FNH:0
FNDA:0,isPlainObject
DA:10,0
DA:13,0
LF:2
LH:0
BRF:0
BRH:0
end_of_record
TN:
SF:backend/components/metiers/voice/utils/js/fallback/fallback.js
FN:10,jsFallback
FNF:1
FNH:0
FNDA:0,jsFallback
DA:11,0
DA:12,0
DA:14,0
DA:18,0
LF:4
LH:0
BRF:0
BRH:0
end_of_record
TN:
SF:backend/components/metiers/voice/utils/js/helpers/js_helper.js
FN:9,capitalizeFirst
FNF:1
FNH:0
FNDA:0,capitalizeFirst
DA:10,0
DA:11,0
DA:14,0
LF:3
LH:0
BRDA:10,0,0,0
BRDA:10,0,1,0
BRF:2
BRH:0
end_of_record
TN:
SF:backend/components/metiers/voice/utils/logger/index.js
FN:8,auditAccess
FN:16,checkAccess
FN:23,(anonymous_2)
FN:29,(anonymous_3)
FNF:4
FNH:0
FNDA:0,auditAccess
FNDA:0,checkAccess
FNDA:0,(anonymous_2)
FNDA:0,(anonymous_3)
DA:6,0
DA:9,0
DA:10,0
DA:11,0
DA:13,0
DA:17,0
DA:18,0
DA:19,0
DA:24,0
DA:30,0
DA:31,0
DA:32,0
DA:37,0
LF:13
LH:0
BRDA:9,0,0,0
BRDA:9,0,1,0
BRDA:9,1,0,0
BRDA:9,1,1,0
BRDA:9,1,2,0
BRDA:17,2,0,0
BRDA:17,2,1,0
BRDA:17,3,0,0
BRDA:17,3,1,0
BRDA:19,4,0,0
BRDA:19,4,1,0
BRDA:31,5,0,0
BRDA:31,5,1,0
BRDA:31,6,0,0
BRDA:31,6,1,0
BRF:15
BRH:0
end_of_record
TN:
SF:backend/components/metiers/voice/utils/logger/core/logger.js
FN:6,(anonymous_0)
FN:9,(anonymous_1)
FN:12,(anonymous_2)
FN:15,(anonymous_3)
FN:18,(anonymous_4)
FN:21,(anonymous_5)
FNF:6
FNH:6
FNDA:4,(anonymous_0)
FNDA:4,(anonymous_1)
FNDA:2,(anonymous_2)
FNDA:2,(anonymous_3)
FNDA:1,(anonymous_4)
FNDA:2,(anonymous_5)
DA:7,4
DA:10,4
DA:13,2
DA:16,2
DA:19,1
DA:22,2
DA:26,1
LF:7
LH:7
BRDA:18,0,0,0
BRDA:18,1,0,0
BRF:2
BRH:0
end_of_record
TN:
SF:backend/components/metiers/voice/utils/logger/fallback/fallback.js
FN:10,loggerFallback
FNF:1
FNH:1
FNDA:8,loggerFallback
DA:9,2
DA:11,8
DA:15,8
DA:16,8
DA:19,2
LF:5
LH:5
BRF:0
BRH:0
end_of_record
TN:
SF:backend/components/metiers/voice/utils/logger/helpers/logger_helper.js
FN:10,formatLog
FNF:1
FNH:1
FNDA:4,formatLog
DA:11,4
DA:14,1
LF:2
LH:2
BRF:0
BRH:0
end_of_record
TN:
SF:backend/components/metiers/voice/utils/metrics/index.js
FN:8,auditAccess
FN:16,checkAccess
FN:23,(anonymous_2)
FN:29,(anonymous_3)
FNF:4
FNH:0
FNDA:0,auditAccess
FNDA:0,checkAccess
FNDA:0,(anonymous_2)
FNDA:0,(anonymous_3)
DA:6,0
DA:9,0
DA:10,0
DA:11,0
DA:13,0
DA:17,0
DA:18,0
DA:19,0
DA:24,0
DA:30,0
DA:31,0
DA:32,0
DA:37,0
LF:13
LH:0
BRDA:9,0,0,0
BRDA:9,0,1,0
BRDA:9,1,0,0
BRDA:9,1,1,0
BRDA:9,1,2,0
BRDA:17,2,0,0
BRDA:17,2,1,0
BRDA:17,3,0,0
BRDA:17,3,1,0
BRDA:19,4,0,0
BRDA:19,4,1,0
BRDA:31,5,0,0
BRDA:31,5,1,0
BRDA:31,6,0,0
BRDA:31,6,1,0
BRF:15
BRH:0
end_of_record
TN:
SF:backend/components/metiers/voice/utils/metrics/core/metrics.js
FN:3,recordMetric
FN:7,getAverageMetric
FN:8,(anonymous_2)
FN:10,(anonymous_3)
FN:12,getAllMetrics
FNF:5
FNH:0
FNDA:0,recordMetric
FNDA:0,getAverageMetric
FNDA:0,(anonymous_2)
FNDA:0,(anonymous_3)
FNDA:0,getAllMetrics
DA:2,0
DA:4,0
DA:5,0
DA:8,0
DA:9,0
DA:10,0
DA:13,0
DA:16,0
LF:8
LH:0
BRDA:9,0,0,0
BRDA:9,0,1,0
BRF:2
BRH:0
end_of_record
TN:
SF:backend/components/metiers/voice/utils/metrics/fallback/fallback.js
FN:11,metricsFallback
FNF:1
FNH:0
FNDA:0,metricsFallback
DA:10,0
DA:12,0
DA:17,0
DA:18,0
DA:21,0
LF:5
LH:0
BRF:0
BRH:0
end_of_record
TN:
SF:backend/components/metiers/voice/utils/metrics/helpers/metrics_helper.js
FN:9,average
FN:11,(anonymous_1)
FNF:2
FNH:0
FNDA:0,average
FNDA:0,(anonymous_1)
DA:10,0
DA:11,0
DA:14,0
LF:3
LH:0
BRDA:10,0,0,0
BRDA:10,0,1,0
BRDA:10,1,0,0
BRDA:10,1,1,0
BRF:4
BRH:0
end_of_record
TN:
SF:backend/components/metiers/voice/utils/plugins/index.js
FN:8,auditAccess
FN:16,checkAccess
FN:23,(anonymous_2)
FN:29,(anonymous_3)
FNF:4
FNH:0
FNDA:0,auditAccess
FNDA:0,checkAccess
FNDA:0,(anonymous_2)
FNDA:0,(anonymous_3)
DA:6,0
DA:9,0
DA:10,0
DA:11,0
DA:13,0
DA:17,0
DA:18,0
DA:19,0
DA:24,0
DA:30,0
DA:31,0
DA:32,0
DA:37,0
LF:13
LH:0
BRDA:9,0,0,0
BRDA:9,0,1,0
BRDA:9,1,0,0
BRDA:9,1,1,0
BRDA:9,1,2,0
BRDA:17,2,0,0
BRDA:17,2,1,0
BRDA:17,3,0,0
BRDA:17,3,1,0
BRDA:19,4,0,0
BRDA:19,4,1,0
BRDA:31,5,0,0
BRDA:31,5,1,0
BRDA:31,6,0,0
BRDA:31,6,1,0
BRF:15
BRH:0
end_of_record
TN:
SF:backend/components/metiers/voice/utils/plugins/core/pluginManager.js
FN:4,(anonymous_0)
FN:7,(anonymous_1)
FN:10,(anonymous_2)
FN:11,(anonymous_3)
FN:13,(anonymous_4)
FN:14,(anonymous_5)
FNF:6
FNH:0
FNDA:0,(anonymous_0)
FNDA:0,(anonymous_1)
FNDA:0,(anonymous_2)
FNDA:0,(anonymous_3)
FNDA:0,(anonymous_4)
FNDA:0,(anonymous_5)
DA:5,0
DA:8,0
DA:11,0
DA:14,0
DA:18,0
DA:19,0
LF:6
LH:0
BRDA:14,0,0,0
BRDA:14,0,1,0
BRF:2
BRH:0
end_of_record
TN:
SF:backend/components/metiers/voice/utils/plugins/fallback/fallback.js
FN:9,pluginFallback
FNF:1
FNH:0
FNDA:0,pluginFallback
DA:10,0
DA:13,0
LF:2
LH:0
BRF:0
BRH:0
end_of_record
TN:
SF:backend/components/metiers/voice/utils/plugins/helpers/plugins_helper.js
FN:10,registerPlugin
FN:26,initAllPlugins
FN:27,(anonymous_2)
FN:39,isPluginCompliant
FN:48,listActivePlugins
FN:49,(anonymous_5)
FNF:6
FNH:0
FNDA:0,registerPlugin
FNDA:0,initAllPlugins
FNDA:0,(anonymous_2)
FNDA:0,isPluginCompliant
FNDA:0,listActivePlugins
FNDA:0,(anonymous_5)
DA:11,0
DA:12,0
DA:14,0
DA:15,0
DA:17,0
DA:18,0
DA:27,0
DA:28,0
DA:29,0
DA:40,0
DA:49,0
DA:52,0
LF:12
LH:0
BRDA:11,0,0,0
BRDA:11,0,1,0
BRDA:11,1,0,0
BRDA:11,1,1,0
BRDA:11,1,2,0
BRDA:11,1,3,0
BRDA:14,2,0,0
BRDA:14,2,1,0
BRDA:28,3,0,0
BRDA:28,3,1,0
BRDA:40,4,0,0
BRDA:40,4,1,0
BRDA:40,4,2,0
BRDA:40,4,3,0
BRF:14
BRH:0
end_of_record
TN:
SF:backend/components/metiers/voice/utils/rbac/index.js
FN:8,auditAccess
FN:16,checkAccess
FN:23,(anonymous_2)
FN:29,(anonymous_3)
FNF:4
FNH:0
FNDA:0,auditAccess
FNDA:0,checkAccess
FNDA:0,(anonymous_2)
FNDA:0,(anonymous_3)
DA:6,0
DA:9,0
DA:10,0
DA:11,0
DA:13,0
DA:17,0
DA:18,0
DA:19,0
DA:24,0
DA:30,0
DA:31,0
DA:32,0
DA:37,0
LF:13
LH:0
BRDA:9,0,0,0
BRDA:9,0,1,0
BRDA:9,1,0,0
BRDA:9,1,1,0
BRDA:9,1,2,0
BRDA:17,2,0,0
BRDA:17,2,1,0
BRDA:17,3,0,0
BRDA:17,3,1,0
BRDA:19,4,0,0
BRDA:19,4,1,0
BRDA:31,5,0,0
BRDA:31,5,1,0
BRDA:31,6,0,0
BRDA:31,6,1,0
BRF:15
BRH:0
end_of_record
TN:
SF:backend/components/metiers/voice/utils/rbac/core/rbac_utils.js
FN:4,isValidRole
FN:8,filterRoles
FN:9,(anonymous_2)
FN:12,auditRoles
FN:21,anonymizeRoles
FN:22,(anonymous_5)
FNF:6
FNH:6
FNDA:7,isValidRole
FNDA:3,filterRoles
FNDA:8,(anonymous_2)
FNDA:1,auditRoles
FNDA:2,anonymizeRoles
FNDA:3,(anonymous_5)
DA:5,7
DA:9,8
DA:13,1
DA:22,3
DA:25,1
LF:5
LH:5
BRDA:5,0,0,7
BRDA:5,0,1,7
BRDA:5,0,2,6
BRDA:5,0,3,5
BRF:4
BRH:4
end_of_record
TN:
SF:backend/components/metiers/voice/utils/rbac/helpers/rbac_helper.js
FN:3,validateRole
FNF:1
FNH:1
FNDA:9,validateRole
DA:4,9
DA:6,1
LF:2
LH:2
BRDA:4,0,0,9
BRDA:4,0,1,5
BRF:2
BRH:2
end_of_record
TN:
SF:backend/components/metiers/voice/utils/validators/index.js
FN:8,auditAccess
FN:16,checkAccess
FN:23,(anonymous_2)
FN:29,(anonymous_3)
FNF:4
FNH:0
FNDA:0,auditAccess
FNDA:0,checkAccess
FNDA:0,(anonymous_2)
FNDA:0,(anonymous_3)
DA:6,0
DA:9,0
DA:10,0
DA:11,0
DA:13,0
DA:17,0
DA:18,0
DA:19,0
DA:24,0
DA:30,0
DA:31,0
DA:32,0
DA:37,0
LF:13
LH:0
BRDA:9,0,0,0
BRDA:9,0,1,0
BRDA:9,1,0,0
BRDA:9,1,1,0
BRDA:9,1,2,0
BRDA:17,2,0,0
BRDA:17,2,1,0
BRDA:17,3,0,0
BRDA:17,3,1,0
BRDA:19,4,0,0
BRDA:19,4,1,0
BRDA:31,5,0,0
BRDA:31,5,1,0
BRDA:31,6,0,0
BRDA:31,6,1,0
BRF:15
BRH:0
end_of_record
TN:
SF:backend/components/metiers/voice/utils/validators/core/validators.js
FN:2,isValidModel
FN:9,validateRequired
FNF:2
FNH:0
FNDA:0,isValidModel
FNDA:0,validateRequired
DA:3,0
DA:4,0
DA:5,0
DA:6,0
DA:10,0
DA:13,0
LF:6
LH:0
BRDA:3,0,0,0
BRDA:3,0,1,0
BRDA:3,1,0,0
BRDA:3,1,1,0
BRDA:4,2,0,0
BRDA:4,2,1,0
BRDA:5,3,0,0
BRDA:5,3,1,0
BRDA:10,4,0,0
BRDA:10,4,1,0
BRDA:10,4,2,0
BRF:11
BRH:0
end_of_record
TN:
SF:backend/components/metiers/voice/utils/validators/fallback/fallback.js
FN:10,validatorFallback
FNF:1
FNH:0
FNDA:0,validatorFallback
DA:11,0
DA:14,0
LF:2
LH:0
BRF:0
BRH:0
end_of_record
TN:
SF:backend/components/metiers/voice/utils/validators/helpers/validators_helper.js
FN:10,hasValidKeys
FN:12,(anonymous_1)
FN:20,isValidBusinessId
FN:30,isArrayOfValidObjects
FN:39,isStrictBoolean
FNF:5
FNH:0
FNDA:0,hasValidKeys
FNDA:0,(anonymous_1)
FNDA:0,isValidBusinessId
FNDA:0,isArrayOfValidObjects
FNDA:0,isStrictBoolean
DA:11,0
DA:12,0
DA:21,0
DA:31,0
DA:40,0
DA:43,0
LF:6
LH:0
BRDA:11,0,0,0
BRDA:11,0,1,0
BRDA:11,1,0,0
BRDA:11,1,1,0
BRDA:12,2,0,0
BRDA:12,2,1,0
BRDA:12,2,2,0
BRDA:21,3,0,0
BRDA:21,3,1,0
BRDA:31,4,0,0
BRDA:31,4,1,0
BRDA:40,5,0,0
BRDA:40,5,1,0
BRF:13
BRH:0
end_of_record
TN:
SF:backend/components/metiers/voice/utils/views/index.js
FN:8,auditAccess
FN:16,checkAccess
FN:23,(anonymous_2)
FN:29,(anonymous_3)
FNF:4
FNH:0
FNDA:0,auditAccess
FNDA:0,checkAccess
FNDA:0,(anonymous_2)
FNDA:0,(anonymous_3)
DA:6,0
DA:9,0
DA:10,0
DA:11,0
DA:13,0
DA:17,0
DA:18,0
DA:19,0
DA:24,0
DA:30,0
DA:31,0
DA:32,0
DA:37,0
LF:13
LH:0
BRDA:9,0,0,0
BRDA:9,0,1,0
BRDA:9,1,0,0
BRDA:9,1,1,0
BRDA:9,1,2,0
BRDA:17,2,0,0
BRDA:17,2,1,0
BRDA:17,3,0,0
BRDA:17,3,1,0
BRDA:19,4,0,0
BRDA:19,4,1,0
BRDA:31,5,0,0
BRDA:31,5,1,0
BRDA:31,6,0,0
BRDA:31,6,1,0
BRF:15
BRH:0
end_of_record
TN:
SF:backend/components/metiers/voice/utils/views/admin/admin_views.js
FN:6,(anonymous_0)
FNF:1
FNH:0
FNDA:0,(anonymous_0)
DA:3,0
DA:4,0
DA:6,0
DA:7,0
DA:8,0
DA:9,0
DA:11,0
DA:14,0
LF:8
LH:0
BRDA:7,0,0,0
BRDA:8,1,0,0
BRDA:8,1,1,0
BRF:3
BRH:0
end_of_record
TN:
SF:backend/components/metiers/voice/utils/views/api/api_views.js
FN:29,(anonymous_0)
FNF:1
FNH:0
FNDA:0,(anonymous_0)
DA:3,0
DA:4,0
DA:29,0
DA:30,0
DA:32,0
DA:35,0
LF:6
LH:0
BRDA:30,0,0,0
BRF:1
BRH:0
end_of_record
TN:
SF:backend/components/metiers/voice/utils/views/conformity/conformity_views.js
FN:3,checkRGPD
FN:4,(anonymous_1)
FN:11,checkAccessibility
FNF:3
FNH:0
FNDA:0,checkRGPD
FNDA:0,(anonymous_1)
FNDA:0,checkAccessibility
DA:4,0
DA:5,0
DA:6,0
DA:8,0
DA:12,0
DA:13,0
DA:15,0
DA:18,0
LF:8
LH:0
BRDA:5,0,0,0
BRDA:5,0,1,0
BRDA:12,1,0,0
BRDA:12,1,1,0
BRF:4
BRH:0
end_of_record
TN:
SF:backend/components/metiers/voice/utils/views/partials/partials_views.js
FN:3,renderWidget
FNF:1
FNH:0
FNDA:0,renderWidget
DA:4,0
DA:7,0
LF:2
LH:0
BRF:0
BRH:0
end_of_record
TN:
SF:backend/components/metiers/voice/utils/views/public/public_views.js
FN:3,renderPublicInfo
FNF:1
FNH:0
FNDA:0,renderPublicInfo
DA:4,0
DA:6,0
LF:2
LH:0
BRF:0
BRH:0
end_of_record
TN:
SF:backend/components/metiers/voice/utils/views/templates/templates_views.js
FN:3,renderTemplate
FNF:1
FNH:0
FNDA:0,renderTemplate
DA:4,0
DA:7,0
LF:2
LH:0
BRF:0
BRH:0
end_of_record
TN:
SF:backend/components/metiers/voice/views/index.js
FN:8,auditAccess
FN:16,checkAccess
FN:23,(anonymous_2)
FN:29,(anonymous_3)
FNF:4
FNH:0
FNDA:0,auditAccess
FNDA:0,checkAccess
FNDA:0,(anonymous_2)
FNDA:0,(anonymous_3)
DA:6,0
DA:9,0
DA:10,0
DA:11,0
DA:13,0
DA:17,0
DA:18,0
DA:19,0
DA:24,0
DA:30,0
DA:31,0
DA:32,0
DA:37,0
LF:13
LH:0
BRDA:9,0,0,0
BRDA:9,0,1,0
BRDA:9,1,0,0
BRDA:9,1,1,0
BRDA:9,1,2,0
BRDA:17,2,0,0
BRDA:17,2,1,0
BRDA:17,3,0,0
BRDA:17,3,1,0
BRDA:19,4,0,0
BRDA:19,4,1,0
BRDA:31,5,0,0
BRDA:31,5,1,0
BRDA:31,6,0,0
BRDA:31,6,1,0
BRF:15
BRH:0
end_of_record
TN:
SF:backend/components/metiers/voice/views/core/views.js
FN:4,(anonymous_0)
FN:5,(anonymous_1)
FN:9,(anonymous_2)
FNF:3
FNH:0
FNDA:0,(anonymous_0)
FNDA:0,(anonymous_1)
FNDA:0,(anonymous_2)
DA:3,0
DA:4,0
DA:5,0
DA:10,0
LF:4
LH:0
BRDA:13,0,0,0
BRDA:13,0,1,0
BRF:2
BRH:0
end_of_record
TN:
SF:backend/components/metiers/voice/views/helpers/views_helper.js
FN:3,formatvoiceDetails
FN:8,(anonymous_1)
FN:9,(anonymous_2)
FN:10,(anonymous_3)
FNF:4
FNH:4
FNDA:2,formatvoiceDetails
FNDA:2,(anonymous_1)
FNDA:2,(anonymous_2)
FNDA:2,(anonymous_3)
DA:4,2
DA:7,1
DA:8,2
DA:9,2
DA:10,2
LF:5
LH:5
BRF:0
BRH:0
end_of_record
TN:
SF:backend/components/metiers/voice/views/router/router.js
FN:7,(anonymous_0)
FN:11,(anonymous_1)
FNF:2
FNH:2
FNDA:2,(anonymous_0)
FNDA:3,(anonymous_1)
DA:4,1
DA:5,1
DA:7,1
DA:8,2
DA:11,1
DA:12,3
DA:13,3
DA:16,1
LF:8
LH:8
BRDA:12,0,0,1
BRDA:12,1,0,2
BRDA:12,2,0,2
BRDA:12,3,0,3
BRDA:12,3,1,0
BRF:5
BRH:4
end_of_record
